#
# A fatal error has been detected by the Java Runtime Environment:
#
#  EXCEPTION_ACCESS_VIOLATION (0xc0000005) at pc=0x00007ffc491a2838, pid=12424, tid=19388
#
# JRE version: Java(TM) SE Runtime Environment (11.0.6+8) (build 11.0.6+8-LTS)
# Java VM: Java HotSpot(TM) 64-Bit Server VM (11.0.6+8-LTS, mixed mode, tiered, compressed oops, g1 gc, windows-amd64)
# Problematic frame:
# V  [jvm.dll+0x372838]
#
# No core dump will be written. Minidumps are not enabled by default on client versions of Windows
#
# If you would like to submit a bug report, please visit:
#   http://bugreport.java.com/bugreport/crash.jsp
#

---------------  S U M M A R Y ------------

Command Line: --add-modules=ALL-SYSTEM --add-opens=java.base/java.util=ALL-UNNAMED --add-opens=java.base/java.lang=ALL-UNNAMED -Declipse.application=org.eclipse.jdt.ls.core.id1 -Dosgi.bundles.defaultStartLevel=4 -Declipse.product=org.eclipse.jdt.ls.core.product -Dfile.encoding=utf8 -DwatchParentProcess=false -Xmx1G -XX:+UseG1GC -XX:+UseStringDeduplication -javaagent:C:\Users\lehan\.vscode\extensions\gabrielbb.vscode-lombok-1.0.1\server\lombok.jar -Xverify:none c:\Users\lehan\.vscode\extensions\redhat.java-0.57.0\server\plugins\org.eclipse.equinox.launcher_1.5.700.v20200207-2156.jar -configuration c:\Users\lehan\.vscode\extensions\redhat.java-0.57.0\server\config_win -data c:\Users\lehan\AppData\Roaming\Code\User\workspaceStorage\ec6e5bf5ab9010b47ec1fdcad6ba4a40\redhat.java\jdt_ws

Host: Intel(R) Core(TM) i5-8400 CPU @ 2.80GHz, 6 cores, 15G,  Windows 10 , 64 bit Build 18362 (10.0.18362.329)
Time: Thu Feb 27 16:47:18 2020 South Africa Standard Time elapsed time: 12 seconds (0d 0h 0m 12s)

---------------  T H R E A D  ---------------

Current thread (0x0000023128009800):  JavaThread "C2 CompilerThread1" daemon [_thread_in_native, id=19388, stack(0x000000bec0900000,0x000000bec0a00000)]


Current CompileTask:
C2:  12145 7007       4       org.eclipse.jdt.internal.compiler.parser.Scanner::getNextToken (155 bytes)

Stack: [0x000000bec0900000,0x000000bec0a00000],  sp=0x000000bec09fb6c8,  free space=1005k
Native frames: (J=compiled Java code, j=interpreted, Vv=VM code, C=native code)
V  [jvm.dll+0x372838]


siginfo: EXCEPTION_ACCESS_VIOLATION (0xc0000005), writing address 0x00007ffc09888738


Register to memory mapping:

RIP=0x00007ffc491a2838 jvm.dll
RAX=0x000000bec09fe130 is pointing into the stack for thread: 0x0000023128009800
RBX=0x0000000000000007 is an unknown value
RCX=0x0000023138f1cea0 points into unknown readable memory: 40 b5 ac 38 31 02 00 00
RDX=0x000000bec09fedf0 is pointing into the stack for thread: 0x0000023128009800
RSP=0x000000bec09fb6c8 is pointing into the stack for thread: 0x0000023128009800
RBP=0x00000000000003ff is an unknown value
RSI=0x0000023139c2b040 points into unknown readable memory: 00 00 00 00 00 00 00 00
RDI=0x000000bec09fb8d0 is pointing into the stack for thread: 0x0000023128009800
R8 =0x0000023136ca0648 points into unknown readable memory: 00 98 00 28 31 02 00 00
R9 =0x00007ffc09888738 is an unknown value
R10=0x0000000000000038 is an unknown value
R11=0x0000023139c2b040 points into unknown readable memory: 00 00 00 00 00 00 00 00
R12=0x0000023128ff3dc0 points into unknown readable memory: d0 30 c0 39 31 02 00 00
R13=0x0000023128ff6570 points into unknown readable memory: 00 00 00 00 00 00 00 00
R14=0x000002312d0497c0 points into unknown readable memory: 10 7b 67 49 fc 7f 00 00
R15=0x000002312af1e9a0 points into unknown readable memory: 06 00 00 00 ff ff ff ff


Registers:
RAX=0x000000bec09fe130, RBX=0x0000000000000007, RCX=0x0000023138f1cea0, RDX=0x000000bec09fedf0
RSP=0x000000bec09fb6c8, RBP=0x00000000000003ff, RSI=0x0000023139c2b040, RDI=0x000000bec09fb8d0
R8 =0x0000023136ca0648, R9 =0x00007ffc09888738, R10=0x0000000000000038, R11=0x0000023139c2b040
R12=0x0000023128ff3dc0, R13=0x0000023128ff6570, R14=0x000002312d0497c0, R15=0x000002312af1e9a0
RIP=0x00007ffc491a2838, EFLAGS=0x0000000000010206

Top of Stack: (sp=0x000000bec09fb6c8)
0x000000bec09fb6c8:   00007ffc49367dd7 000000bec09fb8d0
0x000000bec09fb6d8:   0000000000000498 0000000000000498
0x000000bec09fb6e8:   000000bec09fb720 0000000000000498
0x000000bec09fb6f8:   000002312af1e9a0 0000023128ff3dc0
0x000000bec09fb708:   0000023128ff6570 0000000000210cc8
0x000000bec09fb718:   0000023128ffbda8 00007ffc496fd5d0
0x000000bec09fb728:   000002312af1e9a0 0000000000000040
0x000000bec09fb738:   0000023136c97420 000002313aac55f0
0x000000bec09fb748:   000002312823a780 00000000000003d8
0x000000bec09fb758:   000002312823a770 000002312823ab58
0x000000bec09fb768:   0000000000000000 000000bec09fbcf8
0x000000bec09fb778:   000000bec09fb890 000000bec09fbc10
0x000000bec09fb788:   00007ffc48fd8bc9 000000be00000000
0x000000bec09fb798:   000000be00000001 000002313a675580
0x000000bec09fb7a8:   000002313a66a828 00000231deadbe00
0x000000bec09fb7b8:   00007ffc99ae8ba3 00007ffc00000006 

Instructions: (pc=0x00007ffc491a2838)
0x00007ffc491a2818:   00 4c 8b 04 d0 4c 03 c1 49 8b 00 48 8b 90 c8 04
0x00007ffc491a2828:   00 00 48 8b 82 88 00 00 00 48 8b 88 88 08 00 00
0x00007ffc491a2838:   49 89 09 49 8b 00 48 8b 88 c8 04 00 00 48 8b 81
0x00007ffc491a2848:   88 00 00 00 48 8d 0d e5 5e 6e 00 4c 89 88 88 08 


Stack slot to memory mapping:
stack at sp + 0 slots: 0x00007ffc49367dd7 jvm.dll
stack at sp + 1 slots: 0x000000bec09fb8d0 is pointing into the stack for thread: 0x0000023128009800
stack at sp + 2 slots: 0x0000000000000498 is an unknown value
stack at sp + 3 slots: 0x0000000000000498 is an unknown value
stack at sp + 4 slots: 0x000000bec09fb720 is pointing into the stack for thread: 0x0000023128009800
stack at sp + 5 slots: 0x0000000000000498 is an unknown value
stack at sp + 6 slots: 0x000002312af1e9a0 points into unknown readable memory: 06 00 00 00 ff ff ff ff
stack at sp + 7 slots: 0x0000023128ff3dc0 points into unknown readable memory: d0 30 c0 39 31 02 00 00


---------------  P R O C E S S  ---------------

Threads class SMR info:
_java_thread_list=0x0000023136ca4770, length=25, elements={
0x0000023109208800, 0x000002312747c800, 0x000002312747d800, 0x0000023127cf9000,
0x0000023127cfa000, 0x0000023127cfe000, 0x0000023127d69000, 0x0000023127d6a000,
0x0000023127ed1800, 0x0000023127f8a000, 0x000002312874e800, 0x0000023128d27800,
0x0000023128ac4000, 0x000002312863d800, 0x0000023128638000, 0x000002312863c000,
0x000002312863e800, 0x000002312863a800, 0x000002312863b000, 0x000002312863c800,
0x0000023128638800, 0x0000023128639800, 0x0000023136b31000, 0x0000023136b2e800,
0x0000023128009800
}

Java Threads: ( => current thread )
  0x0000023109208800 JavaThread "main" [_thread_blocked, id=13436, stack(0x000000bebf600000,0x000000bebf700000)]
  0x000002312747c800 JavaThread "Reference Handler" daemon [_thread_blocked, id=7200, stack(0x000000bebfe00000,0x000000bebff00000)]
  0x000002312747d800 JavaThread "Finalizer" daemon [_thread_blocked, id=16928, stack(0x000000bebff00000,0x000000bec0000000)]
  0x0000023127cf9000 JavaThread "Signal Dispatcher" daemon [_thread_blocked, id=14228, stack(0x000000bec0000000,0x000000bec0100000)]
  0x0000023127cfa000 JavaThread "Attach Listener" daemon [_thread_blocked, id=24812, stack(0x000000bec0100000,0x000000bec0200000)]
  0x0000023127cfe000 JavaThread "C2 CompilerThread0" daemon [_thread_in_native, id=26432, stack(0x000000bec0200000,0x000000bec0300000)]
  0x0000023127d69000 JavaThread "C1 CompilerThread0" daemon [_thread_blocked, id=20004, stack(0x000000bec0300000,0x000000bec0400000)]
  0x0000023127d6a000 JavaThread "Sweeper thread" daemon [_thread_blocked, id=17708, stack(0x000000bec0400000,0x000000bec0500000)]
  0x0000023127ed1800 JavaThread "Common-Cleaner" daemon [_thread_blocked, id=23316, stack(0x000000bec0500000,0x000000bec0600000)]
  0x0000023127f8a000 JavaThread "Service Thread" daemon [_thread_blocked, id=20844, stack(0x000000bec0700000,0x000000bec0800000)]
  0x000002312874e800 JavaThread "Active Thread: Equinox Container: 4917274d-10cc-4d92-b5c4-908113793f4f" [_thread_blocked, id=20768, stack(0x000000bec0f00000,0x000000bec1000000)]
  0x0000023128d27800 JavaThread "Framework Event Dispatcher: Equinox Container: 4917274d-10cc-4d92-b5c4-908113793f4f" daemon [_thread_blocked, id=11272, stack(0x000000bec1000000,0x000000bec1100000)]
  0x0000023128ac4000 JavaThread "Start Level: Equinox Container: 4917274d-10cc-4d92-b5c4-908113793f4f" daemon [_thread_blocked, id=19412, stack(0x000000bec1100000,0x000000bec1200000)]
  0x000002312863d800 JavaThread "Worker-JM" [_thread_blocked, id=6612, stack(0x000000bec1200000,0x000000bec1300000)]
  0x0000023128638000 JavaThread "Worker-0" [_thread_blocked, id=13824, stack(0x000000bec1300000,0x000000bec1400000)]
  0x000002312863c000 JavaThread "Worker-1" [_thread_blocked, id=11548, stack(0x000000bec1500000,0x000000bec1600000)]
  0x000002312863e800 JavaThread "Worker-2" [_thread_blocked, id=17628, stack(0x000000bec1600000,0x000000bec1700000)]
  0x000002312863a800 JavaThread "Java indexing" daemon [_thread_blocked, id=2224, stack(0x000000bec1700000,0x000000bec1800000)]
  0x000002312863b000 JavaThread "pool-1-thread-1" [_thread_in_native, id=15396, stack(0x000000bec1800000,0x000000bec1900000)]
  0x000002312863c800 JavaThread "Worker-3" [_thread_blocked, id=17568, stack(0x000000bec1900000,0x000000bec1a00000)]
  0x0000023128638800 JavaThread "Bundle File Closer" daemon [_thread_blocked, id=22800, stack(0x000000bec1a00000,0x000000bec1b00000)]
  0x0000023128639800 JavaThread "ForkJoinPool.commonPool-worker-3" daemon [_thread_blocked, id=16088, stack(0x000000bec1b00000,0x000000bec1c00000)]
  0x0000023136b31000 JavaThread "ForkJoinPool.commonPool-worker-5" daemon [_thread_in_vm, id=14612, stack(0x000000bec1c00000,0x000000bec1d00000)]
  0x0000023136b2e800 JavaThread "ForkJoinPool.commonPool-worker-7" daemon [_thread_blocked, id=14588, stack(0x000000bec1d00000,0x000000bec1e00000)]
=>0x0000023128009800 JavaThread "C2 CompilerThread1" daemon [_thread_in_native, id=19388, stack(0x000000bec0900000,0x000000bec0a00000)]

Other Threads:
  0x0000023127475800 VMThread "VM Thread" [stack: 0x000000bebfd00000,0x000000bebfe00000] [id=26812]
  0x0000023128238800 WatcherThread [stack: 0x000000bec0800000,0x000000bec0900000] [id=12548]
  0x000002310921f800 GCTaskThread "GC Thread#0" [stack: 0x000000bebf700000,0x000000bebf800000] [id=13524]
  0x0000023128ad4000 GCTaskThread "GC Thread#1" [stack: 0x000000bec0a00000,0x000000bec0b00000] [id=9028]
  0x00000231288b1800 GCTaskThread "GC Thread#2" [stack: 0x000000bec0b00000,0x000000bec0c00000] [id=1240]
  0x00000231284de800 GCTaskThread "GC Thread#3" [stack: 0x000000bec0c00000,0x000000bec0d00000] [id=21300]
  0x0000023128ade800 GCTaskThread "GC Thread#4" [stack: 0x000000bec0d00000,0x000000bec0e00000] [id=8260]
  0x0000023128204800 GCTaskThread "GC Thread#5" [stack: 0x000000bec0e00000,0x000000bec0f00000] [id=8568]
  0x000002310923d000 ConcurrentGCThread "G1 Main Marker" [stack: 0x000000bebf800000,0x000000bebf900000] [id=24796]
  0x000002310923e000 ConcurrentGCThread "G1 Conc#0" [stack: 0x000000bebf900000,0x000000bebfa00000] [id=23000]
  0x00000231296a8800 ConcurrentGCThread "G1 Conc#1" [stack: 0x000000bec1400000,0x000000bec1500000] [id=9232]
  0x00000231092dd800 ConcurrentGCThread "G1 Refine#0" [stack: 0x000000bebfa00000,0x000000bebfb00000] [id=23300]
  0x0000023136aa4800 ConcurrentGCThread "G1 Refine#1" [stack: 0x000000bec1f00000,0x000000bec2000000] [id=1248]
  0x0000023136b5c000 ConcurrentGCThread "G1 Refine#2" [stack: 0x000000bec2000000,0x000000bec2100000] [id=18384]
  0x000002312cc59000 ConcurrentGCThread "G1 Refine#3" [stack: 0x000000bec1e00000,0x000000bec1f00000] [id=20652]
  0x000002312cc64000 ConcurrentGCThread "G1 Refine#4" [stack: 0x000000bec2100000,0x000000bec2200000] [id=20668]
  0x00000231092de800 ConcurrentGCThread "G1 Young RemSet Sampling" [stack: 0x000000bebfb00000,0x000000bebfc00000] [id=18356]
  0x00000231272ec000 ConcurrentGCThread "StrDedup" [stack: 0x000000bebfc00000,0x000000bebfd00000] [id=28380]

Threads with active compile tasks:
C2 CompilerThread08680       4       org.eclipse.jdt.internal.compiler.lookup.LookupEnvironment::getTypeFromSignature (376 bytes)
C2 CompilerThread17007       4       org.eclipse.jdt.internal.compiler.parser.Scanner::getNextToken (155 bytes)

VM state:not at safepoint (normal execution)

VM Mutex/Monitor currently owned by a thread: None

Heap address: 0x00000000c0000000, size: 1024 MB, Compressed Oops mode: 32-bit
Narrow klass base: 0x0000000000000000, Narrow klass shift: 3
Compressed class space size: 1073741824 Address: 0x0000000100000000

Heap:
 garbage-first heap   total 287744K, used 191184K [0x00000000c0000000, 0x0000000100000000)
  region size 1024K, 57 young (58368K), 5 survivors (5120K)
 Metaspace       used 59340K, capacity 61945K, committed 62080K, reserved 1103872K
  class space    used 5648K, capacity 6661K, committed 6784K, reserved 1048576K
Heap Regions: E=young(eden), S=young(survivor), O=old, HS=humongous(starts), HC=humongous(continues), CS=collection set, F=free, A=archive, TAMS=top-at-mark-start (previous, next)
|   0|0x00000000c0000000, 0x00000000c0100000, 0x00000000c0100000|100%| O|  |TAMS 0x00000000c0100000, 0x00000000c0000000| Untracked 
|   1|0x00000000c0100000, 0x00000000c0200000, 0x00000000c0200000|100%| O|  |TAMS 0x00000000c0200000, 0x00000000c0100000| Untracked 
|   2|0x00000000c0200000, 0x00000000c0300000, 0x00000000c0300000|100%| O|  |TAMS 0x00000000c0300000, 0x00000000c0200000| Complete 
|   3|0x00000000c0300000, 0x00000000c0400000, 0x00000000c0400000|100%|HS|  |TAMS 0x00000000c0400000, 0x00000000c0300000| Complete 
|   4|0x00000000c0400000, 0x00000000c0500000, 0x00000000c0500000|100%| O|  |TAMS 0x00000000c0500000, 0x00000000c0400000| Untracked 
|   5|0x00000000c0500000, 0x00000000c0600000, 0x00000000c0600000|100%| O|  |TAMS 0x00000000c0600000, 0x00000000c0500000| Untracked 
|   6|0x00000000c0600000, 0x00000000c0700000, 0x00000000c0700000|100%| O|  |TAMS 0x00000000c0700000, 0x00000000c0600000| Untracked 
|   7|0x00000000c0700000, 0x00000000c0800000, 0x00000000c0800000|100%| O|  |TAMS 0x00000000c0800000, 0x00000000c0700000| Untracked 
|   8|0x00000000c0800000, 0x00000000c0900000, 0x00000000c0900000|100%| O|  |TAMS 0x00000000c0900000, 0x00000000c0800000| Untracked 
|   9|0x00000000c0900000, 0x00000000c0a00000, 0x00000000c0a00000|100%| O|  |TAMS 0x00000000c0a00000, 0x00000000c0900000| Complete 
|  10|0x00000000c0a00000, 0x00000000c0b00000, 0x00000000c0b00000|100%| O|  |TAMS 0x00000000c0b00000, 0x00000000c0a00000| Untracked 
|  11|0x00000000c0b00000, 0x00000000c0c00000, 0x00000000c0c00000|100%| O|  |TAMS 0x00000000c0c00000, 0x00000000c0b00000| Untracked 
|  12|0x00000000c0c00000, 0x00000000c0d00000, 0x00000000c0d00000|100%| O|  |TAMS 0x00000000c0d00000, 0x00000000c0c00000| Untracked 
|  13|0x00000000c0d00000, 0x00000000c0e00000, 0x00000000c0e00000|100%| O|  |TAMS 0x00000000c0e00000, 0x00000000c0d00000| Untracked 
|  14|0x00000000c0e00000, 0x00000000c0f00000, 0x00000000c0f00000|100%| O|  |TAMS 0x00000000c0f00000, 0x00000000c0e00000| Untracked 
|  15|0x00000000c0f00000, 0x00000000c1000000, 0x00000000c1000000|100%| O|  |TAMS 0x00000000c1000000, 0x00000000c0f00000| Untracked 
|  16|0x00000000c1000000, 0x00000000c1100000, 0x00000000c1100000|100%| O|  |TAMS 0x00000000c1100000, 0x00000000c1000000| Untracked 
|  17|0x00000000c1100000, 0x00000000c1200000, 0x00000000c1200000|100%| O|  |TAMS 0x00000000c1200000, 0x00000000c1100000| Untracked 
|  18|0x00000000c1200000, 0x00000000c1300000, 0x00000000c1300000|100%| O|  |TAMS 0x00000000c1300000, 0x00000000c1200000| Untracked 
|  19|0x00000000c1300000, 0x00000000c1400000, 0x00000000c1400000|100%| O|  |TAMS 0x00000000c1400000, 0x00000000c1300000| Untracked 
|  20|0x00000000c1400000, 0x00000000c1500000, 0x00000000c1500000|100%| O|  |TAMS 0x00000000c1500000, 0x00000000c1400000| Untracked 
|  21|0x00000000c1500000, 0x00000000c1600000, 0x00000000c1600000|100%| O|  |TAMS 0x00000000c1600000, 0x00000000c1500000| Untracked 
|  22|0x00000000c1600000, 0x00000000c1700000, 0x00000000c1700000|100%| O|  |TAMS 0x00000000c1700000, 0x00000000c1600000| Untracked 
|  23|0x00000000c1700000, 0x00000000c1800000, 0x00000000c1800000|100%| O|  |TAMS 0x00000000c1800000, 0x00000000c1700000| Untracked 
|  24|0x00000000c1800000, 0x00000000c1900000, 0x00000000c1900000|100%| O|  |TAMS 0x00000000c1900000, 0x00000000c1800000| Untracked 
|  25|0x00000000c1900000, 0x00000000c1a00000, 0x00000000c1a00000|100%| O|  |TAMS 0x00000000c1a00000, 0x00000000c1900000| Untracked 
|  26|0x00000000c1a00000, 0x00000000c1b00000, 0x00000000c1b00000|100%| O|  |TAMS 0x00000000c1b00000, 0x00000000c1a00000| Complete 
|  27|0x00000000c1b00000, 0x00000000c1c00000, 0x00000000c1c00000|100%|HS|  |TAMS 0x00000000c1c00000, 0x00000000c1b00000| Complete 
|  28|0x00000000c1c00000, 0x00000000c1d00000, 0x00000000c1d00000|100%|HS|  |TAMS 0x00000000c1d00000, 0x00000000c1c00000| Complete 
|  29|0x00000000c1d00000, 0x00000000c1e00000, 0x00000000c1e00000|100%| O|  |TAMS 0x00000000c1e00000, 0x00000000c1d00000| Complete 
|  30|0x00000000c1e00000, 0x00000000c1f00000, 0x00000000c1f00000|100%| O|  |TAMS 0x00000000c1f00000, 0x00000000c1e00000| Complete 
|  31|0x00000000c1f00000, 0x00000000c2000000, 0x00000000c2000000|100%| O|  |TAMS 0x00000000c2000000, 0x00000000c1f00000| Complete 
|  32|0x00000000c2000000, 0x00000000c2100000, 0x00000000c2100000|100%| O|  |TAMS 0x00000000c2100000, 0x00000000c2000000| Untracked 
|  33|0x00000000c2100000, 0x00000000c2200000, 0x00000000c2200000|100%| O|  |TAMS 0x00000000c2200000, 0x00000000c2100000| Complete 
|  34|0x00000000c2200000, 0x00000000c2300000, 0x00000000c2300000|100%| O|  |TAMS 0x00000000c2300000, 0x00000000c2200000| Complete 
|  35|0x00000000c2300000, 0x00000000c2400000, 0x00000000c2400000|100%| O|  |TAMS 0x00000000c2400000, 0x00000000c2300000| Complete 
|  36|0x00000000c2400000, 0x00000000c2500000, 0x00000000c2500000|100%| O|  |TAMS 0x00000000c2500000, 0x00000000c2400000| Complete 
|  37|0x00000000c2500000, 0x00000000c2600000, 0x00000000c2600000|100%| O|  |TAMS 0x00000000c2600000, 0x00000000c2500000| Complete 
|  38|0x00000000c2600000, 0x00000000c2700000, 0x00000000c2700000|100%| O|  |TAMS 0x00000000c2700000, 0x00000000c2600000| Untracked 
|  39|0x00000000c2700000, 0x00000000c2800000, 0x00000000c2800000|100%| O|  |TAMS 0x00000000c2800000, 0x00000000c2700000| Complete 
|  40|0x00000000c2800000, 0x00000000c2900000, 0x00000000c2900000|100%| O|  |TAMS 0x00000000c2900000, 0x00000000c2800000| Complete 
|  41|0x00000000c2900000, 0x00000000c2a00000, 0x00000000c2a00000|100%| O|  |TAMS 0x00000000c2a00000, 0x00000000c2900000| Complete 
|  42|0x00000000c2a00000, 0x00000000c2b00000, 0x00000000c2b00000|100%| O|  |TAMS 0x00000000c2b00000, 0x00000000c2a00000| Complete 
|  43|0x00000000c2b00000, 0x00000000c2b00000, 0x00000000c2c00000|  0%| F|  |TAMS 0x00000000c2b00000, 0x00000000c2b00000| Untracked 
|  44|0x00000000c2c00000, 0x00000000c2d00000, 0x00000000c2d00000|100%| O|  |TAMS 0x00000000c2d00000, 0x00000000c2c00000| Complete 
|  45|0x00000000c2d00000, 0x00000000c2e00000, 0x00000000c2e00000|100%| O|  |TAMS 0x00000000c2e00000, 0x00000000c2d00000| Untracked 
|  46|0x00000000c2e00000, 0x00000000c2f00000, 0x00000000c2f00000|100%| O|  |TAMS 0x00000000c2f00000, 0x00000000c2e00000| Untracked 
|  47|0x00000000c2f00000, 0x00000000c3000000, 0x00000000c3000000|100%| O|  |TAMS 0x00000000c3000000, 0x00000000c2f00000| Untracked 
|  48|0x00000000c3000000, 0x00000000c3100000, 0x00000000c3100000|100%| O|  |TAMS 0x00000000c3100000, 0x00000000c3000000| Untracked 
|  49|0x00000000c3100000, 0x00000000c3200000, 0x00000000c3200000|100%| O|  |TAMS 0x00000000c3200000, 0x00000000c3100000| Complete 
|  50|0x00000000c3200000, 0x00000000c3200000, 0x00000000c3300000|  0%| F|  |TAMS 0x00000000c3200000, 0x00000000c3200000| Untracked 
|  51|0x00000000c3300000, 0x00000000c3400000, 0x00000000c3400000|100%| O|  |TAMS 0x00000000c3400000, 0x00000000c3300000| Untracked 
|  52|0x00000000c3400000, 0x00000000c3500000, 0x00000000c3500000|100%| O|  |TAMS 0x00000000c3500000, 0x00000000c3400000| Complete 
|  53|0x00000000c3500000, 0x00000000c3600000, 0x00000000c3600000|100%| O|  |TAMS 0x00000000c3600000, 0x00000000c3500000| Complete 
|  54|0x00000000c3600000, 0x00000000c3700000, 0x00000000c3700000|100%| O|  |TAMS 0x00000000c3700000, 0x00000000c3600000| Complete 
|  55|0x00000000c3700000, 0x00000000c3800000, 0x00000000c3800000|100%| O|  |TAMS 0x00000000c3800000, 0x00000000c3700000| Complete 
|  56|0x00000000c3800000, 0x00000000c3900000, 0x00000000c3900000|100%| O|  |TAMS 0x00000000c3900000, 0x00000000c3800000| Complete 
|  57|0x00000000c3900000, 0x00000000c3a00000, 0x00000000c3a00000|100%| O|  |TAMS 0x00000000c3a00000, 0x00000000c3900000| Untracked 
|  58|0x00000000c3a00000, 0x00000000c3b00000, 0x00000000c3b00000|100%| O|  |TAMS 0x00000000c3b00000, 0x00000000c3a00000| Untracked 
|  59|0x00000000c3b00000, 0x00000000c3c00000, 0x00000000c3c00000|100%| O|  |TAMS 0x00000000c3c00000, 0x00000000c3b00000| Complete 
|  60|0x00000000c3c00000, 0x00000000c3d00000, 0x00000000c3d00000|100%| O|  |TAMS 0x00000000c3d00000, 0x00000000c3c00000| Untracked 
|  61|0x00000000c3d00000, 0x00000000c3e00000, 0x00000000c3e00000|100%| O|  |TAMS 0x00000000c3e00000, 0x00000000c3d00000| Complete 
|  62|0x00000000c3e00000, 0x00000000c3e00000, 0x00000000c3f00000|  0%| F|  |TAMS 0x00000000c3e00000, 0x00000000c3e00000| Untracked 
|  63|0x00000000c3f00000, 0x00000000c3f00000, 0x00000000c4000000|  0%| F|  |TAMS 0x00000000c3f00000, 0x00000000c3f00000| Untracked 
|  64|0x00000000c4000000, 0x00000000c4000000, 0x00000000c4100000|  0%| F|  |TAMS 0x00000000c4000000, 0x00000000c4000000| Untracked 
|  65|0x00000000c4100000, 0x00000000c4200000, 0x00000000c4200000|100%|HS|  |TAMS 0x00000000c4200000, 0x00000000c4100000| Complete 
|  66|0x00000000c4200000, 0x00000000c4300000, 0x00000000c4300000|100%|HC|  |TAMS 0x00000000c4300000, 0x00000000c4200000| Complete 
|  67|0x00000000c4300000, 0x00000000c4400000, 0x00000000c4400000|100%|HC|  |TAMS 0x00000000c4400000, 0x00000000c4300000| Complete 
|  68|0x00000000c4400000, 0x00000000c4500000, 0x00000000c4500000|100%| O|  |TAMS 0x00000000c4500000, 0x00000000c4400000| Complete 
|  69|0x00000000c4500000, 0x00000000c4600000, 0x00000000c4600000|100%| O|  |TAMS 0x00000000c4600000, 0x00000000c4500000| Untracked 
|  70|0x00000000c4600000, 0x00000000c4700000, 0x00000000c4700000|100%| O|  |TAMS 0x00000000c4700000, 0x00000000c4600000| Untracked 
|  71|0x00000000c4700000, 0x00000000c4800000, 0x00000000c4800000|100%| O|  |TAMS 0x00000000c4800000, 0x00000000c4700000| Untracked 
|  72|0x00000000c4800000, 0x00000000c4900000, 0x00000000c4900000|100%| O|  |TAMS 0x00000000c4900000, 0x00000000c4800000| Untracked 
|  73|0x00000000c4900000, 0x00000000c4a00000, 0x00000000c4a00000|100%| O|  |TAMS 0x00000000c4a00000, 0x00000000c4900000| Untracked 
|  74|0x00000000c4a00000, 0x00000000c4b00000, 0x00000000c4b00000|100%| O|  |TAMS 0x00000000c4b00000, 0x00000000c4a00000| Complete 
|  75|0x00000000c4b00000, 0x00000000c4c00000, 0x00000000c4c00000|100%| O|  |TAMS 0x00000000c4c00000, 0x00000000c4b00000| Complete 
|  76|0x00000000c4c00000, 0x00000000c4d00000, 0x00000000c4d00000|100%| O|  |TAMS 0x00000000c4d00000, 0x00000000c4c00000| Untracked 
|  77|0x00000000c4d00000, 0x00000000c4e00000, 0x00000000c4e00000|100%| O|  |TAMS 0x00000000c4e00000, 0x00000000c4d00000| Untracked 
|  78|0x00000000c4e00000, 0x00000000c4f00000, 0x00000000c4f00000|100%| O|  |TAMS 0x00000000c4f00000, 0x00000000c4e00000| Complete 
|  79|0x00000000c4f00000, 0x00000000c5000000, 0x00000000c5000000|100%| O|  |TAMS 0x00000000c5000000, 0x00000000c4f00000| Untracked 
|  80|0x00000000c5000000, 0x00000000c5100000, 0x00000000c5100000|100%| O|  |TAMS 0x00000000c5100000, 0x00000000c5000000| Untracked 
|  81|0x00000000c5100000, 0x00000000c5200000, 0x00000000c5200000|100%| O|  |TAMS 0x00000000c5200000, 0x00000000c5100000| Untracked 
|  82|0x00000000c5200000, 0x00000000c5300000, 0x00000000c5300000|100%| O|  |TAMS 0x00000000c5300000, 0x00000000c5200000| Untracked 
|  83|0x00000000c5300000, 0x00000000c5400000, 0x00000000c5400000|100%| O|  |TAMS 0x00000000c5400000, 0x00000000c5300000| Untracked 
|  84|0x00000000c5400000, 0x00000000c5500000, 0x00000000c5500000|100%| O|  |TAMS 0x00000000c5500000, 0x00000000c5400000| Untracked 
|  85|0x00000000c5500000, 0x00000000c5600000, 0x00000000c5600000|100%| O|  |TAMS 0x00000000c5600000, 0x00000000c5500000| Complete 
|  86|0x00000000c5600000, 0x00000000c5700000, 0x00000000c5700000|100%| O|  |TAMS 0x00000000c5700000, 0x00000000c5600000| Complete 
|  87|0x00000000c5700000, 0x00000000c5800000, 0x00000000c5800000|100%| O|  |TAMS 0x00000000c5800000, 0x00000000c5700000| Complete 
|  88|0x00000000c5800000, 0x00000000c5900000, 0x00000000c5900000|100%| O|  |TAMS 0x00000000c5900000, 0x00000000c5800000| Complete 
|  89|0x00000000c5900000, 0x00000000c5a00000, 0x00000000c5a00000|100%| O|  |TAMS 0x00000000c5a00000, 0x00000000c5900000| Complete 
|  90|0x00000000c5a00000, 0x00000000c5b00000, 0x00000000c5b00000|100%| O|  |TAMS 0x00000000c5b00000, 0x00000000c5a00000| Complete 
|  91|0x00000000c5b00000, 0x00000000c5c00000, 0x00000000c5c00000|100%| O|  |TAMS 0x00000000c5c00000, 0x00000000c5b00000| Complete 
|  92|0x00000000c5c00000, 0x00000000c5c00000, 0x00000000c5d00000|  0%| F|  |TAMS 0x00000000c5c00000, 0x00000000c5c00000| Untracked 
|  93|0x00000000c5d00000, 0x00000000c5d00000, 0x00000000c5e00000|  0%| F|  |TAMS 0x00000000c5d00000, 0x00000000c5d00000| Untracked 
|  94|0x00000000c5e00000, 0x00000000c5f00000, 0x00000000c5f00000|100%| O|  |TAMS 0x00000000c5f00000, 0x00000000c5e00000| Complete 
|  95|0x00000000c5f00000, 0x00000000c6000000, 0x00000000c6000000|100%| O|  |TAMS 0x00000000c6000000, 0x00000000c5f00000| Untracked 
|  96|0x00000000c6000000, 0x00000000c6100000, 0x00000000c6100000|100%| O|  |TAMS 0x00000000c6100000, 0x00000000c6000000| Complete 
|  97|0x00000000c6100000, 0x00000000c6200000, 0x00000000c6200000|100%| O|  |TAMS 0x00000000c6200000, 0x00000000c6100000| Complete 
|  98|0x00000000c6200000, 0x00000000c6300000, 0x00000000c6300000|100%| O|  |TAMS 0x00000000c6300000, 0x00000000c6200000| Complete 
|  99|0x00000000c6300000, 0x00000000c6400000, 0x00000000c6400000|100%| O|  |TAMS 0x00000000c6400000, 0x00000000c6300000| Complete 
| 100|0x00000000c6400000, 0x00000000c6500000, 0x00000000c6500000|100%| O|  |TAMS 0x00000000c6500000, 0x00000000c6400000| Untracked 
| 101|0x00000000c6500000, 0x00000000c6600000, 0x00000000c6600000|100%| O|  |TAMS 0x00000000c6600000, 0x00000000c6500000| Untracked 
| 102|0x00000000c6600000, 0x00000000c6700000, 0x00000000c6700000|100%| O|  |TAMS 0x00000000c6700000, 0x00000000c6600000| Untracked 
| 103|0x00000000c6700000, 0x00000000c6800000, 0x00000000c6800000|100%| O|  |TAMS 0x00000000c6800000, 0x00000000c6700000| Complete 
| 104|0x00000000c6800000, 0x00000000c6900000, 0x00000000c6900000|100%| O|  |TAMS 0x00000000c6900000, 0x00000000c6800000| Complete 
| 105|0x00000000c6900000, 0x00000000c6a00000, 0x00000000c6a00000|100%| O|  |TAMS 0x00000000c6a00000, 0x00000000c6900000| Complete 
| 106|0x00000000c6a00000, 0x00000000c6b00000, 0x00000000c6b00000|100%| O|  |TAMS 0x00000000c6b00000, 0x00000000c6a00000| Complete 
| 107|0x00000000c6b00000, 0x00000000c6c00000, 0x00000000c6c00000|100%| O|  |TAMS 0x00000000c6c00000, 0x00000000c6b00000| Untracked 
| 108|0x00000000c6c00000, 0x00000000c6d00000, 0x00000000c6d00000|100%| O|  |TAMS 0x00000000c6d00000, 0x00000000c6c00000| Untracked 
| 109|0x00000000c6d00000, 0x00000000c6e00000, 0x00000000c6e00000|100%| O|  |TAMS 0x00000000c6e00000, 0x00000000c6d00000| Complete 
| 110|0x00000000c6e00000, 0x00000000c6f00000, 0x00000000c6f00000|100%| O|  |TAMS 0x00000000c6f00000, 0x00000000c6e00000| Complete 
| 111|0x00000000c6f00000, 0x00000000c7000000, 0x00000000c7000000|100%| O|  |TAMS 0x00000000c7000000, 0x00000000c6f00000| Untracked 
| 112|0x00000000c7000000, 0x00000000c7100000, 0x00000000c7100000|100%| O|  |TAMS 0x00000000c7100000, 0x00000000c7000000| Untracked 
| 113|0x00000000c7100000, 0x00000000c7200000, 0x00000000c7200000|100%| O|  |TAMS 0x00000000c7200000, 0x00000000c7100000| Complete 
| 114|0x00000000c7200000, 0x00000000c7300000, 0x00000000c7300000|100%| O|  |TAMS 0x00000000c7300000, 0x00000000c7200000| Complete 
| 115|0x00000000c7300000, 0x00000000c7400000, 0x00000000c7400000|100%| O|  |TAMS 0x00000000c7400000, 0x00000000c7300000| Complete 
| 116|0x00000000c7400000, 0x00000000c7471c00, 0x00000000c7500000| 44%| O|  |TAMS 0x00000000c7471c00, 0x00000000c7400000| Untracked 
| 117|0x00000000c7500000, 0x00000000c7500000, 0x00000000c7600000|  0%| F|  |TAMS 0x00000000c7500000, 0x00000000c7500000| Untracked 
| 118|0x00000000c7600000, 0x00000000c7600000, 0x00000000c7700000|  0%| F|  |TAMS 0x00000000c7600000, 0x00000000c7600000| Untracked 
| 119|0x00000000c7700000, 0x00000000c7700000, 0x00000000c7800000|  0%| F|  |TAMS 0x00000000c7700000, 0x00000000c7700000| Untracked 
| 120|0x00000000c7800000, 0x00000000c7800000, 0x00000000c7900000|  0%| F|  |TAMS 0x00000000c7800000, 0x00000000c7800000| Untracked 
| 121|0x00000000c7900000, 0x00000000c7900000, 0x00000000c7a00000|  0%| F|  |TAMS 0x00000000c7900000, 0x00000000c7900000| Untracked 
| 122|0x00000000c7a00000, 0x00000000c7a00000, 0x00000000c7b00000|  0%| F|  |TAMS 0x00000000c7a00000, 0x00000000c7a00000| Untracked 
| 123|0x00000000c7b00000, 0x00000000c7b00000, 0x00000000c7c00000|  0%| F|  |TAMS 0x00000000c7b00000, 0x00000000c7b00000| Untracked 
| 124|0x00000000c7c00000, 0x00000000c7c00000, 0x00000000c7d00000|  0%| F|  |TAMS 0x00000000c7c00000, 0x00000000c7c00000| Untracked 
| 125|0x00000000c7d00000, 0x00000000c7d00000, 0x00000000c7e00000|  0%| F|  |TAMS 0x00000000c7d00000, 0x00000000c7d00000| Untracked 
| 126|0x00000000c7e00000, 0x00000000c7e00000, 0x00000000c7f00000|  0%| F|  |TAMS 0x00000000c7e00000, 0x00000000c7e00000| Untracked 
| 127|0x00000000c7f00000, 0x00000000c7f00000, 0x00000000c8000000|  0%| F|  |TAMS 0x00000000c7f00000, 0x00000000c7f00000| Untracked 
| 128|0x00000000c8000000, 0x00000000c8000000, 0x00000000c8100000|  0%| F|  |TAMS 0x00000000c8000000, 0x00000000c8000000| Untracked 
| 129|0x00000000c8100000, 0x00000000c8100000, 0x00000000c8200000|  0%| F|  |TAMS 0x00000000c8100000, 0x00000000c8100000| Untracked 
| 130|0x00000000c8200000, 0x00000000c8200000, 0x00000000c8300000|  0%| F|  |TAMS 0x00000000c8200000, 0x00000000c8200000| Untracked 
| 131|0x00000000c8300000, 0x00000000c8300000, 0x00000000c8400000|  0%| F|  |TAMS 0x00000000c8300000, 0x00000000c8300000| Untracked 
| 132|0x00000000c8400000, 0x00000000c8400000, 0x00000000c8500000|  0%| F|  |TAMS 0x00000000c8400000, 0x00000000c8400000| Untracked 
| 133|0x00000000c8500000, 0x00000000c8500000, 0x00000000c8600000|  0%| F|  |TAMS 0x00000000c8500000, 0x00000000c8500000| Untracked 
| 134|0x00000000c8600000, 0x00000000c8600000, 0x00000000c8700000|  0%| F|  |TAMS 0x00000000c8600000, 0x00000000c8600000| Untracked 
| 135|0x00000000c8700000, 0x00000000c8700000, 0x00000000c8800000|  0%| F|  |TAMS 0x00000000c8700000, 0x00000000c8700000| Untracked 
| 136|0x00000000c8800000, 0x00000000c8800000, 0x00000000c8900000|  0%| F|  |TAMS 0x00000000c8800000, 0x00000000c8800000| Untracked 
| 137|0x00000000c8900000, 0x00000000c8900000, 0x00000000c8a00000|  0%| F|  |TAMS 0x00000000c8900000, 0x00000000c8900000| Untracked 
| 138|0x00000000c8a00000, 0x00000000c8a00000, 0x00000000c8b00000|  0%| F|  |TAMS 0x00000000c8a00000, 0x00000000c8a00000| Untracked 
| 139|0x00000000c8b00000, 0x00000000c8b00000, 0x00000000c8c00000|  0%| F|  |TAMS 0x00000000c8b00000, 0x00000000c8b00000| Untracked 
| 140|0x00000000c8c00000, 0x00000000c8c00000, 0x00000000c8d00000|  0%| F|  |TAMS 0x00000000c8c00000, 0x00000000c8c00000| Untracked 
| 141|0x00000000c8d00000, 0x00000000c8d00000, 0x00000000c8e00000|  0%| F|  |TAMS 0x00000000c8d00000, 0x00000000c8d00000| Untracked 
| 142|0x00000000c8e00000, 0x00000000c8e00000, 0x00000000c8f00000|  0%| F|  |TAMS 0x00000000c8e00000, 0x00000000c8e00000| Untracked 
| 143|0x00000000c8f00000, 0x00000000c8f00000, 0x00000000c9000000|  0%| F|  |TAMS 0x00000000c8f00000, 0x00000000c8f00000| Untracked 
| 144|0x00000000c9000000, 0x00000000c9000000, 0x00000000c9100000|  0%| F|  |TAMS 0x00000000c9000000, 0x00000000c9000000| Untracked 
| 145|0x00000000c9100000, 0x00000000c9100000, 0x00000000c9200000|  0%| F|  |TAMS 0x00000000c9100000, 0x00000000c9100000| Untracked 
| 146|0x00000000c9200000, 0x00000000c9200000, 0x00000000c9300000|  0%| F|  |TAMS 0x00000000c9200000, 0x00000000c9200000| Untracked 
| 147|0x00000000c9300000, 0x00000000c9300000, 0x00000000c9400000|  0%| F|  |TAMS 0x00000000c9300000, 0x00000000c9300000| Untracked 
| 148|0x00000000c9400000, 0x00000000c9400000, 0x00000000c9500000|  0%| F|  |TAMS 0x00000000c9400000, 0x00000000c9400000| Untracked 
| 149|0x00000000c9500000, 0x00000000c9500000, 0x00000000c9600000|  0%| F|  |TAMS 0x00000000c9500000, 0x00000000c9500000| Untracked 
| 150|0x00000000c9600000, 0x00000000c9600000, 0x00000000c9700000|  0%| F|  |TAMS 0x00000000c9600000, 0x00000000c9600000| Untracked 
| 151|0x00000000c9700000, 0x00000000c9700000, 0x00000000c9800000|  0%| F|  |TAMS 0x00000000c9700000, 0x00000000c9700000| Untracked 
| 152|0x00000000c9800000, 0x00000000c9800000, 0x00000000c9900000|  0%| F|  |TAMS 0x00000000c9800000, 0x00000000c9800000| Untracked 
| 153|0x00000000c9900000, 0x00000000c9900000, 0x00000000c9a00000|  0%| F|  |TAMS 0x00000000c9900000, 0x00000000c9900000| Untracked 
| 154|0x00000000c9a00000, 0x00000000c9a00000, 0x00000000c9b00000|  0%| F|  |TAMS 0x00000000c9a00000, 0x00000000c9a00000| Untracked 
| 155|0x00000000c9b00000, 0x00000000c9b00000, 0x00000000c9c00000|  0%| F|  |TAMS 0x00000000c9b00000, 0x00000000c9b00000| Untracked 
| 156|0x00000000c9c00000, 0x00000000c9c00000, 0x00000000c9d00000|  0%| F|  |TAMS 0x00000000c9c00000, 0x00000000c9c00000| Untracked 
| 157|0x00000000c9d00000, 0x00000000c9d00000, 0x00000000c9e00000|  0%| F|  |TAMS 0x00000000c9d00000, 0x00000000c9d00000| Untracked 
| 158|0x00000000c9e00000, 0x00000000c9e00000, 0x00000000c9f00000|  0%| F|  |TAMS 0x00000000c9e00000, 0x00000000c9e00000| Untracked 
| 159|0x00000000c9f00000, 0x00000000c9f00000, 0x00000000ca000000|  0%| F|  |TAMS 0x00000000c9f00000, 0x00000000c9f00000| Untracked 
| 160|0x00000000ca000000, 0x00000000ca000000, 0x00000000ca100000|  0%| F|  |TAMS 0x00000000ca000000, 0x00000000ca000000| Untracked 
| 161|0x00000000ca100000, 0x00000000ca100000, 0x00000000ca200000|  0%| F|  |TAMS 0x00000000ca100000, 0x00000000ca100000| Untracked 
| 162|0x00000000ca200000, 0x00000000ca200000, 0x00000000ca300000|  0%| F|  |TAMS 0x00000000ca200000, 0x00000000ca200000| Untracked 
| 163|0x00000000ca300000, 0x00000000ca300000, 0x00000000ca400000|  0%| F|  |TAMS 0x00000000ca300000, 0x00000000ca300000| Untracked 
| 164|0x00000000ca400000, 0x00000000ca400000, 0x00000000ca500000|  0%| F|  |TAMS 0x00000000ca400000, 0x00000000ca400000| Untracked 
| 165|0x00000000ca500000, 0x00000000ca500000, 0x00000000ca600000|  0%| F|  |TAMS 0x00000000ca500000, 0x00000000ca500000| Untracked 
| 166|0x00000000ca600000, 0x00000000ca600000, 0x00000000ca700000|  0%| F|  |TAMS 0x00000000ca600000, 0x00000000ca600000| Untracked 
| 167|0x00000000ca700000, 0x00000000ca700000, 0x00000000ca800000|  0%| F|  |TAMS 0x00000000ca700000, 0x00000000ca700000| Untracked 
| 168|0x00000000ca800000, 0x00000000ca800000, 0x00000000ca900000|  0%| F|  |TAMS 0x00000000ca800000, 0x00000000ca800000| Untracked 
| 169|0x00000000ca900000, 0x00000000ca900000, 0x00000000caa00000|  0%| F|  |TAMS 0x00000000ca900000, 0x00000000ca900000| Untracked 
| 170|0x00000000caa00000, 0x00000000caa00000, 0x00000000cab00000|  0%| F|  |TAMS 0x00000000caa00000, 0x00000000caa00000| Untracked 
| 171|0x00000000cab00000, 0x00000000cab00000, 0x00000000cac00000|  0%| F|  |TAMS 0x00000000cab00000, 0x00000000cab00000| Untracked 
| 172|0x00000000cac00000, 0x00000000cac00000, 0x00000000cad00000|  0%| F|  |TAMS 0x00000000cac00000, 0x00000000cac00000| Untracked 
| 173|0x00000000cad00000, 0x00000000cad00000, 0x00000000cae00000|  0%| F|  |TAMS 0x00000000cad00000, 0x00000000cad00000| Untracked 
| 174|0x00000000cae00000, 0x00000000cae00000, 0x00000000caf00000|  0%| F|  |TAMS 0x00000000cae00000, 0x00000000cae00000| Untracked 
| 175|0x00000000caf00000, 0x00000000caf00000, 0x00000000cb000000|  0%| F|  |TAMS 0x00000000caf00000, 0x00000000caf00000| Untracked 
| 176|0x00000000cb000000, 0x00000000cb000000, 0x00000000cb100000|  0%| F|  |TAMS 0x00000000cb000000, 0x00000000cb000000| Untracked 
| 177|0x00000000cb100000, 0x00000000cb142420, 0x00000000cb200000| 25%| S|CS|TAMS 0x00000000cb100000, 0x00000000cb100000| Complete 
| 178|0x00000000cb200000, 0x00000000cb300000, 0x00000000cb300000|100%| S|CS|TAMS 0x00000000cb200000, 0x00000000cb200000| Complete 
| 179|0x00000000cb300000, 0x00000000cb400000, 0x00000000cb400000|100%| S|CS|TAMS 0x00000000cb300000, 0x00000000cb300000| Complete 
| 180|0x00000000cb400000, 0x00000000cb500000, 0x00000000cb500000|100%| S|CS|TAMS 0x00000000cb400000, 0x00000000cb400000| Complete 
| 181|0x00000000cb500000, 0x00000000cb600000, 0x00000000cb600000|100%| S|CS|TAMS 0x00000000cb500000, 0x00000000cb500000| Complete 
| 182|0x00000000cb600000, 0x00000000cb600000, 0x00000000cb700000|  0%| F|  |TAMS 0x00000000cb600000, 0x00000000cb600000| Untracked 
| 183|0x00000000cb700000, 0x00000000cb700000, 0x00000000cb800000|  0%| F|  |TAMS 0x00000000cb700000, 0x00000000cb700000| Untracked 
| 184|0x00000000cb800000, 0x00000000cb800000, 0x00000000cb900000|  0%| F|  |TAMS 0x00000000cb800000, 0x00000000cb800000| Untracked 
| 185|0x00000000cb900000, 0x00000000cb900000, 0x00000000cba00000|  0%| F|  |TAMS 0x00000000cb900000, 0x00000000cb900000| Untracked 
| 186|0x00000000cba00000, 0x00000000cba00000, 0x00000000cbb00000|  0%| F|  |TAMS 0x00000000cba00000, 0x00000000cba00000| Untracked 
| 187|0x00000000cbb00000, 0x00000000cbb00000, 0x00000000cbc00000|  0%| F|  |TAMS 0x00000000cbb00000, 0x00000000cbb00000| Untracked 
| 188|0x00000000cbc00000, 0x00000000cbc00000, 0x00000000cbd00000|  0%| F|  |TAMS 0x00000000cbc00000, 0x00000000cbc00000| Untracked 
| 189|0x00000000cbd00000, 0x00000000cbd00000, 0x00000000cbe00000|  0%| F|  |TAMS 0x00000000cbd00000, 0x00000000cbd00000| Untracked 
| 190|0x00000000cbe00000, 0x00000000cbe00000, 0x00000000cbf00000|  0%| F|  |TAMS 0x00000000cbe00000, 0x00000000cbe00000| Untracked 
| 191|0x00000000cbf00000, 0x00000000cbf00000, 0x00000000cc000000|  0%| F|  |TAMS 0x00000000cbf00000, 0x00000000cbf00000| Untracked 
| 192|0x00000000cc000000, 0x00000000cc000000, 0x00000000cc100000|  0%| F|  |TAMS 0x00000000cc000000, 0x00000000cc000000| Untracked 
| 193|0x00000000cc100000, 0x00000000cc100000, 0x00000000cc200000|  0%| F|  |TAMS 0x00000000cc100000, 0x00000000cc100000| Untracked 
| 194|0x00000000cc200000, 0x00000000cc200000, 0x00000000cc300000|  0%| F|  |TAMS 0x00000000cc200000, 0x00000000cc200000| Untracked 
| 195|0x00000000cc300000, 0x00000000cc300000, 0x00000000cc400000|  0%| F|  |TAMS 0x00000000cc300000, 0x00000000cc300000| Untracked 
| 196|0x00000000cc400000, 0x00000000cc400000, 0x00000000cc500000|  0%| F|  |TAMS 0x00000000cc400000, 0x00000000cc400000| Untracked 
| 197|0x00000000cc500000, 0x00000000cc500000, 0x00000000cc600000|  0%| F|  |TAMS 0x00000000cc500000, 0x00000000cc500000| Untracked 
| 198|0x00000000cc600000, 0x00000000cc600000, 0x00000000cc700000|  0%| F|  |TAMS 0x00000000cc600000, 0x00000000cc600000| Untracked 
| 199|0x00000000cc700000, 0x00000000cc700000, 0x00000000cc800000|  0%| F|  |TAMS 0x00000000cc700000, 0x00000000cc700000| Untracked 
| 200|0x00000000cc800000, 0x00000000cc800000, 0x00000000cc900000|  0%| F|  |TAMS 0x00000000cc800000, 0x00000000cc800000| Untracked 
| 201|0x00000000cc900000, 0x00000000cc900000, 0x00000000cca00000|  0%| F|  |TAMS 0x00000000cc900000, 0x00000000cc900000| Untracked 
| 202|0x00000000cca00000, 0x00000000cca00000, 0x00000000ccb00000|  0%| F|  |TAMS 0x00000000cca00000, 0x00000000cca00000| Untracked 
| 203|0x00000000ccb00000, 0x00000000ccb00000, 0x00000000ccc00000|  0%| F|  |TAMS 0x00000000ccb00000, 0x00000000ccb00000| Untracked 
| 204|0x00000000ccc00000, 0x00000000ccc00000, 0x00000000ccd00000|  0%| F|  |TAMS 0x00000000ccc00000, 0x00000000ccc00000| Untracked 
| 205|0x00000000ccd00000, 0x00000000ccd00000, 0x00000000cce00000|  0%| F|  |TAMS 0x00000000ccd00000, 0x00000000ccd00000| Untracked 
| 206|0x00000000cce00000, 0x00000000cce07cf8, 0x00000000ccf00000|  3%| E|  |TAMS 0x00000000cce00000, 0x00000000cce00000| Complete 
| 207|0x00000000ccf00000, 0x00000000cd000000, 0x00000000cd000000|100%| E|CS|TAMS 0x00000000ccf00000, 0x00000000ccf00000| Complete 
| 208|0x00000000cd000000, 0x00000000cd100000, 0x00000000cd100000|100%| E|CS|TAMS 0x00000000cd000000, 0x00000000cd000000| Complete 
| 209|0x00000000cd100000, 0x00000000cd200000, 0x00000000cd200000|100%| E|CS|TAMS 0x00000000cd100000, 0x00000000cd100000| Complete 
| 210|0x00000000cd200000, 0x00000000cd300000, 0x00000000cd300000|100%| E|CS|TAMS 0x00000000cd200000, 0x00000000cd200000| Complete 
| 211|0x00000000cd300000, 0x00000000cd400000, 0x00000000cd400000|100%| E|CS|TAMS 0x00000000cd300000, 0x00000000cd300000| Complete 
| 212|0x00000000cd400000, 0x00000000cd500000, 0x00000000cd500000|100%| E|CS|TAMS 0x00000000cd400000, 0x00000000cd400000| Complete 
| 213|0x00000000cd500000, 0x00000000cd600000, 0x00000000cd600000|100%| E|CS|TAMS 0x00000000cd500000, 0x00000000cd500000| Complete 
| 214|0x00000000cd600000, 0x00000000cd700000, 0x00000000cd700000|100%| E|CS|TAMS 0x00000000cd600000, 0x00000000cd600000| Complete 
| 215|0x00000000cd700000, 0x00000000cd800000, 0x00000000cd800000|100%| E|CS|TAMS 0x00000000cd700000, 0x00000000cd700000| Complete 
| 216|0x00000000cd800000, 0x00000000cd900000, 0x00000000cd900000|100%| E|CS|TAMS 0x00000000cd800000, 0x00000000cd800000| Complete 
| 217|0x00000000cd900000, 0x00000000cda00000, 0x00000000cda00000|100%| E|CS|TAMS 0x00000000cd900000, 0x00000000cd900000| Complete 
| 218|0x00000000cda00000, 0x00000000cdb00000, 0x00000000cdb00000|100%| E|CS|TAMS 0x00000000cda00000, 0x00000000cda00000| Complete 
| 219|0x00000000cdb00000, 0x00000000cdc00000, 0x00000000cdc00000|100%| E|CS|TAMS 0x00000000cdb00000, 0x00000000cdb00000| Complete 
| 220|0x00000000cdc00000, 0x00000000cdd00000, 0x00000000cdd00000|100%| E|CS|TAMS 0x00000000cdc00000, 0x00000000cdc00000| Complete 
| 221|0x00000000cdd00000, 0x00000000cde00000, 0x00000000cde00000|100%| E|CS|TAMS 0x00000000cdd00000, 0x00000000cdd00000| Complete 
| 222|0x00000000cde00000, 0x00000000cdf00000, 0x00000000cdf00000|100%| E|CS|TAMS 0x00000000cde00000, 0x00000000cde00000| Complete 
| 223|0x00000000cdf00000, 0x00000000ce000000, 0x00000000ce000000|100%| E|CS|TAMS 0x00000000cdf00000, 0x00000000cdf00000| Complete 
| 224|0x00000000ce000000, 0x00000000ce100000, 0x00000000ce100000|100%| E|CS|TAMS 0x00000000ce000000, 0x00000000ce000000| Complete 
| 225|0x00000000ce100000, 0x00000000ce200000, 0x00000000ce200000|100%| E|CS|TAMS 0x00000000ce100000, 0x00000000ce100000| Complete 
| 226|0x00000000ce200000, 0x00000000ce300000, 0x00000000ce300000|100%| E|CS|TAMS 0x00000000ce200000, 0x00000000ce200000| Complete 
| 227|0x00000000ce300000, 0x00000000ce400000, 0x00000000ce400000|100%| E|CS|TAMS 0x00000000ce300000, 0x00000000ce300000| Complete 
| 228|0x00000000ce400000, 0x00000000ce500000, 0x00000000ce500000|100%| E|CS|TAMS 0x00000000ce400000, 0x00000000ce400000| Complete 
| 229|0x00000000ce500000, 0x00000000ce600000, 0x00000000ce600000|100%| E|CS|TAMS 0x00000000ce500000, 0x00000000ce500000| Complete 
| 230|0x00000000ce600000, 0x00000000ce700000, 0x00000000ce700000|100%| E|CS|TAMS 0x00000000ce600000, 0x00000000ce600000| Complete 
| 231|0x00000000ce700000, 0x00000000ce800000, 0x00000000ce800000|100%| E|CS|TAMS 0x00000000ce700000, 0x00000000ce700000| Complete 
| 232|0x00000000ce800000, 0x00000000ce900000, 0x00000000ce900000|100%| E|CS|TAMS 0x00000000ce800000, 0x00000000ce800000| Complete 
| 233|0x00000000ce900000, 0x00000000cea00000, 0x00000000cea00000|100%| E|CS|TAMS 0x00000000ce900000, 0x00000000ce900000| Complete 
| 234|0x00000000cea00000, 0x00000000ceb00000, 0x00000000ceb00000|100%| E|CS|TAMS 0x00000000cea00000, 0x00000000cea00000| Complete 
| 235|0x00000000ceb00000, 0x00000000cec00000, 0x00000000cec00000|100%| E|CS|TAMS 0x00000000ceb00000, 0x00000000ceb00000| Complete 
| 236|0x00000000cec00000, 0x00000000ced00000, 0x00000000ced00000|100%| E|CS|TAMS 0x00000000cec00000, 0x00000000cec00000| Complete 
| 237|0x00000000ced00000, 0x00000000cee00000, 0x00000000cee00000|100%| E|CS|TAMS 0x00000000ced00000, 0x00000000ced00000| Complete 
| 238|0x00000000cee00000, 0x00000000cef00000, 0x00000000cef00000|100%| E|CS|TAMS 0x00000000cee00000, 0x00000000cee00000| Complete 
| 239|0x00000000cef00000, 0x00000000cf000000, 0x00000000cf000000|100%| E|CS|TAMS 0x00000000cef00000, 0x00000000cef00000| Complete 
| 240|0x00000000cf000000, 0x00000000cf100000, 0x00000000cf100000|100%| E|CS|TAMS 0x00000000cf000000, 0x00000000cf000000| Complete 
| 241|0x00000000cf100000, 0x00000000cf200000, 0x00000000cf200000|100%| E|CS|TAMS 0x00000000cf100000, 0x00000000cf100000| Complete 
| 242|0x00000000cf200000, 0x00000000cf300000, 0x00000000cf300000|100%| E|CS|TAMS 0x00000000cf200000, 0x00000000cf200000| Complete 
| 243|0x00000000cf300000, 0x00000000cf400000, 0x00000000cf400000|100%| E|CS|TAMS 0x00000000cf300000, 0x00000000cf300000| Complete 
| 244|0x00000000cf400000, 0x00000000cf500000, 0x00000000cf500000|100%| E|CS|TAMS 0x00000000cf400000, 0x00000000cf400000| Complete 
| 245|0x00000000cf500000, 0x00000000cf600000, 0x00000000cf600000|100%| E|CS|TAMS 0x00000000cf500000, 0x00000000cf500000| Complete 
| 246|0x00000000cf600000, 0x00000000cf700000, 0x00000000cf700000|100%| E|CS|TAMS 0x00000000cf600000, 0x00000000cf600000| Complete 
| 247|0x00000000cf700000, 0x00000000cf800000, 0x00000000cf800000|100%| E|CS|TAMS 0x00000000cf700000, 0x00000000cf700000| Complete 
| 248|0x00000000cf800000, 0x00000000cf900000, 0x00000000cf900000|100%| E|CS|TAMS 0x00000000cf800000, 0x00000000cf800000| Complete 
| 249|0x00000000cf900000, 0x00000000cfa00000, 0x00000000cfa00000|100%| E|CS|TAMS 0x00000000cf900000, 0x00000000cf900000| Complete 
| 250|0x00000000cfa00000, 0x00000000cfb00000, 0x00000000cfb00000|100%| E|CS|TAMS 0x00000000cfa00000, 0x00000000cfa00000| Complete 
| 251|0x00000000cfb00000, 0x00000000cfc00000, 0x00000000cfc00000|100%| E|CS|TAMS 0x00000000cfb00000, 0x00000000cfb00000| Complete 
| 252|0x00000000cfc00000, 0x00000000cfd00000, 0x00000000cfd00000|100%| E|CS|TAMS 0x00000000cfc00000, 0x00000000cfc00000| Complete 
| 253|0x00000000cfd00000, 0x00000000cfe00000, 0x00000000cfe00000|100%| E|CS|TAMS 0x00000000cfd00000, 0x00000000cfd00000| Complete 
| 254|0x00000000cfe00000, 0x00000000cff00000, 0x00000000cff00000|100%| E|CS|TAMS 0x00000000cfe00000, 0x00000000cfe00000| Complete 
| 255|0x00000000cff00000, 0x00000000d0000000, 0x00000000d0000000|100%| E|CS|TAMS 0x00000000cff00000, 0x00000000cff00000| Complete 
| 256|0x00000000d0000000, 0x00000000d0100000, 0x00000000d0100000|100%| E|CS|TAMS 0x00000000d0000000, 0x00000000d0000000| Complete 
| 257|0x00000000d0100000, 0x00000000d0200000, 0x00000000d0200000|100%| E|CS|TAMS 0x00000000d0100000, 0x00000000d0100000| Complete 
| 258|0x00000000d0200000, 0x00000000d0300000, 0x00000000d0300000|100%| E|CS|TAMS 0x00000000d0200000, 0x00000000d0200000| Complete 
| 259|0x00000000d0300000, 0x00000000d0400000, 0x00000000d0400000|100%| O|  |TAMS 0x00000000d0400000, 0x00000000d0300000| Complete 
| 260|0x00000000d0400000, 0x00000000d0500000, 0x00000000d0500000|100%| O|  |TAMS 0x00000000d0500000, 0x00000000d0400000| Complete 
| 261|0x00000000d0500000, 0x00000000d0600000, 0x00000000d0600000|100%| O|  |TAMS 0x00000000d0600000, 0x00000000d0500000| Complete 
| 262|0x00000000d0600000, 0x00000000d0700000, 0x00000000d0700000|100%| O|  |TAMS 0x00000000d0700000, 0x00000000d0600000| Complete 
| 263|0x00000000d0700000, 0x00000000d0800000, 0x00000000d0800000|100%| O|  |TAMS 0x00000000d0800000, 0x00000000d0700000| Complete 
| 264|0x00000000d0800000, 0x00000000d0900000, 0x00000000d0900000|100%| O|  |TAMS 0x00000000d0900000, 0x00000000d0800000| Complete 
| 265|0x00000000d0900000, 0x00000000d0a00000, 0x00000000d0a00000|100%| O|  |TAMS 0x00000000d0a00000, 0x00000000d0900000| Complete 
| 266|0x00000000d0a00000, 0x00000000d0b00000, 0x00000000d0b00000|100%| O|  |TAMS 0x00000000d0b00000, 0x00000000d0a00000| Complete 
| 267|0x00000000d0b00000, 0x00000000d0c00000, 0x00000000d0c00000|100%| O|  |TAMS 0x00000000d0c00000, 0x00000000d0b00000| Complete 
| 268|0x00000000d0c00000, 0x00000000d0d00000, 0x00000000d0d00000|100%| O|  |TAMS 0x00000000d0d00000, 0x00000000d0c00000| Complete 
| 269|0x00000000d0d00000, 0x00000000d0e00000, 0x00000000d0e00000|100%| O|  |TAMS 0x00000000d0e00000, 0x00000000d0d00000| Complete 
| 270|0x00000000d0e00000, 0x00000000d0f00000, 0x00000000d0f00000|100%| O|  |TAMS 0x00000000d0f00000, 0x00000000d0e00000| Complete 
| 271|0x00000000d0f00000, 0x00000000d1000000, 0x00000000d1000000|100%| O|  |TAMS 0x00000000d1000000, 0x00000000d0f00000| Complete 
| 272|0x00000000d1000000, 0x00000000d1100000, 0x00000000d1100000|100%| O|  |TAMS 0x00000000d1100000, 0x00000000d1000000| Complete 
| 273|0x00000000d1100000, 0x00000000d1200000, 0x00000000d1200000|100%| O|  |TAMS 0x00000000d1200000, 0x00000000d1100000| Complete 
| 274|0x00000000d1200000, 0x00000000d1300000, 0x00000000d1300000|100%| O|  |TAMS 0x00000000d1300000, 0x00000000d1200000| Complete 
| 275|0x00000000d1300000, 0x00000000d1400000, 0x00000000d1400000|100%| O|  |TAMS 0x00000000d1400000, 0x00000000d1300000| Complete 
| 276|0x00000000d1400000, 0x00000000d1500000, 0x00000000d1500000|100%| O|  |TAMS 0x00000000d1500000, 0x00000000d1400000| Complete 
| 277|0x00000000d1500000, 0x00000000d1600000, 0x00000000d1600000|100%| O|  |TAMS 0x00000000d1600000, 0x00000000d1500000| Complete 
| 278|0x00000000d1600000, 0x00000000d1700000, 0x00000000d1700000|100%| O|  |TAMS 0x00000000d1700000, 0x00000000d1600000| Complete 
| 279|0x00000000d1700000, 0x00000000d1800000, 0x00000000d1800000|100%| O|  |TAMS 0x00000000d1800000, 0x00000000d1700000| Complete 
| 280|0x00000000d1800000, 0x00000000d1900000, 0x00000000d1900000|100%| O|  |TAMS 0x00000000d1900000, 0x00000000d1800000| Complete 

Card table byte_map: [0x00000231227d0000,0x00000231229d0000] _byte_map_base: 0x00000231221d0000

Marking Bits (Prev, Next): (CMBitMap*) 0x0000023109238108, (CMBitMap*) 0x0000023109238140
 Prev Bits: [0x0000023122bd0000, 0x0000023123bd0000)
 Next Bits: [0x0000023123bd0000, 0x0000023124bd0000)

Polling page: 0x00000231092e0000

Metaspace:

Usage:
  Non-class:     54.05 MB capacity,    52.44 MB ( 97%) used,     1.50 MB (  3%) free+waste,   111.25 KB ( <1%) overhead. 
      Class:      6.50 MB capacity,     5.52 MB ( 85%) used,   962.86 KB ( 14%) free+waste,    49.75 KB ( <1%) overhead. 
       Both:     60.56 MB capacity,    57.96 MB ( 96%) used,     2.44 MB (  4%) free+waste,   161.00 KB ( <1%) overhead. 

Virtual space:
  Non-class space:       56.00 MB reserved,      54.25 MB ( 97%) committed 
      Class space:        1.00 GB reserved,       6.63 MB ( <1%) committed 
             Both:        1.05 GB reserved,      60.88 MB (  6%) committed 

Chunk freelists:
   Non-Class:  1.50 KB
       Class:  3.38 KB
        Both:  4.88 KB

CodeHeap 'non-profiled nmethods': size=120064Kb used=4838Kb max_used=4838Kb free=115225Kb
 bounds [0x000002311a830000, 0x000002311acf0000, 0x0000023121d70000]
CodeHeap 'profiled nmethods': size=120000Kb used=21310Kb max_used=21310Kb free=98689Kb
 bounds [0x0000023113300000, 0x00000231147e0000, 0x000002311a830000]
CodeHeap 'non-nmethods': size=5696Kb used=1256Kb max_used=1335Kb free=4439Kb
 bounds [0x0000023112d70000, 0x0000023112fe0000, 0x0000023113300000]
 total_blobs=11047 nmethods=8008 adapters=553
 compilation: enabled
              stopped_count=0, restarted_count=0
 full_count=0

Compilation events (10 events):
Event: 12.130 Thread 0x0000023127d69000 nmethod 8647 0x00000231147b0310 code [0x00000231147b0520, 0x00000231147b07b0]
Event: 12.130 Thread 0x0000023127d69000 8648       2       org.eclipse.jdt.internal.core.search.matching.PatternLocator::qualifiedSourceName (91 bytes)
Event: 12.130 Thread 0x0000023127d69000 nmethod 8648 0x00000231147b0910 code [0x00000231147b0b40, 0x00000231147b0fd0]
Event: 12.130 Thread 0x0000023127d69000 8651       1       org.eclipse.jdt.core.search.SearchDocument::getParticipant (5 bytes)
Event: 12.130 Thread 0x0000023127d69000 nmethod 8651 0x000002311acd9090 code [0x000002311acd9240, 0x000002311acd9358]
Event: 12.131 Thread 0x0000023127d69000 8657       1       org.eclipse.jdt.internal.core.SourceRefElement::createElementInfo (2 bytes)
Event: 12.131 Thread 0x0000023127d69000 nmethod 8657 0x000002311acd9410 code [0x000002311acd95c0, 0x000002311acd96d8]
Event: 12.131 Thread 0x0000023127d69000 8658       2       org.eclipse.jdt.internal.core.SourceRefElement::resource (8 bytes)
Event: 12.131 Thread 0x0000023127d69000 nmethod 8658 0x00000231147b1190 code [0x00000231147b1340, 0x00000231147b14d0]
Event: 12.135 Thread 0x0000023127d69000 8659   !   2       org.eclipse.jdt.internal.core.ClassFile::getJarBinaryTypeInfo (336 bytes)

GC Heap History (10 events):
Event: 10.393 GC heap before
{Heap before GC invocations=10 (full 0):
 garbage-first heap   total 287744K, used 205824K [0x00000000c0000000, 0x0000000100000000)
  region size 1024K, 132 young (135168K), 12 survivors (12288K)
 Metaspace       used 56784K, capacity 59457K, committed 59648K, reserved 1101824K
  class space    used 5544K, capacity 6543K, committed 6656K, reserved 1048576K
}
Event: 10.406 GC heap after
{Heap after GC invocations=11 (full 0):
 garbage-first heap   total 287744K, used 105984K [0x00000000c0000000, 0x0000000100000000)
  region size 1024K, 17 young (17408K), 17 survivors (17408K)
 Metaspace       used 56784K, capacity 59457K, committed 59648K, reserved 1101824K
  class space    used 5544K, capacity 6543K, committed 6656K, reserved 1048576K
}
Event: 11.108 GC heap before
{Heap before GC invocations=11 (full 0):
 garbage-first heap   total 287744K, used 194048K [0x00000000c0000000, 0x0000000100000000)
  region size 1024K, 102 young (104448K), 17 survivors (17408K)
 Metaspace       used 57436K, capacity 60079K, committed 60160K, reserved 1103872K
  class space    used 5567K, capacity 6578K, committed 6656K, reserved 1048576K
}
Event: 11.123 GC heap after
{Heap after GC invocations=12 (full 0):
 garbage-first heap   total 287744K, used 134519K [0x00000000c0000000, 0x0000000100000000)
  region size 1024K, 15 young (15360K), 15 survivors (15360K)
 Metaspace       used 57436K, capacity 60079K, committed 60160K, reserved 1103872K
  class space    used 5567K, capacity 6578K, committed 6656K, reserved 1048576K
}
Event: 11.590 GC heap before
{Heap before GC invocations=13 (full 0):
 garbage-first heap   total 287744K, used 208247K [0x00000000c0000000, 0x0000000100000000)
  region size 1024K, 87 young (89088K), 15 survivors (15360K)
 Metaspace       used 58696K, capacity 61376K, committed 61440K, reserved 1103872K
  class space    used 5633K, capacity 6624K, committed 6656K, reserved 1048576K
}
Event: 11.599 GC heap after
{Heap after GC invocations=14 (full 0):
 garbage-first heap   total 287744K, used 139175K [0x00000000c0000000, 0x0000000100000000)
  region size 1024K, 7 young (7168K), 7 survivors (7168K)
 Metaspace       used 58696K, capacity 61376K, committed 61440K, reserved 1103872K
  class space    used 5633K, capacity 6624K, committed 6656K, reserved 1048576K
}
Event: 11.629 GC heap before
{Heap before GC invocations=14 (full 0):
 garbage-first heap   total 287744K, used 146343K [0x00000000c0000000, 0x0000000100000000)
  region size 1024K, 14 young (14336K), 7 survivors (7168K)
 Metaspace       used 58697K, capacity 61376K, committed 61440K, reserved 1103872K
  class space    used 5633K, capacity 6624K, committed 6656K, reserved 1048576K
}
Event: 11.635 GC heap after
{Heap after GC invocations=15 (full 0):
 garbage-first heap   total 287744K, used 135882K [0x00000000c0000000, 0x0000000100000000)
  region size 1024K, 2 young (2048K), 2 survivors (2048K)
 Metaspace       used 58697K, capacity 61376K, committed 61440K, reserved 1103872K
  class space    used 5633K, capacity 6624K, committed 6656K, reserved 1048576K
}
Event: 11.962 GC heap before
{Heap before GC invocations=15 (full 0):
 garbage-first heap   total 287744K, used 212682K [0x00000000c0000000, 0x0000000100000000)
  region size 1024K, 77 young (78848K), 2 survivors (2048K)
 Metaspace       used 59128K, capacity 61744K, committed 62080K, reserved 1103872K
  class space    used 5644K, capacity 6658K, committed 6784K, reserved 1048576K
}
Event: 11.967 GC heap after
{Heap after GC invocations=16 (full 0):
 garbage-first heap   total 287744K, used 138960K [0x00000000c0000000, 0x0000000100000000)
  region size 1024K, 5 young (5120K), 5 survivors (5120K)
 Metaspace       used 59128K, capacity 61744K, committed 62080K, reserved 1103872K
  class space    used 5644K, capacity 6658K, committed 6784K, reserved 1048576K
}

Deoptimization events (10 events):
Event: 11.547 Thread 0x0000023136b31000 Uncommon trap: reason=unstable_if action=reinterpret pc=0x000002311a87bca8 method=java.util.HashMap.putVal(ILjava/lang/Object;Ljava/lang/Object;ZZ)Ljava/lang/Object; @ 109 c2
Event: 11.617 Thread 0x0000023136b31000 Uncommon trap: reason=profile_predicate action=maybe_recompile pc=0x000002311ac8e57c method=jdk.nio.zipfs.ZipPath.getResolved()[B @ 8 c2
Event: 11.618 Thread 0x0000023136b31000 Uncommon trap: reason=profile_predicate action=maybe_recompile pc=0x000002311ac8e57c method=jdk.nio.zipfs.ZipPath.getResolved()[B @ 8 c2
Event: 11.618 Thread 0x0000023136b31000 Uncommon trap: reason=profile_predicate action=maybe_recompile pc=0x000002311ac8e57c method=jdk.nio.zipfs.ZipPath.getResolved()[B @ 8 c2
Event: 11.618 Thread 0x0000023136b31000 Uncommon trap: reason=profile_predicate action=maybe_recompile pc=0x000002311ac8e57c method=jdk.nio.zipfs.ZipPath.getResolved()[B @ 8 c2
Event: 11.777 Thread 0x0000023136b31000 Uncommon trap: reason=unstable_if action=reinterpret pc=0x000002311a844998 method=java.util.HashMap.resize()[Ljava/util/HashMap$Node; @ 203 c2
Event: 12.024 Thread 0x0000023136b31000 Uncommon trap: reason=class_check action=maybe_recompile pc=0x000002311acc7188 method=org.eclipse.jdt.internal.compiler.lookup.Scope.getBinding([CILorg/eclipse/jdt/internal/compiler/lookup/InvocationSite;Z)Lorg/eclipse/jdt/internal/compiler/lookup/Binding
Event: 12.034 Thread 0x0000023136b31000 Uncommon trap: reason=unstable_if action=reinterpret pc=0x000002311ac8d150 method=org.eclipse.jdt.core.compiler.CharOperation.indexOf([C[CZII)I @ 108 c2
Event: 12.059 Thread 0x0000023136b31000 Uncommon trap: reason=unstable_if action=reinterpret pc=0x000002311acb57ec method=org.eclipse.jdt.internal.compiler.lookup.BinaryTypeBinding.createMethod(Lorg/eclipse/jdt/internal/compiler/env/IBinaryMethod;Lorg/eclipse/jdt/internal/compiler/env/IBinaryTy
Event: 12.077 Thread 0x0000023136b31000 Uncommon trap: reason=unstable_if action=reinterpret pc=0x000002311acc67bc method=org.eclipse.jdt.internal.compiler.lookup.Scope.getBinding([CILorg/eclipse/jdt/internal/compiler/lookup/InvocationSite;Z)Lorg/eclipse/jdt/internal/compiler/lookup/Binding; @ 

Classes redefined (0 events):
No events

Internal exceptions (10 events):
Event: 11.822 Thread 0x0000023136b31000 Exception <a 'java/lang/ClassCastException'{0x00000000cd75d478}> (0x00000000cd75d478) thrown at [t:/workspace/open/src/hotspot/share/runtime/sharedRuntime.cpp, line 584]
Event: 11.912 Thread 0x0000023136b31000 Exception <a 'java/lang/ClassCastException'{0x00000000cc284df8}> (0x00000000cc284df8) thrown at [t:/workspace/open/src/hotspot/share/runtime/sharedRuntime.cpp, line 584]
Event: 11.916 Thread 0x0000023136b31000 Exception <a 'java/lang/ClassCastException'{0x00000000cc2c2e78}> (0x00000000cc2c2e78) thrown at [t:/workspace/open/src/hotspot/share/runtime/sharedRuntime.cpp, line 584]
Event: 11.919 Thread 0x0000023136b31000 Exception <a 'java/lang/ClassCastException'{0x00000000cc1147d8}> (0x00000000cc1147d8) thrown at [t:/workspace/open/src/hotspot/share/runtime/sharedRuntime.cpp, line 584]
Event: 11.919 Thread 0x0000023136b31000 Exception <a 'java/lang/ClassCastException'{0x00000000cc11d290}> (0x00000000cc11d290) thrown at [t:/workspace/open/src/hotspot/share/runtime/sharedRuntime.cpp, line 584]
Event: 11.920 Thread 0x0000023136b31000 Exception <a 'java/lang/ClassCastException'{0x00000000cc13f518}> (0x00000000cc13f518) thrown at [t:/workspace/open/src/hotspot/share/runtime/sharedRuntime.cpp, line 584]
Event: 11.924 Thread 0x0000023136b31000 Exception <a 'java/lang/ClassCastException'{0x00000000cc01ba28}> (0x00000000cc01ba28) thrown at [t:/workspace/open/src/hotspot/share/runtime/sharedRuntime.cpp, line 584]
Event: 11.924 Thread 0x0000023136b31000 Exception <a 'java/lang/ClassCastException'{0x00000000cc023a28}> (0x00000000cc023a28) thrown at [t:/workspace/open/src/hotspot/share/runtime/sharedRuntime.cpp, line 584]
Event: 11.925 Thread 0x0000023136b31000 Exception <a 'java/lang/ClassCastException'{0x00000000cc02c0a8}> (0x00000000cc02c0a8) thrown at [t:/workspace/open/src/hotspot/share/runtime/sharedRuntime.cpp, line 584]
Event: 11.928 Thread 0x0000023136b31000 Exception <a 'java/lang/ClassCastException'{0x00000000cc086630}> (0x00000000cc086630) thrown at [t:/workspace/open/src/hotspot/share/runtime/sharedRuntime.cpp, line 584]

Events (10 events):
Event: 12.120 Thread 0x0000023136b31000 DEOPT PACKING pc=0x0000023113eee86a sp=0x000000bec1cfdb40
Event: 12.120 Thread 0x0000023136b31000 DEOPT UNPACKING pc=0x0000023112d98d4e sp=0x000000bec1cfd0d8 mode 0
Event: 12.125 Thread 0x0000023136b31000 DEOPT PACKING pc=0x000002311453eb39 sp=0x000000bec1cfe360
Event: 12.125 Thread 0x0000023136b31000 DEOPT UNPACKING pc=0x0000023112d98d4e sp=0x000000bec1cfd838 mode 0
Event: 12.128 Thread 0x0000023136b31000 DEOPT PACKING pc=0x0000023113eee86a sp=0x000000bec1cfdb30
Event: 12.128 Thread 0x0000023136b31000 DEOPT UNPACKING pc=0x0000023112d98d4e sp=0x000000bec1cfd0c8 mode 0
Event: 12.129 Thread 0x0000023136b31000 DEOPT PACKING pc=0x0000023113eee86a sp=0x000000bec1cfdb30
Event: 12.129 Thread 0x0000023136b31000 DEOPT UNPACKING pc=0x0000023112d98d4e sp=0x000000bec1cfd0c8 mode 0
Event: 12.131 Thread 0x0000023136b31000 DEOPT PACKING pc=0x0000023113eee86a sp=0x000000bec1cfd4e0
Event: 12.131 Thread 0x0000023136b31000 DEOPT UNPACKING pc=0x0000023112d98d4e sp=0x000000bec1cfca98 mode 0


Dynamic libraries:
0x00007ff650c40000 - 0x00007ff650c87000 	C:\Program Files\Java\jdk-11.0.6\bin\java.exe
0x00007ffc9bfa0000 - 0x00007ffc9c190000 	C:\WINDOWS\SYSTEM32\ntdll.dll
0x00007ffc9a0b0000 - 0x00007ffc9a162000 	C:\WINDOWS\System32\KERNEL32.DLL
0x00007ffc99ab0000 - 0x00007ffc99d53000 	C:\WINDOWS\System32\KERNELBASE.dll
0x00007ffc9af30000 - 0x00007ffc9afd3000 	C:\WINDOWS\System32\ADVAPI32.dll
0x00007ffc9a850000 - 0x00007ffc9a8ee000 	C:\WINDOWS\System32\msvcrt.dll
0x00007ffc9b1a0000 - 0x00007ffc9b237000 	C:\WINDOWS\System32\sechost.dll
0x00007ffc9b390000 - 0x00007ffc9b4b0000 	C:\WINDOWS\System32\RPCRT4.dll
0x00007ffc9a170000 - 0x00007ffc9a304000 	C:\WINDOWS\System32\USER32.dll
0x00007ffc990b0000 - 0x00007ffc990d1000 	C:\WINDOWS\System32\win32u.dll
0x00007ffc9aae0000 - 0x00007ffc9ab06000 	C:\WINDOWS\System32\GDI32.dll
0x00007ffc99eb0000 - 0x00007ffc9a044000 	C:\WINDOWS\System32\gdi32full.dll
0x00007ffc98f30000 - 0x00007ffc98fce000 	C:\WINDOWS\System32\msvcp_win.dll
0x00007ffc99db0000 - 0x00007ffc99eaa000 	C:\WINDOWS\System32\ucrtbase.dll
0x00007ffc8a780000 - 0x00007ffc8aa05000 	C:\WINDOWS\WinSxS\amd64_microsoft.windows.common-controls_6595b64144ccf1df_6.0.18362.657_none_e6c5b579130e3898\COMCTL32.dll
0x00007ffc9bba0000 - 0x00007ffc9bed6000 	C:\WINDOWS\System32\combase.dll
0x00007ffc99100000 - 0x00007ffc99180000 	C:\WINDOWS\System32\bcryptPrimitives.dll
0x00007ffc94970000 - 0x00007ffc9497a000 	C:\WINDOWS\SYSTEM32\VERSION.dll
0x00007ffc9afe0000 - 0x00007ffc9b00e000 	C:\WINDOWS\System32\IMM32.DLL
0x00007ffc7b710000 - 0x00007ffc7b726000 	C:\Program Files\Java\jdk-11.0.6\bin\vcruntime140.dll
0x00007ffc54b30000 - 0x00007ffc54bda000 	C:\Program Files\Java\jdk-11.0.6\bin\msvcp140.dll
0x00007ffc48e30000 - 0x00007ffc49959000 	C:\Program Files\Java\jdk-11.0.6\bin\server\jvm.dll
0x00007ffc9aa50000 - 0x00007ffc9aa58000 	C:\WINDOWS\System32\PSAPI.DLL
0x00007ffc8cb20000 - 0x00007ffc8cb29000 	C:\WINDOWS\SYSTEM32\WSOCK32.dll
0x00007ffc9ac90000 - 0x00007ffc9acff000 	C:\WINDOWS\System32\WS2_32.dll
0x00007ffc96bc0000 - 0x00007ffc96be4000 	C:\WINDOWS\SYSTEM32\WINMM.dll
0x00007ffc96b20000 - 0x00007ffc96b4d000 	C:\WINDOWS\SYSTEM32\WINMMBASE.dll
0x00007ffc99d60000 - 0x00007ffc99daa000 	C:\WINDOWS\System32\cfgmgr32.dll
0x00007ffc98ed0000 - 0x00007ffc98ee1000 	C:\WINDOWS\System32\kernel.appcore.dll
0x00007ffc75a20000 - 0x00007ffc75a31000 	C:\Program Files\Java\jdk-11.0.6\bin\verify.dll
0x00007ffc7f870000 - 0x00007ffc7fa64000 	C:\WINDOWS\SYSTEM32\DBGHELP.DLL
0x00007ffc7f720000 - 0x00007ffc7f74a000 	C:\WINDOWS\SYSTEM32\dbgcore.DLL
0x00007ffc73020000 - 0x00007ffc73049000 	C:\Program Files\Java\jdk-11.0.6\bin\java.dll
0x00007ffc70f10000 - 0x00007ffc70f3f000 	C:\Program Files\Java\jdk-11.0.6\bin\instrument.dll
0x00007ffc73000000 - 0x00007ffc73016000 	C:\Program Files\Java\jdk-11.0.6\bin\zip.dll
0x00007ffc8caa0000 - 0x00007ffc8caaa000 	C:\Program Files\Java\jdk-11.0.6\bin\jimage.dll
0x00007ffc9b4b0000 - 0x00007ffc9bb95000 	C:\WINDOWS\System32\SHELL32.dll
0x00007ffc9b0f0000 - 0x00007ffc9b199000 	C:\WINDOWS\System32\shcore.dll
0x00007ffc99180000 - 0x00007ffc998ff000 	C:\WINDOWS\System32\windows.storage.dll
0x00007ffc98f10000 - 0x00007ffc98f2f000 	C:\WINDOWS\System32\profapi.dll
0x00007ffc98e80000 - 0x00007ffc98eca000 	C:\WINDOWS\System32\powrprof.dll
0x00007ffc98e70000 - 0x00007ffc98e80000 	C:\WINDOWS\System32\UMPDC.dll
0x00007ffc9b090000 - 0x00007ffc9b0e2000 	C:\WINDOWS\System32\shlwapi.dll
0x00007ffc990e0000 - 0x00007ffc990f7000 	C:\WINDOWS\System32\cryptsp.dll
0x00007ffc714e0000 - 0x00007ffc714f9000 	C:\Program Files\Java\jdk-11.0.6\bin\net.dll
0x00007ffc8bc50000 - 0x00007ffc8bd40000 	C:\WINDOWS\SYSTEM32\WINHTTP.dll
0x00007ffc98680000 - 0x00007ffc986e7000 	C:\WINDOWS\system32\mswsock.dll
0x00007ffc6eeb0000 - 0x00007ffc6eec3000 	C:\Program Files\Java\jdk-11.0.6\bin\nio.dll
0x00007ffc981f0000 - 0x00007ffc98223000 	C:\WINDOWS\system32\rsaenh.dll
0x00007ffc99080000 - 0x00007ffc990a6000 	C:\WINDOWS\System32\bcrypt.dll
0x00007ffc98d90000 - 0x00007ffc98db5000 	C:\WINDOWS\SYSTEM32\USERENV.dll
0x00007ffc988b0000 - 0x00007ffc988bc000 	C:\WINDOWS\SYSTEM32\CRYPTBASE.dll
0x00007ffc98390000 - 0x00007ffc983ca000 	C:\WINDOWS\SYSTEM32\IPHLPAPI.DLL
0x00007ffc9b240000 - 0x00007ffc9b248000 	C:\WINDOWS\System32\NSI.dll
0x00007ffc93890000 - 0x00007ffc938a6000 	C:\WINDOWS\SYSTEM32\dhcpcsvc6.DLL
0x00007ffc93dc0000 - 0x00007ffc93ddc000 	C:\WINDOWS\SYSTEM32\dhcpcsvc.DLL
0x00007ffc983d0000 - 0x00007ffc9849a000 	C:\WINDOWS\SYSTEM32\DNSAPI.dll
0x00007ffc6eca0000 - 0x00007ffc6ecc9000 	C:\Users\lehan\.vscode\extensions\redhat.java-0.57.0\server\config_win\org.eclipse.equinox.launcher\org.eclipse.equinox.launcher.win32.win32.x86_64_1.1.1100.v20190907-0426\eclipse_1902.dll
0x00007ffc7bca0000 - 0x00007ffc7bcb1000 	C:\Users\lehan\.vscode\extensions\redhat.java-0.57.0\server\config_win\org.eclipse.osgi\20\0\.cp\jWinHttp-1.0.0.dll
0x00007ffc9a8f0000 - 0x00007ffc9aa46000 	C:\WINDOWS\System32\ole32.dll
0x00007ffc7bc70000 - 0x00007ffc7bc97000 	C:\Program Files\Java\jdk-11.0.6\bin\sunec.dll

dbghelp: loaded successfully - version: 4.0.5 - missing functions: none
symbol engine: initialized successfully - sym options: 0x614 - pdb path: .;C:\Program Files\Java\jdk-11.0.6\bin;C:\WINDOWS\SYSTEM32;C:\WINDOWS\WinSxS\amd64_microsoft.windows.common-controls_6595b64144ccf1df_6.0.18362.657_none_e6c5b579130e3898;C:\Program Files\Java\jdk-11.0.6\bin\server;C:\Users\lehan\.vscode\extensions\redhat.java-0.57.0\server\config_win\org.eclipse.equinox.launcher\org.eclipse.equinox.launcher.win32.win32.x86_64_1.1.1100.v20190907-0426;C:\Users\lehan\.vscode\extensions\redhat.java-0.57.0\server\config_win\org.eclipse.osgi\20\0\.cp

VM Arguments:
jvm_args: --add-modules=ALL-SYSTEM --add-opens=java.base/java.util=ALL-UNNAMED --add-opens=java.base/java.lang=ALL-UNNAMED -Declipse.application=org.eclipse.jdt.ls.core.id1 -Dosgi.bundles.defaultStartLevel=4 -Declipse.product=org.eclipse.jdt.ls.core.product -Dfile.encoding=utf8 -DwatchParentProcess=false -Xmx1G -XX:+UseG1GC -XX:+UseStringDeduplication -javaagent:C:\Users\lehan\.vscode\extensions\gabrielbb.vscode-lombok-1.0.1\server\lombok.jar -Xverify:none 
java_command: c:\Users\lehan\.vscode\extensions\redhat.java-0.57.0\server\plugins\org.eclipse.equinox.launcher_1.5.700.v20200207-2156.jar -configuration c:\Users\lehan\.vscode\extensions\redhat.java-0.57.0\server\config_win -data c:\Users\lehan\AppData\Roaming\Code\User\workspaceStorage\ec6e5bf5ab9010b47ec1fdcad6ba4a40\redhat.java\jdt_ws
java_class_path (initial): c:\Users\lehan\.vscode\extensions\redhat.java-0.57.0\server\plugins\org.eclipse.equinox.launcher_1.5.700.v20200207-2156.jar
Launcher Type: SUN_STANDARD

[Global flags]
     bool BytecodeVerificationLocal                = false                                     {product} {command line}
     bool BytecodeVerificationRemote               = false                                     {product} {command line}
     intx CICompilerCount                          = 3                                         {product} {ergonomic}
     uint ConcGCThreads                            = 2                                         {product} {ergonomic}
     uint G1ConcRefinementThreads                  = 6                                         {product} {ergonomic}
   size_t G1HeapRegionSize                         = 1048576                                   {product} {ergonomic}
    uintx GCDrainStackTargetSize                   = 64                                        {product} {ergonomic}
   size_t InitialHeapSize                          = 268435456                                 {product} {ergonomic}
   size_t MarkStackSize                            = 4194304                                   {product} {ergonomic}
   size_t MaxHeapSize                              = 1073741824                                {product} {command line}
   size_t MaxNewSize                               = 643825664                                 {product} {ergonomic}
   size_t MinHeapDeltaBytes                        = 1048576                                   {product} {ergonomic}
    uintx NonNMethodCodeHeapSize                   = 5830732                                {pd product} {ergonomic}
    uintx NonProfiledCodeHeapSize                  = 122913754                              {pd product} {ergonomic}
    uintx ProfiledCodeHeapSize                     = 122913754                              {pd product} {ergonomic}
    uintx ReservedCodeCacheSize                    = 251658240                              {pd product} {ergonomic}
     bool SegmentedCodeCache                       = true                                      {product} {ergonomic}
     bool UseCompressedClassPointers               = true                                 {lp64_product} {ergonomic}
     bool UseCompressedOops                        = true                                 {lp64_product} {ergonomic}
     bool UseG1GC                                  = true                                      {product} {command line}
     bool UseLargePagesIndividualAllocation        = false                                  {pd product} {ergonomic}
     bool UseStringDeduplication                   = true                                      {product} {command line}

Logging:
Log output configuration:
 #0: stdout all=warning uptime,level,tags
 #1: stderr all=off uptime,level,tags

Environment Variables:
JAVA_HOME=C:\Program Files\Java\jdk-11.0.6
PATH=C:\WINDOWS\system32;C:\WINDOWS;C:\WINDOWS\System32\Wbem;C:\WINDOWS\System32\WindowsPowerShell\v1.0\;C:\WINDOWS\System32\OpenSSH\;C:\Program Files\Java\jdk-11.0.6\bin;C:\src\flutter\bin;D:\Programs\apache-maven-3.6.3\bin;C:\Program Files\nodejs\;C:\Program Files\Git\cmd;"C:\Users\lehan\AppData\Local\Microsoft\WindowsApps;C:\src\flutter\bin;D:\Programs\apache-maven-3.6.3\bin;";;C:\Users\lehan\AppData\Local\Programs\Microsoft VS Code\bin;C:\Users\lehan\AppData\Roaming\npm
USERNAME=lehan
OS=Windows_NT
PROCESSOR_IDENTIFIER=Intel64 Family 6 Model 158 Stepping 10, GenuineIntel



---------------  S Y S T E M  ---------------

OS: Windows 10 , 64 bit Build 18362 (10.0.18362.329)

CPU:total 6 (initial active 6) (6 cores per cpu, 1 threads per core) family 6 model 158 stepping 10, cmov, cx8, fxsr, mmx, sse, sse2, sse3, ssse3, sse4.1, sse4.2, popcnt, avx, avx2, aes, clmul, erms, 3dnowpref, lzcnt, tsc, tscinvbit, bmi1, bmi2, adx, fma

Memory: 4k page, system-wide physical 16314M (5041M free)
TotalPageFile size 22138M (AvailPageFile size 3133M)
current process WorkingSet (physical memory assigned to process): 508M, peak: 513M
current process commit charge ("private bytes"): 542M, peak: 548M

vm_info: Java HotSpot(TM) 64-Bit Server VM (11.0.6+8-LTS) for windows-amd64 JRE (11.0.6+8-LTS), built on Dec 11 2019 09:17:57 by "mach5one" with MS VC++ 15.5 (VS2017)

END.
