#
# A fatal error has been detected by the Java Runtime Environment:
#
#  EXCEPTION_ACCESS_VIOLATION (0xc0000005) at pc=0x0000021bb2861da4, pid=13792, tid=9528
#
# JRE version: Java(TM) SE Runtime Environment (11.0.6+8) (build 11.0.6+8-LTS)
# Java VM: Java HotSpot(TM) 64-Bit Server VM (11.0.6+8-LTS, mixed mode, tiered, compressed oops, g1 gc, windows-amd64)
# Problematic frame:
# J 724 c2 java.util.HashMap.getNode(ILjava/lang/Object;)Ljava/util/HashMap$Node; java.base@11.0.6 (148 bytes) @ 0x0000021bb2861da4 [0x0000021bb2861d40+0x0000000000000064]
#
# No core dump will be written. Minidumps are not enabled by default on client versions of Windows
#
# If you would like to submit a bug report, please visit:
#   http://bugreport.java.com/bugreport/crash.jsp
#

---------------  S U M M A R Y ------------

Command Line: --add-modules=ALL-SYSTEM --add-opens=java.base/java.util=ALL-UNNAMED --add-opens=java.base/java.lang=ALL-UNNAMED -Declipse.application=org.eclipse.jdt.ls.core.id1 -Dosgi.bundles.defaultStartLevel=4 -Declipse.product=org.eclipse.jdt.ls.core.product -Dfile.encoding=utf8 -DwatchParentProcess=false -Xmx1G -XX:+UseG1GC -XX:+UseStringDeduplication -javaagent:C:\Users\lehan\.vscode\extensions\gabrielbb.vscode-lombok-1.0.1\server\lombok.jar -Xverify:none c:\Users\lehan\.vscode\extensions\redhat.java-0.57.0\server\plugins\org.eclipse.equinox.launcher_1.5.700.v20200207-2156.jar -configuration c:\Users\lehan\.vscode\extensions\redhat.java-0.57.0\server\config_win -data c:\Users\lehan\AppData\Roaming\Code\User\workspaceStorage\ec6e5bf5ab9010b47ec1fdcad6ba4a40\redhat.java\jdt_ws

Host: Intel(R) Core(TM) i5-8400 CPU @ 2.80GHz, 6 cores, 15G,  Windows 10 , 64 bit Build 18362 (10.0.18362.329)
Time: Thu Feb 27 16:47:19 2020 South Africa Standard Time elapsed time: 0 seconds (0d 0h 0m 0s)

---------------  T H R E A D  ---------------

Current thread (0x0000021ba29d9800):  JavaThread "main" [_thread_in_Java, id=9528, stack(0x000000cdae900000,0x000000cdaea00000)]

Stack: [0x000000cdae900000,0x000000cdaea00000],  sp=0x000000cdae9fdd70,  free space=1015k
Native frames: (J=compiled Java code, j=interpreted, Vv=VM code, C=native code)
C  0x0000021bb2861da4


siginfo: EXCEPTION_ACCESS_VIOLATION (0xc0000005), reading address 0x000000008f4fc04c


Register to memory mapping:

RIP=0x0000021bb2861da4 is at entry_point+100 in (nmethod*)0x0000021bb2861b90
RAX=0x0000000003344382 is an unknown value
RBX={method} {0x0000021bbece6bc8} 'hashCode' '()I' in 'java/lang/String'
RCX={method} {0x0000021bbed28230} 'get' '(Ljava/lang/Object;)Ljava/lang/Object;' in 'java/util/Map'
RDX=0x00000000cf4fbf48 is an oop: java.util.HashMap 
{0x00000000cf4fbf48} - klass: 'java/util/HashMap'
RSP=0x000000cdae9fdd70 is pointing into the stack for thread: 0x0000021ba29d9800
RBP=0x000000cdae9fde80 is pointing into the stack for thread: 0x0000021ba29d9800
RSI=0x00000000033440b6 is an unknown value
RDI=0x0000021bbf105168 is pointing into metadata
R8 =0x0000000000000006 is an unknown value
R9 =0x00000000cf436ec8 is an oop: java.lang.String 
{0x00000000cf436ec8} - klass: 'java/lang/String'
R10=0x0000021ba09d1000 points into unknown readable memory: 00 00 00 00 00 00 00 00
R11=0x000000008f4fc040 is an unknown value
R12=0x0 is NULL
R13=0x000000cdae9fde28 is pointing into the stack for thread: 0x0000021ba29d9800
R14=0x0000000100019638 is pointing into metadata
R15=0x0000021ba29d9800 is a thread


Registers:
RAX=0x0000000003344382, RBX=0x0000021bbece6bc0, RCX=0x0000021bbed28228, RDX=0x00000000cf4fbf48
RSP=0x000000cdae9fdd70, RBP=0x000000cdae9fde80, RSI=0x00000000033440b6, RDI=0x0000021bbf105168
R8 =0x0000000000000006, R9 =0x00000000cf436ec8, R10=0x0000021ba09d1000, R11=0x000000008f4fc040
R12=0x0000000000000000, R13=0x000000cdae9fde28, R14=0x0000000100019638, R15=0x0000021ba29d9800
RIP=0x0000021bb2861da4, EFLAGS=0x0000000000010282

Top of Stack: (sp=0x000000cdae9fdd70)
0x000000cdae9fdd70:   00000000033440b6 00000000cf436ec8
0x000000cdae9fdd80:   00000000cf3e6eb8 00000000ce9244c0
0x000000cdae9fdd90:   0000001300000001 00000000cf20dab8
0x000000cdae9fdda0:   000000cdae9fde80 0000021bab44d4d4
0x000000cdae9fddb0:   00000000cf20e050 000000cdae9fddb8
0x000000cdae9fddc0:   0000021bbee03cba 00000000cf20cec8
0x000000cdae9fddd0:   000000cdae9fdee8 0000021bab3125b4
0x000000cdae9fdde0:   00000000cf4e44f0 0000021bb2861de4
0x000000cdae9fddf0:   00000000cf4fbf48 00000000cf436ec8
0x000000cdae9fde00:   000000cdae9fde70 0000021baad69615
0x000000cdae9fde10:   000000cdae9fde80 0000021baad69c56
0x000000cdae9fde20:   0000021baad69c56 00000000cf436ec8
0x000000cdae9fde30:   00000000cf4fbf48 000000cdae9fde38
0x000000cdae9fde40:   0000021bbef33c95 000000cdae9fde98
0x000000cdae9fde50:   0000021bbef34d68 0000000000000000
0x000000cdae9fde60:   00000000ce75b388 0000021bbef33cc0 

Instructions: (pc=0x0000021bb2861da4)
0x0000021bb2861d84:   43 0c 45 85 c0 0f 86 39 01 00 00 41 ff c8 44 23
0x0000021bb2861d94:   04 24 47 8b 5c 83 10 45 85 db 0f 84 0d 01 00 00
0x0000021bb2861da4:   45 8b 53 0c 44 3b 14 24 75 43 45 8b 53 10 49 8b
0x0000021bb2861db4:   eb 4d 8b c2 4d 3b c1 0f 84 02 01 00 00 4d 85 c9 


Stack slot to memory mapping:
stack at sp + 0 slots: 0x00000000033440b6 is an unknown value
stack at sp + 1 slots: 0x00000000cf436ec8 is an oop: java.lang.String 
{0x00000000cf436ec8} - klass: 'java/lang/String'
stack at sp + 2 slots: 0x00000000cf3e6eb8 is an oop: org.eclipse.osgi.container.ModuleCapability 
{0x00000000cf3e6eb8} - klass: 'org/eclipse/osgi/container/ModuleCapability'
stack at sp + 3 slots: 0x00000000ce9244c0 is an oop: java.lang.Object 
{0x00000000ce9244c0} - klass: 'java/lang/Object'
stack at sp + 4 slots: 0x0000001300000001 is an unknown value
stack at sp + 5 slots: 0x00000000cf20dab8 is an oop: [Ljava.util.HashMap$Node; 
{0x00000000cf20dab8} - klass: 'java/util/HashMap$Node'[]
 - length: 32
stack at sp + 6 slots: 0x000000cdae9fde80 is pointing into the stack for thread: 0x0000021ba29d9800
stack at sp + 7 slots: 0x0000021bab44d4d4 is at entry_point+468 in (nmethod*)0x0000021bab44d110



---------------  P R O C E S S  ---------------

Threads class SMR info:
_java_thread_list=0x0000021bbfb27ec0, length=11, elements={
0x0000021ba29d9800, 0x0000021bbecda000, 0x0000021bbecdd000, 0x0000021bbf55b000,
0x0000021bbf55c800, 0x0000021bbf568800, 0x0000021bbf58f800, 0x0000021bbf59c800,
0x0000021bbf75e800, 0x0000021bbf77d000, 0x0000021bbf8c7000
}

Java Threads: ( => current thread )
=>0x0000021ba29d9800 JavaThread "main" [_thread_in_Java, id=9528, stack(0x000000cdae900000,0x000000cdaea00000)]
  0x0000021bbecda000 JavaThread "Reference Handler" daemon [_thread_blocked, id=19768, stack(0x000000cdaf100000,0x000000cdaf200000)]
  0x0000021bbecdd000 JavaThread "Finalizer" daemon [_thread_blocked, id=14484, stack(0x000000cdaf200000,0x000000cdaf300000)]
  0x0000021bbf55b000 JavaThread "Signal Dispatcher" daemon [_thread_blocked, id=4128, stack(0x000000cdaf300000,0x000000cdaf400000)]
  0x0000021bbf55c800 JavaThread "Attach Listener" daemon [_thread_blocked, id=22300, stack(0x000000cdaf400000,0x000000cdaf500000)]
  0x0000021bbf568800 JavaThread "C2 CompilerThread0" daemon [_thread_blocked, id=25232, stack(0x000000cdaf500000,0x000000cdaf600000)]
  0x0000021bbf58f800 JavaThread "C1 CompilerThread0" daemon [_thread_blocked, id=17164, stack(0x000000cdaf600000,0x000000cdaf700000)]
  0x0000021bbf59c800 JavaThread "Sweeper thread" daemon [_thread_blocked, id=16488, stack(0x000000cdaf700000,0x000000cdaf800000)]
  0x0000021bbf75e800 JavaThread "Common-Cleaner" daemon [_thread_blocked, id=14140, stack(0x000000cdaf800000,0x000000cdaf900000)]
  0x0000021bbf77d000 JavaThread "C2 CompilerThread1" daemon [_thread_blocked, id=27160, stack(0x000000cdaf900000,0x000000cdafa00000)]
  0x0000021bbf8c7000 JavaThread "Service Thread" daemon [_thread_blocked, id=15948, stack(0x000000cdafa00000,0x000000cdafb00000)]

Other Threads:
  0x0000021bbecc0800 VMThread "VM Thread" [stack: 0x000000cdaf000000,0x000000cdaf100000] [id=12440]
  0x0000021bbf8ca000 WatcherThread [stack: 0x000000cdafb00000,0x000000cdafc00000] [id=25048]
  0x0000021ba29ee800 GCTaskThread "GC Thread#0" [stack: 0x000000cdaea00000,0x000000cdaeb00000] [id=23936]
  0x0000021bbfefd000 GCTaskThread "GC Thread#1" [stack: 0x000000cdafc00000,0x000000cdafd00000] [id=25764]
  0x0000021bc046c000 GCTaskThread "GC Thread#2" [stack: 0x000000cdafd00000,0x000000cdafe00000] [id=23888]
  0x0000021bc046c800 GCTaskThread "GC Thread#3" [stack: 0x000000cdafe00000,0x000000cdaff00000] [id=22916]
  0x0000021bc03dd800 GCTaskThread "GC Thread#4" [stack: 0x000000cdaff00000,0x000000cdb0000000] [id=12444]
  0x0000021bc03de000 GCTaskThread "GC Thread#5" [stack: 0x000000cdb0000000,0x000000cdb0100000] [id=25708]
  0x0000021ba2a0d800 ConcurrentGCThread "G1 Main Marker" [stack: 0x000000cdaeb00000,0x000000cdaec00000] [id=14288]
  0x0000021ba2a0e800 ConcurrentGCThread "G1 Conc#0" [stack: 0x000000cdaec00000,0x000000cdaed00000] [id=17784]
  0x0000021bbeb40800 ConcurrentGCThread "G1 Refine#0" [stack: 0x000000cdaed00000,0x000000cdaee00000] [id=9508]
  0x0000021bbeb41800 ConcurrentGCThread "G1 Young RemSet Sampling" [stack: 0x000000cdaee00000,0x000000cdaef00000] [id=22464]
  0x0000021bbeb4a000 ConcurrentGCThread "StrDedup" [stack: 0x000000cdaef00000,0x000000cdaf000000] [id=17960]

Threads with active compile tasks:

VM state:not at safepoint (normal execution)

VM Mutex/Monitor currently owned by a thread: None

Heap address: 0x00000000c0000000, size: 1024 MB, Compressed Oops mode: 32-bit
Narrow klass base: 0x0000000000000000, Narrow klass shift: 3
Compressed class space size: 1073741824 Address: 0x0000000100000000

Heap:
 garbage-first heap   total 262144K, used 15842K [0x00000000c0000000, 0x0000000100000000)
  region size 1024K, 17 young (17408K), 3 survivors (3072K)
 Metaspace       used 11888K, capacity 12100K, committed 12288K, reserved 1060864K
  class space    used 1086K, capacity 1165K, committed 1280K, reserved 1048576K
Heap Regions: E=young(eden), S=young(survivor), O=old, HS=humongous(starts), HC=humongous(continues), CS=collection set, F=free, A=archive, TAMS=top-at-mark-start (previous, next)
|   0|0x00000000c0000000, 0x00000000c0000000, 0x00000000c0100000|  0%| F|  |TAMS 0x00000000c0000000, 0x00000000c0000000| Untracked 
|   1|0x00000000c0100000, 0x00000000c0100000, 0x00000000c0200000|  0%| F|  |TAMS 0x00000000c0100000, 0x00000000c0100000| Untracked 
|   2|0x00000000c0200000, 0x00000000c0200000, 0x00000000c0300000|  0%| F|  |TAMS 0x00000000c0200000, 0x00000000c0200000| Untracked 
|   3|0x00000000c0300000, 0x00000000c0300000, 0x00000000c0400000|  0%| F|  |TAMS 0x00000000c0300000, 0x00000000c0300000| Untracked 
|   4|0x00000000c0400000, 0x00000000c0400000, 0x00000000c0500000|  0%| F|  |TAMS 0x00000000c0400000, 0x00000000c0400000| Untracked 
|   5|0x00000000c0500000, 0x00000000c0500000, 0x00000000c0600000|  0%| F|  |TAMS 0x00000000c0500000, 0x00000000c0500000| Untracked 
|   6|0x00000000c0600000, 0x00000000c0600000, 0x00000000c0700000|  0%| F|  |TAMS 0x00000000c0600000, 0x00000000c0600000| Untracked 
|   7|0x00000000c0700000, 0x00000000c0700000, 0x00000000c0800000|  0%| F|  |TAMS 0x00000000c0700000, 0x00000000c0700000| Untracked 
|   8|0x00000000c0800000, 0x00000000c0800000, 0x00000000c0900000|  0%| F|  |TAMS 0x00000000c0800000, 0x00000000c0800000| Untracked 
|   9|0x00000000c0900000, 0x00000000c0900000, 0x00000000c0a00000|  0%| F|  |TAMS 0x00000000c0900000, 0x00000000c0900000| Untracked 
|  10|0x00000000c0a00000, 0x00000000c0a00000, 0x00000000c0b00000|  0%| F|  |TAMS 0x00000000c0a00000, 0x00000000c0a00000| Untracked 
|  11|0x00000000c0b00000, 0x00000000c0b00000, 0x00000000c0c00000|  0%| F|  |TAMS 0x00000000c0b00000, 0x00000000c0b00000| Untracked 
|  12|0x00000000c0c00000, 0x00000000c0c00000, 0x00000000c0d00000|  0%| F|  |TAMS 0x00000000c0c00000, 0x00000000c0c00000| Untracked 
|  13|0x00000000c0d00000, 0x00000000c0d00000, 0x00000000c0e00000|  0%| F|  |TAMS 0x00000000c0d00000, 0x00000000c0d00000| Untracked 
|  14|0x00000000c0e00000, 0x00000000c0e00000, 0x00000000c0f00000|  0%| F|  |TAMS 0x00000000c0e00000, 0x00000000c0e00000| Untracked 
|  15|0x00000000c0f00000, 0x00000000c0f00000, 0x00000000c1000000|  0%| F|  |TAMS 0x00000000c0f00000, 0x00000000c0f00000| Untracked 
|  16|0x00000000c1000000, 0x00000000c1000000, 0x00000000c1100000|  0%| F|  |TAMS 0x00000000c1000000, 0x00000000c1000000| Untracked 
|  17|0x00000000c1100000, 0x00000000c1100000, 0x00000000c1200000|  0%| F|  |TAMS 0x00000000c1100000, 0x00000000c1100000| Untracked 
|  18|0x00000000c1200000, 0x00000000c1200000, 0x00000000c1300000|  0%| F|  |TAMS 0x00000000c1200000, 0x00000000c1200000| Untracked 
|  19|0x00000000c1300000, 0x00000000c1300000, 0x00000000c1400000|  0%| F|  |TAMS 0x00000000c1300000, 0x00000000c1300000| Untracked 
|  20|0x00000000c1400000, 0x00000000c1400000, 0x00000000c1500000|  0%| F|  |TAMS 0x00000000c1400000, 0x00000000c1400000| Untracked 
|  21|0x00000000c1500000, 0x00000000c1500000, 0x00000000c1600000|  0%| F|  |TAMS 0x00000000c1500000, 0x00000000c1500000| Untracked 
|  22|0x00000000c1600000, 0x00000000c1600000, 0x00000000c1700000|  0%| F|  |TAMS 0x00000000c1600000, 0x00000000c1600000| Untracked 
|  23|0x00000000c1700000, 0x00000000c1700000, 0x00000000c1800000|  0%| F|  |TAMS 0x00000000c1700000, 0x00000000c1700000| Untracked 
|  24|0x00000000c1800000, 0x00000000c1800000, 0x00000000c1900000|  0%| F|  |TAMS 0x00000000c1800000, 0x00000000c1800000| Untracked 
|  25|0x00000000c1900000, 0x00000000c1900000, 0x00000000c1a00000|  0%| F|  |TAMS 0x00000000c1900000, 0x00000000c1900000| Untracked 
|  26|0x00000000c1a00000, 0x00000000c1a00000, 0x00000000c1b00000|  0%| F|  |TAMS 0x00000000c1a00000, 0x00000000c1a00000| Untracked 
|  27|0x00000000c1b00000, 0x00000000c1b00000, 0x00000000c1c00000|  0%| F|  |TAMS 0x00000000c1b00000, 0x00000000c1b00000| Untracked 
|  28|0x00000000c1c00000, 0x00000000c1c00000, 0x00000000c1d00000|  0%| F|  |TAMS 0x00000000c1c00000, 0x00000000c1c00000| Untracked 
|  29|0x00000000c1d00000, 0x00000000c1d00000, 0x00000000c1e00000|  0%| F|  |TAMS 0x00000000c1d00000, 0x00000000c1d00000| Untracked 
|  30|0x00000000c1e00000, 0x00000000c1e00000, 0x00000000c1f00000|  0%| F|  |TAMS 0x00000000c1e00000, 0x00000000c1e00000| Untracked 
|  31|0x00000000c1f00000, 0x00000000c1f00000, 0x00000000c2000000|  0%| F|  |TAMS 0x00000000c1f00000, 0x00000000c1f00000| Untracked 
|  32|0x00000000c2000000, 0x00000000c2000000, 0x00000000c2100000|  0%| F|  |TAMS 0x00000000c2000000, 0x00000000c2000000| Untracked 
|  33|0x00000000c2100000, 0x00000000c2100000, 0x00000000c2200000|  0%| F|  |TAMS 0x00000000c2100000, 0x00000000c2100000| Untracked 
|  34|0x00000000c2200000, 0x00000000c2200000, 0x00000000c2300000|  0%| F|  |TAMS 0x00000000c2200000, 0x00000000c2200000| Untracked 
|  35|0x00000000c2300000, 0x00000000c2300000, 0x00000000c2400000|  0%| F|  |TAMS 0x00000000c2300000, 0x00000000c2300000| Untracked 
|  36|0x00000000c2400000, 0x00000000c2400000, 0x00000000c2500000|  0%| F|  |TAMS 0x00000000c2400000, 0x00000000c2400000| Untracked 
|  37|0x00000000c2500000, 0x00000000c2500000, 0x00000000c2600000|  0%| F|  |TAMS 0x00000000c2500000, 0x00000000c2500000| Untracked 
|  38|0x00000000c2600000, 0x00000000c2600000, 0x00000000c2700000|  0%| F|  |TAMS 0x00000000c2600000, 0x00000000c2600000| Untracked 
|  39|0x00000000c2700000, 0x00000000c2700000, 0x00000000c2800000|  0%| F|  |TAMS 0x00000000c2700000, 0x00000000c2700000| Untracked 
|  40|0x00000000c2800000, 0x00000000c2800000, 0x00000000c2900000|  0%| F|  |TAMS 0x00000000c2800000, 0x00000000c2800000| Untracked 
|  41|0x00000000c2900000, 0x00000000c2900000, 0x00000000c2a00000|  0%| F|  |TAMS 0x00000000c2900000, 0x00000000c2900000| Untracked 
|  42|0x00000000c2a00000, 0x00000000c2a00000, 0x00000000c2b00000|  0%| F|  |TAMS 0x00000000c2a00000, 0x00000000c2a00000| Untracked 
|  43|0x00000000c2b00000, 0x00000000c2b00000, 0x00000000c2c00000|  0%| F|  |TAMS 0x00000000c2b00000, 0x00000000c2b00000| Untracked 
|  44|0x00000000c2c00000, 0x00000000c2c00000, 0x00000000c2d00000|  0%| F|  |TAMS 0x00000000c2c00000, 0x00000000c2c00000| Untracked 
|  45|0x00000000c2d00000, 0x00000000c2d00000, 0x00000000c2e00000|  0%| F|  |TAMS 0x00000000c2d00000, 0x00000000c2d00000| Untracked 
|  46|0x00000000c2e00000, 0x00000000c2e00000, 0x00000000c2f00000|  0%| F|  |TAMS 0x00000000c2e00000, 0x00000000c2e00000| Untracked 
|  47|0x00000000c2f00000, 0x00000000c2f00000, 0x00000000c3000000|  0%| F|  |TAMS 0x00000000c2f00000, 0x00000000c2f00000| Untracked 
|  48|0x00000000c3000000, 0x00000000c3000000, 0x00000000c3100000|  0%| F|  |TAMS 0x00000000c3000000, 0x00000000c3000000| Untracked 
|  49|0x00000000c3100000, 0x00000000c3100000, 0x00000000c3200000|  0%| F|  |TAMS 0x00000000c3100000, 0x00000000c3100000| Untracked 
|  50|0x00000000c3200000, 0x00000000c3200000, 0x00000000c3300000|  0%| F|  |TAMS 0x00000000c3200000, 0x00000000c3200000| Untracked 
|  51|0x00000000c3300000, 0x00000000c3300000, 0x00000000c3400000|  0%| F|  |TAMS 0x00000000c3300000, 0x00000000c3300000| Untracked 
|  52|0x00000000c3400000, 0x00000000c3400000, 0x00000000c3500000|  0%| F|  |TAMS 0x00000000c3400000, 0x00000000c3400000| Untracked 
|  53|0x00000000c3500000, 0x00000000c3500000, 0x00000000c3600000|  0%| F|  |TAMS 0x00000000c3500000, 0x00000000c3500000| Untracked 
|  54|0x00000000c3600000, 0x00000000c3600000, 0x00000000c3700000|  0%| F|  |TAMS 0x00000000c3600000, 0x00000000c3600000| Untracked 
|  55|0x00000000c3700000, 0x00000000c3700000, 0x00000000c3800000|  0%| F|  |TAMS 0x00000000c3700000, 0x00000000c3700000| Untracked 
|  56|0x00000000c3800000, 0x00000000c3800000, 0x00000000c3900000|  0%| F|  |TAMS 0x00000000c3800000, 0x00000000c3800000| Untracked 
|  57|0x00000000c3900000, 0x00000000c3900000, 0x00000000c3a00000|  0%| F|  |TAMS 0x00000000c3900000, 0x00000000c3900000| Untracked 
|  58|0x00000000c3a00000, 0x00000000c3a00000, 0x00000000c3b00000|  0%| F|  |TAMS 0x00000000c3a00000, 0x00000000c3a00000| Untracked 
|  59|0x00000000c3b00000, 0x00000000c3b00000, 0x00000000c3c00000|  0%| F|  |TAMS 0x00000000c3b00000, 0x00000000c3b00000| Untracked 
|  60|0x00000000c3c00000, 0x00000000c3c00000, 0x00000000c3d00000|  0%| F|  |TAMS 0x00000000c3c00000, 0x00000000c3c00000| Untracked 
|  61|0x00000000c3d00000, 0x00000000c3d00000, 0x00000000c3e00000|  0%| F|  |TAMS 0x00000000c3d00000, 0x00000000c3d00000| Untracked 
|  62|0x00000000c3e00000, 0x00000000c3e00000, 0x00000000c3f00000|  0%| F|  |TAMS 0x00000000c3e00000, 0x00000000c3e00000| Untracked 
|  63|0x00000000c3f00000, 0x00000000c3f00000, 0x00000000c4000000|  0%| F|  |TAMS 0x00000000c3f00000, 0x00000000c3f00000| Untracked 
|  64|0x00000000c4000000, 0x00000000c4000000, 0x00000000c4100000|  0%| F|  |TAMS 0x00000000c4000000, 0x00000000c4000000| Untracked 
|  65|0x00000000c4100000, 0x00000000c4100000, 0x00000000c4200000|  0%| F|  |TAMS 0x00000000c4100000, 0x00000000c4100000| Untracked 
|  66|0x00000000c4200000, 0x00000000c4200000, 0x00000000c4300000|  0%| F|  |TAMS 0x00000000c4200000, 0x00000000c4200000| Untracked 
|  67|0x00000000c4300000, 0x00000000c4300000, 0x00000000c4400000|  0%| F|  |TAMS 0x00000000c4300000, 0x00000000c4300000| Untracked 
|  68|0x00000000c4400000, 0x00000000c4400000, 0x00000000c4500000|  0%| F|  |TAMS 0x00000000c4400000, 0x00000000c4400000| Untracked 
|  69|0x00000000c4500000, 0x00000000c4500000, 0x00000000c4600000|  0%| F|  |TAMS 0x00000000c4500000, 0x00000000c4500000| Untracked 
|  70|0x00000000c4600000, 0x00000000c4600000, 0x00000000c4700000|  0%| F|  |TAMS 0x00000000c4600000, 0x00000000c4600000| Untracked 
|  71|0x00000000c4700000, 0x00000000c4700000, 0x00000000c4800000|  0%| F|  |TAMS 0x00000000c4700000, 0x00000000c4700000| Untracked 
|  72|0x00000000c4800000, 0x00000000c4800000, 0x00000000c4900000|  0%| F|  |TAMS 0x00000000c4800000, 0x00000000c4800000| Untracked 
|  73|0x00000000c4900000, 0x00000000c4900000, 0x00000000c4a00000|  0%| F|  |TAMS 0x00000000c4900000, 0x00000000c4900000| Untracked 
|  74|0x00000000c4a00000, 0x00000000c4a00000, 0x00000000c4b00000|  0%| F|  |TAMS 0x00000000c4a00000, 0x00000000c4a00000| Untracked 
|  75|0x00000000c4b00000, 0x00000000c4b00000, 0x00000000c4c00000|  0%| F|  |TAMS 0x00000000c4b00000, 0x00000000c4b00000| Untracked 
|  76|0x00000000c4c00000, 0x00000000c4c00000, 0x00000000c4d00000|  0%| F|  |TAMS 0x00000000c4c00000, 0x00000000c4c00000| Untracked 
|  77|0x00000000c4d00000, 0x00000000c4d00000, 0x00000000c4e00000|  0%| F|  |TAMS 0x00000000c4d00000, 0x00000000c4d00000| Untracked 
|  78|0x00000000c4e00000, 0x00000000c4e00000, 0x00000000c4f00000|  0%| F|  |TAMS 0x00000000c4e00000, 0x00000000c4e00000| Untracked 
|  79|0x00000000c4f00000, 0x00000000c4f00000, 0x00000000c5000000|  0%| F|  |TAMS 0x00000000c4f00000, 0x00000000c4f00000| Untracked 
|  80|0x00000000c5000000, 0x00000000c5000000, 0x00000000c5100000|  0%| F|  |TAMS 0x00000000c5000000, 0x00000000c5000000| Untracked 
|  81|0x00000000c5100000, 0x00000000c5100000, 0x00000000c5200000|  0%| F|  |TAMS 0x00000000c5100000, 0x00000000c5100000| Untracked 
|  82|0x00000000c5200000, 0x00000000c5200000, 0x00000000c5300000|  0%| F|  |TAMS 0x00000000c5200000, 0x00000000c5200000| Untracked 
|  83|0x00000000c5300000, 0x00000000c5300000, 0x00000000c5400000|  0%| F|  |TAMS 0x00000000c5300000, 0x00000000c5300000| Untracked 
|  84|0x00000000c5400000, 0x00000000c5400000, 0x00000000c5500000|  0%| F|  |TAMS 0x00000000c5400000, 0x00000000c5400000| Untracked 
|  85|0x00000000c5500000, 0x00000000c5500000, 0x00000000c5600000|  0%| F|  |TAMS 0x00000000c5500000, 0x00000000c5500000| Untracked 
|  86|0x00000000c5600000, 0x00000000c5600000, 0x00000000c5700000|  0%| F|  |TAMS 0x00000000c5600000, 0x00000000c5600000| Untracked 
|  87|0x00000000c5700000, 0x00000000c5700000, 0x00000000c5800000|  0%| F|  |TAMS 0x00000000c5700000, 0x00000000c5700000| Untracked 
|  88|0x00000000c5800000, 0x00000000c5800000, 0x00000000c5900000|  0%| F|  |TAMS 0x00000000c5800000, 0x00000000c5800000| Untracked 
|  89|0x00000000c5900000, 0x00000000c5900000, 0x00000000c5a00000|  0%| F|  |TAMS 0x00000000c5900000, 0x00000000c5900000| Untracked 
|  90|0x00000000c5a00000, 0x00000000c5a00000, 0x00000000c5b00000|  0%| F|  |TAMS 0x00000000c5a00000, 0x00000000c5a00000| Untracked 
|  91|0x00000000c5b00000, 0x00000000c5b00000, 0x00000000c5c00000|  0%| F|  |TAMS 0x00000000c5b00000, 0x00000000c5b00000| Untracked 
|  92|0x00000000c5c00000, 0x00000000c5c00000, 0x00000000c5d00000|  0%| F|  |TAMS 0x00000000c5c00000, 0x00000000c5c00000| Untracked 
|  93|0x00000000c5d00000, 0x00000000c5d00000, 0x00000000c5e00000|  0%| F|  |TAMS 0x00000000c5d00000, 0x00000000c5d00000| Untracked 
|  94|0x00000000c5e00000, 0x00000000c5e00000, 0x00000000c5f00000|  0%| F|  |TAMS 0x00000000c5e00000, 0x00000000c5e00000| Untracked 
|  95|0x00000000c5f00000, 0x00000000c5f00000, 0x00000000c6000000|  0%| F|  |TAMS 0x00000000c5f00000, 0x00000000c5f00000| Untracked 
|  96|0x00000000c6000000, 0x00000000c6000000, 0x00000000c6100000|  0%| F|  |TAMS 0x00000000c6000000, 0x00000000c6000000| Untracked 
|  97|0x00000000c6100000, 0x00000000c6100000, 0x00000000c6200000|  0%| F|  |TAMS 0x00000000c6100000, 0x00000000c6100000| Untracked 
|  98|0x00000000c6200000, 0x00000000c6200000, 0x00000000c6300000|  0%| F|  |TAMS 0x00000000c6200000, 0x00000000c6200000| Untracked 
|  99|0x00000000c6300000, 0x00000000c6300000, 0x00000000c6400000|  0%| F|  |TAMS 0x00000000c6300000, 0x00000000c6300000| Untracked 
| 100|0x00000000c6400000, 0x00000000c6400000, 0x00000000c6500000|  0%| F|  |TAMS 0x00000000c6400000, 0x00000000c6400000| Untracked 
| 101|0x00000000c6500000, 0x00000000c6500000, 0x00000000c6600000|  0%| F|  |TAMS 0x00000000c6500000, 0x00000000c6500000| Untracked 
| 102|0x00000000c6600000, 0x00000000c6600000, 0x00000000c6700000|  0%| F|  |TAMS 0x00000000c6600000, 0x00000000c6600000| Untracked 
| 103|0x00000000c6700000, 0x00000000c6700000, 0x00000000c6800000|  0%| F|  |TAMS 0x00000000c6700000, 0x00000000c6700000| Untracked 
| 104|0x00000000c6800000, 0x00000000c6800000, 0x00000000c6900000|  0%| F|  |TAMS 0x00000000c6800000, 0x00000000c6800000| Untracked 
| 105|0x00000000c6900000, 0x00000000c6900000, 0x00000000c6a00000|  0%| F|  |TAMS 0x00000000c6900000, 0x00000000c6900000| Untracked 
| 106|0x00000000c6a00000, 0x00000000c6a00000, 0x00000000c6b00000|  0%| F|  |TAMS 0x00000000c6a00000, 0x00000000c6a00000| Untracked 
| 107|0x00000000c6b00000, 0x00000000c6b00000, 0x00000000c6c00000|  0%| F|  |TAMS 0x00000000c6b00000, 0x00000000c6b00000| Untracked 
| 108|0x00000000c6c00000, 0x00000000c6c00000, 0x00000000c6d00000|  0%| F|  |TAMS 0x00000000c6c00000, 0x00000000c6c00000| Untracked 
| 109|0x00000000c6d00000, 0x00000000c6d00000, 0x00000000c6e00000|  0%| F|  |TAMS 0x00000000c6d00000, 0x00000000c6d00000| Untracked 
| 110|0x00000000c6e00000, 0x00000000c6e00000, 0x00000000c6f00000|  0%| F|  |TAMS 0x00000000c6e00000, 0x00000000c6e00000| Untracked 
| 111|0x00000000c6f00000, 0x00000000c6f00000, 0x00000000c7000000|  0%| F|  |TAMS 0x00000000c6f00000, 0x00000000c6f00000| Untracked 
| 112|0x00000000c7000000, 0x00000000c7000000, 0x00000000c7100000|  0%| F|  |TAMS 0x00000000c7000000, 0x00000000c7000000| Untracked 
| 113|0x00000000c7100000, 0x00000000c7100000, 0x00000000c7200000|  0%| F|  |TAMS 0x00000000c7100000, 0x00000000c7100000| Untracked 
| 114|0x00000000c7200000, 0x00000000c7200000, 0x00000000c7300000|  0%| F|  |TAMS 0x00000000c7200000, 0x00000000c7200000| Untracked 
| 115|0x00000000c7300000, 0x00000000c7300000, 0x00000000c7400000|  0%| F|  |TAMS 0x00000000c7300000, 0x00000000c7300000| Untracked 
| 116|0x00000000c7400000, 0x00000000c7400000, 0x00000000c7500000|  0%| F|  |TAMS 0x00000000c7400000, 0x00000000c7400000| Untracked 
| 117|0x00000000c7500000, 0x00000000c7500000, 0x00000000c7600000|  0%| F|  |TAMS 0x00000000c7500000, 0x00000000c7500000| Untracked 
| 118|0x00000000c7600000, 0x00000000c7600000, 0x00000000c7700000|  0%| F|  |TAMS 0x00000000c7600000, 0x00000000c7600000| Untracked 
| 119|0x00000000c7700000, 0x00000000c7700000, 0x00000000c7800000|  0%| F|  |TAMS 0x00000000c7700000, 0x00000000c7700000| Untracked 
| 120|0x00000000c7800000, 0x00000000c7800000, 0x00000000c7900000|  0%| F|  |TAMS 0x00000000c7800000, 0x00000000c7800000| Untracked 
| 121|0x00000000c7900000, 0x00000000c7900000, 0x00000000c7a00000|  0%| F|  |TAMS 0x00000000c7900000, 0x00000000c7900000| Untracked 
| 122|0x00000000c7a00000, 0x00000000c7a00000, 0x00000000c7b00000|  0%| F|  |TAMS 0x00000000c7a00000, 0x00000000c7a00000| Untracked 
| 123|0x00000000c7b00000, 0x00000000c7b00000, 0x00000000c7c00000|  0%| F|  |TAMS 0x00000000c7b00000, 0x00000000c7b00000| Untracked 
| 124|0x00000000c7c00000, 0x00000000c7c00000, 0x00000000c7d00000|  0%| F|  |TAMS 0x00000000c7c00000, 0x00000000c7c00000| Untracked 
| 125|0x00000000c7d00000, 0x00000000c7d00000, 0x00000000c7e00000|  0%| F|  |TAMS 0x00000000c7d00000, 0x00000000c7d00000| Untracked 
| 126|0x00000000c7e00000, 0x00000000c7e00000, 0x00000000c7f00000|  0%| F|  |TAMS 0x00000000c7e00000, 0x00000000c7e00000| Untracked 
| 127|0x00000000c7f00000, 0x00000000c7f00000, 0x00000000c8000000|  0%| F|  |TAMS 0x00000000c7f00000, 0x00000000c7f00000| Untracked 
| 128|0x00000000c8000000, 0x00000000c8000000, 0x00000000c8100000|  0%| F|  |TAMS 0x00000000c8000000, 0x00000000c8000000| Untracked 
| 129|0x00000000c8100000, 0x00000000c8100000, 0x00000000c8200000|  0%| F|  |TAMS 0x00000000c8100000, 0x00000000c8100000| Untracked 
| 130|0x00000000c8200000, 0x00000000c8200000, 0x00000000c8300000|  0%| F|  |TAMS 0x00000000c8200000, 0x00000000c8200000| Untracked 
| 131|0x00000000c8300000, 0x00000000c8300000, 0x00000000c8400000|  0%| F|  |TAMS 0x00000000c8300000, 0x00000000c8300000| Untracked 
| 132|0x00000000c8400000, 0x00000000c8400000, 0x00000000c8500000|  0%| F|  |TAMS 0x00000000c8400000, 0x00000000c8400000| Untracked 
| 133|0x00000000c8500000, 0x00000000c8500000, 0x00000000c8600000|  0%| F|  |TAMS 0x00000000c8500000, 0x00000000c8500000| Untracked 
| 134|0x00000000c8600000, 0x00000000c8600000, 0x00000000c8700000|  0%| F|  |TAMS 0x00000000c8600000, 0x00000000c8600000| Untracked 
| 135|0x00000000c8700000, 0x00000000c8700000, 0x00000000c8800000|  0%| F|  |TAMS 0x00000000c8700000, 0x00000000c8700000| Untracked 
| 136|0x00000000c8800000, 0x00000000c8800000, 0x00000000c8900000|  0%| F|  |TAMS 0x00000000c8800000, 0x00000000c8800000| Untracked 
| 137|0x00000000c8900000, 0x00000000c8900000, 0x00000000c8a00000|  0%| F|  |TAMS 0x00000000c8900000, 0x00000000c8900000| Untracked 
| 138|0x00000000c8a00000, 0x00000000c8a00000, 0x00000000c8b00000|  0%| F|  |TAMS 0x00000000c8a00000, 0x00000000c8a00000| Untracked 
| 139|0x00000000c8b00000, 0x00000000c8b00000, 0x00000000c8c00000|  0%| F|  |TAMS 0x00000000c8b00000, 0x00000000c8b00000| Untracked 
| 140|0x00000000c8c00000, 0x00000000c8c00000, 0x00000000c8d00000|  0%| F|  |TAMS 0x00000000c8c00000, 0x00000000c8c00000| Untracked 
| 141|0x00000000c8d00000, 0x00000000c8d00000, 0x00000000c8e00000|  0%| F|  |TAMS 0x00000000c8d00000, 0x00000000c8d00000| Untracked 
| 142|0x00000000c8e00000, 0x00000000c8e00000, 0x00000000c8f00000|  0%| F|  |TAMS 0x00000000c8e00000, 0x00000000c8e00000| Untracked 
| 143|0x00000000c8f00000, 0x00000000c8f00000, 0x00000000c9000000|  0%| F|  |TAMS 0x00000000c8f00000, 0x00000000c8f00000| Untracked 
| 144|0x00000000c9000000, 0x00000000c9000000, 0x00000000c9100000|  0%| F|  |TAMS 0x00000000c9000000, 0x00000000c9000000| Untracked 
| 145|0x00000000c9100000, 0x00000000c9100000, 0x00000000c9200000|  0%| F|  |TAMS 0x00000000c9100000, 0x00000000c9100000| Untracked 
| 146|0x00000000c9200000, 0x00000000c9200000, 0x00000000c9300000|  0%| F|  |TAMS 0x00000000c9200000, 0x00000000c9200000| Untracked 
| 147|0x00000000c9300000, 0x00000000c9300000, 0x00000000c9400000|  0%| F|  |TAMS 0x00000000c9300000, 0x00000000c9300000| Untracked 
| 148|0x00000000c9400000, 0x00000000c9400000, 0x00000000c9500000|  0%| F|  |TAMS 0x00000000c9400000, 0x00000000c9400000| Untracked 
| 149|0x00000000c9500000, 0x00000000c9500000, 0x00000000c9600000|  0%| F|  |TAMS 0x00000000c9500000, 0x00000000c9500000| Untracked 
| 150|0x00000000c9600000, 0x00000000c9600000, 0x00000000c9700000|  0%| F|  |TAMS 0x00000000c9600000, 0x00000000c9600000| Untracked 
| 151|0x00000000c9700000, 0x00000000c9700000, 0x00000000c9800000|  0%| F|  |TAMS 0x00000000c9700000, 0x00000000c9700000| Untracked 
| 152|0x00000000c9800000, 0x00000000c9800000, 0x00000000c9900000|  0%| F|  |TAMS 0x00000000c9800000, 0x00000000c9800000| Untracked 
| 153|0x00000000c9900000, 0x00000000c9900000, 0x00000000c9a00000|  0%| F|  |TAMS 0x00000000c9900000, 0x00000000c9900000| Untracked 
| 154|0x00000000c9a00000, 0x00000000c9a00000, 0x00000000c9b00000|  0%| F|  |TAMS 0x00000000c9a00000, 0x00000000c9a00000| Untracked 
| 155|0x00000000c9b00000, 0x00000000c9b00000, 0x00000000c9c00000|  0%| F|  |TAMS 0x00000000c9b00000, 0x00000000c9b00000| Untracked 
| 156|0x00000000c9c00000, 0x00000000c9c00000, 0x00000000c9d00000|  0%| F|  |TAMS 0x00000000c9c00000, 0x00000000c9c00000| Untracked 
| 157|0x00000000c9d00000, 0x00000000c9d00000, 0x00000000c9e00000|  0%| F|  |TAMS 0x00000000c9d00000, 0x00000000c9d00000| Untracked 
| 158|0x00000000c9e00000, 0x00000000c9e00000, 0x00000000c9f00000|  0%| F|  |TAMS 0x00000000c9e00000, 0x00000000c9e00000| Untracked 
| 159|0x00000000c9f00000, 0x00000000c9f00000, 0x00000000ca000000|  0%| F|  |TAMS 0x00000000c9f00000, 0x00000000c9f00000| Untracked 
| 160|0x00000000ca000000, 0x00000000ca000000, 0x00000000ca100000|  0%| F|  |TAMS 0x00000000ca000000, 0x00000000ca000000| Untracked 
| 161|0x00000000ca100000, 0x00000000ca100000, 0x00000000ca200000|  0%| F|  |TAMS 0x00000000ca100000, 0x00000000ca100000| Untracked 
| 162|0x00000000ca200000, 0x00000000ca200000, 0x00000000ca300000|  0%| F|  |TAMS 0x00000000ca200000, 0x00000000ca200000| Untracked 
| 163|0x00000000ca300000, 0x00000000ca300000, 0x00000000ca400000|  0%| F|  |TAMS 0x00000000ca300000, 0x00000000ca300000| Untracked 
| 164|0x00000000ca400000, 0x00000000ca400000, 0x00000000ca500000|  0%| F|  |TAMS 0x00000000ca400000, 0x00000000ca400000| Untracked 
| 165|0x00000000ca500000, 0x00000000ca500000, 0x00000000ca600000|  0%| F|  |TAMS 0x00000000ca500000, 0x00000000ca500000| Untracked 
| 166|0x00000000ca600000, 0x00000000ca600000, 0x00000000ca700000|  0%| F|  |TAMS 0x00000000ca600000, 0x00000000ca600000| Untracked 
| 167|0x00000000ca700000, 0x00000000ca700000, 0x00000000ca800000|  0%| F|  |TAMS 0x00000000ca700000, 0x00000000ca700000| Untracked 
| 168|0x00000000ca800000, 0x00000000ca800000, 0x00000000ca900000|  0%| F|  |TAMS 0x00000000ca800000, 0x00000000ca800000| Untracked 
| 169|0x00000000ca900000, 0x00000000ca900000, 0x00000000caa00000|  0%| F|  |TAMS 0x00000000ca900000, 0x00000000ca900000| Untracked 
| 170|0x00000000caa00000, 0x00000000caa00000, 0x00000000cab00000|  0%| F|  |TAMS 0x00000000caa00000, 0x00000000caa00000| Untracked 
| 171|0x00000000cab00000, 0x00000000cab00000, 0x00000000cac00000|  0%| F|  |TAMS 0x00000000cab00000, 0x00000000cab00000| Untracked 
| 172|0x00000000cac00000, 0x00000000cac00000, 0x00000000cad00000|  0%| F|  |TAMS 0x00000000cac00000, 0x00000000cac00000| Untracked 
| 173|0x00000000cad00000, 0x00000000cad00000, 0x00000000cae00000|  0%| F|  |TAMS 0x00000000cad00000, 0x00000000cad00000| Untracked 
| 174|0x00000000cae00000, 0x00000000cae00000, 0x00000000caf00000|  0%| F|  |TAMS 0x00000000cae00000, 0x00000000cae00000| Untracked 
| 175|0x00000000caf00000, 0x00000000caf00000, 0x00000000cb000000|  0%| F|  |TAMS 0x00000000caf00000, 0x00000000caf00000| Untracked 
| 176|0x00000000cb000000, 0x00000000cb000000, 0x00000000cb100000|  0%| F|  |TAMS 0x00000000cb000000, 0x00000000cb000000| Untracked 
| 177|0x00000000cb100000, 0x00000000cb100000, 0x00000000cb200000|  0%| F|  |TAMS 0x00000000cb100000, 0x00000000cb100000| Untracked 
| 178|0x00000000cb200000, 0x00000000cb200000, 0x00000000cb300000|  0%| F|  |TAMS 0x00000000cb200000, 0x00000000cb200000| Untracked 
| 179|0x00000000cb300000, 0x00000000cb300000, 0x00000000cb400000|  0%| F|  |TAMS 0x00000000cb300000, 0x00000000cb300000| Untracked 
| 180|0x00000000cb400000, 0x00000000cb400000, 0x00000000cb500000|  0%| F|  |TAMS 0x00000000cb400000, 0x00000000cb400000| Untracked 
| 181|0x00000000cb500000, 0x00000000cb500000, 0x00000000cb600000|  0%| F|  |TAMS 0x00000000cb500000, 0x00000000cb500000| Untracked 
| 182|0x00000000cb600000, 0x00000000cb600000, 0x00000000cb700000|  0%| F|  |TAMS 0x00000000cb600000, 0x00000000cb600000| Untracked 
| 183|0x00000000cb700000, 0x00000000cb700000, 0x00000000cb800000|  0%| F|  |TAMS 0x00000000cb700000, 0x00000000cb700000| Untracked 
| 184|0x00000000cb800000, 0x00000000cb800000, 0x00000000cb900000|  0%| F|  |TAMS 0x00000000cb800000, 0x00000000cb800000| Untracked 
| 185|0x00000000cb900000, 0x00000000cb900000, 0x00000000cba00000|  0%| F|  |TAMS 0x00000000cb900000, 0x00000000cb900000| Untracked 
| 186|0x00000000cba00000, 0x00000000cba00000, 0x00000000cbb00000|  0%| F|  |TAMS 0x00000000cba00000, 0x00000000cba00000| Untracked 
| 187|0x00000000cbb00000, 0x00000000cbb00000, 0x00000000cbc00000|  0%| F|  |TAMS 0x00000000cbb00000, 0x00000000cbb00000| Untracked 
| 188|0x00000000cbc00000, 0x00000000cbc00000, 0x00000000cbd00000|  0%| F|  |TAMS 0x00000000cbc00000, 0x00000000cbc00000| Untracked 
| 189|0x00000000cbd00000, 0x00000000cbd00000, 0x00000000cbe00000|  0%| F|  |TAMS 0x00000000cbd00000, 0x00000000cbd00000| Untracked 
| 190|0x00000000cbe00000, 0x00000000cbe00000, 0x00000000cbf00000|  0%| F|  |TAMS 0x00000000cbe00000, 0x00000000cbe00000| Untracked 
| 191|0x00000000cbf00000, 0x00000000cbf00000, 0x00000000cc000000|  0%| F|  |TAMS 0x00000000cbf00000, 0x00000000cbf00000| Untracked 
| 192|0x00000000cc000000, 0x00000000cc000000, 0x00000000cc100000|  0%| F|  |TAMS 0x00000000cc000000, 0x00000000cc000000| Untracked 
| 193|0x00000000cc100000, 0x00000000cc100000, 0x00000000cc200000|  0%| F|  |TAMS 0x00000000cc100000, 0x00000000cc100000| Untracked 
| 194|0x00000000cc200000, 0x00000000cc200000, 0x00000000cc300000|  0%| F|  |TAMS 0x00000000cc200000, 0x00000000cc200000| Untracked 
| 195|0x00000000cc300000, 0x00000000cc300000, 0x00000000cc400000|  0%| F|  |TAMS 0x00000000cc300000, 0x00000000cc300000| Untracked 
| 196|0x00000000cc400000, 0x00000000cc400000, 0x00000000cc500000|  0%| F|  |TAMS 0x00000000cc400000, 0x00000000cc400000| Untracked 
| 197|0x00000000cc500000, 0x00000000cc500000, 0x00000000cc600000|  0%| F|  |TAMS 0x00000000cc500000, 0x00000000cc500000| Untracked 
| 198|0x00000000cc600000, 0x00000000cc600000, 0x00000000cc700000|  0%| F|  |TAMS 0x00000000cc600000, 0x00000000cc600000| Untracked 
| 199|0x00000000cc700000, 0x00000000cc700000, 0x00000000cc800000|  0%| F|  |TAMS 0x00000000cc700000, 0x00000000cc700000| Untracked 
| 200|0x00000000cc800000, 0x00000000cc800000, 0x00000000cc900000|  0%| F|  |TAMS 0x00000000cc800000, 0x00000000cc800000| Untracked 
| 201|0x00000000cc900000, 0x00000000cc900000, 0x00000000cca00000|  0%| F|  |TAMS 0x00000000cc900000, 0x00000000cc900000| Untracked 
| 202|0x00000000cca00000, 0x00000000cca00000, 0x00000000ccb00000|  0%| F|  |TAMS 0x00000000cca00000, 0x00000000cca00000| Untracked 
| 203|0x00000000ccb00000, 0x00000000ccb00000, 0x00000000ccc00000|  0%| F|  |TAMS 0x00000000ccb00000, 0x00000000ccb00000| Untracked 
| 204|0x00000000ccc00000, 0x00000000ccc00000, 0x00000000ccd00000|  0%| F|  |TAMS 0x00000000ccc00000, 0x00000000ccc00000| Untracked 
| 205|0x00000000ccd00000, 0x00000000ccd00000, 0x00000000cce00000|  0%| F|  |TAMS 0x00000000ccd00000, 0x00000000ccd00000| Untracked 
| 206|0x00000000cce00000, 0x00000000cce00000, 0x00000000ccf00000|  0%| F|  |TAMS 0x00000000cce00000, 0x00000000cce00000| Untracked 
| 207|0x00000000ccf00000, 0x00000000ccf00000, 0x00000000cd000000|  0%| F|  |TAMS 0x00000000ccf00000, 0x00000000ccf00000| Untracked 
| 208|0x00000000cd000000, 0x00000000cd000000, 0x00000000cd100000|  0%| F|  |TAMS 0x00000000cd000000, 0x00000000cd000000| Untracked 
| 209|0x00000000cd100000, 0x00000000cd100000, 0x00000000cd200000|  0%| F|  |TAMS 0x00000000cd100000, 0x00000000cd100000| Untracked 
| 210|0x00000000cd200000, 0x00000000cd200000, 0x00000000cd300000|  0%| F|  |TAMS 0x00000000cd200000, 0x00000000cd200000| Untracked 
| 211|0x00000000cd300000, 0x00000000cd300000, 0x00000000cd400000|  0%| F|  |TAMS 0x00000000cd300000, 0x00000000cd300000| Untracked 
| 212|0x00000000cd400000, 0x00000000cd400000, 0x00000000cd500000|  0%| F|  |TAMS 0x00000000cd400000, 0x00000000cd400000| Untracked 
| 213|0x00000000cd500000, 0x00000000cd500000, 0x00000000cd600000|  0%| F|  |TAMS 0x00000000cd500000, 0x00000000cd500000| Untracked 
| 214|0x00000000cd600000, 0x00000000cd600000, 0x00000000cd700000|  0%| F|  |TAMS 0x00000000cd600000, 0x00000000cd600000| Untracked 
| 215|0x00000000cd700000, 0x00000000cd700000, 0x00000000cd800000|  0%| F|  |TAMS 0x00000000cd700000, 0x00000000cd700000| Untracked 
| 216|0x00000000cd800000, 0x00000000cd800000, 0x00000000cd900000|  0%| F|  |TAMS 0x00000000cd800000, 0x00000000cd800000| Untracked 
| 217|0x00000000cd900000, 0x00000000cd900000, 0x00000000cda00000|  0%| F|  |TAMS 0x00000000cd900000, 0x00000000cd900000| Untracked 
| 218|0x00000000cda00000, 0x00000000cda00000, 0x00000000cdb00000|  0%| F|  |TAMS 0x00000000cda00000, 0x00000000cda00000| Untracked 
| 219|0x00000000cdb00000, 0x00000000cdb00000, 0x00000000cdc00000|  0%| F|  |TAMS 0x00000000cdb00000, 0x00000000cdb00000| Untracked 
| 220|0x00000000cdc00000, 0x00000000cdc00000, 0x00000000cdd00000|  0%| F|  |TAMS 0x00000000cdc00000, 0x00000000cdc00000| Untracked 
| 221|0x00000000cdd00000, 0x00000000cdd00000, 0x00000000cde00000|  0%| F|  |TAMS 0x00000000cdd00000, 0x00000000cdd00000| Untracked 
| 222|0x00000000cde00000, 0x00000000cde00000, 0x00000000cdf00000|  0%| F|  |TAMS 0x00000000cde00000, 0x00000000cde00000| Untracked 
| 223|0x00000000cdf00000, 0x00000000cdf00000, 0x00000000ce000000|  0%| F|  |TAMS 0x00000000cdf00000, 0x00000000cdf00000| Untracked 
| 224|0x00000000ce000000, 0x00000000ce000000, 0x00000000ce100000|  0%| F|  |TAMS 0x00000000ce000000, 0x00000000ce000000| Untracked 
| 225|0x00000000ce100000, 0x00000000ce100000, 0x00000000ce200000|  0%| F|  |TAMS 0x00000000ce100000, 0x00000000ce100000| Untracked 
| 226|0x00000000ce200000, 0x00000000ce200000, 0x00000000ce300000|  0%| F|  |TAMS 0x00000000ce200000, 0x00000000ce200000| Untracked 
| 227|0x00000000ce300000, 0x00000000ce300000, 0x00000000ce400000|  0%| F|  |TAMS 0x00000000ce300000, 0x00000000ce300000| Untracked 
| 228|0x00000000ce400000, 0x00000000ce400000, 0x00000000ce500000|  0%| F|  |TAMS 0x00000000ce400000, 0x00000000ce400000| Untracked 
| 229|0x00000000ce500000, 0x00000000ce500000, 0x00000000ce600000|  0%| F|  |TAMS 0x00000000ce500000, 0x00000000ce500000| Untracked 
| 230|0x00000000ce600000, 0x00000000ce600000, 0x00000000ce700000|  0%| F|  |TAMS 0x00000000ce600000, 0x00000000ce600000| Untracked 
| 231|0x00000000ce700000, 0x00000000ce778a10, 0x00000000ce800000| 47%| S|CS|TAMS 0x00000000ce700000, 0x00000000ce700000| Complete 
| 232|0x00000000ce800000, 0x00000000ce900000, 0x00000000ce900000|100%| S|CS|TAMS 0x00000000ce800000, 0x00000000ce800000| Complete 
| 233|0x00000000ce900000, 0x00000000cea00000, 0x00000000cea00000|100%| S|CS|TAMS 0x00000000ce900000, 0x00000000ce900000| Complete 
| 234|0x00000000cea00000, 0x00000000cea00000, 0x00000000ceb00000|  0%| F|  |TAMS 0x00000000cea00000, 0x00000000cea00000| Untracked 
| 235|0x00000000ceb00000, 0x00000000ceb00000, 0x00000000cec00000|  0%| F|  |TAMS 0x00000000ceb00000, 0x00000000ceb00000| Untracked 
| 236|0x00000000cec00000, 0x00000000cec00000, 0x00000000ced00000|  0%| F|  |TAMS 0x00000000cec00000, 0x00000000cec00000| Untracked 
| 237|0x00000000ced00000, 0x00000000ced00000, 0x00000000cee00000|  0%| F|  |TAMS 0x00000000ced00000, 0x00000000ced00000| Untracked 
| 238|0x00000000cee00000, 0x00000000cee00000, 0x00000000cef00000|  0%| F|  |TAMS 0x00000000cee00000, 0x00000000cee00000| Untracked 
| 239|0x00000000cef00000, 0x00000000cef00000, 0x00000000cf000000|  0%| F|  |TAMS 0x00000000cef00000, 0x00000000cef00000| Untracked 
| 240|0x00000000cf000000, 0x00000000cf000000, 0x00000000cf100000|  0%| F|  |TAMS 0x00000000cf000000, 0x00000000cf000000| Untracked 
| 241|0x00000000cf100000, 0x00000000cf100000, 0x00000000cf200000|  0%| F|  |TAMS 0x00000000cf100000, 0x00000000cf100000| Untracked 
| 242|0x00000000cf200000, 0x00000000cf280800, 0x00000000cf300000| 50%| E|  |TAMS 0x00000000cf200000, 0x00000000cf200000| Complete 
| 243|0x00000000cf300000, 0x00000000cf400000, 0x00000000cf400000|100%| E|CS|TAMS 0x00000000cf300000, 0x00000000cf300000| Complete 
| 244|0x00000000cf400000, 0x00000000cf500000, 0x00000000cf500000|100%| E|CS|TAMS 0x00000000cf400000, 0x00000000cf400000| Complete 
| 245|0x00000000cf500000, 0x00000000cf600000, 0x00000000cf600000|100%| E|CS|TAMS 0x00000000cf500000, 0x00000000cf500000| Complete 
| 246|0x00000000cf600000, 0x00000000cf700000, 0x00000000cf700000|100%| E|CS|TAMS 0x00000000cf600000, 0x00000000cf600000| Complete 
| 247|0x00000000cf700000, 0x00000000cf800000, 0x00000000cf800000|100%| E|CS|TAMS 0x00000000cf700000, 0x00000000cf700000| Complete 
| 248|0x00000000cf800000, 0x00000000cf900000, 0x00000000cf900000|100%| E|CS|TAMS 0x00000000cf800000, 0x00000000cf800000| Complete 
| 249|0x00000000cf900000, 0x00000000cfa00000, 0x00000000cfa00000|100%| E|CS|TAMS 0x00000000cf900000, 0x00000000cf900000| Complete 
| 250|0x00000000cfa00000, 0x00000000cfb00000, 0x00000000cfb00000|100%| E|CS|TAMS 0x00000000cfa00000, 0x00000000cfa00000| Complete 
| 251|0x00000000cfb00000, 0x00000000cfc00000, 0x00000000cfc00000|100%| E|CS|TAMS 0x00000000cfb00000, 0x00000000cfb00000| Complete 
| 252|0x00000000cfc00000, 0x00000000cfd00000, 0x00000000cfd00000|100%| E|CS|TAMS 0x00000000cfc00000, 0x00000000cfc00000| Complete 
| 253|0x00000000cfd00000, 0x00000000cfe00000, 0x00000000cfe00000|100%| E|CS|TAMS 0x00000000cfd00000, 0x00000000cfd00000| Complete 
| 254|0x00000000cfe00000, 0x00000000cff00000, 0x00000000cff00000|100%| E|CS|TAMS 0x00000000cfe00000, 0x00000000cfe00000| Complete 
| 255|0x00000000cff00000, 0x00000000d0000000, 0x00000000d0000000|100%| E|CS|TAMS 0x00000000cff00000, 0x00000000cff00000| Complete 

Card table byte_map: [0x0000021bba070000,0x0000021bba270000] _byte_map_base: 0x0000021bb9a70000

Marking Bits (Prev, Next): (CMBitMap*) 0x0000021ba2a088d8, (CMBitMap*) 0x0000021ba2a08910
 Prev Bits: [0x0000021bba470000, 0x0000021bbb470000)
 Next Bits: [0x0000021bbb470000, 0x0000021bbc470000)

Polling page: 0x0000021ba09d0000

Metaspace:

Usage:
  Non-class:     10.68 MB capacity,    10.55 MB ( 99%) used,   120.56 KB (  1%) free+waste,    12.19 KB ( <1%) overhead. 
      Class:      1.14 MB capacity,     1.06 MB ( 93%) used,    73.66 KB (  6%) free+waste,     5.25 KB ( <1%) overhead. 
       Both:     11.82 MB capacity,    11.61 MB ( 98%) used,   194.23 KB (  2%) free+waste,    17.44 KB ( <1%) overhead. 

Virtual space:
  Non-class space:       12.00 MB reserved,      10.75 MB ( 90%) committed 
      Class space:        1.00 GB reserved,       1.25 MB ( <1%) committed 
             Both:        1.01 GB reserved,      12.00 MB (  1%) committed 

Chunk freelists:
   Non-Class:  1.13 KB
       Class:  2.38 KB
        Both:  3.50 KB

CodeHeap 'non-profiled nmethods': size=120064Kb used=383Kb max_used=383Kb free=119680Kb
 bounds [0x0000021bb2820000, 0x0000021bb2a90000, 0x0000021bb9d60000]
CodeHeap 'profiled nmethods': size=120000Kb used=1733Kb max_used=1733Kb free=118266Kb
 bounds [0x0000021bab2f0000, 0x0000021bab560000, 0x0000021bb2820000]
CodeHeap 'non-nmethods': size=5696Kb used=1078Kb max_used=1097Kb free=4617Kb
 bounds [0x0000021baad60000, 0x0000021baafd0000, 0x0000021bab2f0000]
 total_blobs=1646 nmethods=1000 adapters=293
 compilation: enabled
              stopped_count=0, restarted_count=0
 full_count=0

Compilation events (10 events):
Event: 0.493 Thread 0x0000021bbf58f800 nmethod 994 0x0000021bab49b090 code [0x0000021bab49b260, 0x0000021bab49b618]
Event: 0.493 Thread 0x0000021bbf58f800  995       3       java.net.URL::<init> (8 bytes)
Event: 0.494 Thread 0x0000021bbf58f800 nmethod 995 0x0000021bab49b710 code [0x0000021bab49b8c0, 0x0000021bab49ba50]
Event: 0.494 Thread 0x0000021bbf58f800  996       3       java.util.jar.JarFile::getJarEntry (9 bytes)
Event: 0.494 Thread 0x0000021bbf58f800 nmethod 996 0x0000021bab49bb10 code [0x0000021bab49bce0, 0x0000021bab49bfd0]
Event: 0.494 Thread 0x0000021bbf58f800  997       3       java.security.Provider::checkInitialized (16 bytes)
Event: 0.494 Thread 0x0000021bbf58f800 nmethod 997 0x0000021bab49c090 code [0x0000021bab49c260, 0x0000021bab49c470]
Event: 0.494 Thread 0x0000021bbf58f800  998       3       org.eclipse.osgi.container.ModuleCapability::<init> (51 bytes)
Event: 0.495 Thread 0x0000021bbf58f800 nmethod 998 0x0000021bab49c510 code [0x0000021bab49c720, 0x0000021bab49cc60]
Event: 0.495 Thread 0x0000021bbf58f800  999       3       jdk.internal.reflect.Reflection::verifyMemberAccess (190 bytes)

GC Heap History (2 events):
Event: 0.294 GC heap before
{Heap before GC invocations=0 (full 0):
 garbage-first heap   total 262144K, used 21504K [0x00000000c0000000, 0x0000000100000000)
  region size 1024K, 22 young (22528K), 0 survivors (0K)
 Metaspace       used 9901K, capacity 10224K, committed 10368K, reserved 1058816K
  class space    used 907K, capacity 1029K, committed 1152K, reserved 1048576K
}
Event: 0.296 GC heap after
{Heap after GC invocations=1 (full 0):
 garbage-first heap   total 262144K, used 2530K [0x00000000c0000000, 0x0000000100000000)
  region size 1024K, 3 young (3072K), 3 survivors (3072K)
 Metaspace       used 9901K, capacity 10224K, committed 10368K, reserved 1058816K
  class space    used 907K, capacity 1029K, committed 1152K, reserved 1048576K
}

Deoptimization events (10 events):
Event: 0.310 Thread 0x0000021ba29d9800 Uncommon trap: reason=class_check action=maybe_recompile pc=0x0000021bb285ec08 method=java.util.Collections$UnmodifiableCollection$1.<init>(Ljava/util/Collections$UnmodifiableCollection;)V @ 17 c2
Event: 0.310 Thread 0x0000021ba29d9800 Uncommon trap: reason=class_check action=maybe_recompile pc=0x0000021bb28617f8 method=java.util.HashSet.iterator()Ljava/util/Iterator; @ 4 c2
Event: 0.316 Thread 0x0000021ba29d9800 Uncommon trap: reason=class_check action=maybe_recompile pc=0x0000021bb285ec08 method=java.util.Collections$UnmodifiableCollection$1.<init>(Ljava/util/Collections$UnmodifiableCollection;)V @ 17 c2
Event: 0.414 Thread 0x0000021ba29d9800 Uncommon trap: reason=class_check action=maybe_recompile pc=0x0000021bb285ec08 method=java.util.Collections$UnmodifiableCollection$1.<init>(Ljava/util/Collections$UnmodifiableCollection;)V @ 17 c2
Event: 0.433 Thread 0x0000021ba29d9800 Uncommon trap: reason=class_check action=maybe_recompile pc=0x0000021bb285ec08 method=java.util.Collections$UnmodifiableCollection$1.<init>(Ljava/util/Collections$UnmodifiableCollection;)V @ 17 c2
Event: 0.433 Thread 0x0000021ba29d9800 Uncommon trap: reason=unstable_if action=reinterpret pc=0x0000021bb28642d0 method=java.util.HashMap.hash(Ljava/lang/Object;)I @ 1 c2
Event: 0.435 Thread 0x0000021ba29d9800 Uncommon trap: reason=unstable_if action=reinterpret pc=0x0000021bb282c52c method=java.util.HashMap.hash(Ljava/lang/Object;)I @ 1 c2
Event: 0.435 Thread 0x0000021ba29d9800 Uncommon trap: reason=unstable_if action=reinterpret pc=0x0000021bb2862c94 method=java.util.HashMap.hash(Ljava/lang/Object;)I @ 1 c2
Event: 0.451 Thread 0x0000021ba29d9800 Uncommon trap: reason=class_check action=maybe_recompile pc=0x0000021bb28617f8 method=java.util.HashSet.iterator()Ljava/util/Iterator; @ 4 c2
Event: 0.480 Thread 0x0000021ba29d9800 Uncommon trap: reason=unstable_if action=reinterpret pc=0x0000021bb2878254 method=java.io.BufferedInputStream.read()I @ 8 c2

Classes redefined (0 events):
No events

Internal exceptions (10 events):
Event: 0.237 Thread 0x0000021ba29d9800 Exception <a 'java/io/FileNotFoundException'{0x00000000cf026138}> (0x00000000cf026138) thrown at [t:/workspace/open/src/hotspot/share/prims/jni.cpp, line 615]
Event: 0.312 Thread 0x0000021ba29d9800 Exception <a 'java/lang/NoSuchMethodError'{0x00000000cfdf9390}: java.lang.invoke.DirectMethodHandle$Holder.invokeStaticInit(Ljava/lang/Object;IIII)Ljava/lang/Object;> (0x00000000cfdf9390) thrown at [t:/workspace/open/src/hotspot/share/interpreter/linkReso
Event: 0.405 Thread 0x0000021ba29d9800 Exception <a 'java/lang/NoSuchMethodError'{0x00000000cfb59548}: java.lang.invoke.DirectMethodHandle$Holder.invokeStaticInit(Ljava/lang/Object;Ljava/lang/Object;IIII)Ljava/lang/Object;> (0x00000000cfb59548) thrown at [t:/workspace/open/src/hotspot/share/in
Event: 0.409 Thread 0x0000021ba29d9800 Exception <a 'java/lang/ClassNotFoundException'{0x00000000cfb8f308}: sun/net/www/protocol/c/Handler> (0x00000000cfb8f308) thrown at [t:/workspace/open/src/hotspot/share/classfile/systemDictionary.cpp, line 231]
Event: 0.409 Thread 0x0000021ba29d9800 Exception <a 'java/lang/ClassNotFoundException'{0x00000000cfb908d0}: sun/net/www/protocol/c/Handler> (0x00000000cfb908d0) thrown at [t:/workspace/open/src/hotspot/share/classfile/systemDictionary.cpp, line 231]
Event: 0.409 Thread 0x0000021ba29d9800 Exception <a 'java/lang/ClassNotFoundException'{0x00000000cfb91d70}: sun/net/www/protocol/c/Handler> (0x00000000cfb91d70) thrown at [t:/workspace/open/src/hotspot/share/classfile/systemDictionary.cpp, line 231]
Event: 0.414 Thread 0x0000021ba29d9800 Exception <a 'java/io/FileNotFoundException'{0x00000000cfbb60d0}> (0x00000000cfbb60d0) thrown at [t:/workspace/open/src/hotspot/share/prims/jni.cpp, line 615]
Event: 0.433 Thread 0x0000021ba29d9800 Implicit null exception at 0x0000021bb28640f5 to 0x0000021bb28642be
Event: 0.435 Thread 0x0000021ba29d9800 Implicit null exception at 0x0000021bb282c4af to 0x0000021bb282c51d
Event: 0.435 Thread 0x0000021ba29d9800 Implicit null exception at 0x0000021bb2862bf8 to 0x0000021bb2862c8a

Events (10 events):
Event: 0.494 loading class org/osgi/resource/Capability
Event: 0.494 loading class org/osgi/resource/Capability done
Event: 0.494 loading class org/eclipse/osgi/container/ModuleRequirement
Event: 0.494 loading class org/eclipse/osgi/container/ModuleRequirement done
Event: 0.495 loading class org/osgi/framework/wiring/BundleRequirement
Event: 0.495 loading class org/osgi/framework/wiring/BundleRequirement done
Event: 0.495 loading class org/osgi/resource/Requirement
Event: 0.495 loading class org/osgi/resource/Requirement done
Event: 0.495 loading class org/eclipse/osgi/internal/container/Capabilities$NamespaceSet
Event: 0.495 loading class org/eclipse/osgi/internal/container/Capabilities$NamespaceSet done


Dynamic libraries:
0x00007ff650c40000 - 0x00007ff650c87000 	C:\Program Files\Java\jdk-11.0.6\bin\java.exe
0x00007ffc9bfa0000 - 0x00007ffc9c190000 	C:\WINDOWS\SYSTEM32\ntdll.dll
0x00007ffc9a0b0000 - 0x00007ffc9a162000 	C:\WINDOWS\System32\KERNEL32.DLL
0x00007ffc99ab0000 - 0x00007ffc99d53000 	C:\WINDOWS\System32\KERNELBASE.dll
0x00007ffc9af30000 - 0x00007ffc9afd3000 	C:\WINDOWS\System32\ADVAPI32.dll
0x00007ffc9a850000 - 0x00007ffc9a8ee000 	C:\WINDOWS\System32\msvcrt.dll
0x00007ffc9b1a0000 - 0x00007ffc9b237000 	C:\WINDOWS\System32\sechost.dll
0x00007ffc9b390000 - 0x00007ffc9b4b0000 	C:\WINDOWS\System32\RPCRT4.dll
0x00007ffc9a170000 - 0x00007ffc9a304000 	C:\WINDOWS\System32\USER32.dll
0x00007ffc990b0000 - 0x00007ffc990d1000 	C:\WINDOWS\System32\win32u.dll
0x00007ffc9aae0000 - 0x00007ffc9ab06000 	C:\WINDOWS\System32\GDI32.dll
0x00007ffc99eb0000 - 0x00007ffc9a044000 	C:\WINDOWS\System32\gdi32full.dll
0x00007ffc98f30000 - 0x00007ffc98fce000 	C:\WINDOWS\System32\msvcp_win.dll
0x00007ffc99db0000 - 0x00007ffc99eaa000 	C:\WINDOWS\System32\ucrtbase.dll
0x00007ffc8a780000 - 0x00007ffc8aa05000 	C:\WINDOWS\WinSxS\amd64_microsoft.windows.common-controls_6595b64144ccf1df_6.0.18362.657_none_e6c5b579130e3898\COMCTL32.dll
0x00007ffc94970000 - 0x00007ffc9497a000 	C:\WINDOWS\SYSTEM32\VERSION.dll
0x00007ffc9bba0000 - 0x00007ffc9bed6000 	C:\WINDOWS\System32\combase.dll
0x00007ffc99100000 - 0x00007ffc99180000 	C:\WINDOWS\System32\bcryptPrimitives.dll
0x00007ffc9afe0000 - 0x00007ffc9b00e000 	C:\WINDOWS\System32\IMM32.DLL
0x00007ffc7b710000 - 0x00007ffc7b726000 	C:\Program Files\Java\jdk-11.0.6\bin\vcruntime140.dll
0x00007ffc54b30000 - 0x00007ffc54bda000 	C:\Program Files\Java\jdk-11.0.6\bin\msvcp140.dll
0x00007ffc48e30000 - 0x00007ffc49959000 	C:\Program Files\Java\jdk-11.0.6\bin\server\jvm.dll
0x00007ffc9aa50000 - 0x00007ffc9aa58000 	C:\WINDOWS\System32\PSAPI.DLL
0x00007ffc8cb20000 - 0x00007ffc8cb29000 	C:\WINDOWS\SYSTEM32\WSOCK32.dll
0x00007ffc9ac90000 - 0x00007ffc9acff000 	C:\WINDOWS\System32\WS2_32.dll
0x00007ffc96bc0000 - 0x00007ffc96be4000 	C:\WINDOWS\SYSTEM32\WINMM.dll
0x00007ffc96b20000 - 0x00007ffc96b4d000 	C:\WINDOWS\SYSTEM32\winmmbase.dll
0x00007ffc99d60000 - 0x00007ffc99daa000 	C:\WINDOWS\System32\cfgmgr32.dll
0x00007ffc98ed0000 - 0x00007ffc98ee1000 	C:\WINDOWS\System32\kernel.appcore.dll
0x00007ffc75a20000 - 0x00007ffc75a31000 	C:\Program Files\Java\jdk-11.0.6\bin\verify.dll
0x00007ffc7f870000 - 0x00007ffc7fa64000 	C:\WINDOWS\SYSTEM32\DBGHELP.DLL
0x00007ffc7f720000 - 0x00007ffc7f74a000 	C:\WINDOWS\SYSTEM32\dbgcore.DLL
0x00007ffc73020000 - 0x00007ffc73049000 	C:\Program Files\Java\jdk-11.0.6\bin\java.dll
0x00007ffc70f10000 - 0x00007ffc70f3f000 	C:\Program Files\Java\jdk-11.0.6\bin\instrument.dll
0x00007ffc73000000 - 0x00007ffc73016000 	C:\Program Files\Java\jdk-11.0.6\bin\zip.dll
0x00007ffc8caa0000 - 0x00007ffc8caaa000 	C:\Program Files\Java\jdk-11.0.6\bin\jimage.dll
0x00007ffc9b4b0000 - 0x00007ffc9bb95000 	C:\WINDOWS\System32\SHELL32.dll
0x00007ffc9b0f0000 - 0x00007ffc9b199000 	C:\WINDOWS\System32\shcore.dll
0x00007ffc99180000 - 0x00007ffc998ff000 	C:\WINDOWS\System32\windows.storage.dll
0x00007ffc98f10000 - 0x00007ffc98f2f000 	C:\WINDOWS\System32\profapi.dll
0x00007ffc98e80000 - 0x00007ffc98eca000 	C:\WINDOWS\System32\powrprof.dll
0x00007ffc98e70000 - 0x00007ffc98e80000 	C:\WINDOWS\System32\UMPDC.dll
0x00007ffc9b090000 - 0x00007ffc9b0e2000 	C:\WINDOWS\System32\shlwapi.dll
0x00007ffc990e0000 - 0x00007ffc990f7000 	C:\WINDOWS\System32\cryptsp.dll
0x00007ffc714e0000 - 0x00007ffc714f9000 	C:\Program Files\Java\jdk-11.0.6\bin\net.dll
0x00007ffc8bc50000 - 0x00007ffc8bd40000 	C:\WINDOWS\SYSTEM32\WINHTTP.dll
0x00007ffc98680000 - 0x00007ffc986e7000 	C:\WINDOWS\system32\mswsock.dll
0x00007ffc6eeb0000 - 0x00007ffc6eec3000 	C:\Program Files\Java\jdk-11.0.6\bin\nio.dll
0x00007ffc981f0000 - 0x00007ffc98223000 	C:\WINDOWS\system32\rsaenh.dll
0x00007ffc99080000 - 0x00007ffc990a6000 	C:\WINDOWS\System32\bcrypt.dll
0x00007ffc98d90000 - 0x00007ffc98db5000 	C:\WINDOWS\SYSTEM32\USERENV.dll
0x00007ffc988b0000 - 0x00007ffc988bc000 	C:\WINDOWS\SYSTEM32\CRYPTBASE.dll
0x00007ffc98390000 - 0x00007ffc983ca000 	C:\WINDOWS\SYSTEM32\IPHLPAPI.DLL
0x00007ffc9b240000 - 0x00007ffc9b248000 	C:\WINDOWS\System32\NSI.dll
0x00007ffc93890000 - 0x00007ffc938a6000 	C:\WINDOWS\SYSTEM32\dhcpcsvc6.DLL
0x00007ffc93dc0000 - 0x00007ffc93ddc000 	C:\WINDOWS\SYSTEM32\dhcpcsvc.DLL
0x00007ffc983d0000 - 0x00007ffc9849a000 	C:\WINDOWS\SYSTEM32\DNSAPI.dll

dbghelp: loaded successfully - version: 4.0.5 - missing functions: none
symbol engine: initialized successfully - sym options: 0x614 - pdb path: .;C:\Program Files\Java\jdk-11.0.6\bin;C:\WINDOWS\SYSTEM32;C:\WINDOWS\WinSxS\amd64_microsoft.windows.common-controls_6595b64144ccf1df_6.0.18362.657_none_e6c5b579130e3898;C:\Program Files\Java\jdk-11.0.6\bin\server

VM Arguments:
jvm_args: --add-modules=ALL-SYSTEM --add-opens=java.base/java.util=ALL-UNNAMED --add-opens=java.base/java.lang=ALL-UNNAMED -Declipse.application=org.eclipse.jdt.ls.core.id1 -Dosgi.bundles.defaultStartLevel=4 -Declipse.product=org.eclipse.jdt.ls.core.product -Dfile.encoding=utf8 -DwatchParentProcess=false -Xmx1G -XX:+UseG1GC -XX:+UseStringDeduplication -javaagent:C:\Users\lehan\.vscode\extensions\gabrielbb.vscode-lombok-1.0.1\server\lombok.jar -Xverify:none 
java_command: c:\Users\lehan\.vscode\extensions\redhat.java-0.57.0\server\plugins\org.eclipse.equinox.launcher_1.5.700.v20200207-2156.jar -configuration c:\Users\lehan\.vscode\extensions\redhat.java-0.57.0\server\config_win -data c:\Users\lehan\AppData\Roaming\Code\User\workspaceStorage\ec6e5bf5ab9010b47ec1fdcad6ba4a40\redhat.java\jdt_ws
java_class_path (initial): c:\Users\lehan\.vscode\extensions\redhat.java-0.57.0\server\plugins\org.eclipse.equinox.launcher_1.5.700.v20200207-2156.jar
Launcher Type: SUN_STANDARD

[Global flags]
     bool BytecodeVerificationLocal                = false                                     {product} {command line}
     bool BytecodeVerificationRemote               = false                                     {product} {command line}
     intx CICompilerCount                          = 3                                         {product} {ergonomic}
     uint ConcGCThreads                            = 2                                         {product} {ergonomic}
     uint G1ConcRefinementThreads                  = 6                                         {product} {ergonomic}
   size_t G1HeapRegionSize                         = 1048576                                   {product} {ergonomic}
    uintx GCDrainStackTargetSize                   = 64                                        {product} {ergonomic}
   size_t InitialHeapSize                          = 268435456                                 {product} {ergonomic}
   size_t MarkStackSize                            = 4194304                                   {product} {ergonomic}
   size_t MaxHeapSize                              = 1073741824                                {product} {command line}
   size_t MaxNewSize                               = 643825664                                 {product} {ergonomic}
   size_t MinHeapDeltaBytes                        = 1048576                                   {product} {ergonomic}
    uintx NonNMethodCodeHeapSize                   = 5830732                                {pd product} {ergonomic}
    uintx NonProfiledCodeHeapSize                  = 122913754                              {pd product} {ergonomic}
    uintx ProfiledCodeHeapSize                     = 122913754                              {pd product} {ergonomic}
    uintx ReservedCodeCacheSize                    = 251658240                              {pd product} {ergonomic}
     bool SegmentedCodeCache                       = true                                      {product} {ergonomic}
     bool UseCompressedClassPointers               = true                                 {lp64_product} {ergonomic}
     bool UseCompressedOops                        = true                                 {lp64_product} {ergonomic}
     bool UseG1GC                                  = true                                      {product} {command line}
     bool UseLargePagesIndividualAllocation        = false                                  {pd product} {ergonomic}
     bool UseStringDeduplication                   = true                                      {product} {command line}

Logging:
Log output configuration:
 #0: stdout all=warning uptime,level,tags
 #1: stderr all=off uptime,level,tags

Environment Variables:
JAVA_HOME=C:\Program Files\Java\jdk-11.0.6
PATH=C:\WINDOWS\system32;C:\WINDOWS;C:\WINDOWS\System32\Wbem;C:\WINDOWS\System32\WindowsPowerShell\v1.0\;C:\WINDOWS\System32\OpenSSH\;C:\Program Files\Java\jdk-11.0.6\bin;C:\src\flutter\bin;D:\Programs\apache-maven-3.6.3\bin;C:\Program Files\nodejs\;C:\Program Files\Git\cmd;"C:\Users\lehan\AppData\Local\Microsoft\WindowsApps;C:\src\flutter\bin;D:\Programs\apache-maven-3.6.3\bin;";;C:\Users\lehan\AppData\Local\Programs\Microsoft VS Code\bin;C:\Users\lehan\AppData\Roaming\npm
USERNAME=lehan
OS=Windows_NT
PROCESSOR_IDENTIFIER=Intel64 Family 6 Model 158 Stepping 10, GenuineIntel



---------------  S Y S T E M  ---------------

OS: Windows 10 , 64 bit Build 18362 (10.0.18362.329)

CPU:total 6 (initial active 6) (6 cores per cpu, 1 threads per core) family 6 model 158 stepping 10, cmov, cx8, fxsr, mmx, sse, sse2, sse3, ssse3, sse4.1, sse4.2, popcnt, avx, avx2, aes, clmul, erms, 3dnowpref, lzcnt, tsc, tscinvbit, bmi1, bmi2, adx, fma

Memory: 4k page, system-wide physical 16314M (5461M free)
TotalPageFile size 22138M (AvailPageFile size 3322M)
current process WorkingSet (physical memory assigned to process): 84M, peak: 86M
current process commit charge ("private bytes"): 353M, peak: 354M

vm_info: Java HotSpot(TM) 64-Bit Server VM (11.0.6+8-LTS) for windows-amd64 JRE (11.0.6+8-LTS), built on Dec 11 2019 09:17:57 by "mach5one" with MS VC++ 15.5 (VS2017)

END.
