#
# A fatal error has been detected by the Java Runtime Environment:
#
#  EXCEPTION_ACCESS_VIOLATION (0xc0000005) at pc=0x00007ffce1f0aa38, pid=17836, tid=7892
#
# JRE version: Java(TM) SE Runtime Environment 18.9 (11.0.8+10) (build 11.0.8+10-LTS)
# Java VM: Java HotSpot(TM) 64-Bit Server VM 18.9 (11.0.8+10-LTS, mixed mode, tiered, compressed oops, g1 gc, windows-amd64)
# Problematic frame:
# V  [jvm.dll+0x1aaa38]
#
# No core dump will be written. Minidumps are not enabled by default on client versions of Windows
#
# If you would like to submit a bug report, please visit:
#   https://bugreport.java.com/bugreport/crash.jsp
#

---------------  S U M M A R Y ------------

Command Line: -javaagent:C:\Program Files\JetBrains\IntelliJ IDEA Community Edition 2020.2\lib\idea_rt.jar=52782:C:\Program Files\JetBrains\IntelliJ IDEA Community Edition 2020.2\bin -Dfile.encoding=UTF-8 com.example.demo.DemoApplication

Host: Intel(R) Core(TM) i5-8400 CPU @ 2.80GHz, 6 cores, 15G,  Windows 10 , 64 bit Build 18362 (10.0.18362.959)
Time: Thu Aug 20 17:01:49 2020 South Africa Standard Time elapsed time: 3 seconds (0d 0h 0m 3s)

---------------  T H R E A D  ---------------

Current thread (0x000001f6f3ec4800):  JavaThread "C1 CompilerThread0" daemon [_thread_in_vm, id=7892, stack(0x000000edaf100000,0x000000edaf200000)]


Current CompileTask:
C1:   3108 3995       3       java.lang.Integer::parseInt (259 bytes)

Stack: [0x000000edaf100000,0x000000edaf200000],  sp=0x000000edaf1fdb90,  free space=1014k
Native frames: (J=compiled Java code, j=interpreted, Vv=VM code, C=native code)
V  [jvm.dll+0x1aaa38]
V  [jvm.dll+0x1ab2b3]
V  [jvm.dll+0x1a257d]
V  [jvm.dll+0x1a26c6]
V  [jvm.dll+0x131a84]
V  [jvm.dll+0x1318b8]
V  [jvm.dll+0x129043]
V  [jvm.dll+0x12b32d]
V  [jvm.dll+0x129854]
V  [jvm.dll+0x13231d]
V  [jvm.dll+0x1318b8]
V  [jvm.dll+0x129043]
V  [jvm.dll+0x12b32d]
V  [jvm.dll+0x129854]
V  [jvm.dll+0x12315c]
V  [jvm.dll+0x13361a]
V  [jvm.dll+0x11e2a9]
V  [jvm.dll+0x11e610]
V  [jvm.dll+0x11e8cf]
V  [jvm.dll+0x11db77]
V  [jvm.dll+0x11fa87]
V  [jvm.dll+0x20aaa4]
V  [jvm.dll+0x208b7b]
V  [jvm.dll+0x6ff90c]
V  [jvm.dll+0x6f845c]
V  [jvm.dll+0x600d66]
C  [ucrtbase.dll+0x20e82]
C  [KERNEL32.DLL+0x17bd4]
C  [ntdll.dll+0x6ce51]


siginfo: EXCEPTION_ACCESS_VIOLATION (0xc0000005), reading address 0x00007ffca25799c0


Register to memory mapping:

RIP=0x00007ffce1f0aa38 jvm.dll
RAX=0x00007ffca25799b8 is an unknown value
RBX=0x000001f6f38662e0 is pointing into metadata
RCX=0x000001f6f38662e0 is pointing into metadata
RDX=0x000001f6f38662e0 is pointing into metadata
RSP=0x000000edaf1fdb90 is pointing into the stack for thread: 0x000001f6f3ec4800
RBP=0x000001f6f38662e0 is pointing into metadata
RSI=0x000001f6f3ec4800 is a thread
RDI=0x000001f6f4056dd0 points into unknown readable memory: 38 eb 1f af ed 00 00 00
R8 =0x0000000000000003 is an unknown value
R9 =0x000001f6f4fc67f0 points into unknown readable memory: f0 35 ed f3 f6 01 00 00
R10=0x00007ffce2587348 jvm.dll
R11={method} {0x000001f6f3850610} 'newString' '([BII)Ljava/lang/String;' in 'java/lang/StringUTF16'
R12=0x0 is NULL
R13=0x0 is NULL
R14=0x000001f6f35b93e8 points into unknown readable memory: 00 48 ec f3 f6 01 00 00
R15=0x000000000000008c is an unknown value


Registers:
RAX=0x00007ffca25799b8, RBX=0x000001f6f38662e0, RCX=0x000001f6f38662e0, RDX=0x000001f6f38662e0
RSP=0x000000edaf1fdb90, RBP=0x000001f6f38662e0, RSI=0x000001f6f3ec4800, RDI=0x000001f6f4056dd0
R8 =0x0000000000000003, R9 =0x000001f6f4fc67f0, R10=0x00007ffce2587348, R11=0x000001f6f3850608
R12=0x0000000000000000, R13=0x0000000000000000, R14=0x000001f6f35b93e8, R15=0x000000000000008c
RIP=0x00007ffce1f0aa38, EFLAGS=0x0000000000010206

Top of Stack: (sp=0x000000edaf1fdb90)
0x000000edaf1fdb90:   000001f6f3ec4800 000001f6f3520908
0x000000edaf1fdba0:   0000000000000000 000001f6f35208f8
0x000000edaf1fdbb0:   000001f6f3520908 0000000800039708
0x000000edaf1fdbc0:   0000000000000000 00007ffce1f0b2b3
0x000000edaf1fdbd0:   000000000000008a 000001f6f4056dd0
0x000000edaf1fdbe0:   000001f6f3850608 00007ffce1f0b7e6
0x000000edaf1fdbf0:   0000000000000000 000001f6f3ec4800
0x000000edaf1fdc00:   000001f6f4fc8bf0 00007ffce1f0257d
0x000000edaf1fdc10:   000001f6f35b93e8 000000edaf1fdc60
0x000000edaf1fdc20:   000001f6f3ec4800 00007ffce1e83ad3
0x000000edaf1fdc30:   0000000000000000 00007ffce1f026c6
0x000000edaf1fdc40:   000001f6f4fc8bf0 000001f6f4fc8bf0
0x000000edaf1fdc50:   000001f6f35b93e8 00007ffce1e896f3
0x000000edaf1fdc60:   000001f6f3850608 000001f6f3ec4800
0x000000edaf1fdc70:   000000edaf1fe2f0 000001f6f4fc8bf0
0x000000edaf1fdc80:   000001f6f4fc8b60 00007ffce1e91a84 

Instructions: (pc=0x00007ffce1f0aa38)
0x00007ffce1f0aa18:   f9 65 48 8b 04 25 58 00 00 00 48 8b ca be 08 00
0x00007ffce1f0aa28:   00 00 48 8b da 4a 8b 04 c0 48 8b 34 06 48 8b 02
0x00007ffce1f0aa38:   ff 50 08 84 c0 0f 84 bd 00 00 00 8b 43 08 85 c0
0x00007ffce1f0aa48:   7e 44 48 8b 17 b9 88 00 00 00 e8 09 5e f0 ff 48 


Stack slot to memory mapping:
stack at sp + 0 slots: 0x000001f6f3ec4800 is a thread
stack at sp + 1 slots: 0x000001f6f3520908 points into unknown readable memory: 18 00 ff ff 9b 89 28 5b
stack at sp + 2 slots: 0x0 is NULL
stack at sp + 3 slots: 0x000001f6f35208f8 points into unknown readable memory: 09 00 ff ff eb 1f 6e 65
stack at sp + 4 slots: 0x000001f6f3520908 points into unknown readable memory: 18 00 ff ff 9b 89 28 5b
stack at sp + 5 slots: 0x0000000800039708 is a pointer to class: 
java.lang.StringUTF16 {0x0000000800039710}
stack at sp + 6 slots: 0x0 is NULL
stack at sp + 7 slots: 0x00007ffce1f0b2b3 jvm.dll


---------------  P R O C E S S  ---------------

Threads class SMR info:
_java_thread_list=0x000001f6f5912640, length=16, elements={
0x000001f6cffda800, 0x000001f6f35ce000, 0x000001f6f35c4800, 0x000001f6f3eb9800,
0x000001f6f3eba800, 0x000001f6f3ebd000, 0x000001f6f3ec4800, 0x000001f6f3ed5000,
0x000001f6f4036000, 0x000001f6f4055800, 0x000001f6f4714800, 0x000001f6f4715800,
0x000001f6f5a3b800, 0x000001f6f8754000, 0x000001f6f6f53800, 0x000001f6f6f54800
}

Java Threads: ( => current thread )
  0x000001f6cffda800 JavaThread "main" [_thread_blocked, id=5820, stack(0x000000edae500000,0x000000edae600000)]
  0x000001f6f35ce000 JavaThread "Reference Handler" daemon [_thread_blocked, id=4464, stack(0x000000edaec00000,0x000000edaed00000)]
  0x000001f6f35c4800 JavaThread "Finalizer" daemon [_thread_blocked, id=6800, stack(0x000000edaed00000,0x000000edaee00000)]
  0x000001f6f3eb9800 JavaThread "Signal Dispatcher" daemon [_thread_blocked, id=7772, stack(0x000000edaee00000,0x000000edaef00000)]
  0x000001f6f3eba800 JavaThread "Attach Listener" daemon [_thread_blocked, id=17272, stack(0x000000edaef00000,0x000000edaf000000)]
  0x000001f6f3ebd000 JavaThread "C2 CompilerThread0" daemon [_thread_blocked, id=14892, stack(0x000000edaf000000,0x000000edaf100000)]
=>0x000001f6f3ec4800 JavaThread "C1 CompilerThread0" daemon [_thread_in_vm, id=7892, stack(0x000000edaf100000,0x000000edaf200000)]
  0x000001f6f3ed5000 JavaThread "Sweeper thread" daemon [_thread_blocked, id=212, stack(0x000000edaf200000,0x000000edaf300000)]
  0x000001f6f4036000 JavaThread "Common-Cleaner" daemon [_thread_blocked, id=13576, stack(0x000000edaf300000,0x000000edaf400000)]
  0x000001f6f4055800 JavaThread "C2 CompilerThread1" daemon [_thread_blocked, id=7548, stack(0x000000edaf400000,0x000000edaf500000)]
  0x000001f6f4714800 JavaThread "Monitor Ctrl-Break" daemon [_thread_in_native, id=17848, stack(0x000000edaf500000,0x000000edaf600000)]
  0x000001f6f4715800 JavaThread "Service Thread" daemon [_thread_blocked, id=17852, stack(0x000000edaf600000,0x000000edaf700000)]
  0x000001f6f5a3b800 JavaThread "Catalina-utility-1" [_thread_blocked, id=13972, stack(0x000000edafd00000,0x000000edafe00000)]
  0x000001f6f8754000 JavaThread "Catalina-utility-2" [_thread_blocked, id=14096, stack(0x000000edaff00000,0x000000edb0000000)]
  0x000001f6f6f53800 JavaThread "container-0" [_thread_blocked, id=12052, stack(0x000000edb0000000,0x000000edb0100000)]
  0x000001f6f6f54800 JavaThread "mysql-cj-abandoned-connection-cleanup" daemon [_thread_blocked, id=17704, stack(0x000000edb0100000,0x000000edb0200000)]

Other Threads:
  0x000001f6f35b5000 VMThread "VM Thread" [stack: 0x000000edaeb00000,0x000000edaec00000] [id=8700]
  0x000001f6f471a800 WatcherThread [stack: 0x000000edaf700000,0x000000edaf800000] [id=14792]
  0x000001f6cffee800 GCTaskThread "GC Thread#0" [stack: 0x000000edae600000,0x000000edae700000] [id=4952]
  0x000001f6f4a7e000 GCTaskThread "GC Thread#1" [stack: 0x000000edaf800000,0x000000edaf900000] [id=18132]
  0x000001f6f4dde000 GCTaskThread "GC Thread#2" [stack: 0x000000edaf900000,0x000000edafa00000] [id=18128]
  0x000001f6f4949800 GCTaskThread "GC Thread#3" [stack: 0x000000edafa00000,0x000000edafb00000] [id=18148]
  0x000001f6f4e12000 GCTaskThread "GC Thread#4" [stack: 0x000000edafb00000,0x000000edafc00000] [id=18144]
  0x000001f6f5029800 GCTaskThread "GC Thread#5" [stack: 0x000000edafc00000,0x000000edafd00000] [id=18152]
  0x000001f6d004b800 ConcurrentGCThread "G1 Main Marker" [stack: 0x000000edae700000,0x000000edae800000] [id=9956]
  0x000001f6d004d000 ConcurrentGCThread "G1 Conc#0" [stack: 0x000000edae800000,0x000000edae900000] [id=8900]
  0x000001f6f69b9800 ConcurrentGCThread "G1 Conc#1" [stack: 0x000000edafe00000,0x000000edaff00000] [id=5080]
  0x000001f6f349f000 ConcurrentGCThread "G1 Refine#0" [stack: 0x000000edae900000,0x000000edaea00000] [id=6816]
  0x000001f6f34a0000 ConcurrentGCThread "G1 Young RemSet Sampling" [stack: 0x000000edaea00000,0x000000edaeb00000] [id=2244]

Threads with active compile tasks:
C2 CompilerThread0   3180 4007       4       java.util.regex.Pattern$BmpCharProperty::match (55 bytes)
C1 CompilerThread0   3180 3995       3       java.lang.Integer::parseInt (259 bytes)
C2 CompilerThread1   3181 3925       4       java.lang.invoke.MethodType::makeImpl (108 bytes)

VM state:synchronizing (normal execution)

VM Mutex/Monitor currently owned by a thread:  ([mutex/lock_event])
[0x000001f6cffd7690] Threads_lock - owner thread: 0x000001f6f35b5000
[0x000001f6cffd7d50] Compile_lock - owner thread: 0x000001f6cffda800

Heap address: 0x0000000701000000, size: 4080 MB, Compressed Oops mode: Zero based, Oop shift amount: 3
Narrow klass base: 0x0000000800000000, Narrow klass shift: 0
Compressed class space size: 1073741824 Address: 0x0000000800000000

Heap:
 garbage-first heap   total 262144K, used 123296K [0x0000000701000000, 0x0000000800000000)
  region size 1024K, 114 young (116736K), 8 survivors (8192K)
 Metaspace       used 47391K, capacity 48460K, committed 48592K, reserved 1091584K
  class space    used 5904K, capacity 6347K, committed 6396K, reserved 1048576K
Heap Regions: E=young(eden), S=young(survivor), O=old, HS=humongous(starts), HC=humongous(continues), CS=collection set, F=free, A=archive, TAMS=top-at-mark-start (previous, next)
|   0|0x0000000701000000, 0x0000000701100000, 0x0000000701100000|100%|HS|  |TAMS 0x0000000701100000, 0x0000000701000000| Complete 
|   1|0x0000000701100000, 0x0000000701200000, 0x0000000701200000|100%| O|  |TAMS 0x0000000701200000, 0x0000000701100000| Untracked 
|   2|0x0000000701200000, 0x0000000701300000, 0x0000000701300000|100%| O|  |TAMS 0x0000000701300000, 0x0000000701200000| Untracked 
|   3|0x0000000701300000, 0x0000000701400000, 0x0000000701400000|100%| O|  |TAMS 0x0000000701400000, 0x0000000701300000| Untracked 
|   4|0x0000000701400000, 0x0000000701500000, 0x0000000701500000|100%| O|  |TAMS 0x0000000701500000, 0x0000000701400000| Untracked 
|   5|0x0000000701500000, 0x0000000701600000, 0x0000000701600000|100%| O|  |TAMS 0x0000000701600000, 0x0000000701500000| Untracked 
|   6|0x0000000701600000, 0x0000000701700000, 0x0000000701700000|100%| O|  |TAMS 0x0000000701700000, 0x0000000701600000| Untracked 
|   7|0x0000000701700000, 0x00000007017bf000, 0x0000000701800000| 74%| O|  |TAMS 0x00000007017bf000, 0x0000000701700000| Untracked 
|   8|0x0000000701800000, 0x0000000701900000, 0x0000000701900000|100%|HS|  |TAMS 0x0000000701800000, 0x0000000701800000| Complete 
|   9|0x0000000701900000, 0x0000000701900000, 0x0000000701a00000|  0%| F|  |TAMS 0x0000000701900000, 0x0000000701900000| Untracked 
|  10|0x0000000701a00000, 0x0000000701a00000, 0x0000000701b00000|  0%| F|  |TAMS 0x0000000701a00000, 0x0000000701a00000| Untracked 
|  11|0x0000000701b00000, 0x0000000701b00000, 0x0000000701c00000|  0%| F|  |TAMS 0x0000000701b00000, 0x0000000701b00000| Untracked 
|  12|0x0000000701c00000, 0x0000000701c00000, 0x0000000701d00000|  0%| F|  |TAMS 0x0000000701c00000, 0x0000000701c00000| Untracked 
|  13|0x0000000701d00000, 0x0000000701d00000, 0x0000000701e00000|  0%| F|  |TAMS 0x0000000701d00000, 0x0000000701d00000| Untracked 
|  14|0x0000000701e00000, 0x0000000701e00000, 0x0000000701f00000|  0%| F|  |TAMS 0x0000000701e00000, 0x0000000701e00000| Untracked 
|  15|0x0000000701f00000, 0x0000000701f00000, 0x0000000702000000|  0%| F|  |TAMS 0x0000000701f00000, 0x0000000701f00000| Untracked 
|  16|0x0000000702000000, 0x0000000702000000, 0x0000000702100000|  0%| F|  |TAMS 0x0000000702000000, 0x0000000702000000| Untracked 
|  17|0x0000000702100000, 0x0000000702100000, 0x0000000702200000|  0%| F|  |TAMS 0x0000000702100000, 0x0000000702100000| Untracked 
|  18|0x0000000702200000, 0x0000000702200000, 0x0000000702300000|  0%| F|  |TAMS 0x0000000702200000, 0x0000000702200000| Untracked 
|  19|0x0000000702300000, 0x0000000702300000, 0x0000000702400000|  0%| F|  |TAMS 0x0000000702300000, 0x0000000702300000| Untracked 
|  20|0x0000000702400000, 0x0000000702400000, 0x0000000702500000|  0%| F|  |TAMS 0x0000000702400000, 0x0000000702400000| Untracked 
|  21|0x0000000702500000, 0x0000000702500000, 0x0000000702600000|  0%| F|  |TAMS 0x0000000702500000, 0x0000000702500000| Untracked 
|  22|0x0000000702600000, 0x0000000702600000, 0x0000000702700000|  0%| F|  |TAMS 0x0000000702600000, 0x0000000702600000| Untracked 
|  23|0x0000000702700000, 0x0000000702700000, 0x0000000702800000|  0%| F|  |TAMS 0x0000000702700000, 0x0000000702700000| Untracked 
|  24|0x0000000702800000, 0x0000000702800000, 0x0000000702900000|  0%| F|  |TAMS 0x0000000702800000, 0x0000000702800000| Untracked 
|  25|0x0000000702900000, 0x0000000702900000, 0x0000000702a00000|  0%| F|  |TAMS 0x0000000702900000, 0x0000000702900000| Untracked 
|  26|0x0000000702a00000, 0x0000000702a00000, 0x0000000702b00000|  0%| F|  |TAMS 0x0000000702a00000, 0x0000000702a00000| Untracked 
|  27|0x0000000702b00000, 0x0000000702b00000, 0x0000000702c00000|  0%| F|  |TAMS 0x0000000702b00000, 0x0000000702b00000| Untracked 
|  28|0x0000000702c00000, 0x0000000702c00000, 0x0000000702d00000|  0%| F|  |TAMS 0x0000000702c00000, 0x0000000702c00000| Untracked 
|  29|0x0000000702d00000, 0x0000000702d00000, 0x0000000702e00000|  0%| F|  |TAMS 0x0000000702d00000, 0x0000000702d00000| Untracked 
|  30|0x0000000702e00000, 0x0000000702e00000, 0x0000000702f00000|  0%| F|  |TAMS 0x0000000702e00000, 0x0000000702e00000| Untracked 
|  31|0x0000000702f00000, 0x0000000702f00000, 0x0000000703000000|  0%| F|  |TAMS 0x0000000702f00000, 0x0000000702f00000| Untracked 
|  32|0x0000000703000000, 0x0000000703000000, 0x0000000703100000|  0%| F|  |TAMS 0x0000000703000000, 0x0000000703000000| Untracked 
|  33|0x0000000703100000, 0x0000000703100000, 0x0000000703200000|  0%| F|  |TAMS 0x0000000703100000, 0x0000000703100000| Untracked 
|  34|0x0000000703200000, 0x0000000703200000, 0x0000000703300000|  0%| F|  |TAMS 0x0000000703200000, 0x0000000703200000| Untracked 
|  35|0x0000000703300000, 0x0000000703300000, 0x0000000703400000|  0%| F|  |TAMS 0x0000000703300000, 0x0000000703300000| Untracked 
|  36|0x0000000703400000, 0x0000000703400000, 0x0000000703500000|  0%| F|  |TAMS 0x0000000703400000, 0x0000000703400000| Untracked 
|  37|0x0000000703500000, 0x0000000703500000, 0x0000000703600000|  0%| F|  |TAMS 0x0000000703500000, 0x0000000703500000| Untracked 
|  38|0x0000000703600000, 0x0000000703600000, 0x0000000703700000|  0%| F|  |TAMS 0x0000000703600000, 0x0000000703600000| Untracked 
|  39|0x0000000703700000, 0x0000000703700000, 0x0000000703800000|  0%| F|  |TAMS 0x0000000703700000, 0x0000000703700000| Untracked 
|  40|0x0000000703800000, 0x0000000703800000, 0x0000000703900000|  0%| F|  |TAMS 0x0000000703800000, 0x0000000703800000| Untracked 
|  41|0x0000000703900000, 0x0000000703900000, 0x0000000703a00000|  0%| F|  |TAMS 0x0000000703900000, 0x0000000703900000| Untracked 
|  42|0x0000000703a00000, 0x0000000703a00000, 0x0000000703b00000|  0%| F|  |TAMS 0x0000000703a00000, 0x0000000703a00000| Untracked 
|  43|0x0000000703b00000, 0x0000000703b00000, 0x0000000703c00000|  0%| F|  |TAMS 0x0000000703b00000, 0x0000000703b00000| Untracked 
|  44|0x0000000703c00000, 0x0000000703c00000, 0x0000000703d00000|  0%| F|  |TAMS 0x0000000703c00000, 0x0000000703c00000| Untracked 
|  45|0x0000000703d00000, 0x0000000703d00000, 0x0000000703e00000|  0%| F|  |TAMS 0x0000000703d00000, 0x0000000703d00000| Untracked 
|  46|0x0000000703e00000, 0x0000000703e00000, 0x0000000703f00000|  0%| F|  |TAMS 0x0000000703e00000, 0x0000000703e00000| Untracked 
|  47|0x0000000703f00000, 0x0000000703f00000, 0x0000000704000000|  0%| F|  |TAMS 0x0000000703f00000, 0x0000000703f00000| Untracked 
|  48|0x0000000704000000, 0x0000000704000000, 0x0000000704100000|  0%| F|  |TAMS 0x0000000704000000, 0x0000000704000000| Untracked 
|  49|0x0000000704100000, 0x0000000704100000, 0x0000000704200000|  0%| F|  |TAMS 0x0000000704100000, 0x0000000704100000| Untracked 
|  50|0x0000000704200000, 0x0000000704200000, 0x0000000704300000|  0%| F|  |TAMS 0x0000000704200000, 0x0000000704200000| Untracked 
|  51|0x0000000704300000, 0x0000000704300000, 0x0000000704400000|  0%| F|  |TAMS 0x0000000704300000, 0x0000000704300000| Untracked 
|  52|0x0000000704400000, 0x0000000704400000, 0x0000000704500000|  0%| F|  |TAMS 0x0000000704400000, 0x0000000704400000| Untracked 
|  53|0x0000000704500000, 0x0000000704500000, 0x0000000704600000|  0%| F|  |TAMS 0x0000000704500000, 0x0000000704500000| Untracked 
|  54|0x0000000704600000, 0x0000000704600000, 0x0000000704700000|  0%| F|  |TAMS 0x0000000704600000, 0x0000000704600000| Untracked 
|  55|0x0000000704700000, 0x0000000704700000, 0x0000000704800000|  0%| F|  |TAMS 0x0000000704700000, 0x0000000704700000| Untracked 
|  56|0x0000000704800000, 0x0000000704800000, 0x0000000704900000|  0%| F|  |TAMS 0x0000000704800000, 0x0000000704800000| Untracked 
|  57|0x0000000704900000, 0x0000000704900000, 0x0000000704a00000|  0%| F|  |TAMS 0x0000000704900000, 0x0000000704900000| Untracked 
|  58|0x0000000704a00000, 0x0000000704a00000, 0x0000000704b00000|  0%| F|  |TAMS 0x0000000704a00000, 0x0000000704a00000| Untracked 
|  59|0x0000000704b00000, 0x0000000704b00000, 0x0000000704c00000|  0%| F|  |TAMS 0x0000000704b00000, 0x0000000704b00000| Untracked 
|  60|0x0000000704c00000, 0x0000000704c00000, 0x0000000704d00000|  0%| F|  |TAMS 0x0000000704c00000, 0x0000000704c00000| Untracked 
|  61|0x0000000704d00000, 0x0000000704d00000, 0x0000000704e00000|  0%| F|  |TAMS 0x0000000704d00000, 0x0000000704d00000| Untracked 
|  62|0x0000000704e00000, 0x0000000704e00000, 0x0000000704f00000|  0%| F|  |TAMS 0x0000000704e00000, 0x0000000704e00000| Untracked 
|  63|0x0000000704f00000, 0x0000000704f00000, 0x0000000705000000|  0%| F|  |TAMS 0x0000000704f00000, 0x0000000704f00000| Untracked 
|  64|0x0000000705000000, 0x0000000705000000, 0x0000000705100000|  0%| F|  |TAMS 0x0000000705000000, 0x0000000705000000| Untracked 
|  65|0x0000000705100000, 0x0000000705100000, 0x0000000705200000|  0%| F|  |TAMS 0x0000000705100000, 0x0000000705100000| Untracked 
|  66|0x0000000705200000, 0x0000000705200000, 0x0000000705300000|  0%| F|  |TAMS 0x0000000705200000, 0x0000000705200000| Untracked 
|  67|0x0000000705300000, 0x0000000705300000, 0x0000000705400000|  0%| F|  |TAMS 0x0000000705300000, 0x0000000705300000| Untracked 
|  68|0x0000000705400000, 0x0000000705400000, 0x0000000705500000|  0%| F|  |TAMS 0x0000000705400000, 0x0000000705400000| Untracked 
|  69|0x0000000705500000, 0x0000000705500000, 0x0000000705600000|  0%| F|  |TAMS 0x0000000705500000, 0x0000000705500000| Untracked 
|  70|0x0000000705600000, 0x0000000705600000, 0x0000000705700000|  0%| F|  |TAMS 0x0000000705600000, 0x0000000705600000| Untracked 
|  71|0x0000000705700000, 0x0000000705700000, 0x0000000705800000|  0%| F|  |TAMS 0x0000000705700000, 0x0000000705700000| Untracked 
|  72|0x0000000705800000, 0x0000000705800000, 0x0000000705900000|  0%| F|  |TAMS 0x0000000705800000, 0x0000000705800000| Untracked 
|  73|0x0000000705900000, 0x0000000705900000, 0x0000000705a00000|  0%| F|  |TAMS 0x0000000705900000, 0x0000000705900000| Untracked 
|  74|0x0000000705a00000, 0x0000000705a00000, 0x0000000705b00000|  0%| F|  |TAMS 0x0000000705a00000, 0x0000000705a00000| Untracked 
|  75|0x0000000705b00000, 0x0000000705b00000, 0x0000000705c00000|  0%| F|  |TAMS 0x0000000705b00000, 0x0000000705b00000| Untracked 
|  76|0x0000000705c00000, 0x0000000705c00000, 0x0000000705d00000|  0%| F|  |TAMS 0x0000000705c00000, 0x0000000705c00000| Untracked 
|  77|0x0000000705d00000, 0x0000000705d00000, 0x0000000705e00000|  0%| F|  |TAMS 0x0000000705d00000, 0x0000000705d00000| Untracked 
|  78|0x0000000705e00000, 0x0000000705e00000, 0x0000000705f00000|  0%| F|  |TAMS 0x0000000705e00000, 0x0000000705e00000| Untracked 
|  79|0x0000000705f00000, 0x0000000705f00000, 0x0000000706000000|  0%| F|  |TAMS 0x0000000705f00000, 0x0000000705f00000| Untracked 
|  80|0x0000000706000000, 0x0000000706000000, 0x0000000706100000|  0%| F|  |TAMS 0x0000000706000000, 0x0000000706000000| Untracked 
|  81|0x0000000706100000, 0x0000000706100000, 0x0000000706200000|  0%| F|  |TAMS 0x0000000706100000, 0x0000000706100000| Untracked 
|  82|0x0000000706200000, 0x0000000706200000, 0x0000000706300000|  0%| F|  |TAMS 0x0000000706200000, 0x0000000706200000| Untracked 
|  83|0x0000000706300000, 0x0000000706300000, 0x0000000706400000|  0%| F|  |TAMS 0x0000000706300000, 0x0000000706300000| Untracked 
|  84|0x0000000706400000, 0x0000000706400000, 0x0000000706500000|  0%| F|  |TAMS 0x0000000706400000, 0x0000000706400000| Untracked 
|  85|0x0000000706500000, 0x0000000706500000, 0x0000000706600000|  0%| F|  |TAMS 0x0000000706500000, 0x0000000706500000| Untracked 
|  86|0x0000000706600000, 0x0000000706600000, 0x0000000706700000|  0%| F|  |TAMS 0x0000000706600000, 0x0000000706600000| Untracked 
|  87|0x0000000706700000, 0x0000000706700000, 0x0000000706800000|  0%| F|  |TAMS 0x0000000706700000, 0x0000000706700000| Untracked 
|  88|0x0000000706800000, 0x0000000706800000, 0x0000000706900000|  0%| F|  |TAMS 0x0000000706800000, 0x0000000706800000| Untracked 
|  89|0x0000000706900000, 0x0000000706900000, 0x0000000706a00000|  0%| F|  |TAMS 0x0000000706900000, 0x0000000706900000| Untracked 
|  90|0x0000000706a00000, 0x0000000706a00000, 0x0000000706b00000|  0%| F|  |TAMS 0x0000000706a00000, 0x0000000706a00000| Untracked 
|  91|0x0000000706b00000, 0x0000000706b00000, 0x0000000706c00000|  0%| F|  |TAMS 0x0000000706b00000, 0x0000000706b00000| Untracked 
|  92|0x0000000706c00000, 0x0000000706c00000, 0x0000000706d00000|  0%| F|  |TAMS 0x0000000706c00000, 0x0000000706c00000| Untracked 
|  93|0x0000000706d00000, 0x0000000706d00000, 0x0000000706e00000|  0%| F|  |TAMS 0x0000000706d00000, 0x0000000706d00000| Untracked 
|  94|0x0000000706e00000, 0x0000000706e00000, 0x0000000706f00000|  0%| F|  |TAMS 0x0000000706e00000, 0x0000000706e00000| Untracked 
|  95|0x0000000706f00000, 0x0000000706f00000, 0x0000000707000000|  0%| F|  |TAMS 0x0000000706f00000, 0x0000000706f00000| Untracked 
|  96|0x0000000707000000, 0x0000000707000000, 0x0000000707100000|  0%| F|  |TAMS 0x0000000707000000, 0x0000000707000000| Untracked 
|  97|0x0000000707100000, 0x0000000707100000, 0x0000000707200000|  0%| F|  |TAMS 0x0000000707100000, 0x0000000707100000| Untracked 
|  98|0x0000000707200000, 0x0000000707200000, 0x0000000707300000|  0%| F|  |TAMS 0x0000000707200000, 0x0000000707200000| Untracked 
|  99|0x0000000707300000, 0x0000000707300000, 0x0000000707400000|  0%| F|  |TAMS 0x0000000707300000, 0x0000000707300000| Untracked 
| 100|0x0000000707400000, 0x0000000707400000, 0x0000000707500000|  0%| F|  |TAMS 0x0000000707400000, 0x0000000707400000| Untracked 
| 101|0x0000000707500000, 0x0000000707500000, 0x0000000707600000|  0%| F|  |TAMS 0x0000000707500000, 0x0000000707500000| Untracked 
| 102|0x0000000707600000, 0x0000000707600000, 0x0000000707700000|  0%| F|  |TAMS 0x0000000707600000, 0x0000000707600000| Untracked 
| 103|0x0000000707700000, 0x0000000707700000, 0x0000000707800000|  0%| F|  |TAMS 0x0000000707700000, 0x0000000707700000| Untracked 
| 104|0x0000000707800000, 0x0000000707800000, 0x0000000707900000|  0%| F|  |TAMS 0x0000000707800000, 0x0000000707800000| Untracked 
| 105|0x0000000707900000, 0x0000000707900000, 0x0000000707a00000|  0%| F|  |TAMS 0x0000000707900000, 0x0000000707900000| Untracked 
| 106|0x0000000707a00000, 0x0000000707a00000, 0x0000000707b00000|  0%| F|  |TAMS 0x0000000707a00000, 0x0000000707a00000| Untracked 
| 107|0x0000000707b00000, 0x0000000707b00000, 0x0000000707c00000|  0%| F|  |TAMS 0x0000000707b00000, 0x0000000707b00000| Untracked 
| 108|0x0000000707c00000, 0x0000000707c00000, 0x0000000707d00000|  0%| F|  |TAMS 0x0000000707c00000, 0x0000000707c00000| Untracked 
| 109|0x0000000707d00000, 0x0000000707d00000, 0x0000000707e00000|  0%| F|  |TAMS 0x0000000707d00000, 0x0000000707d00000| Untracked 
| 110|0x0000000707e00000, 0x0000000707e00000, 0x0000000707f00000|  0%| F|  |TAMS 0x0000000707e00000, 0x0000000707e00000| Untracked 
| 111|0x0000000707f00000, 0x0000000707f00000, 0x0000000708000000|  0%| F|  |TAMS 0x0000000707f00000, 0x0000000707f00000| Untracked 
| 112|0x0000000708000000, 0x0000000708000000, 0x0000000708100000|  0%| F|  |TAMS 0x0000000708000000, 0x0000000708000000| Untracked 
| 113|0x0000000708100000, 0x0000000708100000, 0x0000000708200000|  0%| F|  |TAMS 0x0000000708100000, 0x0000000708100000| Untracked 
| 114|0x0000000708200000, 0x0000000708200000, 0x0000000708300000|  0%| F|  |TAMS 0x0000000708200000, 0x0000000708200000| Untracked 
| 115|0x0000000708300000, 0x0000000708300000, 0x0000000708400000|  0%| F|  |TAMS 0x0000000708300000, 0x0000000708300000| Untracked 
| 116|0x0000000708400000, 0x0000000708400000, 0x0000000708500000|  0%| F|  |TAMS 0x0000000708400000, 0x0000000708400000| Untracked 
| 117|0x0000000708500000, 0x0000000708500000, 0x0000000708600000|  0%| F|  |TAMS 0x0000000708500000, 0x0000000708500000| Untracked 
| 118|0x0000000708600000, 0x0000000708600000, 0x0000000708700000|  0%| F|  |TAMS 0x0000000708600000, 0x0000000708600000| Untracked 
| 119|0x0000000708700000, 0x0000000708700000, 0x0000000708800000|  0%| F|  |TAMS 0x0000000708700000, 0x0000000708700000| Untracked 
| 120|0x0000000708800000, 0x0000000708800000, 0x0000000708900000|  0%| F|  |TAMS 0x0000000708800000, 0x0000000708800000| Untracked 
| 121|0x0000000708900000, 0x0000000708900000, 0x0000000708a00000|  0%| F|  |TAMS 0x0000000708900000, 0x0000000708900000| Untracked 
| 122|0x0000000708a00000, 0x0000000708a00000, 0x0000000708b00000|  0%| F|  |TAMS 0x0000000708a00000, 0x0000000708a00000| Untracked 
| 123|0x0000000708b00000, 0x0000000708b00000, 0x0000000708c00000|  0%| F|  |TAMS 0x0000000708b00000, 0x0000000708b00000| Untracked 
| 124|0x0000000708c00000, 0x0000000708c00000, 0x0000000708d00000|  0%| F|  |TAMS 0x0000000708c00000, 0x0000000708c00000| Untracked 
| 125|0x0000000708d00000, 0x0000000708d00000, 0x0000000708e00000|  0%| F|  |TAMS 0x0000000708d00000, 0x0000000708d00000| Untracked 
| 126|0x0000000708e00000, 0x0000000708e00000, 0x0000000708f00000|  0%| F|  |TAMS 0x0000000708e00000, 0x0000000708e00000| Untracked 
| 127|0x0000000708f00000, 0x0000000708f00000, 0x0000000709000000|  0%| F|  |TAMS 0x0000000708f00000, 0x0000000708f00000| Untracked 
| 128|0x0000000709000000, 0x0000000709000000, 0x0000000709100000|  0%| F|  |TAMS 0x0000000709000000, 0x0000000709000000| Untracked 
| 129|0x0000000709100000, 0x0000000709100000, 0x0000000709200000|  0%| F|  |TAMS 0x0000000709100000, 0x0000000709100000| Untracked 
| 130|0x0000000709200000, 0x0000000709200000, 0x0000000709300000|  0%| F|  |TAMS 0x0000000709200000, 0x0000000709200000| Untracked 
| 131|0x0000000709300000, 0x0000000709300000, 0x0000000709400000|  0%| F|  |TAMS 0x0000000709300000, 0x0000000709300000| Untracked 
| 132|0x0000000709400000, 0x0000000709400000, 0x0000000709500000|  0%| F|  |TAMS 0x0000000709400000, 0x0000000709400000| Untracked 
| 133|0x0000000709500000, 0x0000000709500000, 0x0000000709600000|  0%| F|  |TAMS 0x0000000709500000, 0x0000000709500000| Untracked 
| 134|0x0000000709600000, 0x0000000709600000, 0x0000000709700000|  0%| F|  |TAMS 0x0000000709600000, 0x0000000709600000| Untracked 
| 135|0x0000000709700000, 0x0000000709700000, 0x0000000709800000|  0%| F|  |TAMS 0x0000000709700000, 0x0000000709700000| Untracked 
| 136|0x0000000709800000, 0x0000000709800000, 0x0000000709900000|  0%| F|  |TAMS 0x0000000709800000, 0x0000000709800000| Untracked 
| 137|0x0000000709900000, 0x0000000709900000, 0x0000000709a00000|  0%| F|  |TAMS 0x0000000709900000, 0x0000000709900000| Untracked 
| 138|0x0000000709a00000, 0x0000000709a00000, 0x0000000709b00000|  0%| F|  |TAMS 0x0000000709a00000, 0x0000000709a00000| Untracked 
| 139|0x0000000709b00000, 0x0000000709b00000, 0x0000000709c00000|  0%| F|  |TAMS 0x0000000709b00000, 0x0000000709b00000| Untracked 
| 140|0x0000000709c00000, 0x0000000709c00000, 0x0000000709d00000|  0%| F|  |TAMS 0x0000000709c00000, 0x0000000709c00000| Untracked 
| 141|0x0000000709d00000, 0x0000000709d00000, 0x0000000709e00000|  0%| F|  |TAMS 0x0000000709d00000, 0x0000000709d00000| Untracked 
| 142|0x0000000709e00000, 0x0000000709e80800, 0x0000000709f00000| 50%| E|  |TAMS 0x0000000709e00000, 0x0000000709e00000| Complete 
| 143|0x0000000709f00000, 0x000000070a000000, 0x000000070a000000|100%| E|CS|TAMS 0x0000000709f00000, 0x0000000709f00000| Complete 
| 144|0x000000070a000000, 0x000000070a100000, 0x000000070a100000|100%| E|CS|TAMS 0x000000070a000000, 0x000000070a000000| Complete 
| 145|0x000000070a100000, 0x000000070a200000, 0x000000070a200000|100%| E|CS|TAMS 0x000000070a100000, 0x000000070a100000| Complete 
| 146|0x000000070a200000, 0x000000070a300000, 0x000000070a300000|100%| E|CS|TAMS 0x000000070a200000, 0x000000070a200000| Complete 
| 147|0x000000070a300000, 0x000000070a400000, 0x000000070a400000|100%| E|CS|TAMS 0x000000070a300000, 0x000000070a300000| Complete 
| 148|0x000000070a400000, 0x000000070a500000, 0x000000070a500000|100%| E|CS|TAMS 0x000000070a400000, 0x000000070a400000| Complete 
| 149|0x000000070a500000, 0x000000070a600000, 0x000000070a600000|100%| E|CS|TAMS 0x000000070a500000, 0x000000070a500000| Complete 
| 150|0x000000070a600000, 0x000000070a700000, 0x000000070a700000|100%| E|CS|TAMS 0x000000070a600000, 0x000000070a600000| Complete 
| 151|0x000000070a700000, 0x000000070a800000, 0x000000070a800000|100%| E|CS|TAMS 0x000000070a700000, 0x000000070a700000| Complete 
| 152|0x000000070a800000, 0x000000070a900000, 0x000000070a900000|100%| E|CS|TAMS 0x000000070a800000, 0x000000070a800000| Complete 
| 153|0x000000070a900000, 0x000000070aa00000, 0x000000070aa00000|100%| E|CS|TAMS 0x000000070a900000, 0x000000070a900000| Complete 
| 154|0x000000070aa00000, 0x000000070ab00000, 0x000000070ab00000|100%| E|CS|TAMS 0x000000070aa00000, 0x000000070aa00000| Complete 
| 155|0x000000070ab00000, 0x000000070ac00000, 0x000000070ac00000|100%| E|CS|TAMS 0x000000070ab00000, 0x000000070ab00000| Complete 
| 156|0x000000070ac00000, 0x000000070ad00000, 0x000000070ad00000|100%| E|CS|TAMS 0x000000070ac00000, 0x000000070ac00000| Complete 
| 157|0x000000070ad00000, 0x000000070ae00000, 0x000000070ae00000|100%| E|CS|TAMS 0x000000070ad00000, 0x000000070ad00000| Complete 
| 158|0x000000070ae00000, 0x000000070af00000, 0x000000070af00000|100%| E|CS|TAMS 0x000000070ae00000, 0x000000070ae00000| Complete 
| 159|0x000000070af00000, 0x000000070b000000, 0x000000070b000000|100%| E|CS|TAMS 0x000000070af00000, 0x000000070af00000| Complete 
| 160|0x000000070b000000, 0x000000070b100000, 0x000000070b100000|100%| E|CS|TAMS 0x000000070b000000, 0x000000070b000000| Complete 
| 161|0x000000070b100000, 0x000000070b200000, 0x000000070b200000|100%| E|CS|TAMS 0x000000070b100000, 0x000000070b100000| Complete 
| 162|0x000000070b200000, 0x000000070b300000, 0x000000070b300000|100%| E|CS|TAMS 0x000000070b200000, 0x000000070b200000| Complete 
| 163|0x000000070b300000, 0x000000070b400000, 0x000000070b400000|100%| E|CS|TAMS 0x000000070b300000, 0x000000070b300000| Complete 
| 164|0x000000070b400000, 0x000000070b500000, 0x000000070b500000|100%| E|CS|TAMS 0x000000070b400000, 0x000000070b400000| Complete 
| 165|0x000000070b500000, 0x000000070b600000, 0x000000070b600000|100%| E|CS|TAMS 0x000000070b500000, 0x000000070b500000| Complete 
| 166|0x000000070b600000, 0x000000070b700000, 0x000000070b700000|100%| E|CS|TAMS 0x000000070b600000, 0x000000070b600000| Complete 
| 167|0x000000070b700000, 0x000000070b800000, 0x000000070b800000|100%| E|CS|TAMS 0x000000070b700000, 0x000000070b700000| Complete 
| 168|0x000000070b800000, 0x000000070b900000, 0x000000070b900000|100%| E|CS|TAMS 0x000000070b800000, 0x000000070b800000| Complete 
| 169|0x000000070b900000, 0x000000070ba00000, 0x000000070ba00000|100%| E|CS|TAMS 0x000000070b900000, 0x000000070b900000| Complete 
| 170|0x000000070ba00000, 0x000000070bb00000, 0x000000070bb00000|100%| E|CS|TAMS 0x000000070ba00000, 0x000000070ba00000| Complete 
| 171|0x000000070bb00000, 0x000000070bc00000, 0x000000070bc00000|100%| E|CS|TAMS 0x000000070bb00000, 0x000000070bb00000| Complete 
| 172|0x000000070bc00000, 0x000000070bd00000, 0x000000070bd00000|100%| E|CS|TAMS 0x000000070bc00000, 0x000000070bc00000| Complete 
| 173|0x000000070bd00000, 0x000000070be00000, 0x000000070be00000|100%| E|CS|TAMS 0x000000070bd00000, 0x000000070bd00000| Complete 
| 174|0x000000070be00000, 0x000000070bf00000, 0x000000070bf00000|100%| E|CS|TAMS 0x000000070be00000, 0x000000070be00000| Complete 
| 175|0x000000070bf00000, 0x000000070c000000, 0x000000070c000000|100%| E|CS|TAMS 0x000000070bf00000, 0x000000070bf00000| Complete 
| 176|0x000000070c000000, 0x000000070c100000, 0x000000070c100000|100%| E|CS|TAMS 0x000000070c000000, 0x000000070c000000| Complete 
| 177|0x000000070c100000, 0x000000070c200000, 0x000000070c200000|100%| E|CS|TAMS 0x000000070c100000, 0x000000070c100000| Complete 
| 178|0x000000070c200000, 0x000000070c300000, 0x000000070c300000|100%| E|CS|TAMS 0x000000070c200000, 0x000000070c200000| Complete 
| 179|0x000000070c300000, 0x000000070c400000, 0x000000070c400000|100%| E|CS|TAMS 0x000000070c300000, 0x000000070c300000| Complete 
| 180|0x000000070c400000, 0x000000070c500000, 0x000000070c500000|100%| E|CS|TAMS 0x000000070c400000, 0x000000070c400000| Complete 
| 181|0x000000070c500000, 0x000000070c600000, 0x000000070c600000|100%| E|CS|TAMS 0x000000070c500000, 0x000000070c500000| Complete 
| 182|0x000000070c600000, 0x000000070c700000, 0x000000070c700000|100%| E|CS|TAMS 0x000000070c600000, 0x000000070c600000| Complete 
| 183|0x000000070c700000, 0x000000070c800000, 0x000000070c800000|100%| E|CS|TAMS 0x000000070c700000, 0x000000070c700000| Complete 
| 184|0x000000070c800000, 0x000000070c900000, 0x000000070c900000|100%| E|CS|TAMS 0x000000070c800000, 0x000000070c800000| Complete 
| 185|0x000000070c900000, 0x000000070ca00000, 0x000000070ca00000|100%| E|CS|TAMS 0x000000070c900000, 0x000000070c900000| Complete 
| 186|0x000000070ca00000, 0x000000070cb00000, 0x000000070cb00000|100%| E|CS|TAMS 0x000000070ca00000, 0x000000070ca00000| Complete 
| 187|0x000000070cb00000, 0x000000070cc00000, 0x000000070cc00000|100%| E|CS|TAMS 0x000000070cb00000, 0x000000070cb00000| Complete 
| 188|0x000000070cc00000, 0x000000070cd00000, 0x000000070cd00000|100%| E|CS|TAMS 0x000000070cc00000, 0x000000070cc00000| Complete 
| 189|0x000000070cd00000, 0x000000070ce00000, 0x000000070ce00000|100%| E|CS|TAMS 0x000000070cd00000, 0x000000070cd00000| Complete 
| 190|0x000000070ce00000, 0x000000070cf00000, 0x000000070cf00000|100%| E|CS|TAMS 0x000000070ce00000, 0x000000070ce00000| Complete 
| 191|0x000000070cf00000, 0x000000070d000000, 0x000000070d000000|100%| E|  |TAMS 0x000000070cf00000, 0x000000070cf00000| Complete 
| 192|0x000000070d000000, 0x000000070d100000, 0x000000070d100000|100%| E|CS|TAMS 0x000000070d000000, 0x000000070d000000| Complete 
| 193|0x000000070d100000, 0x000000070d200000, 0x000000070d200000|100%| E|CS|TAMS 0x000000070d100000, 0x000000070d100000| Complete 
| 194|0x000000070d200000, 0x000000070d300000, 0x000000070d300000|100%| E|CS|TAMS 0x000000070d200000, 0x000000070d200000| Complete 
| 195|0x000000070d300000, 0x000000070d400000, 0x000000070d400000|100%| E|CS|TAMS 0x000000070d300000, 0x000000070d300000| Complete 
| 196|0x000000070d400000, 0x000000070d500000, 0x000000070d500000|100%| E|CS|TAMS 0x000000070d400000, 0x000000070d400000| Complete 
| 197|0x000000070d500000, 0x000000070d600000, 0x000000070d600000|100%| E|CS|TAMS 0x000000070d500000, 0x000000070d500000| Complete 
| 198|0x000000070d600000, 0x000000070d700000, 0x000000070d700000|100%| E|CS|TAMS 0x000000070d600000, 0x000000070d600000| Complete 
| 199|0x000000070d700000, 0x000000070d7a9128, 0x000000070d800000| 66%| S|CS|TAMS 0x000000070d700000, 0x000000070d700000| Complete 
| 200|0x000000070d800000, 0x000000070d900000, 0x000000070d900000|100%| S|CS|TAMS 0x000000070d800000, 0x000000070d800000| Complete 
| 201|0x000000070d900000, 0x000000070da00000, 0x000000070da00000|100%| S|CS|TAMS 0x000000070d900000, 0x000000070d900000| Complete 
| 202|0x000000070da00000, 0x000000070db00000, 0x000000070db00000|100%| S|CS|TAMS 0x000000070da00000, 0x000000070da00000| Complete 
| 203|0x000000070db00000, 0x000000070dc00000, 0x000000070dc00000|100%| S|CS|TAMS 0x000000070db00000, 0x000000070db00000| Complete 
| 204|0x000000070dc00000, 0x000000070dd00000, 0x000000070dd00000|100%| S|CS|TAMS 0x000000070dc00000, 0x000000070dc00000| Complete 
| 205|0x000000070dd00000, 0x000000070de00000, 0x000000070de00000|100%| S|CS|TAMS 0x000000070dd00000, 0x000000070dd00000| Complete 
| 206|0x000000070de00000, 0x000000070df00000, 0x000000070df00000|100%| S|CS|TAMS 0x000000070de00000, 0x000000070de00000| Complete 
| 207|0x000000070df00000, 0x000000070e000000, 0x000000070e000000|100%| E|CS|TAMS 0x000000070df00000, 0x000000070df00000| Complete 
| 208|0x000000070e000000, 0x000000070e100000, 0x000000070e100000|100%| E|CS|TAMS 0x000000070e000000, 0x000000070e000000| Complete 
| 209|0x000000070e100000, 0x000000070e200000, 0x000000070e200000|100%| E|CS|TAMS 0x000000070e100000, 0x000000070e100000| Complete 
| 210|0x000000070e200000, 0x000000070e300000, 0x000000070e300000|100%| E|CS|TAMS 0x000000070e200000, 0x000000070e200000| Complete 
| 211|0x000000070e300000, 0x000000070e400000, 0x000000070e400000|100%| E|CS|TAMS 0x000000070e300000, 0x000000070e300000| Complete 
| 212|0x000000070e400000, 0x000000070e500000, 0x000000070e500000|100%| E|CS|TAMS 0x000000070e400000, 0x000000070e400000| Complete 
| 213|0x000000070e500000, 0x000000070e600000, 0x000000070e600000|100%| E|CS|TAMS 0x000000070e500000, 0x000000070e500000| Complete 
| 214|0x000000070e600000, 0x000000070e700000, 0x000000070e700000|100%| E|CS|TAMS 0x000000070e600000, 0x000000070e600000| Complete 
| 215|0x000000070e700000, 0x000000070e800000, 0x000000070e800000|100%| E|CS|TAMS 0x000000070e700000, 0x000000070e700000| Complete 
| 216|0x000000070e800000, 0x000000070e900000, 0x000000070e900000|100%| E|CS|TAMS 0x000000070e800000, 0x000000070e800000| Complete 
| 217|0x000000070e900000, 0x000000070ea00000, 0x000000070ea00000|100%| E|CS|TAMS 0x000000070e900000, 0x000000070e900000| Complete 
| 218|0x000000070ea00000, 0x000000070eb00000, 0x000000070eb00000|100%| E|CS|TAMS 0x000000070ea00000, 0x000000070ea00000| Complete 
| 219|0x000000070eb00000, 0x000000070ec00000, 0x000000070ec00000|100%| E|CS|TAMS 0x000000070eb00000, 0x000000070eb00000| Complete 
| 220|0x000000070ec00000, 0x000000070ed00000, 0x000000070ed00000|100%| E|CS|TAMS 0x000000070ec00000, 0x000000070ec00000| Complete 
| 221|0x000000070ed00000, 0x000000070ee00000, 0x000000070ee00000|100%| E|CS|TAMS 0x000000070ed00000, 0x000000070ed00000| Complete 
| 222|0x000000070ee00000, 0x000000070ef00000, 0x000000070ef00000|100%| E|CS|TAMS 0x000000070ee00000, 0x000000070ee00000| Complete 
| 223|0x000000070ef00000, 0x000000070f000000, 0x000000070f000000|100%| E|CS|TAMS 0x000000070ef00000, 0x000000070ef00000| Complete 
| 224|0x000000070f000000, 0x000000070f100000, 0x000000070f100000|100%| E|CS|TAMS 0x000000070f000000, 0x000000070f000000| Complete 
| 225|0x000000070f100000, 0x000000070f200000, 0x000000070f200000|100%| E|CS|TAMS 0x000000070f100000, 0x000000070f100000| Complete 
| 226|0x000000070f200000, 0x000000070f300000, 0x000000070f300000|100%| E|CS|TAMS 0x000000070f200000, 0x000000070f200000| Complete 
| 227|0x000000070f300000, 0x000000070f400000, 0x000000070f400000|100%| E|CS|TAMS 0x000000070f300000, 0x000000070f300000| Complete 
| 228|0x000000070f400000, 0x000000070f500000, 0x000000070f500000|100%| E|CS|TAMS 0x000000070f400000, 0x000000070f400000| Complete 
| 229|0x000000070f500000, 0x000000070f600000, 0x000000070f600000|100%| E|CS|TAMS 0x000000070f500000, 0x000000070f500000| Complete 
| 230|0x000000070f600000, 0x000000070f700000, 0x000000070f700000|100%| E|CS|TAMS 0x000000070f600000, 0x000000070f600000| Complete 
| 231|0x000000070f700000, 0x000000070f800000, 0x000000070f800000|100%| E|CS|TAMS 0x000000070f700000, 0x000000070f700000| Complete 
| 232|0x000000070f800000, 0x000000070f900000, 0x000000070f900000|100%| E|CS|TAMS 0x000000070f800000, 0x000000070f800000| Complete 
| 233|0x000000070f900000, 0x000000070fa00000, 0x000000070fa00000|100%| E|CS|TAMS 0x000000070f900000, 0x000000070f900000| Complete 
| 234|0x000000070fa00000, 0x000000070fb00000, 0x000000070fb00000|100%| E|CS|TAMS 0x000000070fa00000, 0x000000070fa00000| Complete 
| 235|0x000000070fb00000, 0x000000070fc00000, 0x000000070fc00000|100%| E|CS|TAMS 0x000000070fb00000, 0x000000070fb00000| Complete 
| 236|0x000000070fc00000, 0x000000070fd00000, 0x000000070fd00000|100%| E|CS|TAMS 0x000000070fc00000, 0x000000070fc00000| Complete 
| 237|0x000000070fd00000, 0x000000070fe00000, 0x000000070fe00000|100%| E|CS|TAMS 0x000000070fd00000, 0x000000070fd00000| Complete 
| 238|0x000000070fe00000, 0x000000070ff00000, 0x000000070ff00000|100%| E|CS|TAMS 0x000000070fe00000, 0x000000070fe00000| Complete 
| 239|0x000000070ff00000, 0x0000000710000000, 0x0000000710000000|100%| E|CS|TAMS 0x000000070ff00000, 0x000000070ff00000| Complete 
| 240|0x0000000710000000, 0x0000000710100000, 0x0000000710100000|100%| E|CS|TAMS 0x0000000710000000, 0x0000000710000000| Complete 
| 241|0x0000000710100000, 0x0000000710200000, 0x0000000710200000|100%| E|CS|TAMS 0x0000000710100000, 0x0000000710100000| Complete 
| 242|0x0000000710200000, 0x0000000710300000, 0x0000000710300000|100%| E|CS|TAMS 0x0000000710200000, 0x0000000710200000| Complete 
| 243|0x0000000710300000, 0x0000000710400000, 0x0000000710400000|100%| E|CS|TAMS 0x0000000710300000, 0x0000000710300000| Complete 
| 244|0x0000000710400000, 0x0000000710500000, 0x0000000710500000|100%| E|CS|TAMS 0x0000000710400000, 0x0000000710400000| Complete 
| 245|0x0000000710500000, 0x0000000710600000, 0x0000000710600000|100%| E|CS|TAMS 0x0000000710500000, 0x0000000710500000| Complete 
| 246|0x0000000710600000, 0x0000000710700000, 0x0000000710700000|100%| E|CS|TAMS 0x0000000710600000, 0x0000000710600000| Complete 
| 247|0x0000000710700000, 0x0000000710800000, 0x0000000710800000|100%| E|CS|TAMS 0x0000000710700000, 0x0000000710700000| Complete 
| 248|0x0000000710800000, 0x0000000710900000, 0x0000000710900000|100%| E|CS|TAMS 0x0000000710800000, 0x0000000710800000| Complete 
| 249|0x0000000710900000, 0x0000000710a00000, 0x0000000710a00000|100%| E|CS|TAMS 0x0000000710900000, 0x0000000710900000| Complete 
| 250|0x0000000710a00000, 0x0000000710b00000, 0x0000000710b00000|100%| E|CS|TAMS 0x0000000710a00000, 0x0000000710a00000| Complete 
| 251|0x0000000710b00000, 0x0000000710c00000, 0x0000000710c00000|100%| E|CS|TAMS 0x0000000710b00000, 0x0000000710b00000| Complete 
| 252|0x0000000710c00000, 0x0000000710d00000, 0x0000000710d00000|100%| E|CS|TAMS 0x0000000710c00000, 0x0000000710c00000| Complete 
| 253|0x0000000710d00000, 0x0000000710e00000, 0x0000000710e00000|100%| E|CS|TAMS 0x0000000710d00000, 0x0000000710d00000| Complete 
| 254|0x0000000710e00000, 0x0000000710f00000, 0x0000000710f00000|100%| E|CS|TAMS 0x0000000710e00000, 0x0000000710e00000| Complete 
| 255|0x0000000710f00000, 0x0000000711000000, 0x0000000711000000|100%| E|CS|TAMS 0x0000000710f00000, 0x0000000710f00000| Complete 

Card table byte_map: [0x000001f6e7ce0000,0x000001f6e84e0000] _byte_map_base: 0x000001f6e44d8000

Marking Bits (Prev, Next): (CMBitMap*) 0x000001f6d003afa8, (CMBitMap*) 0x000001f6d003afe0
 Prev Bits: [0x000001f6e8ce0000, 0x000001f6ecca0000)
 Next Bits: [0x000001f6ecca0000, 0x000001f6f0c60000)

Polling page: 0x000001f6cde40000

Metaspace:

Usage:
  Non-class:     41.13 MB capacity,    40.51 MB ( 99%) used,   492.66 KB (  1%) free+waste,   133.06 KB ( <1%) overhead. 
      Class:      6.20 MB capacity,     5.77 MB ( 93%) used,   380.63 KB (  6%) free+waste,    62.00 KB ( <1%) overhead. 
       Both:     47.32 MB capacity,    46.28 MB ( 98%) used,   873.29 KB (  2%) free+waste,   195.06 KB ( <1%) overhead. 

Virtual space:
  Non-class space:       42.00 MB reserved,      41.21 MB ( 98%) committed 
      Class space:        1.00 GB reserved,       6.25 MB ( <1%) committed 
             Both:        1.04 GB reserved,      47.45 MB (  4%) committed 

Chunk freelists:
   Non-Class:  2.38 KB
       Class:  2.63 KB
        Both:  5.00 KB

CodeHeap 'non-profiled nmethods': size=120064Kb used=2171Kb max_used=2171Kb free=117892Kb
 bounds [0x000001f6dfe90000, 0x000001f6e0100000, 0x000001f6e73d0000]
CodeHeap 'profiled nmethods': size=120000Kb used=9071Kb max_used=9071Kb free=110928Kb
 bounds [0x000001f6d8960000, 0x000001f6d9240000, 0x000001f6dfe90000]
CodeHeap 'non-nmethods': size=5696Kb used=1183Kb max_used=1205Kb free=4512Kb
 bounds [0x000001f6d83d0000, 0x000001f6d8640000, 0x000001f6d8960000]
 total_blobs=4376 nmethods=3855 adapters=432
 compilation: enabled
              stopped_count=0, restarted_count=0
 full_count=0

Compilation events (10 events):
Event: 3.094 Thread 0x000001f6f3ebd000 nmethod 3996 0x000001f6e00ad890 code [0x000001f6e00ada20, 0x000001f6e00addb8]
Event: 3.094 Thread 0x000001f6f3ebd000 3999       4       java.lang.Character::digit (6 bytes)
Event: 3.095 Thread 0x000001f6f3ebd000 nmethod 3999 0x000001f6e00adf10 code [0x000001f6e00ae0a0, 0x000001f6e00ae178]
Event: 3.095 Thread 0x000001f6f3ebd000 4000       4       java.lang.CharacterDataLatin1::digit (32 bytes)
Event: 3.096 Thread 0x000001f6f3ebd000 nmethod 4000 0x000001f6e00ae290 code [0x000001f6e00ae420, 0x000001f6e00ae4f8]
Event: 3.096 Thread 0x000001f6f3ebd000 3985       4       java.util.HashMap::<init> (98 bytes)
Event: 3.096 Thread 0x000001f6f3ebd000 nmethod 3985 0x000001f6e00ae610 code [0x000001f6e00ae7a0, 0x000001f6e00ae8f8]
Event: 3.096 Thread 0x000001f6f3ebd000 4006       4       java.util.regex.Pattern$$Lambda$40/0x0000000800109040::is (9 bytes)
Event: 3.096 Thread 0x000001f6f3ebd000 nmethod 4006 0x000001f6e00aea10 code [0x000001f6e00aeba0, 0x000001f6e00aec18]
Event: 3.096 Thread 0x000001f6f3ebd000 4007       4       java.util.regex.Pattern$BmpCharProperty::match (55 bytes)

GC Heap History (10 events):
Event: 0.494 GC heap before
{Heap before GC invocations=0 (full 0):
 garbage-first heap   total 262144K, used 22528K [0x0000000701000000, 0x0000000800000000)
  region size 1024K, 22 young (22528K), 0 survivors (0K)
 Metaspace       used 10709K, capacity 10828K, committed 11136K, reserved 1058816K
  class space    used 1022K, capacity 1059K, committed 1152K, reserved 1048576K
}
Event: 0.497 GC heap after
{Heap after GC invocations=1 (full 0):
 garbage-first heap   total 262144K, used 8317K [0x0000000701000000, 0x0000000800000000)
  region size 1024K, 3 young (3072K), 3 survivors (3072K)
 Metaspace       used 10709K, capacity 10828K, committed 11136K, reserved 1058816K
  class space    used 1022K, capacity 1059K, committed 1152K, reserved 1048576K
}
Event: 0.668 GC heap before
{Heap before GC invocations=1 (full 0):
 garbage-first heap   total 262144K, used 28797K [0x0000000701000000, 0x0000000800000000)
  region size 1024K, 23 young (23552K), 3 survivors (3072K)
 Metaspace       used 16166K, capacity 16521K, committed 16768K, reserved 1064960K
  class space    used 1686K, capacity 1814K, committed 1920K, reserved 1048576K
}
Event: 0.670 GC heap after
{Heap after GC invocations=2 (full 0):
 garbage-first heap   total 262144K, used 9205K [0x0000000701000000, 0x0000000800000000)
  region size 1024K, 2 young (2048K), 2 survivors (2048K)
 Metaspace       used 16166K, capacity 16521K, committed 16768K, reserved 1064960K
  class space    used 1686K, capacity 1814K, committed 1920K, reserved 1048576K
}
Event: 0.874 GC heap before
{Heap before GC invocations=2 (full 0):
 garbage-first heap   total 262144K, used 36853K [0x0000000701000000, 0x0000000800000000)
  region size 1024K, 31 young (31744K), 2 survivors (2048K)
 Metaspace       used 20731K, capacity 21238K, committed 21504K, reserved 1069056K
  class space    used 2384K, capacity 2541K, committed 2560K, reserved 1048576K
}
Event: 0.877 GC heap after
{Heap after GC invocations=3 (full 0):
 garbage-first heap   total 262144K, used 10307K [0x0000000701000000, 0x0000000800000000)
  region size 1024K, 3 young (3072K), 3 survivors (3072K)
 Metaspace       used 20731K, capacity 21238K, committed 21504K, reserved 1069056K
  class space    used 2384K, capacity 2541K, committed 2560K, reserved 1048576K
}
Event: 1.476 GC heap before
{Heap before GC invocations=4 (full 0):
 garbage-first heap   total 262144K, used 114755K [0x0000000701000000, 0x0000000800000000)
  region size 1024K, 106 young (108544K), 3 survivors (3072K)
 Metaspace       used 28700K, capacity 29367K, committed 29564K, reserved 1075200K
  class space    used 3325K, capacity 3601K, committed 3708K, reserved 1048576K
}
Event: 1.479 GC heap after
{Heap after GC invocations=5 (full 0):
 garbage-first heap   total 262144K, used 13052K [0x0000000701000000, 0x0000000800000000)
  region size 1024K, 5 young (5120K), 5 survivors (5120K)
 Metaspace       used 28700K, capacity 29367K, committed 29564K, reserved 1075200K
  class space    used 3325K, capacity 3601K, committed 3708K, reserved 1048576K
}
Event: 2.097 GC heap before
{Heap before GC invocations=5 (full 0):
 garbage-first heap   total 262144K, used 62204K [0x0000000701000000, 0x0000000800000000)
  region size 1024K, 54 young (55296K), 5 survivors (5120K)
 Metaspace       used 35204K, capacity 35941K, committed 36048K, reserved 1081344K
  class space    used 4193K, capacity 4519K, committed 4604K, reserved 1048576K
}
Event: 2.102 GC heap after
{Heap after GC invocations=6 (full 0):
 garbage-first heap   total 262144K, used 15776K [0x0000000701000000, 0x0000000800000000)
  region size 1024K, 8 young (8192K), 8 survivors (8192K)
 Metaspace       used 35204K, capacity 35941K, committed 36048K, reserved 1081344K
  class space    used 4193K, capacity 4519K, committed 4604K, reserved 1048576K
}

Deoptimization events (10 events):
Event: 2.431 Thread 0x000001f6cffda800 Uncommon trap: reason=speculate_class_check action=maybe_recompile pc=0x000001f6dff440f4 method=java.util.zip.InflaterInputStream.read([BII)I @ 100 c2
Event: 2.451 Thread 0x000001f6cffda800 Uncommon trap: reason=unstable_if action=reinterpret pc=0x000001f6dfec6234 method=java.util.jar.Manifest$FastInputStream.readLine([BII)I @ 130 c2
Event: 2.581 Thread 0x000001f6cffda800 Uncommon trap: reason=unstable_if action=reinterpret pc=0x000001f6e000cbb0 method=org.springframework.boot.context.properties.source.ConfigurationPropertyName.equals(Ljava/lang/Object;)Z @ 8 c2
Event: 2.586 Thread 0x000001f6f6f54800 Uncommon trap: reason=unstable_if action=reinterpret pc=0x000001f6dff277ac method=java.net.URL.<init>(Ljava/net/URL;Ljava/lang/String;Ljava/net/URLStreamHandler;)V @ 57 c2
Event: 2.586 Thread 0x000001f6f6f54800 Uncommon trap: reason=unstable_if action=reinterpret pc=0x000001f6e0048c00 method=java.net.URLStreamHandler.parseURL(Ljava/net/URL;Ljava/lang/String;II)V @ 57 c2
Event: 2.920 Thread 0x000001f6cffda800 Uncommon trap: reason=unstable_if action=reinterpret pc=0x000001f6e00876f4 method=java.util.WeakHashMap.put(Ljava/lang/Object;Ljava/lang/Object;)Ljava/lang/Object; @ 148 c2
Event: 2.959 Thread 0x000001f6cffda800 Uncommon trap: reason=unstable_if action=reinterpret pc=0x000001f6dfff5fec method=java.lang.String.valueOf(Ljava/lang/Object;)Ljava/lang/String; @ 1 c2
Event: 2.975 Thread 0x000001f6cffda800 Uncommon trap: reason=unstable_if action=reinterpret pc=0x000001f6e004bbe0 method=java.net.URI.match(CJJ)Z @ 45 c2
Event: 2.978 Thread 0x000001f6cffda800 Uncommon trap: reason=unstable_if action=reinterpret pc=0x000001f6e003f324 method=sun.nio.cs.UTF_8$Decoder.decodeArrayLoop(Ljava/nio/ByteBuffer;Ljava/nio/CharBuffer;)Ljava/nio/charset/CoderResult; @ 110 c2
Event: 2.979 Thread 0x000001f6cffda800 Uncommon trap: reason=unstable_if action=reinterpret pc=0x000001f6e003ea20 method=sun.nio.cs.UTF_8$Decoder.decodeArrayLoop(Ljava/nio/ByteBuffer;Ljava/nio/CharBuffer;)Ljava/nio/charset/CoderResult; @ 110 c2

Classes redefined (0 events):
No events

Internal exceptions (10 events):
Event: 2.588 Thread 0x000001f6cffda800 Exception <a 'java/lang/NullPointerException'{0x000000070c293800}> (0x000000070c293800) thrown at [./open/src/hotspot/share/runtime/sharedRuntime.cpp, line 584]
Event: 2.588 Thread 0x000001f6cffda800 Implicit null exception at 0x000001f6d8ea901d to 0x000001f6d8ea960f
Event: 2.588 Thread 0x000001f6cffda800 Exception <a 'java/lang/NullPointerException'{0x000000070c294688}> (0x000000070c294688) thrown at [./open/src/hotspot/share/runtime/sharedRuntime.cpp, line 584]
Event: 2.588 Thread 0x000001f6cffda800 Implicit null exception at 0x000001f6d8ea901d to 0x000001f6d8ea960f
Event: 2.588 Thread 0x000001f6cffda800 Exception <a 'java/lang/NullPointerException'{0x000000070c295c10}> (0x000000070c295c10) thrown at [./open/src/hotspot/share/runtime/sharedRuntime.cpp, line 584]
Event: 2.588 Thread 0x000001f6cffda800 Implicit null exception at 0x000001f6d8ea901d to 0x000001f6d8ea960f
Event: 2.588 Thread 0x000001f6cffda800 Exception <a 'java/lang/NullPointerException'{0x000000070c296aa0}> (0x000000070c296aa0) thrown at [./open/src/hotspot/share/runtime/sharedRuntime.cpp, line 584]
Event: 2.588 Thread 0x000001f6cffda800 Implicit null exception at 0x000001f6d8ea901d to 0x000001f6d8ea960f
Event: 2.589 Thread 0x000001f6cffda800 Exception <a 'java/lang/NullPointerException'{0x000000070c2978d8}> (0x000000070c2978d8) thrown at [./open/src/hotspot/share/runtime/sharedRuntime.cpp, line 584]
Event: 2.959 Thread 0x000001f6cffda800 Implicit null exception at 0x000001f6dfff5fac to 0x000001f6dfff5fde

Events (10 events):
Event: 3.090 loading class sun/security/util/ByteArrayTagOrder
Event: 3.090 loading class sun/security/util/ByteArrayTagOrder done
Event: 3.090 loading class sun/security/util/ObjectIdentifier
Event: 3.091 loading class sun/security/util/ObjectIdentifier done
Event: 3.092 loading class java/security/spec/ECFieldF2m
Event: 3.093 loading class java/security/spec/ECFieldF2m done
Event: 3.097 loading class com/sun/net/ssl/internal/ssl/Provider
Event: 3.097 loading class sun/security/ssl/SunJSSE
Event: 3.097 loading class sun/security/ssl/SunJSSE done
Event: 3.097 Executing VM operation: Deoptimize


Dynamic libraries:
0x00007ff6543a0000 - 0x00007ff6543af000 	C:\Program Files\Java\jdk-11.0.8\bin\java.exe
0x00007ffd46e80000 - 0x00007ffd47070000 	C:\WINDOWS\SYSTEM32\ntdll.dll
0x00007ffd45fd0000 - 0x00007ffd46082000 	C:\WINDOWS\System32\KERNEL32.DLL
0x00007ffd44750000 - 0x00007ffd449f4000 	C:\WINDOWS\System32\KERNELBASE.dll
0x00007ffd44e30000 - 0x00007ffd44f2a000 	C:\WINDOWS\System32\ucrtbase.dll
0x00007ffd3a890000 - 0x00007ffd3a8a8000 	C:\Program Files\Java\jdk-11.0.8\bin\jli.dll
0x00007ffd45930000 - 0x00007ffd459d3000 	C:\WINDOWS\System32\ADVAPI32.dll
0x00007ffd3abd0000 - 0x00007ffd3abe5000 	C:\Program Files\Java\jdk-11.0.8\bin\VCRUNTIME140.dll
0x00007ffd461d0000 - 0x00007ffd4626e000 	C:\WINDOWS\System32\msvcrt.dll
0x00007ffd46100000 - 0x00007ffd46197000 	C:\WINDOWS\System32\sechost.dll
0x00007ffd451a0000 - 0x00007ffd452c0000 	C:\WINDOWS\System32\RPCRT4.dll
0x00007ffd452d0000 - 0x00007ffd45465000 	C:\WINDOWS\System32\USER32.dll
0x00007ffd44d80000 - 0x00007ffd44da1000 	C:\WINDOWS\System32\win32u.dll
0x00007ffd461a0000 - 0x00007ffd461c6000 	C:\WINDOWS\System32\GDI32.dll
0x00007ffd36090000 - 0x00007ffd36314000 	C:\WINDOWS\WinSxS\amd64_microsoft.windows.common-controls_6595b64144ccf1df_6.0.18362.1016_none_9e7a36bbe461dae4\COMCTL32.dll
0x00007ffd44be0000 - 0x00007ffd44d76000 	C:\WINDOWS\System32\gdi32full.dll
0x00007ffd455f0000 - 0x00007ffd45925000 	C:\WINDOWS\System32\combase.dll
0x00007ffd446b0000 - 0x00007ffd4474e000 	C:\WINDOWS\System32\msvcp_win.dll
0x00007ffd44db0000 - 0x00007ffd44e30000 	C:\WINDOWS\System32\bcryptPrimitives.dll
0x00007ffd3ec60000 - 0x00007ffd3ec6a000 	C:\WINDOWS\SYSTEM32\VERSION.dll
0x00007ffd465e0000 - 0x00007ffd4660e000 	C:\WINDOWS\System32\IMM32.DLL
0x00007ffd2a730000 - 0x00007ffd2a7cb000 	C:\Program Files\Java\jdk-11.0.8\bin\msvcp140.dll
0x00007ffce1d60000 - 0x00007ffce2846000 	C:\Program Files\Java\jdk-11.0.8\bin\server\jvm.dll
0x00007ffd455e0000 - 0x00007ffd455e8000 	C:\WINDOWS\System32\PSAPI.DLL
0x00007ffd3fb60000 - 0x00007ffd3fb69000 	C:\WINDOWS\SYSTEM32\WSOCK32.dll
0x00007ffd41e50000 - 0x00007ffd41e74000 	C:\WINDOWS\SYSTEM32\WINMM.dll
0x000001f6cf730000 - 0x000001f6cf79f000 	C:\WINDOWS\System32\ws2_32.DLL
0x00007ffd41e20000 - 0x00007ffd41e4d000 	C:\WINDOWS\SYSTEM32\WINMMBASE.dll
0x00007ffd43e00000 - 0x00007ffd43e4a000 	C:\WINDOWS\System32\cfgmgr32.dll
0x00007ffd43d40000 - 0x00007ffd43d51000 	C:\WINDOWS\System32\kernel.appcore.dll
0x00007ffd3b480000 - 0x00007ffd3b490000 	C:\Program Files\Java\jdk-11.0.8\bin\verify.dll
0x00007ffd3d4c0000 - 0x00007ffd3d6b4000 	C:\WINDOWS\SYSTEM32\DBGHELP.DLL
0x00007ffd29950000 - 0x00007ffd2997a000 	C:\WINDOWS\SYSTEM32\dbgcore.DLL
0x00007ffd3a860000 - 0x00007ffd3a888000 	C:\Program Files\Java\jdk-11.0.8\bin\java.dll
0x00007ffd3a850000 - 0x00007ffd3a85a000 	C:\Program Files\Java\jdk-11.0.8\bin\jimage.dll
0x00007ffd3a730000 - 0x00007ffd3a73e000 	C:\Program Files\Java\jdk-11.0.8\bin\instrument.dll
0x00007ffd3a830000 - 0x00007ffd3a846000 	C:\Program Files\Java\jdk-11.0.8\bin\zip.dll
0x00007ffd466f0000 - 0x00007ffd46dd7000 	C:\WINDOWS\System32\SHELL32.dll
0x00007ffd45e50000 - 0x00007ffd45ef9000 	C:\WINDOWS\System32\shcore.dll
0x00007ffd43e50000 - 0x00007ffd445d2000 	C:\WINDOWS\System32\windows.storage.dll
0x00007ffd43dd0000 - 0x00007ffd43df3000 	C:\WINDOWS\System32\profapi.dll
0x00007ffd43d80000 - 0x00007ffd43dca000 	C:\WINDOWS\System32\powrprof.dll
0x00007ffd43d30000 - 0x00007ffd43d40000 	C:\WINDOWS\System32\UMPDC.dll
0x00007ffd46de0000 - 0x00007ffd46e32000 	C:\WINDOWS\System32\shlwapi.dll
0x00007ffd445e0000 - 0x00007ffd445f7000 	C:\WINDOWS\System32\cryptsp.dll
0x00007ffd3a710000 - 0x00007ffd3a729000 	C:\Program Files\Java\jdk-11.0.8\bin\net.dll
0x00007ffd35500000 - 0x00007ffd355f0000 	C:\WINDOWS\SYSTEM32\WINHTTP.dll
0x00007ffd43540000 - 0x00007ffd435a7000 	C:\WINDOWS\system32\mswsock.dll
0x00007ffd39cf0000 - 0x00007ffd39d02000 	C:\Program Files\Java\jdk-11.0.8\bin\nio.dll
0x00007ffd35aa0000 - 0x00007ffd35aba000 	C:\Program Files\JetBrains\IntelliJ IDEA Community Edition 2020.2\bin\breakgen64.dll
0x00007ffd3a700000 - 0x00007ffd3a709000 	C:\Program Files\Java\jdk-11.0.8\bin\management.dll
0x00007ffd35920000 - 0x00007ffd3592b000 	C:\Program Files\Java\jdk-11.0.8\bin\management_ext.dll
0x00007ffd37ab0000 - 0x00007ffd37ac6000 	C:\WINDOWS\system32\napinsp.dll
0x00007ffd35690000 - 0x00007ffd356aa000 	C:\WINDOWS\system32\pnrpnsp.dll
0x00007ffd20450000 - 0x00007ffd20465000 	C:\WINDOWS\system32\wshbth.dll
0x00007ffd40530000 - 0x00007ffd4054c000 	C:\WINDOWS\system32\NLAapi.dll
0x00007ffd43260000 - 0x00007ffd4329a000 	C:\WINDOWS\SYSTEM32\IPHLPAPI.DLL
0x00007ffd432a0000 - 0x00007ffd4336b000 	C:\WINDOWS\SYSTEM32\DNSAPI.dll
0x00007ffd452c0000 - 0x00007ffd452c8000 	C:\WINDOWS\System32\NSI.dll
0x00007ffd3fd20000 - 0x00007ffd3fd2e000 	C:\WINDOWS\System32\winrnr.dll
0x00007ffd34c90000 - 0x00007ffd34c9a000 	C:\Windows\System32\rasadhlp.dll
0x00007ffd3d040000 - 0x00007ffd3d0b7000 	C:\WINDOWS\System32\fwpuclnt.dll
0x00007ffd44b50000 - 0x00007ffd44b76000 	C:\WINDOWS\System32\bcrypt.dll
0x00007ffd43060000 - 0x00007ffd43093000 	C:\WINDOWS\system32\rsaenh.dll
0x00007ffd43c20000 - 0x00007ffd43c45000 	C:\WINDOWS\SYSTEM32\USERENV.dll
0x00007ffd436c0000 - 0x00007ffd436cc000 	C:\WINDOWS\SYSTEM32\CRYPTBASE.dll
0x00007ffd3d4a0000 - 0x00007ffd3d4b6000 	C:\WINDOWS\SYSTEM32\dhcpcsvc6.DLL
0x00007ffd3d450000 - 0x00007ffd3d46c000 	C:\WINDOWS\SYSTEM32\dhcpcsvc.DLL
0x00007ffd2f4c0000 - 0x00007ffd2f4cd000 	C:\Program Files\Java\jdk-11.0.8\bin\sunmscapi.dll
0x00007ffd44a00000 - 0x00007ffd44b49000 	C:\WINDOWS\System32\CRYPT32.dll
0x00007ffd43d60000 - 0x00007ffd43d72000 	C:\WINDOWS\System32\MSASN1.dll
0x00007ffd43840000 - 0x00007ffd43866000 	C:\WINDOWS\SYSTEM32\ncrypt.dll
0x00007ffd437d0000 - 0x00007ffd4380b000 	C:\WINDOWS\SYSTEM32\NTASN1.dll
0x00007ffd17160000 - 0x00007ffd17185000 	C:\Program Files\Java\jdk-11.0.8\bin\sunec.dll

dbghelp: loaded successfully - version: 4.0.5 - missing functions: none
symbol engine: initialized successfully - sym options: 0x614 - pdb path: .;C:\Program Files\Java\jdk-11.0.8\bin;C:\WINDOWS\SYSTEM32;C:\WINDOWS\WinSxS\amd64_microsoft.windows.common-controls_6595b64144ccf1df_6.0.18362.1016_none_9e7a36bbe461dae4;C:\Program Files\Java\jdk-11.0.8\bin\server;C:\Program Files\JetBrains\IntelliJ IDEA Community Edition 2020.2\bin

VM Arguments:
jvm_args: -javaagent:C:\Program Files\JetBrains\IntelliJ IDEA Community Edition 2020.2\lib\idea_rt.jar=52782:C:\Program Files\JetBrains\IntelliJ IDEA Community Edition 2020.2\bin -Dfile.encoding=UTF-8 
java_command: com.example.demo.DemoApplication
java_class_path (initial): C:\Users\lehan\Documents\Work\Presbo\project-management-app\target\classes;C:\Users\lehan\.m2\repository\org\springframework\boot\spring-boot-starter-data-jpa\2.2.4.RELEASE\spring-boot-starter-data-jpa-2.2.4.RELEASE.jar;C:\Users\lehan\.m2\repository\org\springframework\boot\spring-boot-starter-aop\2.2.4.RELEASE\spring-boot-starter-aop-2.2.4.RELEASE.jar;C:\Users\lehan\.m2\repository\org\aspectj\aspectjweaver\1.9.5\aspectjweaver-1.9.5.jar;C:\Users\lehan\.m2\repository\org\springframework\boot\spring-boot-starter-jdbc\2.2.4.RELEASE\spring-boot-starter-jdbc-2.2.4.RELEASE.jar;C:\Users\lehan\.m2\repository\com\zaxxer\HikariCP\3.4.2\HikariCP-3.4.2.jar;C:\Users\lehan\.m2\repository\org\springframework\spring-jdbc\5.2.3.RELEASE\spring-jdbc-5.2.3.RELEASE.jar;C:\Users\lehan\.m2\repository\jakarta\activation\jakarta.activation-api\1.2.1\jakarta.activation-api-1.2.1.jar;C:\Users\lehan\.m2\repository\jakarta\persistence\jakarta.persistence-api\2.2.3\jakarta.persistence-api-2.2.3.jar;C:\Users\lehan\.m2\repository\jakarta\transaction\jakarta.transaction-api\1.3.3\jakarta.transaction-api-1.3.3.jar;C:\Users\lehan\.m2\repository\org\hibernate\hibernate-core\5.4.10.Final\hibernate-core-5.4.10.Final.jar;C:\Users\lehan\.m2\repository\org\jboss\logging\jboss-logging\3.4.1.Final\jboss-logging-3.4.1.Final.jar;C:\Users\lehan\.m2\repository\org\javassist\javassist\3.24.0-GA\javassist-3.24.0-GA.jar;C:\Users\lehan\.m2\repository\net\bytebuddy\byte-buddy\1.10.6\byte-buddy-1.10.6.jar;C:\Users\lehan\.m2\repository\antlr\antlr\2.7.7\antlr-2.7.7.jar;C:\Users\lehan\.m2\repository\org\jboss\jandex\2.1.1.Final\jandex-2.1.1.Final.jar;C:\Users\lehan\.m2\repository\com\fasterxml\classmate\1.5.1\classmate-1.5.1.jar;C:\Users\lehan\.m2\repository\org\dom4j\dom4j\2.1.1\dom4j-2.1.1.jar;C:\Users\lehan\.m2\repository\org\hibernate\common\hibernate-commons-annotations\5.1.0.Final\hibernate-commons-annotations-5.1.0.Final.jar;C:\Users\lehan\.m2\repository\org\glassfish\jaxb\jaxb-runtim
Launcher Type: SUN_STANDARD

[Global flags]
     intx CICompilerCount                          = 3                                         {product} {ergonomic}
     uint ConcGCThreads                            = 2                                         {product} {ergonomic}
     uint G1ConcRefinementThreads                  = 6                                         {product} {ergonomic}
   size_t G1HeapRegionSize                         = 1048576                                   {product} {ergonomic}
    uintx GCDrainStackTargetSize                   = 64                                        {product} {ergonomic}
   size_t InitialHeapSize                          = 268435456                                 {product} {ergonomic}
   size_t MarkStackSize                            = 4194304                                   {product} {ergonomic}
   size_t MaxHeapSize                              = 4278190080                                {product} {ergonomic}
   size_t MaxNewSize                               = 2566914048                                {product} {ergonomic}
   size_t MinHeapDeltaBytes                        = 1048576                                   {product} {ergonomic}
    uintx NonNMethodCodeHeapSize                   = 5830732                                {pd product} {ergonomic}
    uintx NonProfiledCodeHeapSize                  = 122913754                              {pd product} {ergonomic}
    uintx ProfiledCodeHeapSize                     = 122913754                              {pd product} {ergonomic}
    uintx ReservedCodeCacheSize                    = 251658240                              {pd product} {ergonomic}
     bool SegmentedCodeCache                       = true                                      {product} {ergonomic}
     bool UseCompressedClassPointers               = true                                 {lp64_product} {ergonomic}
     bool UseCompressedOops                        = true                                 {lp64_product} {ergonomic}
     bool UseG1GC                                  = true                                      {product} {ergonomic}
     bool UseLargePagesIndividualAllocation        = false                                  {pd product} {ergonomic}

Logging:
Log output configuration:
 #0: stdout all=warning uptime,level,tags
 #1: stderr all=off uptime,level,tags

Environment Variables:
JAVA_HOME=C:\Program Files\Java\jdk-11.0.8
PATH=C:\Program Files\Common Files\Oracle\Java\javapath;C:\WINDOWS\system32;C:\WINDOWS;C:\WINDOWS\System32\Wbem;C:\WINDOWS\System32\WindowsPowerShell\v1.0\;C:\WINDOWS\System32\OpenSSH\;C:\Program Files\Docker\Docker\resources\bin;C:\ProgramData\DockerDesktop\version-bin;C:\Program Files\nodejs\;C:\Program Files\Git\cmd;C:\Program Files\RedHat\java-11-openjdk-11.0.8-2\bin;C:\Program Files\Java\jdk-11.0.8\bin;C:\Program Files\apache-maven-3.6.3\bin;C:\ProgramData\chocolatey\bin;C:\Users\lehan\AppData\Local\Microsoft\WindowsApps;C:\Users\lehan\AppData\Local\Programs\Microsoft VS Code\bin;C:\Users\lehan\AppData\Local\GitHubDesktop\bin;C:\Users\lehan\AppData\Roaming\npm;C:\tools\dart-sdk\bin;C:\Users\lehan\AppData\Roaming\Pub\Cache\bin;D:\Work_Programs\flutter\bin;;C:\Program Files\JetBrains\IntelliJ IDEA Community Edition 2020.2\bin;
USERNAME=lehan
OS=Windows_NT
PROCESSOR_IDENTIFIER=Intel64 Family 6 Model 158 Stepping 10, GenuineIntel



---------------  S Y S T E M  ---------------

OS: Windows 10 , 64 bit Build 18362 (10.0.18362.959)
HyperV virtualization detected

CPU:total 6 (initial active 6) (6 cores per cpu, 1 threads per core) family 6 model 158 stepping 10, cmov, cx8, fxsr, mmx, sse, sse2, sse3, ssse3, sse4.1, sse4.2, popcnt, avx, avx2, aes, clmul, erms, 3dnowpref, lzcnt, tsc, tscinvbit, bmi1, bmi2, adx, fma

Memory: 4k page, system-wide physical 16314M (4624M free)
TotalPageFile size 23738M (AvailPageFile size 6959M)
current process WorkingSet (physical memory assigned to process): 279M, peak: 282M
current process commit charge ("private bytes"): 449M, peak: 452M

vm_info: Java HotSpot(TM) 64-Bit Server VM (11.0.8+10-LTS) for windows-amd64 JRE (11.0.8+10-LTS), built on Jun 16 2020 05:53:08 by "mach5one" with unknown MS VC++:1916

END.
