#
# A fatal error has been detected by the Java Runtime Environment:
#
#  EXCEPTION_ACCESS_VIOLATION (0xc0000005) at pc=0x00007ffc490f53d0, pid=15460, tid=6372
#
# JRE version: Java(TM) SE Runtime Environment (11.0.6+8) (build 11.0.6+8-LTS)
# Java VM: Java HotSpot(TM) 64-Bit Server VM (11.0.6+8-LTS, mixed mode, tiered, compressed oops, g1 gc, windows-amd64)
# Problematic frame:
# V  [jvm.dll+0x2c53d0]
#
# No core dump will be written. Minidumps are not enabled by default on client versions of Windows
#
# If you would like to submit a bug report, please visit:
#   http://bugreport.java.com/bugreport/crash.jsp
#

---------------  S U M M A R Y ------------

Command Line: --add-modules=ALL-SYSTEM --add-opens=java.base/java.util=ALL-UNNAMED --add-opens=java.base/java.lang=ALL-UNNAMED -Declipse.application=org.eclipse.jdt.ls.core.id1 -Dosgi.bundles.defaultStartLevel=4 -Declipse.product=org.eclipse.jdt.ls.core.product -Dfile.encoding=utf8 -DwatchParentProcess=false -Xmx1G -XX:+UseG1GC -XX:+UseStringDeduplication -javaagent:C:\Users\lehan\.vscode\extensions\gabrielbb.vscode-lombok-1.0.1\server\lombok.jar -Xverify:none c:\Users\lehan\.vscode\extensions\redhat.java-0.57.0\server\plugins\org.eclipse.equinox.launcher_1.5.700.v20200207-2156.jar -configuration c:\Users\lehan\.vscode\extensions\redhat.java-0.57.0\server\config_win -data c:\Users\lehan\AppData\Roaming\Code\User\workspaceStorage\ec6e5bf5ab9010b47ec1fdcad6ba4a40\redhat.java\jdt_ws

Host: Intel(R) Core(TM) i5-8400 CPU @ 2.80GHz, 6 cores, 15G,  Windows 10 , 64 bit Build 18362 (10.0.18362.329)
Time: Thu Feb 27 16:47:20 2020 South Africa Standard Time elapsed time: 0 seconds (0d 0h 0m 0s)

---------------  T H R E A D  ---------------

Current thread (0x00000228c1989000):  JavaThread "main" [_thread_in_vm, id=6372, stack(0x0000008daed00000,0x0000008daee00000)]

Stack: [0x0000008daed00000,0x0000008daee00000],  sp=0x0000008daedfd390,  free space=1012k
Native frames: (J=compiled Java code, j=interpreted, Vv=VM code, C=native code)
V  [jvm.dll+0x2c53d0]
V  [jvm.dll+0x7105e3]
V  [jvm.dll+0x4172eb]
C  [java.dll+0x1c21]

Java frames: (J=compiled Java code, j=interpreted, Vv=VM code)
j  java.lang.ClassLoader.findBootstrapClass(Ljava/lang/String;)Ljava/lang/Class;+0 java.base@11.0.6
j  java.lang.ClassLoader.findBootstrapClassOrNull(Ljava/lang/String;)Ljava/lang/Class;+12 java.base@11.0.6
j  java.lang.System$2.findBootstrapClassOrNull(Ljava/lang/ClassLoader;Ljava/lang/String;)Ljava/lang/Class;+2 java.base@11.0.6
j  jdk.internal.loader.ClassLoaders$BootClassLoader.loadClassOrNull(Ljava/lang/String;)Ljava/lang/Class;+5 java.base@11.0.6
J 899 c1 jdk.internal.loader.BuiltinClassLoader.loadClassOrNull(Ljava/lang/String;Z)Ljava/lang/Class; java.base@11.0.6 (143 bytes) @ 0x00000228ca40ba1c [0x00000228ca40ac00+0x0000000000000e1c]
j  jdk.internal.loader.BuiltinClassLoader.loadClass(Ljava/lang/String;Z)Ljava/lang/Class;+3 java.base@11.0.6
j  java.lang.ClassLoader.loadClass(Ljava/lang/String;Z)Ljava/lang/Class;+38 java.base@11.0.6
J 876 c1 java.lang.ClassLoader.loadClass(Ljava/lang/String;)Ljava/lang/Class; java.base@11.0.6 (7 bytes) @ 0x00000228ca4036bc [0x00000228ca4035c0+0x00000000000000fc]
v  ~StubRoutines::call_stub
j  org.eclipse.osgi.internal.permadmin.SecurityAdmin.<init>(Lorg/eclipse/osgi/internal/permadmin/EquinoxSecurityManager;Lorg/eclipse/osgi/storage/PermissionData;)V+179
j  org.eclipse.osgi.storage.Storage.<init>(Lorg/eclipse/osgi/internal/framework/EquinoxContainer;[Ljava/lang/String;)V+632
j  org.eclipse.osgi.storage.Storage.createStorage(Lorg/eclipse/osgi/internal/framework/EquinoxContainer;)Lorg/eclipse/osgi/storage/Storage;+11
j  org.eclipse.osgi.internal.framework.EquinoxContainer.<init>(Ljava/util/Map;)V+123
j  org.eclipse.osgi.launch.Equinox.<init>(Ljava/util/Map;)V+9
j  org.eclipse.core.runtime.adaptor.EclipseStarter.startup([Ljava/lang/String;Ljava/lang/Runnable;)Lorg/osgi/framework/BundleContext;+28
j  org.eclipse.core.runtime.adaptor.EclipseStarter.run([Ljava/lang/String;Ljava/lang/Runnable;)Ljava/lang/Object;+21
v  ~StubRoutines::call_stub
j  jdk.internal.reflect.NativeMethodAccessorImpl.invoke0(Ljava/lang/reflect/Method;Ljava/lang/Object;[Ljava/lang/Object;)Ljava/lang/Object;+0 java.base@11.0.6
j  jdk.internal.reflect.NativeMethodAccessorImpl.invoke(Ljava/lang/Object;[Ljava/lang/Object;)Ljava/lang/Object;+100 java.base@11.0.6
j  jdk.internal.reflect.DelegatingMethodAccessorImpl.invoke(Ljava/lang/Object;[Ljava/lang/Object;)Ljava/lang/Object;+6 java.base@11.0.6
j  java.lang.reflect.Method.invoke(Ljava/lang/Object;[Ljava/lang/Object;)Ljava/lang/Object;+59 java.base@11.0.6
j  org.eclipse.equinox.launcher.Main.invokeFramework([Ljava/lang/String;[Ljava/net/URL;)V+201
j  org.eclipse.equinox.launcher.Main.basicRun([Ljava/lang/String;)V+159
j  org.eclipse.equinox.launcher.Main.run([Ljava/lang/String;)I+4
j  org.eclipse.equinox.launcher.Main.main([Ljava/lang/String;)V+10
v  ~StubRoutines::call_stub

siginfo: EXCEPTION_ACCESS_VIOLATION (0xc0000005), reading address 0x000002289e867c90


Register to memory mapping:

RIP=0x00007ffc490f53d0 jvm.dll
RAX=0x00000228ddb40670 points into unknown readable memory: 00 00 00 00 00 00 00 00
RBX=0x000002289e867c90 is an unknown value
RCX=0x0 is NULL
RDX=
[error occurred during error reporting (printing register info), id 0xc0000005, EXCEPTION_ACCESS_VIOLATION (0xc0000005) at pc=0x00007ffc49122f56]

Registers:
RAX=0x00000228ddb40670, RBX=0x000002289e867c90, RCX=0x0000000000000000, RDX=0x00000000ffffd8f1
RSP=0x0000008daedfd390, RBP=0x0000008daedfd600, RSI=0x0000000000000000, RDI=0x0000000000000000
R8 =0x00000228df01c8b0, R9 =0x0000000000000000, R10=0x000000005950d909, R11=0x0000000000000001
R12=0x0000000000000000, R13=0x00000228df01c8b0, R14=0x0000000000000000, R15=0x00000228c1989000
RIP=0x00007ffc490f53d0, EFLAGS=0x0000000000010206

Top of Stack: (sp=0x0000008daedfd390)
0x0000008daedfd390:   0000008daedfd390 00007ffc493fb856
0x0000008daedfd3a0:   0000008daedfd400 00000228ddef4350
0x0000008daedfd3b0:   0000000000000000 00007ffc495405e3
0x0000008daedfd3c0:   0000000000000000 0000000000000000
0x0000008daedfd3d0:   0000008daedfd3f0 0000008daedfd460
0x0000008daedfd3e0:   00000228c9d19b80 00000000ce9da0d0
0x0000008daedfd3f0:   0000008daedfd450 00000228c1989000
0x0000008daedfd400:   0000008d5950d909 00007ffc49536340
0x0000008daedfd410:   00000228ddb40260 00000228ddafc9f0
0x0000008daedfd420:   0000000100000820 0000000000000000
0x0000008daedfd430:   0000000000000000 00007ffc49535f00
0x0000008daedfd440:   000000009abaf4c2 0000008daedfd550
0x0000008daedfd450:   00007ffc49699738 00007ffc48f35b49
0x0000008daedfd460:   000002289abaf4c2 00007ffc4920a70b
0x0000008daedfd470:   00000228c1989000 00000228c1989000
0x0000008daedfd480:   00000228c197ec90 00000228c1987b80 

Instructions: (pc=0x00007ffc490f53d0)
0x00007ffc490f53b0:   48 8b 41 08 48 63 da 48 8b 1c d8 48 85 db 74 36
0x00007ffc490f53c0:   0f b6 0d 42 2f 79 00 ba f1 d8 ff ff 0f 1f 40 00
0x00007ffc490f53d0:   44 39 13 75 17 48 8b 43 10 4c 39 40 18 75 0d 84
0x00007ffc490f53e0:   c9 74 1b 66 39 90 c8 00 00 00 75 12 48 8b 5b 08 


Stack slot to memory mapping:
stack at sp + 0 slots: 0x0000008daedfd390 is pointing into the stack for thread: 0x00000228c1989000
stack at sp + 1 slots: 0x00007ffc493fb856 jvm.dll
stack at sp + 2 slots: 0x0000008daedfd400 is pointing into the stack for thread: 0x00000228c1989000
stack at sp + 3 slots: 0x00000228ddef4350 is pointing into metadata
stack at sp + 4 slots: 0x0 is NULL
stack at sp + 5 slots: 0x00007ffc495405e3 jvm.dll
stack at sp + 6 slots: 0x0 is NULL
stack at sp + 7 slots: 0x0 is NULL


---------------  P R O C E S S  ---------------

Threads class SMR info:
_java_thread_list=0x00000228dea9ea80, length=11, elements={
0x00000228c1989000, 0x00000228de4b0800, 0x00000228de4fc800, 0x00000228de50a000,
0x00000228de50a800, 0x00000228de50f800, 0x00000228de518800, 0x00000228de51c800,
0x00000228de6e6800, 0x00000228de714000, 0x00000228dea91000
}

Java Threads: ( => current thread )
=>0x00000228c1989000 JavaThread "main" [_thread_in_vm, id=6372, stack(0x0000008daed00000,0x0000008daee00000)]
  0x00000228de4b0800 JavaThread "Reference Handler" daemon [_thread_blocked, id=11128, stack(0x0000008daf500000,0x0000008daf600000)]
  0x00000228de4fc800 JavaThread "Finalizer" daemon [_thread_blocked, id=24964, stack(0x0000008daf600000,0x0000008daf700000)]
  0x00000228de50a000 JavaThread "Signal Dispatcher" daemon [_thread_blocked, id=13908, stack(0x0000008daf700000,0x0000008daf800000)]
  0x00000228de50a800 JavaThread "Attach Listener" daemon [_thread_blocked, id=24680, stack(0x0000008daf800000,0x0000008daf900000)]
  0x00000228de50f800 JavaThread "C2 CompilerThread0" daemon [_thread_blocked, id=14480, stack(0x0000008daf900000,0x0000008dafa00000)]
  0x00000228de518800 JavaThread "C1 CompilerThread0" daemon [_thread_blocked, id=3380, stack(0x0000008dafa00000,0x0000008dafb00000)]
  0x00000228de51c800 JavaThread "Sweeper thread" daemon [_thread_blocked, id=25472, stack(0x0000008dafb00000,0x0000008dafc00000)]
  0x00000228de6e6800 JavaThread "Common-Cleaner" daemon [_thread_blocked, id=28108, stack(0x0000008dafc00000,0x0000008dafd00000)]
  0x00000228de714000 JavaThread "C2 CompilerThread1" daemon [_thread_blocked, id=26428, stack(0x0000008dafd00000,0x0000008dafe00000)]
  0x00000228dea91000 JavaThread "Service Thread" daemon [_thread_blocked, id=23700, stack(0x0000008dafe00000,0x0000008daff00000)]

Other Threads:
  0x00000228ddc84800 VMThread "VM Thread" [stack: 0x0000008daf400000,0x0000008daf500000] [id=25460]
  0x00000228deab3800 WatcherThread [stack: 0x0000008daff00000,0x0000008db0000000] [id=14736]
  0x00000228c199d800 GCTaskThread "GC Thread#0" [stack: 0x0000008daee00000,0x0000008daef00000] [id=19080]
  0x00000228df62f000 GCTaskThread "GC Thread#1" [stack: 0x0000008db0000000,0x0000008db0100000] [id=18928]
  0x00000228df5f2000 GCTaskThread "GC Thread#2" [stack: 0x0000008db0100000,0x0000008db0200000] [id=22724]
  0x00000228df209800 GCTaskThread "GC Thread#3" [stack: 0x0000008db0200000,0x0000008db0300000] [id=3724]
  0x00000228df14d000 GCTaskThread "GC Thread#4" [stack: 0x0000008db0300000,0x0000008db0400000] [id=18308]
  0x00000228df0a0000 GCTaskThread "GC Thread#5" [stack: 0x0000008db0400000,0x0000008db0500000] [id=11928]
  0x00000228c19bc000 ConcurrentGCThread "G1 Main Marker" [stack: 0x0000008daef00000,0x0000008daf000000] [id=12404]
  0x00000228c19bd800 ConcurrentGCThread "G1 Conc#0" [stack: 0x0000008daf000000,0x0000008daf100000] [id=16120]
  0x00000228c1a5e000 ConcurrentGCThread "G1 Refine#0" [stack: 0x0000008daf100000,0x0000008daf200000] [id=20076]
  0x00000228ddaf0800 ConcurrentGCThread "G1 Young RemSet Sampling" [stack: 0x0000008daf200000,0x0000008daf300000] [id=15248]
  0x00000228ddaf6800 ConcurrentGCThread "StrDedup" [stack: 0x0000008daf300000,0x0000008daf400000] [id=3512]

Threads with active compile tasks:

VM state:not at safepoint (normal execution)

VM Mutex/Monitor currently owned by a thread: None

Heap address: 0x00000000c0000000, size: 1024 MB, Compressed Oops mode: 32-bit
Narrow klass base: 0x0000000000000000, Narrow klass shift: 3
Compressed class space size: 1073741824 Address: 0x0000000100000000

Heap:
 garbage-first heap   total 262144K, used 12762K [0x00000000c0000000, 0x0000000100000000)
  region size 1024K, 14 young (14336K), 3 survivors (3072K)
 Metaspace       used 11341K, capacity 11617K, committed 11648K, reserved 1060864K
  class space    used 1044K, capacity 1132K, committed 1152K, reserved 1048576K
Heap Regions: E=young(eden), S=young(survivor), O=old, HS=humongous(starts), HC=humongous(continues), CS=collection set, F=free, A=archive, TAMS=top-at-mark-start (previous, next)
|   0|0x00000000c0000000, 0x00000000c0000000, 0x00000000c0100000|  0%| F|  |TAMS 0x00000000c0000000, 0x00000000c0000000| Untracked 
|   1|0x00000000c0100000, 0x00000000c0100000, 0x00000000c0200000|  0%| F|  |TAMS 0x00000000c0100000, 0x00000000c0100000| Untracked 
|   2|0x00000000c0200000, 0x00000000c0200000, 0x00000000c0300000|  0%| F|  |TAMS 0x00000000c0200000, 0x00000000c0200000| Untracked 
|   3|0x00000000c0300000, 0x00000000c0300000, 0x00000000c0400000|  0%| F|  |TAMS 0x00000000c0300000, 0x00000000c0300000| Untracked 
|   4|0x00000000c0400000, 0x00000000c0400000, 0x00000000c0500000|  0%| F|  |TAMS 0x00000000c0400000, 0x00000000c0400000| Untracked 
|   5|0x00000000c0500000, 0x00000000c0500000, 0x00000000c0600000|  0%| F|  |TAMS 0x00000000c0500000, 0x00000000c0500000| Untracked 
|   6|0x00000000c0600000, 0x00000000c0600000, 0x00000000c0700000|  0%| F|  |TAMS 0x00000000c0600000, 0x00000000c0600000| Untracked 
|   7|0x00000000c0700000, 0x00000000c0700000, 0x00000000c0800000|  0%| F|  |TAMS 0x00000000c0700000, 0x00000000c0700000| Untracked 
|   8|0x00000000c0800000, 0x00000000c0800000, 0x00000000c0900000|  0%| F|  |TAMS 0x00000000c0800000, 0x00000000c0800000| Untracked 
|   9|0x00000000c0900000, 0x00000000c0900000, 0x00000000c0a00000|  0%| F|  |TAMS 0x00000000c0900000, 0x00000000c0900000| Untracked 
|  10|0x00000000c0a00000, 0x00000000c0a00000, 0x00000000c0b00000|  0%| F|  |TAMS 0x00000000c0a00000, 0x00000000c0a00000| Untracked 
|  11|0x00000000c0b00000, 0x00000000c0b00000, 0x00000000c0c00000|  0%| F|  |TAMS 0x00000000c0b00000, 0x00000000c0b00000| Untracked 
|  12|0x00000000c0c00000, 0x00000000c0c00000, 0x00000000c0d00000|  0%| F|  |TAMS 0x00000000c0c00000, 0x00000000c0c00000| Untracked 
|  13|0x00000000c0d00000, 0x00000000c0d00000, 0x00000000c0e00000|  0%| F|  |TAMS 0x00000000c0d00000, 0x00000000c0d00000| Untracked 
|  14|0x00000000c0e00000, 0x00000000c0e00000, 0x00000000c0f00000|  0%| F|  |TAMS 0x00000000c0e00000, 0x00000000c0e00000| Untracked 
|  15|0x00000000c0f00000, 0x00000000c0f00000, 0x00000000c1000000|  0%| F|  |TAMS 0x00000000c0f00000, 0x00000000c0f00000| Untracked 
|  16|0x00000000c1000000, 0x00000000c1000000, 0x00000000c1100000|  0%| F|  |TAMS 0x00000000c1000000, 0x00000000c1000000| Untracked 
|  17|0x00000000c1100000, 0x00000000c1100000, 0x00000000c1200000|  0%| F|  |TAMS 0x00000000c1100000, 0x00000000c1100000| Untracked 
|  18|0x00000000c1200000, 0x00000000c1200000, 0x00000000c1300000|  0%| F|  |TAMS 0x00000000c1200000, 0x00000000c1200000| Untracked 
|  19|0x00000000c1300000, 0x00000000c1300000, 0x00000000c1400000|  0%| F|  |TAMS 0x00000000c1300000, 0x00000000c1300000| Untracked 
|  20|0x00000000c1400000, 0x00000000c1400000, 0x00000000c1500000|  0%| F|  |TAMS 0x00000000c1400000, 0x00000000c1400000| Untracked 
|  21|0x00000000c1500000, 0x00000000c1500000, 0x00000000c1600000|  0%| F|  |TAMS 0x00000000c1500000, 0x00000000c1500000| Untracked 
|  22|0x00000000c1600000, 0x00000000c1600000, 0x00000000c1700000|  0%| F|  |TAMS 0x00000000c1600000, 0x00000000c1600000| Untracked 
|  23|0x00000000c1700000, 0x00000000c1700000, 0x00000000c1800000|  0%| F|  |TAMS 0x00000000c1700000, 0x00000000c1700000| Untracked 
|  24|0x00000000c1800000, 0x00000000c1800000, 0x00000000c1900000|  0%| F|  |TAMS 0x00000000c1800000, 0x00000000c1800000| Untracked 
|  25|0x00000000c1900000, 0x00000000c1900000, 0x00000000c1a00000|  0%| F|  |TAMS 0x00000000c1900000, 0x00000000c1900000| Untracked 
|  26|0x00000000c1a00000, 0x00000000c1a00000, 0x00000000c1b00000|  0%| F|  |TAMS 0x00000000c1a00000, 0x00000000c1a00000| Untracked 
|  27|0x00000000c1b00000, 0x00000000c1b00000, 0x00000000c1c00000|  0%| F|  |TAMS 0x00000000c1b00000, 0x00000000c1b00000| Untracked 
|  28|0x00000000c1c00000, 0x00000000c1c00000, 0x00000000c1d00000|  0%| F|  |TAMS 0x00000000c1c00000, 0x00000000c1c00000| Untracked 
|  29|0x00000000c1d00000, 0x00000000c1d00000, 0x00000000c1e00000|  0%| F|  |TAMS 0x00000000c1d00000, 0x00000000c1d00000| Untracked 
|  30|0x00000000c1e00000, 0x00000000c1e00000, 0x00000000c1f00000|  0%| F|  |TAMS 0x00000000c1e00000, 0x00000000c1e00000| Untracked 
|  31|0x00000000c1f00000, 0x00000000c1f00000, 0x00000000c2000000|  0%| F|  |TAMS 0x00000000c1f00000, 0x00000000c1f00000| Untracked 
|  32|0x00000000c2000000, 0x00000000c2000000, 0x00000000c2100000|  0%| F|  |TAMS 0x00000000c2000000, 0x00000000c2000000| Untracked 
|  33|0x00000000c2100000, 0x00000000c2100000, 0x00000000c2200000|  0%| F|  |TAMS 0x00000000c2100000, 0x00000000c2100000| Untracked 
|  34|0x00000000c2200000, 0x00000000c2200000, 0x00000000c2300000|  0%| F|  |TAMS 0x00000000c2200000, 0x00000000c2200000| Untracked 
|  35|0x00000000c2300000, 0x00000000c2300000, 0x00000000c2400000|  0%| F|  |TAMS 0x00000000c2300000, 0x00000000c2300000| Untracked 
|  36|0x00000000c2400000, 0x00000000c2400000, 0x00000000c2500000|  0%| F|  |TAMS 0x00000000c2400000, 0x00000000c2400000| Untracked 
|  37|0x00000000c2500000, 0x00000000c2500000, 0x00000000c2600000|  0%| F|  |TAMS 0x00000000c2500000, 0x00000000c2500000| Untracked 
|  38|0x00000000c2600000, 0x00000000c2600000, 0x00000000c2700000|  0%| F|  |TAMS 0x00000000c2600000, 0x00000000c2600000| Untracked 
|  39|0x00000000c2700000, 0x00000000c2700000, 0x00000000c2800000|  0%| F|  |TAMS 0x00000000c2700000, 0x00000000c2700000| Untracked 
|  40|0x00000000c2800000, 0x00000000c2800000, 0x00000000c2900000|  0%| F|  |TAMS 0x00000000c2800000, 0x00000000c2800000| Untracked 
|  41|0x00000000c2900000, 0x00000000c2900000, 0x00000000c2a00000|  0%| F|  |TAMS 0x00000000c2900000, 0x00000000c2900000| Untracked 
|  42|0x00000000c2a00000, 0x00000000c2a00000, 0x00000000c2b00000|  0%| F|  |TAMS 0x00000000c2a00000, 0x00000000c2a00000| Untracked 
|  43|0x00000000c2b00000, 0x00000000c2b00000, 0x00000000c2c00000|  0%| F|  |TAMS 0x00000000c2b00000, 0x00000000c2b00000| Untracked 
|  44|0x00000000c2c00000, 0x00000000c2c00000, 0x00000000c2d00000|  0%| F|  |TAMS 0x00000000c2c00000, 0x00000000c2c00000| Untracked 
|  45|0x00000000c2d00000, 0x00000000c2d00000, 0x00000000c2e00000|  0%| F|  |TAMS 0x00000000c2d00000, 0x00000000c2d00000| Untracked 
|  46|0x00000000c2e00000, 0x00000000c2e00000, 0x00000000c2f00000|  0%| F|  |TAMS 0x00000000c2e00000, 0x00000000c2e00000| Untracked 
|  47|0x00000000c2f00000, 0x00000000c2f00000, 0x00000000c3000000|  0%| F|  |TAMS 0x00000000c2f00000, 0x00000000c2f00000| Untracked 
|  48|0x00000000c3000000, 0x00000000c3000000, 0x00000000c3100000|  0%| F|  |TAMS 0x00000000c3000000, 0x00000000c3000000| Untracked 
|  49|0x00000000c3100000, 0x00000000c3100000, 0x00000000c3200000|  0%| F|  |TAMS 0x00000000c3100000, 0x00000000c3100000| Untracked 
|  50|0x00000000c3200000, 0x00000000c3200000, 0x00000000c3300000|  0%| F|  |TAMS 0x00000000c3200000, 0x00000000c3200000| Untracked 
|  51|0x00000000c3300000, 0x00000000c3300000, 0x00000000c3400000|  0%| F|  |TAMS 0x00000000c3300000, 0x00000000c3300000| Untracked 
|  52|0x00000000c3400000, 0x00000000c3400000, 0x00000000c3500000|  0%| F|  |TAMS 0x00000000c3400000, 0x00000000c3400000| Untracked 
|  53|0x00000000c3500000, 0x00000000c3500000, 0x00000000c3600000|  0%| F|  |TAMS 0x00000000c3500000, 0x00000000c3500000| Untracked 
|  54|0x00000000c3600000, 0x00000000c3600000, 0x00000000c3700000|  0%| F|  |TAMS 0x00000000c3600000, 0x00000000c3600000| Untracked 
|  55|0x00000000c3700000, 0x00000000c3700000, 0x00000000c3800000|  0%| F|  |TAMS 0x00000000c3700000, 0x00000000c3700000| Untracked 
|  56|0x00000000c3800000, 0x00000000c3800000, 0x00000000c3900000|  0%| F|  |TAMS 0x00000000c3800000, 0x00000000c3800000| Untracked 
|  57|0x00000000c3900000, 0x00000000c3900000, 0x00000000c3a00000|  0%| F|  |TAMS 0x00000000c3900000, 0x00000000c3900000| Untracked 
|  58|0x00000000c3a00000, 0x00000000c3a00000, 0x00000000c3b00000|  0%| F|  |TAMS 0x00000000c3a00000, 0x00000000c3a00000| Untracked 
|  59|0x00000000c3b00000, 0x00000000c3b00000, 0x00000000c3c00000|  0%| F|  |TAMS 0x00000000c3b00000, 0x00000000c3b00000| Untracked 
|  60|0x00000000c3c00000, 0x00000000c3c00000, 0x00000000c3d00000|  0%| F|  |TAMS 0x00000000c3c00000, 0x00000000c3c00000| Untracked 
|  61|0x00000000c3d00000, 0x00000000c3d00000, 0x00000000c3e00000|  0%| F|  |TAMS 0x00000000c3d00000, 0x00000000c3d00000| Untracked 
|  62|0x00000000c3e00000, 0x00000000c3e00000, 0x00000000c3f00000|  0%| F|  |TAMS 0x00000000c3e00000, 0x00000000c3e00000| Untracked 
|  63|0x00000000c3f00000, 0x00000000c3f00000, 0x00000000c4000000|  0%| F|  |TAMS 0x00000000c3f00000, 0x00000000c3f00000| Untracked 
|  64|0x00000000c4000000, 0x00000000c4000000, 0x00000000c4100000|  0%| F|  |TAMS 0x00000000c4000000, 0x00000000c4000000| Untracked 
|  65|0x00000000c4100000, 0x00000000c4100000, 0x00000000c4200000|  0%| F|  |TAMS 0x00000000c4100000, 0x00000000c4100000| Untracked 
|  66|0x00000000c4200000, 0x00000000c4200000, 0x00000000c4300000|  0%| F|  |TAMS 0x00000000c4200000, 0x00000000c4200000| Untracked 
|  67|0x00000000c4300000, 0x00000000c4300000, 0x00000000c4400000|  0%| F|  |TAMS 0x00000000c4300000, 0x00000000c4300000| Untracked 
|  68|0x00000000c4400000, 0x00000000c4400000, 0x00000000c4500000|  0%| F|  |TAMS 0x00000000c4400000, 0x00000000c4400000| Untracked 
|  69|0x00000000c4500000, 0x00000000c4500000, 0x00000000c4600000|  0%| F|  |TAMS 0x00000000c4500000, 0x00000000c4500000| Untracked 
|  70|0x00000000c4600000, 0x00000000c4600000, 0x00000000c4700000|  0%| F|  |TAMS 0x00000000c4600000, 0x00000000c4600000| Untracked 
|  71|0x00000000c4700000, 0x00000000c4700000, 0x00000000c4800000|  0%| F|  |TAMS 0x00000000c4700000, 0x00000000c4700000| Untracked 
|  72|0x00000000c4800000, 0x00000000c4800000, 0x00000000c4900000|  0%| F|  |TAMS 0x00000000c4800000, 0x00000000c4800000| Untracked 
|  73|0x00000000c4900000, 0x00000000c4900000, 0x00000000c4a00000|  0%| F|  |TAMS 0x00000000c4900000, 0x00000000c4900000| Untracked 
|  74|0x00000000c4a00000, 0x00000000c4a00000, 0x00000000c4b00000|  0%| F|  |TAMS 0x00000000c4a00000, 0x00000000c4a00000| Untracked 
|  75|0x00000000c4b00000, 0x00000000c4b00000, 0x00000000c4c00000|  0%| F|  |TAMS 0x00000000c4b00000, 0x00000000c4b00000| Untracked 
|  76|0x00000000c4c00000, 0x00000000c4c00000, 0x00000000c4d00000|  0%| F|  |TAMS 0x00000000c4c00000, 0x00000000c4c00000| Untracked 
|  77|0x00000000c4d00000, 0x00000000c4d00000, 0x00000000c4e00000|  0%| F|  |TAMS 0x00000000c4d00000, 0x00000000c4d00000| Untracked 
|  78|0x00000000c4e00000, 0x00000000c4e00000, 0x00000000c4f00000|  0%| F|  |TAMS 0x00000000c4e00000, 0x00000000c4e00000| Untracked 
|  79|0x00000000c4f00000, 0x00000000c4f00000, 0x00000000c5000000|  0%| F|  |TAMS 0x00000000c4f00000, 0x00000000c4f00000| Untracked 
|  80|0x00000000c5000000, 0x00000000c5000000, 0x00000000c5100000|  0%| F|  |TAMS 0x00000000c5000000, 0x00000000c5000000| Untracked 
|  81|0x00000000c5100000, 0x00000000c5100000, 0x00000000c5200000|  0%| F|  |TAMS 0x00000000c5100000, 0x00000000c5100000| Untracked 
|  82|0x00000000c5200000, 0x00000000c5200000, 0x00000000c5300000|  0%| F|  |TAMS 0x00000000c5200000, 0x00000000c5200000| Untracked 
|  83|0x00000000c5300000, 0x00000000c5300000, 0x00000000c5400000|  0%| F|  |TAMS 0x00000000c5300000, 0x00000000c5300000| Untracked 
|  84|0x00000000c5400000, 0x00000000c5400000, 0x00000000c5500000|  0%| F|  |TAMS 0x00000000c5400000, 0x00000000c5400000| Untracked 
|  85|0x00000000c5500000, 0x00000000c5500000, 0x00000000c5600000|  0%| F|  |TAMS 0x00000000c5500000, 0x00000000c5500000| Untracked 
|  86|0x00000000c5600000, 0x00000000c5600000, 0x00000000c5700000|  0%| F|  |TAMS 0x00000000c5600000, 0x00000000c5600000| Untracked 
|  87|0x00000000c5700000, 0x00000000c5700000, 0x00000000c5800000|  0%| F|  |TAMS 0x00000000c5700000, 0x00000000c5700000| Untracked 
|  88|0x00000000c5800000, 0x00000000c5800000, 0x00000000c5900000|  0%| F|  |TAMS 0x00000000c5800000, 0x00000000c5800000| Untracked 
|  89|0x00000000c5900000, 0x00000000c5900000, 0x00000000c5a00000|  0%| F|  |TAMS 0x00000000c5900000, 0x00000000c5900000| Untracked 
|  90|0x00000000c5a00000, 0x00000000c5a00000, 0x00000000c5b00000|  0%| F|  |TAMS 0x00000000c5a00000, 0x00000000c5a00000| Untracked 
|  91|0x00000000c5b00000, 0x00000000c5b00000, 0x00000000c5c00000|  0%| F|  |TAMS 0x00000000c5b00000, 0x00000000c5b00000| Untracked 
|  92|0x00000000c5c00000, 0x00000000c5c00000, 0x00000000c5d00000|  0%| F|  |TAMS 0x00000000c5c00000, 0x00000000c5c00000| Untracked 
|  93|0x00000000c5d00000, 0x00000000c5d00000, 0x00000000c5e00000|  0%| F|  |TAMS 0x00000000c5d00000, 0x00000000c5d00000| Untracked 
|  94|0x00000000c5e00000, 0x00000000c5e00000, 0x00000000c5f00000|  0%| F|  |TAMS 0x00000000c5e00000, 0x00000000c5e00000| Untracked 
|  95|0x00000000c5f00000, 0x00000000c5f00000, 0x00000000c6000000|  0%| F|  |TAMS 0x00000000c5f00000, 0x00000000c5f00000| Untracked 
|  96|0x00000000c6000000, 0x00000000c6000000, 0x00000000c6100000|  0%| F|  |TAMS 0x00000000c6000000, 0x00000000c6000000| Untracked 
|  97|0x00000000c6100000, 0x00000000c6100000, 0x00000000c6200000|  0%| F|  |TAMS 0x00000000c6100000, 0x00000000c6100000| Untracked 
|  98|0x00000000c6200000, 0x00000000c6200000, 0x00000000c6300000|  0%| F|  |TAMS 0x00000000c6200000, 0x00000000c6200000| Untracked 
|  99|0x00000000c6300000, 0x00000000c6300000, 0x00000000c6400000|  0%| F|  |TAMS 0x00000000c6300000, 0x00000000c6300000| Untracked 
| 100|0x00000000c6400000, 0x00000000c6400000, 0x00000000c6500000|  0%| F|  |TAMS 0x00000000c6400000, 0x00000000c6400000| Untracked 
| 101|0x00000000c6500000, 0x00000000c6500000, 0x00000000c6600000|  0%| F|  |TAMS 0x00000000c6500000, 0x00000000c6500000| Untracked 
| 102|0x00000000c6600000, 0x00000000c6600000, 0x00000000c6700000|  0%| F|  |TAMS 0x00000000c6600000, 0x00000000c6600000| Untracked 
| 103|0x00000000c6700000, 0x00000000c6700000, 0x00000000c6800000|  0%| F|  |TAMS 0x00000000c6700000, 0x00000000c6700000| Untracked 
| 104|0x00000000c6800000, 0x00000000c6800000, 0x00000000c6900000|  0%| F|  |TAMS 0x00000000c6800000, 0x00000000c6800000| Untracked 
| 105|0x00000000c6900000, 0x00000000c6900000, 0x00000000c6a00000|  0%| F|  |TAMS 0x00000000c6900000, 0x00000000c6900000| Untracked 
| 106|0x00000000c6a00000, 0x00000000c6a00000, 0x00000000c6b00000|  0%| F|  |TAMS 0x00000000c6a00000, 0x00000000c6a00000| Untracked 
| 107|0x00000000c6b00000, 0x00000000c6b00000, 0x00000000c6c00000|  0%| F|  |TAMS 0x00000000c6b00000, 0x00000000c6b00000| Untracked 
| 108|0x00000000c6c00000, 0x00000000c6c00000, 0x00000000c6d00000|  0%| F|  |TAMS 0x00000000c6c00000, 0x00000000c6c00000| Untracked 
| 109|0x00000000c6d00000, 0x00000000c6d00000, 0x00000000c6e00000|  0%| F|  |TAMS 0x00000000c6d00000, 0x00000000c6d00000| Untracked 
| 110|0x00000000c6e00000, 0x00000000c6e00000, 0x00000000c6f00000|  0%| F|  |TAMS 0x00000000c6e00000, 0x00000000c6e00000| Untracked 
| 111|0x00000000c6f00000, 0x00000000c6f00000, 0x00000000c7000000|  0%| F|  |TAMS 0x00000000c6f00000, 0x00000000c6f00000| Untracked 
| 112|0x00000000c7000000, 0x00000000c7000000, 0x00000000c7100000|  0%| F|  |TAMS 0x00000000c7000000, 0x00000000c7000000| Untracked 
| 113|0x00000000c7100000, 0x00000000c7100000, 0x00000000c7200000|  0%| F|  |TAMS 0x00000000c7100000, 0x00000000c7100000| Untracked 
| 114|0x00000000c7200000, 0x00000000c7200000, 0x00000000c7300000|  0%| F|  |TAMS 0x00000000c7200000, 0x00000000c7200000| Untracked 
| 115|0x00000000c7300000, 0x00000000c7300000, 0x00000000c7400000|  0%| F|  |TAMS 0x00000000c7300000, 0x00000000c7300000| Untracked 
| 116|0x00000000c7400000, 0x00000000c7400000, 0x00000000c7500000|  0%| F|  |TAMS 0x00000000c7400000, 0x00000000c7400000| Untracked 
| 117|0x00000000c7500000, 0x00000000c7500000, 0x00000000c7600000|  0%| F|  |TAMS 0x00000000c7500000, 0x00000000c7500000| Untracked 
| 118|0x00000000c7600000, 0x00000000c7600000, 0x00000000c7700000|  0%| F|  |TAMS 0x00000000c7600000, 0x00000000c7600000| Untracked 
| 119|0x00000000c7700000, 0x00000000c7700000, 0x00000000c7800000|  0%| F|  |TAMS 0x00000000c7700000, 0x00000000c7700000| Untracked 
| 120|0x00000000c7800000, 0x00000000c7800000, 0x00000000c7900000|  0%| F|  |TAMS 0x00000000c7800000, 0x00000000c7800000| Untracked 
| 121|0x00000000c7900000, 0x00000000c7900000, 0x00000000c7a00000|  0%| F|  |TAMS 0x00000000c7900000, 0x00000000c7900000| Untracked 
| 122|0x00000000c7a00000, 0x00000000c7a00000, 0x00000000c7b00000|  0%| F|  |TAMS 0x00000000c7a00000, 0x00000000c7a00000| Untracked 
| 123|0x00000000c7b00000, 0x00000000c7b00000, 0x00000000c7c00000|  0%| F|  |TAMS 0x00000000c7b00000, 0x00000000c7b00000| Untracked 
| 124|0x00000000c7c00000, 0x00000000c7c00000, 0x00000000c7d00000|  0%| F|  |TAMS 0x00000000c7c00000, 0x00000000c7c00000| Untracked 
| 125|0x00000000c7d00000, 0x00000000c7d00000, 0x00000000c7e00000|  0%| F|  |TAMS 0x00000000c7d00000, 0x00000000c7d00000| Untracked 
| 126|0x00000000c7e00000, 0x00000000c7e00000, 0x00000000c7f00000|  0%| F|  |TAMS 0x00000000c7e00000, 0x00000000c7e00000| Untracked 
| 127|0x00000000c7f00000, 0x00000000c7f00000, 0x00000000c8000000|  0%| F|  |TAMS 0x00000000c7f00000, 0x00000000c7f00000| Untracked 
| 128|0x00000000c8000000, 0x00000000c8000000, 0x00000000c8100000|  0%| F|  |TAMS 0x00000000c8000000, 0x00000000c8000000| Untracked 
| 129|0x00000000c8100000, 0x00000000c8100000, 0x00000000c8200000|  0%| F|  |TAMS 0x00000000c8100000, 0x00000000c8100000| Untracked 
| 130|0x00000000c8200000, 0x00000000c8200000, 0x00000000c8300000|  0%| F|  |TAMS 0x00000000c8200000, 0x00000000c8200000| Untracked 
| 131|0x00000000c8300000, 0x00000000c8300000, 0x00000000c8400000|  0%| F|  |TAMS 0x00000000c8300000, 0x00000000c8300000| Untracked 
| 132|0x00000000c8400000, 0x00000000c8400000, 0x00000000c8500000|  0%| F|  |TAMS 0x00000000c8400000, 0x00000000c8400000| Untracked 
| 133|0x00000000c8500000, 0x00000000c8500000, 0x00000000c8600000|  0%| F|  |TAMS 0x00000000c8500000, 0x00000000c8500000| Untracked 
| 134|0x00000000c8600000, 0x00000000c8600000, 0x00000000c8700000|  0%| F|  |TAMS 0x00000000c8600000, 0x00000000c8600000| Untracked 
| 135|0x00000000c8700000, 0x00000000c8700000, 0x00000000c8800000|  0%| F|  |TAMS 0x00000000c8700000, 0x00000000c8700000| Untracked 
| 136|0x00000000c8800000, 0x00000000c8800000, 0x00000000c8900000|  0%| F|  |TAMS 0x00000000c8800000, 0x00000000c8800000| Untracked 
| 137|0x00000000c8900000, 0x00000000c8900000, 0x00000000c8a00000|  0%| F|  |TAMS 0x00000000c8900000, 0x00000000c8900000| Untracked 
| 138|0x00000000c8a00000, 0x00000000c8a00000, 0x00000000c8b00000|  0%| F|  |TAMS 0x00000000c8a00000, 0x00000000c8a00000| Untracked 
| 139|0x00000000c8b00000, 0x00000000c8b00000, 0x00000000c8c00000|  0%| F|  |TAMS 0x00000000c8b00000, 0x00000000c8b00000| Untracked 
| 140|0x00000000c8c00000, 0x00000000c8c00000, 0x00000000c8d00000|  0%| F|  |TAMS 0x00000000c8c00000, 0x00000000c8c00000| Untracked 
| 141|0x00000000c8d00000, 0x00000000c8d00000, 0x00000000c8e00000|  0%| F|  |TAMS 0x00000000c8d00000, 0x00000000c8d00000| Untracked 
| 142|0x00000000c8e00000, 0x00000000c8e00000, 0x00000000c8f00000|  0%| F|  |TAMS 0x00000000c8e00000, 0x00000000c8e00000| Untracked 
| 143|0x00000000c8f00000, 0x00000000c8f00000, 0x00000000c9000000|  0%| F|  |TAMS 0x00000000c8f00000, 0x00000000c8f00000| Untracked 
| 144|0x00000000c9000000, 0x00000000c9000000, 0x00000000c9100000|  0%| F|  |TAMS 0x00000000c9000000, 0x00000000c9000000| Untracked 
| 145|0x00000000c9100000, 0x00000000c9100000, 0x00000000c9200000|  0%| F|  |TAMS 0x00000000c9100000, 0x00000000c9100000| Untracked 
| 146|0x00000000c9200000, 0x00000000c9200000, 0x00000000c9300000|  0%| F|  |TAMS 0x00000000c9200000, 0x00000000c9200000| Untracked 
| 147|0x00000000c9300000, 0x00000000c9300000, 0x00000000c9400000|  0%| F|  |TAMS 0x00000000c9300000, 0x00000000c9300000| Untracked 
| 148|0x00000000c9400000, 0x00000000c9400000, 0x00000000c9500000|  0%| F|  |TAMS 0x00000000c9400000, 0x00000000c9400000| Untracked 
| 149|0x00000000c9500000, 0x00000000c9500000, 0x00000000c9600000|  0%| F|  |TAMS 0x00000000c9500000, 0x00000000c9500000| Untracked 
| 150|0x00000000c9600000, 0x00000000c9600000, 0x00000000c9700000|  0%| F|  |TAMS 0x00000000c9600000, 0x00000000c9600000| Untracked 
| 151|0x00000000c9700000, 0x00000000c9700000, 0x00000000c9800000|  0%| F|  |TAMS 0x00000000c9700000, 0x00000000c9700000| Untracked 
| 152|0x00000000c9800000, 0x00000000c9800000, 0x00000000c9900000|  0%| F|  |TAMS 0x00000000c9800000, 0x00000000c9800000| Untracked 
| 153|0x00000000c9900000, 0x00000000c9900000, 0x00000000c9a00000|  0%| F|  |TAMS 0x00000000c9900000, 0x00000000c9900000| Untracked 
| 154|0x00000000c9a00000, 0x00000000c9a00000, 0x00000000c9b00000|  0%| F|  |TAMS 0x00000000c9a00000, 0x00000000c9a00000| Untracked 
| 155|0x00000000c9b00000, 0x00000000c9b00000, 0x00000000c9c00000|  0%| F|  |TAMS 0x00000000c9b00000, 0x00000000c9b00000| Untracked 
| 156|0x00000000c9c00000, 0x00000000c9c00000, 0x00000000c9d00000|  0%| F|  |TAMS 0x00000000c9c00000, 0x00000000c9c00000| Untracked 
| 157|0x00000000c9d00000, 0x00000000c9d00000, 0x00000000c9e00000|  0%| F|  |TAMS 0x00000000c9d00000, 0x00000000c9d00000| Untracked 
| 158|0x00000000c9e00000, 0x00000000c9e00000, 0x00000000c9f00000|  0%| F|  |TAMS 0x00000000c9e00000, 0x00000000c9e00000| Untracked 
| 159|0x00000000c9f00000, 0x00000000c9f00000, 0x00000000ca000000|  0%| F|  |TAMS 0x00000000c9f00000, 0x00000000c9f00000| Untracked 
| 160|0x00000000ca000000, 0x00000000ca000000, 0x00000000ca100000|  0%| F|  |TAMS 0x00000000ca000000, 0x00000000ca000000| Untracked 
| 161|0x00000000ca100000, 0x00000000ca100000, 0x00000000ca200000|  0%| F|  |TAMS 0x00000000ca100000, 0x00000000ca100000| Untracked 
| 162|0x00000000ca200000, 0x00000000ca200000, 0x00000000ca300000|  0%| F|  |TAMS 0x00000000ca200000, 0x00000000ca200000| Untracked 
| 163|0x00000000ca300000, 0x00000000ca300000, 0x00000000ca400000|  0%| F|  |TAMS 0x00000000ca300000, 0x00000000ca300000| Untracked 
| 164|0x00000000ca400000, 0x00000000ca400000, 0x00000000ca500000|  0%| F|  |TAMS 0x00000000ca400000, 0x00000000ca400000| Untracked 
| 165|0x00000000ca500000, 0x00000000ca500000, 0x00000000ca600000|  0%| F|  |TAMS 0x00000000ca500000, 0x00000000ca500000| Untracked 
| 166|0x00000000ca600000, 0x00000000ca600000, 0x00000000ca700000|  0%| F|  |TAMS 0x00000000ca600000, 0x00000000ca600000| Untracked 
| 167|0x00000000ca700000, 0x00000000ca700000, 0x00000000ca800000|  0%| F|  |TAMS 0x00000000ca700000, 0x00000000ca700000| Untracked 
| 168|0x00000000ca800000, 0x00000000ca800000, 0x00000000ca900000|  0%| F|  |TAMS 0x00000000ca800000, 0x00000000ca800000| Untracked 
| 169|0x00000000ca900000, 0x00000000ca900000, 0x00000000caa00000|  0%| F|  |TAMS 0x00000000ca900000, 0x00000000ca900000| Untracked 
| 170|0x00000000caa00000, 0x00000000caa00000, 0x00000000cab00000|  0%| F|  |TAMS 0x00000000caa00000, 0x00000000caa00000| Untracked 
| 171|0x00000000cab00000, 0x00000000cab00000, 0x00000000cac00000|  0%| F|  |TAMS 0x00000000cab00000, 0x00000000cab00000| Untracked 
| 172|0x00000000cac00000, 0x00000000cac00000, 0x00000000cad00000|  0%| F|  |TAMS 0x00000000cac00000, 0x00000000cac00000| Untracked 
| 173|0x00000000cad00000, 0x00000000cad00000, 0x00000000cae00000|  0%| F|  |TAMS 0x00000000cad00000, 0x00000000cad00000| Untracked 
| 174|0x00000000cae00000, 0x00000000cae00000, 0x00000000caf00000|  0%| F|  |TAMS 0x00000000cae00000, 0x00000000cae00000| Untracked 
| 175|0x00000000caf00000, 0x00000000caf00000, 0x00000000cb000000|  0%| F|  |TAMS 0x00000000caf00000, 0x00000000caf00000| Untracked 
| 176|0x00000000cb000000, 0x00000000cb000000, 0x00000000cb100000|  0%| F|  |TAMS 0x00000000cb000000, 0x00000000cb000000| Untracked 
| 177|0x00000000cb100000, 0x00000000cb100000, 0x00000000cb200000|  0%| F|  |TAMS 0x00000000cb100000, 0x00000000cb100000| Untracked 
| 178|0x00000000cb200000, 0x00000000cb200000, 0x00000000cb300000|  0%| F|  |TAMS 0x00000000cb200000, 0x00000000cb200000| Untracked 
| 179|0x00000000cb300000, 0x00000000cb300000, 0x00000000cb400000|  0%| F|  |TAMS 0x00000000cb300000, 0x00000000cb300000| Untracked 
| 180|0x00000000cb400000, 0x00000000cb400000, 0x00000000cb500000|  0%| F|  |TAMS 0x00000000cb400000, 0x00000000cb400000| Untracked 
| 181|0x00000000cb500000, 0x00000000cb500000, 0x00000000cb600000|  0%| F|  |TAMS 0x00000000cb500000, 0x00000000cb500000| Untracked 
| 182|0x00000000cb600000, 0x00000000cb600000, 0x00000000cb700000|  0%| F|  |TAMS 0x00000000cb600000, 0x00000000cb600000| Untracked 
| 183|0x00000000cb700000, 0x00000000cb700000, 0x00000000cb800000|  0%| F|  |TAMS 0x00000000cb700000, 0x00000000cb700000| Untracked 
| 184|0x00000000cb800000, 0x00000000cb800000, 0x00000000cb900000|  0%| F|  |TAMS 0x00000000cb800000, 0x00000000cb800000| Untracked 
| 185|0x00000000cb900000, 0x00000000cb900000, 0x00000000cba00000|  0%| F|  |TAMS 0x00000000cb900000, 0x00000000cb900000| Untracked 
| 186|0x00000000cba00000, 0x00000000cba00000, 0x00000000cbb00000|  0%| F|  |TAMS 0x00000000cba00000, 0x00000000cba00000| Untracked 
| 187|0x00000000cbb00000, 0x00000000cbb00000, 0x00000000cbc00000|  0%| F|  |TAMS 0x00000000cbb00000, 0x00000000cbb00000| Untracked 
| 188|0x00000000cbc00000, 0x00000000cbc00000, 0x00000000cbd00000|  0%| F|  |TAMS 0x00000000cbc00000, 0x00000000cbc00000| Untracked 
| 189|0x00000000cbd00000, 0x00000000cbd00000, 0x00000000cbe00000|  0%| F|  |TAMS 0x00000000cbd00000, 0x00000000cbd00000| Untracked 
| 190|0x00000000cbe00000, 0x00000000cbe00000, 0x00000000cbf00000|  0%| F|  |TAMS 0x00000000cbe00000, 0x00000000cbe00000| Untracked 
| 191|0x00000000cbf00000, 0x00000000cbf00000, 0x00000000cc000000|  0%| F|  |TAMS 0x00000000cbf00000, 0x00000000cbf00000| Untracked 
| 192|0x00000000cc000000, 0x00000000cc000000, 0x00000000cc100000|  0%| F|  |TAMS 0x00000000cc000000, 0x00000000cc000000| Untracked 
| 193|0x00000000cc100000, 0x00000000cc100000, 0x00000000cc200000|  0%| F|  |TAMS 0x00000000cc100000, 0x00000000cc100000| Untracked 
| 194|0x00000000cc200000, 0x00000000cc200000, 0x00000000cc300000|  0%| F|  |TAMS 0x00000000cc200000, 0x00000000cc200000| Untracked 
| 195|0x00000000cc300000, 0x00000000cc300000, 0x00000000cc400000|  0%| F|  |TAMS 0x00000000cc300000, 0x00000000cc300000| Untracked 
| 196|0x00000000cc400000, 0x00000000cc400000, 0x00000000cc500000|  0%| F|  |TAMS 0x00000000cc400000, 0x00000000cc400000| Untracked 
| 197|0x00000000cc500000, 0x00000000cc500000, 0x00000000cc600000|  0%| F|  |TAMS 0x00000000cc500000, 0x00000000cc500000| Untracked 
| 198|0x00000000cc600000, 0x00000000cc600000, 0x00000000cc700000|  0%| F|  |TAMS 0x00000000cc600000, 0x00000000cc600000| Untracked 
| 199|0x00000000cc700000, 0x00000000cc700000, 0x00000000cc800000|  0%| F|  |TAMS 0x00000000cc700000, 0x00000000cc700000| Untracked 
| 200|0x00000000cc800000, 0x00000000cc800000, 0x00000000cc900000|  0%| F|  |TAMS 0x00000000cc800000, 0x00000000cc800000| Untracked 
| 201|0x00000000cc900000, 0x00000000cc900000, 0x00000000cca00000|  0%| F|  |TAMS 0x00000000cc900000, 0x00000000cc900000| Untracked 
| 202|0x00000000cca00000, 0x00000000cca00000, 0x00000000ccb00000|  0%| F|  |TAMS 0x00000000cca00000, 0x00000000cca00000| Untracked 
| 203|0x00000000ccb00000, 0x00000000ccb00000, 0x00000000ccc00000|  0%| F|  |TAMS 0x00000000ccb00000, 0x00000000ccb00000| Untracked 
| 204|0x00000000ccc00000, 0x00000000ccc00000, 0x00000000ccd00000|  0%| F|  |TAMS 0x00000000ccc00000, 0x00000000ccc00000| Untracked 
| 205|0x00000000ccd00000, 0x00000000ccd00000, 0x00000000cce00000|  0%| F|  |TAMS 0x00000000ccd00000, 0x00000000ccd00000| Untracked 
| 206|0x00000000cce00000, 0x00000000cce00000, 0x00000000ccf00000|  0%| F|  |TAMS 0x00000000cce00000, 0x00000000cce00000| Untracked 
| 207|0x00000000ccf00000, 0x00000000ccf00000, 0x00000000cd000000|  0%| F|  |TAMS 0x00000000ccf00000, 0x00000000ccf00000| Untracked 
| 208|0x00000000cd000000, 0x00000000cd000000, 0x00000000cd100000|  0%| F|  |TAMS 0x00000000cd000000, 0x00000000cd000000| Untracked 
| 209|0x00000000cd100000, 0x00000000cd100000, 0x00000000cd200000|  0%| F|  |TAMS 0x00000000cd100000, 0x00000000cd100000| Untracked 
| 210|0x00000000cd200000, 0x00000000cd200000, 0x00000000cd300000|  0%| F|  |TAMS 0x00000000cd200000, 0x00000000cd200000| Untracked 
| 211|0x00000000cd300000, 0x00000000cd300000, 0x00000000cd400000|  0%| F|  |TAMS 0x00000000cd300000, 0x00000000cd300000| Untracked 
| 212|0x00000000cd400000, 0x00000000cd400000, 0x00000000cd500000|  0%| F|  |TAMS 0x00000000cd400000, 0x00000000cd400000| Untracked 
| 213|0x00000000cd500000, 0x00000000cd500000, 0x00000000cd600000|  0%| F|  |TAMS 0x00000000cd500000, 0x00000000cd500000| Untracked 
| 214|0x00000000cd600000, 0x00000000cd600000, 0x00000000cd700000|  0%| F|  |TAMS 0x00000000cd600000, 0x00000000cd600000| Untracked 
| 215|0x00000000cd700000, 0x00000000cd700000, 0x00000000cd800000|  0%| F|  |TAMS 0x00000000cd700000, 0x00000000cd700000| Untracked 
| 216|0x00000000cd800000, 0x00000000cd800000, 0x00000000cd900000|  0%| F|  |TAMS 0x00000000cd800000, 0x00000000cd800000| Untracked 
| 217|0x00000000cd900000, 0x00000000cd900000, 0x00000000cda00000|  0%| F|  |TAMS 0x00000000cd900000, 0x00000000cd900000| Untracked 
| 218|0x00000000cda00000, 0x00000000cda00000, 0x00000000cdb00000|  0%| F|  |TAMS 0x00000000cda00000, 0x00000000cda00000| Untracked 
| 219|0x00000000cdb00000, 0x00000000cdb00000, 0x00000000cdc00000|  0%| F|  |TAMS 0x00000000cdb00000, 0x00000000cdb00000| Untracked 
| 220|0x00000000cdc00000, 0x00000000cdc00000, 0x00000000cdd00000|  0%| F|  |TAMS 0x00000000cdc00000, 0x00000000cdc00000| Untracked 
| 221|0x00000000cdd00000, 0x00000000cdd00000, 0x00000000cde00000|  0%| F|  |TAMS 0x00000000cdd00000, 0x00000000cdd00000| Untracked 
| 222|0x00000000cde00000, 0x00000000cde00000, 0x00000000cdf00000|  0%| F|  |TAMS 0x00000000cde00000, 0x00000000cde00000| Untracked 
| 223|0x00000000cdf00000, 0x00000000cdf00000, 0x00000000ce000000|  0%| F|  |TAMS 0x00000000cdf00000, 0x00000000cdf00000| Untracked 
| 224|0x00000000ce000000, 0x00000000ce000000, 0x00000000ce100000|  0%| F|  |TAMS 0x00000000ce000000, 0x00000000ce000000| Untracked 
| 225|0x00000000ce100000, 0x00000000ce100000, 0x00000000ce200000|  0%| F|  |TAMS 0x00000000ce100000, 0x00000000ce100000| Untracked 
| 226|0x00000000ce200000, 0x00000000ce200000, 0x00000000ce300000|  0%| F|  |TAMS 0x00000000ce200000, 0x00000000ce200000| Untracked 
| 227|0x00000000ce300000, 0x00000000ce300000, 0x00000000ce400000|  0%| F|  |TAMS 0x00000000ce300000, 0x00000000ce300000| Untracked 
| 228|0x00000000ce400000, 0x00000000ce400000, 0x00000000ce500000|  0%| F|  |TAMS 0x00000000ce400000, 0x00000000ce400000| Untracked 
| 229|0x00000000ce500000, 0x00000000ce500000, 0x00000000ce600000|  0%| F|  |TAMS 0x00000000ce500000, 0x00000000ce500000| Untracked 
| 230|0x00000000ce600000, 0x00000000ce600000, 0x00000000ce700000|  0%| F|  |TAMS 0x00000000ce600000, 0x00000000ce600000| Untracked 
| 231|0x00000000ce700000, 0x00000000ce776910, 0x00000000ce800000| 46%| S|CS|TAMS 0x00000000ce700000, 0x00000000ce700000| Complete 
| 232|0x00000000ce800000, 0x00000000ce900000, 0x00000000ce900000|100%| S|CS|TAMS 0x00000000ce800000, 0x00000000ce800000| Complete 
| 233|0x00000000ce900000, 0x00000000cea00000, 0x00000000cea00000|100%| S|CS|TAMS 0x00000000ce900000, 0x00000000ce900000| Complete 
| 234|0x00000000cea00000, 0x00000000cea00000, 0x00000000ceb00000|  0%| F|  |TAMS 0x00000000cea00000, 0x00000000cea00000| Untracked 
| 235|0x00000000ceb00000, 0x00000000ceb00000, 0x00000000cec00000|  0%| F|  |TAMS 0x00000000ceb00000, 0x00000000ceb00000| Untracked 
| 236|0x00000000cec00000, 0x00000000cec00000, 0x00000000ced00000|  0%| F|  |TAMS 0x00000000cec00000, 0x00000000cec00000| Untracked 
| 237|0x00000000ced00000, 0x00000000ced00000, 0x00000000cee00000|  0%| F|  |TAMS 0x00000000ced00000, 0x00000000ced00000| Untracked 
| 238|0x00000000cee00000, 0x00000000cee00000, 0x00000000cef00000|  0%| F|  |TAMS 0x00000000cee00000, 0x00000000cee00000| Untracked 
| 239|0x00000000cef00000, 0x00000000cef00000, 0x00000000cf000000|  0%| F|  |TAMS 0x00000000cef00000, 0x00000000cef00000| Untracked 
| 240|0x00000000cf000000, 0x00000000cf000000, 0x00000000cf100000|  0%| F|  |TAMS 0x00000000cf000000, 0x00000000cf000000| Untracked 
| 241|0x00000000cf100000, 0x00000000cf100000, 0x00000000cf200000|  0%| F|  |TAMS 0x00000000cf100000, 0x00000000cf100000| Untracked 
| 242|0x00000000cf200000, 0x00000000cf200000, 0x00000000cf300000|  0%| F|  |TAMS 0x00000000cf200000, 0x00000000cf200000| Untracked 
| 243|0x00000000cf300000, 0x00000000cf300000, 0x00000000cf400000|  0%| F|  |TAMS 0x00000000cf300000, 0x00000000cf300000| Untracked 
| 244|0x00000000cf400000, 0x00000000cf400000, 0x00000000cf500000|  0%| F|  |TAMS 0x00000000cf400000, 0x00000000cf400000| Untracked 
| 245|0x00000000cf500000, 0x00000000cf580800, 0x00000000cf600000| 50%| E|  |TAMS 0x00000000cf500000, 0x00000000cf500000| Complete 
| 246|0x00000000cf600000, 0x00000000cf700000, 0x00000000cf700000|100%| E|CS|TAMS 0x00000000cf600000, 0x00000000cf600000| Complete 
| 247|0x00000000cf700000, 0x00000000cf800000, 0x00000000cf800000|100%| E|CS|TAMS 0x00000000cf700000, 0x00000000cf700000| Complete 
| 248|0x00000000cf800000, 0x00000000cf900000, 0x00000000cf900000|100%| E|CS|TAMS 0x00000000cf800000, 0x00000000cf800000| Complete 
| 249|0x00000000cf900000, 0x00000000cfa00000, 0x00000000cfa00000|100%| E|CS|TAMS 0x00000000cf900000, 0x00000000cf900000| Complete 
| 250|0x00000000cfa00000, 0x00000000cfb00000, 0x00000000cfb00000|100%| E|CS|TAMS 0x00000000cfa00000, 0x00000000cfa00000| Complete 
| 251|0x00000000cfb00000, 0x00000000cfc00000, 0x00000000cfc00000|100%| E|CS|TAMS 0x00000000cfb00000, 0x00000000cfb00000| Complete 
| 252|0x00000000cfc00000, 0x00000000cfd00000, 0x00000000cfd00000|100%| E|CS|TAMS 0x00000000cfc00000, 0x00000000cfc00000| Complete 
| 253|0x00000000cfd00000, 0x00000000cfe00000, 0x00000000cfe00000|100%| E|CS|TAMS 0x00000000cfd00000, 0x00000000cfd00000| Complete 
| 254|0x00000000cfe00000, 0x00000000cff00000, 0x00000000cff00000|100%| E|CS|TAMS 0x00000000cfe00000, 0x00000000cfe00000| Complete 
| 255|0x00000000cff00000, 0x00000000d0000000, 0x00000000d0000000|100%| E|CS|TAMS 0x00000000cff00000, 0x00000000cff00000| Complete 

Card table byte_map: [0x00000228d9030000,0x00000228d9230000] _byte_map_base: 0x00000228d8a30000

Marking Bits (Prev, Next): (CMBitMap*) 0x00000228c19b7438, (CMBitMap*) 0x00000228c19b7470
 Prev Bits: [0x00000228d9430000, 0x00000228da430000)
 Next Bits: [0x00000228da430000, 0x00000228db430000)

Polling page: 0x00000228bf830000

Metaspace:

Usage:
  Non-class:     10.24 MB capacity,    10.06 MB ( 98%) used,   176.54 KB (  2%) free+waste,    11.63 KB ( <1%) overhead. 
      Class:      1.11 MB capacity,     1.02 MB ( 92%) used,    82.10 KB (  7%) free+waste,     5.13 KB ( <1%) overhead. 
       Both:     11.34 MB capacity,    11.08 MB ( 98%) used,   258.64 KB (  2%) free+waste,    16.75 KB ( <1%) overhead. 

Virtual space:
  Non-class space:       12.00 MB reserved,      10.25 MB ( 85%) committed 
      Class space:        1.00 GB reserved,       1.13 MB ( <1%) committed 
             Both:        1.01 GB reserved,      11.38 MB (  1%) committed 

Chunk freelists:
   Non-Class:  1.38 KB
       Class:  2.50 KB
        Both:  3.88 KB

CodeHeap 'non-profiled nmethods': size=120064Kb used=394Kb max_used=394Kb free=119669Kb
 bounds [0x00000228d17d0000, 0x00000228d1a40000, 0x00000228d8d10000]
CodeHeap 'profiled nmethods': size=120000Kb used=1546Kb max_used=1546Kb free=118453Kb
 bounds [0x00000228ca2a0000, 0x00000228ca510000, 0x00000228d17d0000]
CodeHeap 'non-nmethods': size=5696Kb used=1076Kb max_used=1115Kb free=4619Kb
 bounds [0x00000228c9d10000, 0x00000228c9f80000, 0x00000228ca2a0000]
 total_blobs=1550 nmethods=926 adapters=289
 compilation: enabled
              stopped_count=0, restarted_count=0
 full_count=0

Compilation events (10 events):
Event: 0.528 Thread 0x00000228de518800  925  s    3       jdk.internal.jimage.BasicImageReader::findLocation (115 bytes)
Event: 0.529 Thread 0x00000228de518800 nmethod 925 0x00000228ca41cc10 code [0x00000228ca41cf40, 0x00000228ca41e120]
Event: 0.529 Thread 0x00000228de518800  926       3       jdk.internal.jimage.ImageStringsReader::hashCode (8 bytes)
Event: 0.529 Thread 0x00000228de518800 nmethod 926 0x00000228ca41e710 code [0x00000228ca41e900, 0x00000228ca41eb80]
Event: 0.529 Thread 0x00000228de518800  927       3       jdk.internal.module.SystemModuleFinders$SystemModuleReader::find (54 bytes)
Event: 0.529 Thread 0x00000228de714000 nmethod 922 0x00000228d1831910 code [0x00000228d1831ac0, 0x00000228d1831c68]
Event: 0.529 Thread 0x00000228de518800 nmethod 927 0x00000228ca41ec90 code [0x00000228ca41efc0, 0x00000228ca41ffa0]
Event: 0.529 Thread 0x00000228de518800  928   !   3       java.io.BufferedReader::readLine (304 bytes)
Event: 0.530 Thread 0x00000228de518800 nmethod 928 0x00000228ca420610 code [0x00000228ca4208e0, 0x00000228ca421b00]
Event: 0.530 Thread 0x00000228de518800  921       3       java.lang.Class::reflectionData (43 bytes)

GC Heap History (2 events):
Event: 0.341 GC heap before
{Heap before GC invocations=0 (full 0):
 garbage-first heap   total 262144K, used 21504K [0x00000000c0000000, 0x0000000100000000)
  region size 1024K, 22 young (22528K), 0 survivors (0K)
 Metaspace       used 9906K, capacity 10224K, committed 10368K, reserved 1058816K
  class space    used 907K, capacity 1029K, committed 1152K, reserved 1048576K
}
Event: 0.345 GC heap after
{Heap after GC invocations=1 (full 0):
 garbage-first heap   total 262144K, used 2522K [0x00000000c0000000, 0x0000000100000000)
  region size 1024K, 3 young (3072K), 3 survivors (3072K)
 Metaspace       used 9906K, capacity 10224K, committed 10368K, reserved 1058816K
  class space    used 907K, capacity 1029K, committed 1152K, reserved 1048576K
}

Deoptimization events (10 events):
Event: 0.471 Thread 0x00000228c1989000 Uncommon trap: reason=bimorphic_or_optimized_type_check action=maybe_recompile pc=0x00000228d181a5a8 method=java.util.HashMap.putVal(ILjava/lang/Object;Ljava/lang/Object;ZZ)Ljava/lang/Object; @ 152 c2
Event: 0.472 Thread 0x00000228c1989000 Uncommon trap: reason=bimorphic_or_optimized_type_check action=maybe_recompile pc=0x00000228d181a5a8 method=java.util.HashMap.putVal(ILjava/lang/Object;Ljava/lang/Object;ZZ)Ljava/lang/Object; @ 152 c2
Event: 0.473 Thread 0x00000228c1989000 Uncommon trap: reason=bimorphic_or_optimized_type_check action=maybe_recompile pc=0x00000228d181a5a8 method=java.util.HashMap.putVal(ILjava/lang/Object;Ljava/lang/Object;ZZ)Ljava/lang/Object; @ 152 c2
Event: 0.475 Thread 0x00000228c1989000 Uncommon trap: reason=bimorphic_or_optimized_type_check action=maybe_recompile pc=0x00000228d181a5a8 method=java.util.HashMap.putVal(ILjava/lang/Object;Ljava/lang/Object;ZZ)Ljava/lang/Object; @ 152 c2
Event: 0.477 Thread 0x00000228c1989000 Uncommon trap: reason=class_check action=maybe_recompile pc=0x00000228d1805f4c method=java.util.Collections$UnmodifiableCollection$1.<init>(Ljava/util/Collections$UnmodifiableCollection;)V @ 17 c2
Event: 0.477 Thread 0x00000228c1989000 Uncommon trap: reason=bimorphic_or_optimized_type_check action=maybe_recompile pc=0x00000228d1802b7c method=java.util.Collections$UnmodifiableCollection$1.next()Ljava/lang/Object; @ 4 c2
Event: 0.477 Thread 0x00000228c1989000 Uncommon trap: reason=bimorphic_or_optimized_type_check action=maybe_recompile pc=0x00000228d1802b7c method=java.util.Collections$UnmodifiableCollection$1.next()Ljava/lang/Object; @ 4 c2
Event: 0.495 Thread 0x00000228c1989000 Uncommon trap: reason=class_check action=maybe_recompile pc=0x00000228d1805f4c method=java.util.Collections$UnmodifiableCollection$1.<init>(Ljava/util/Collections$UnmodifiableCollection;)V @ 17 c2
Event: 0.512 Thread 0x00000228c1989000 Uncommon trap: reason=class_check action=maybe_recompile pc=0x00000228d17f7e94 method=java.util.HashSet.iterator()Ljava/util/Iterator; @ 4 c2
Event: 0.512 Thread 0x00000228c1989000 Uncommon trap: reason=bimorphic_or_optimized_type_check action=maybe_recompile pc=0x00000228d1802b7c method=java.util.Collections$UnmodifiableCollection$1.next()Ljava/lang/Object; @ 4 c2

Classes redefined (0 events):
No events

Internal exceptions (10 events):
Event: 0.273 Thread 0x00000228c1989000 Exception <a 'java/io/FileNotFoundException'{0x00000000cf1e2e58}> (0x00000000cf1e2e58) thrown at [t:/workspace/open/src/hotspot/share/prims/jni.cpp, line 615]
Event: 0.273 Thread 0x00000228c1989000 Exception <a 'java/io/FileNotFoundException'{0x00000000cf1e3af8}> (0x00000000cf1e3af8) thrown at [t:/workspace/open/src/hotspot/share/prims/jni.cpp, line 615]
Event: 0.275 Thread 0x00000228c1989000 Implicit null exception at 0x00000228d17f2274 to 0x00000228d17f275e
Event: 0.276 Thread 0x00000228c1989000 Exception <a 'java/io/FileNotFoundException'{0x00000000cf0260f8}> (0x00000000cf0260f8) thrown at [t:/workspace/open/src/hotspot/share/prims/jni.cpp, line 615]
Event: 0.368 Thread 0x00000228c1989000 Exception <a 'java/lang/NoSuchMethodError'{0x00000000cfc853b8}: java.lang.invoke.DirectMethodHandle$Holder.invokeStaticInit(Ljava/lang/Object;IIII)Ljava/lang/Object;> (0x00000000cfc853b8) thrown at [t:/workspace/open/src/hotspot/share/interpreter/linkReso
Event: 0.467 Thread 0x00000228c1989000 Exception <a 'java/lang/NoSuchMethodError'{0x00000000cfbf68e0}: java.lang.invoke.DirectMethodHandle$Holder.invokeStaticInit(Ljava/lang/Object;Ljava/lang/Object;IIII)Ljava/lang/Object;> (0x00000000cfbf68e0) thrown at [t:/workspace/open/src/hotspot/share/in
Event: 0.471 Thread 0x00000228c1989000 Exception <a 'java/lang/ClassNotFoundException'{0x00000000cfa2cbc8}: sun/net/www/protocol/c/Handler> (0x00000000cfa2cbc8) thrown at [t:/workspace/open/src/hotspot/share/classfile/systemDictionary.cpp, line 231]
Event: 0.472 Thread 0x00000228c1989000 Exception <a 'java/lang/ClassNotFoundException'{0x00000000cfa2e190}: sun/net/www/protocol/c/Handler> (0x00000000cfa2e190) thrown at [t:/workspace/open/src/hotspot/share/classfile/systemDictionary.cpp, line 231]
Event: 0.472 Thread 0x00000228c1989000 Exception <a 'java/lang/ClassNotFoundException'{0x00000000cfa2f630}: sun/net/www/protocol/c/Handler> (0x00000000cfa2f630) thrown at [t:/workspace/open/src/hotspot/share/classfile/systemDictionary.cpp, line 231]
Event: 0.477 Thread 0x00000228c1989000 Exception <a 'java/io/FileNotFoundException'{0x00000000cfa54038}> (0x00000000cfa54038) thrown at [t:/workspace/open/src/hotspot/share/prims/jni.cpp, line 615]

Events (10 events):
Event: 0.526 loading class org/osgi/service/condpermadmin/ConditionalPermissionAdmin
Event: 0.526 loading class org/osgi/service/condpermadmin/ConditionalPermissionAdmin done
Event: 0.526 loading class java/security/AllPermissionCollection
Event: 0.526 loading class java/security/AllPermissionCollection done
Event: 0.526 loading class org/osgi/service/permissionadmin/PermissionInfo
Event: 0.526 loading class org/osgi/service/permissionadmin/PermissionInfo done
Event: 0.526 Thread 0x00000228c1989000 DEOPT PACKING pc=0x00000228ca2d51e8 sp=0x0000008daedfb730
Event: 0.526 Thread 0x00000228c1989000 DEOPT UNPACKING pc=0x00000228c9d38d4e sp=0x0000008daedfac00 mode 0
Event: 0.527 loading class org/eclipse/osgi/internal/permadmin/PermissionAdminTable
Event: 0.527 loading class org/eclipse/osgi/internal/permadmin/PermissionAdminTable done


Dynamic libraries:
0x00007ff650c40000 - 0x00007ff650c87000 	C:\Program Files\Java\jdk-11.0.6\bin\java.exe
0x00007ffc9bfa0000 - 0x00007ffc9c190000 	C:\WINDOWS\SYSTEM32\ntdll.dll
0x00007ffc9a0b0000 - 0x00007ffc9a162000 	C:\WINDOWS\System32\KERNEL32.DLL
0x00007ffc99ab0000 - 0x00007ffc99d53000 	C:\WINDOWS\System32\KERNELBASE.dll
0x00007ffc9af30000 - 0x00007ffc9afd3000 	C:\WINDOWS\System32\ADVAPI32.dll
0x00007ffc9a850000 - 0x00007ffc9a8ee000 	C:\WINDOWS\System32\msvcrt.dll
0x00007ffc9b1a0000 - 0x00007ffc9b237000 	C:\WINDOWS\System32\sechost.dll
0x00007ffc9b390000 - 0x00007ffc9b4b0000 	C:\WINDOWS\System32\RPCRT4.dll
0x00007ffc9a170000 - 0x00007ffc9a304000 	C:\WINDOWS\System32\USER32.dll
0x00007ffc990b0000 - 0x00007ffc990d1000 	C:\WINDOWS\System32\win32u.dll
0x00007ffc9aae0000 - 0x00007ffc9ab06000 	C:\WINDOWS\System32\GDI32.dll
0x00007ffc99eb0000 - 0x00007ffc9a044000 	C:\WINDOWS\System32\gdi32full.dll
0x00007ffc98f30000 - 0x00007ffc98fce000 	C:\WINDOWS\System32\msvcp_win.dll
0x00007ffc99db0000 - 0x00007ffc99eaa000 	C:\WINDOWS\System32\ucrtbase.dll
0x00007ffc8a780000 - 0x00007ffc8aa05000 	C:\WINDOWS\WinSxS\amd64_microsoft.windows.common-controls_6595b64144ccf1df_6.0.18362.657_none_e6c5b579130e3898\COMCTL32.dll
0x00007ffc94970000 - 0x00007ffc9497a000 	C:\WINDOWS\SYSTEM32\VERSION.dll
0x00007ffc9bba0000 - 0x00007ffc9bed6000 	C:\WINDOWS\System32\combase.dll
0x00007ffc99100000 - 0x00007ffc99180000 	C:\WINDOWS\System32\bcryptPrimitives.dll
0x00007ffc9afe0000 - 0x00007ffc9b00e000 	C:\WINDOWS\System32\IMM32.DLL
0x00007ffc7b710000 - 0x00007ffc7b726000 	C:\Program Files\Java\jdk-11.0.6\bin\vcruntime140.dll
0x00007ffc54b30000 - 0x00007ffc54bda000 	C:\Program Files\Java\jdk-11.0.6\bin\msvcp140.dll
0x00007ffc48e30000 - 0x00007ffc49959000 	C:\Program Files\Java\jdk-11.0.6\bin\server\jvm.dll
0x00007ffc9aa50000 - 0x00007ffc9aa58000 	C:\WINDOWS\System32\PSAPI.DLL
0x00007ffc8cb20000 - 0x00007ffc8cb29000 	C:\WINDOWS\SYSTEM32\WSOCK32.dll
0x00007ffc96bc0000 - 0x00007ffc96be4000 	C:\WINDOWS\SYSTEM32\WINMM.dll
0x00007ffc9ac90000 - 0x00007ffc9acff000 	C:\WINDOWS\System32\WS2_32.dll
0x00007ffc96b20000 - 0x00007ffc96b4d000 	C:\WINDOWS\SYSTEM32\winmmbase.dll
0x00007ffc99d60000 - 0x00007ffc99daa000 	C:\WINDOWS\System32\cfgmgr32.dll
0x00007ffc98ed0000 - 0x00007ffc98ee1000 	C:\WINDOWS\System32\kernel.appcore.dll
0x00007ffc75a20000 - 0x00007ffc75a31000 	C:\Program Files\Java\jdk-11.0.6\bin\verify.dll
0x00007ffc7f870000 - 0x00007ffc7fa64000 	C:\WINDOWS\SYSTEM32\DBGHELP.DLL
0x00007ffc7f720000 - 0x00007ffc7f74a000 	C:\WINDOWS\SYSTEM32\dbgcore.DLL
0x00007ffc73020000 - 0x00007ffc73049000 	C:\Program Files\Java\jdk-11.0.6\bin\java.dll
0x00007ffc70f10000 - 0x00007ffc70f3f000 	C:\Program Files\Java\jdk-11.0.6\bin\instrument.dll
0x00007ffc73000000 - 0x00007ffc73016000 	C:\Program Files\Java\jdk-11.0.6\bin\zip.dll
0x00007ffc8caa0000 - 0x00007ffc8caaa000 	C:\Program Files\Java\jdk-11.0.6\bin\jimage.dll
0x00007ffc9b4b0000 - 0x00007ffc9bb95000 	C:\WINDOWS\System32\SHELL32.dll
0x00007ffc9b0f0000 - 0x00007ffc9b199000 	C:\WINDOWS\System32\shcore.dll
0x00007ffc99180000 - 0x00007ffc998ff000 	C:\WINDOWS\System32\windows.storage.dll
0x00007ffc98f10000 - 0x00007ffc98f2f000 	C:\WINDOWS\System32\profapi.dll
0x00007ffc98e80000 - 0x00007ffc98eca000 	C:\WINDOWS\System32\powrprof.dll
0x00007ffc98e70000 - 0x00007ffc98e80000 	C:\WINDOWS\System32\UMPDC.dll
0x00007ffc9b090000 - 0x00007ffc9b0e2000 	C:\WINDOWS\System32\shlwapi.dll
0x00007ffc990e0000 - 0x00007ffc990f7000 	C:\WINDOWS\System32\cryptsp.dll
0x00007ffc714e0000 - 0x00007ffc714f9000 	C:\Program Files\Java\jdk-11.0.6\bin\net.dll
0x00007ffc8bc50000 - 0x00007ffc8bd40000 	C:\WINDOWS\SYSTEM32\WINHTTP.dll
0x00007ffc98680000 - 0x00007ffc986e7000 	C:\WINDOWS\system32\mswsock.dll
0x00007ffc6eeb0000 - 0x00007ffc6eec3000 	C:\Program Files\Java\jdk-11.0.6\bin\nio.dll
0x00007ffc981f0000 - 0x00007ffc98223000 	C:\WINDOWS\system32\rsaenh.dll
0x00007ffc99080000 - 0x00007ffc990a6000 	C:\WINDOWS\System32\bcrypt.dll
0x00007ffc98d90000 - 0x00007ffc98db5000 	C:\WINDOWS\SYSTEM32\USERENV.dll
0x00007ffc988b0000 - 0x00007ffc988bc000 	C:\WINDOWS\SYSTEM32\CRYPTBASE.dll
0x00007ffc98390000 - 0x00007ffc983ca000 	C:\WINDOWS\SYSTEM32\IPHLPAPI.DLL
0x00007ffc9b240000 - 0x00007ffc9b248000 	C:\WINDOWS\System32\NSI.dll
0x00007ffc93890000 - 0x00007ffc938a6000 	C:\WINDOWS\SYSTEM32\dhcpcsvc6.DLL
0x00007ffc93dc0000 - 0x00007ffc93ddc000 	C:\WINDOWS\SYSTEM32\dhcpcsvc.DLL
0x00007ffc983d0000 - 0x00007ffc9849a000 	C:\WINDOWS\SYSTEM32\DNSAPI.dll

dbghelp: loaded successfully - version: 4.0.5 - missing functions: none
symbol engine: initialized successfully - sym options: 0x614 - pdb path: .;C:\Program Files\Java\jdk-11.0.6\bin;C:\WINDOWS\SYSTEM32;C:\WINDOWS\WinSxS\amd64_microsoft.windows.common-controls_6595b64144ccf1df_6.0.18362.657_none_e6c5b579130e3898;C:\Program Files\Java\jdk-11.0.6\bin\server

VM Arguments:
jvm_args: --add-modules=ALL-SYSTEM --add-opens=java.base/java.util=ALL-UNNAMED --add-opens=java.base/java.lang=ALL-UNNAMED -Declipse.application=org.eclipse.jdt.ls.core.id1 -Dosgi.bundles.defaultStartLevel=4 -Declipse.product=org.eclipse.jdt.ls.core.product -Dfile.encoding=utf8 -DwatchParentProcess=false -Xmx1G -XX:+UseG1GC -XX:+UseStringDeduplication -javaagent:C:\Users\lehan\.vscode\extensions\gabrielbb.vscode-lombok-1.0.1\server\lombok.jar -Xverify:none 
java_command: c:\Users\lehan\.vscode\extensions\redhat.java-0.57.0\server\plugins\org.eclipse.equinox.launcher_1.5.700.v20200207-2156.jar -configuration c:\Users\lehan\.vscode\extensions\redhat.java-0.57.0\server\config_win -data c:\Users\lehan\AppData\Roaming\Code\User\workspaceStorage\ec6e5bf5ab9010b47ec1fdcad6ba4a40\redhat.java\jdt_ws
java_class_path (initial): c:\Users\lehan\.vscode\extensions\redhat.java-0.57.0\server\plugins\org.eclipse.equinox.launcher_1.5.700.v20200207-2156.jar
Launcher Type: SUN_STANDARD

[Global flags]
     bool BytecodeVerificationLocal                = false                                     {product} {command line}
     bool BytecodeVerificationRemote               = false                                     {product} {command line}
     intx CICompilerCount                          = 3                                         {product} {ergonomic}
     uint ConcGCThreads                            = 2                                         {product} {ergonomic}
     uint G1ConcRefinementThreads                  = 6                                         {product} {ergonomic}
   size_t G1HeapRegionSize                         = 1048576                                   {product} {ergonomic}
    uintx GCDrainStackTargetSize                   = 64                                        {product} {ergonomic}
   size_t InitialHeapSize                          = 268435456                                 {product} {ergonomic}
   size_t MarkStackSize                            = 4194304                                   {product} {ergonomic}
   size_t MaxHeapSize                              = 1073741824                                {product} {command line}
   size_t MaxNewSize                               = 643825664                                 {product} {ergonomic}
   size_t MinHeapDeltaBytes                        = 1048576                                   {product} {ergonomic}
    uintx NonNMethodCodeHeapSize                   = 5830732                                {pd product} {ergonomic}
    uintx NonProfiledCodeHeapSize                  = 122913754                              {pd product} {ergonomic}
    uintx ProfiledCodeHeapSize                     = 122913754                              {pd product} {ergonomic}
    uintx ReservedCodeCacheSize                    = 251658240                              {pd product} {ergonomic}
     bool SegmentedCodeCache                       = true                                      {product} {ergonomic}
     bool UseCompressedClassPointers               = true                                 {lp64_product} {ergonomic}
     bool UseCompressedOops                        = true                                 {lp64_product} {ergonomic}
     bool UseG1GC                                  = true                                      {product} {command line}
     bool UseLargePagesIndividualAllocation        = false                                  {pd product} {ergonomic}
     bool UseStringDeduplication                   = true                                      {product} {command line}

Logging:
Log output configuration:
 #0: stdout all=warning uptime,level,tags
 #1: stderr all=off uptime,level,tags

Environment Variables:
JAVA_HOME=C:\Program Files\Java\jdk-11.0.6
PATH=C:\WINDOWS\system32;C:\WINDOWS;C:\WINDOWS\System32\Wbem;C:\WINDOWS\System32\WindowsPowerShell\v1.0\;C:\WINDOWS\System32\OpenSSH\;C:\Program Files\Java\jdk-11.0.6\bin;C:\src\flutter\bin;D:\Programs\apache-maven-3.6.3\bin;C:\Program Files\nodejs\;C:\Program Files\Git\cmd;"C:\Users\lehan\AppData\Local\Microsoft\WindowsApps;C:\src\flutter\bin;D:\Programs\apache-maven-3.6.3\bin;";;C:\Users\lehan\AppData\Local\Programs\Microsoft VS Code\bin;C:\Users\lehan\AppData\Roaming\npm
USERNAME=lehan
OS=Windows_NT
PROCESSOR_IDENTIFIER=Intel64 Family 6 Model 158 Stepping 10, GenuineIntel



---------------  S Y S T E M  ---------------

OS: Windows 10 , 64 bit Build 18362 (10.0.18362.329)

CPU:total 6 (initial active 6) (6 cores per cpu, 1 threads per core) family 6 model 158 stepping 10, cmov, cx8, fxsr, mmx, sse, sse2, sse3, ssse3, sse4.1, sse4.2, popcnt, avx, avx2, aes, clmul, erms, 3dnowpref, lzcnt, tsc, tscinvbit, bmi1, bmi2, adx, fma

Memory: 4k page, system-wide physical 16314M (5457M free)
TotalPageFile size 22138M (AvailPageFile size 3307M)
current process WorkingSet (physical memory assigned to process): 87M, peak: 88M
current process commit charge ("private bytes"): 356M, peak: 358M

vm_info: Java HotSpot(TM) 64-Bit Server VM (11.0.6+8-LTS) for windows-amd64 JRE (11.0.6+8-LTS), built on Dec 11 2019 09:17:57 by "mach5one" with MS VC++ 15.5 (VS2017)

END.
