#
# A fatal error has been detected by the Java Runtime Environment:
#
#  EXCEPTION_ACCESS_VIOLATION (0xc0000005) at pc=0x00007ff87ebb5cf3, pid=17732, tid=15300
#
# JRE version: Java(TM) SE Runtime Environment 18.9 (11.0.8+10) (build 11.0.8+10-LTS)
# Java VM: Java HotSpot(TM) 64-Bit Server VM 18.9 (11.0.8+10-LTS, mixed mode, tiered, compressed oops, g1 gc, windows-amd64)
# Problematic frame:
# V  [jvm.dll+0x655cf3]
#
# No core dump will be written. Minidumps are not enabled by default on client versions of Windows
#
# If you would like to submit a bug report, please visit:
#   https://bugreport.java.com/bugreport/crash.jsp
#

---------------  S U M M A R Y ------------

Command Line: -javaagent:C:\Program Files\JetBrains\IntelliJ IDEA Community Edition 2020.2\lib\idea_rt.jar=56348:C:\Program Files\JetBrains\IntelliJ IDEA Community Edition 2020.2\bin -Dfile.encoding=UTF-8 com.example.demo.DemoApplication

Host: Intel(R) Core(TM) i5-8400 CPU @ 2.80GHz, 6 cores, 15G,  Windows 10 , 64 bit Build 18362 (10.0.18362.959)
Time: Tue Sep  8 09:05:12 2020 South Africa Standard Time elapsed time: 5 seconds (0d 0h 0m 5s)

---------------  T H R E A D  ---------------

Current thread (0x00000187cac90800):  JavaThread "C2 CompilerThread0" daemon [_thread_in_native, id=15300, stack(0x000000143cc00000,0x000000143cd00000)]


Current CompileTask:
C2:   5329 5856       4       java.util.TreeMap::put (247 bytes)

Stack: [0x000000143cc00000,0x000000143cd00000],  sp=0x000000143ccfb2d0,  free space=1004k
Native frames: (J=compiled Java code, j=interpreted, Vv=VM code, C=native code)
V  [jvm.dll+0x655cf3]
V  [jvm.dll+0x192fcf]
V  [jvm.dll+0x1fc3f2]
V  [jvm.dll+0x1fb49f]
V  [jvm.dll+0x17e0fc]
V  [jvm.dll+0x20aaa4]
V  [jvm.dll+0x208b7b]
V  [jvm.dll+0x6ff90c]
V  [jvm.dll+0x6f845c]
V  [jvm.dll+0x600d66]
C  [ucrtbase.dll+0x20e82]
C  [KERNEL32.DLL+0x17bd4]
C  [ntdll.dll+0x6ce51]


siginfo: EXCEPTION_ACCESS_VIOLATION (0xc0000005), reading address 0x0000000000000028


Register to memory mapping:

RIP=0x00007ff87ebb5cf3 jvm.dll
RAX=0x00000187cf4e42b8 points into unknown readable memory: d8 b8 51 cc 87 01 00 00
RBX=0x00000187cf4e4268 points into unknown readable memory: f0 f3 d5 7e f8 7f 00 00
RCX=0x000000000000001b is an unknown value
RDX=0x00000187ce3ea540 points into unknown readable memory: 00 00 00 00 00 00 00 00
RSP=0x000000143ccfb2d0 is pointing into the stack for thread: 0x00000187cac90800
RBP=0x000000143ccfb3d0 is pointing into the stack for thread: 0x00000187cac90800
RSI=0x0 is NULL
RDI=0x000000143ccfbc38 is pointing into the stack for thread: 0x00000187cac90800
R8 =0x00000187ce641ff0 points into unknown readable memory: 00 00 00 00 01 00 00 00
R9 =0x000000000000012b is an unknown value
R10=0x000000143ccfbb50 is pointing into the stack for thread: 0x00000187cac90800
R11=0x00000187ce641ff0 points into unknown readable memory: 00 00 00 00 01 00 00 00
R12=0x000000143ccfbb50 is pointing into the stack for thread: 0x00000187cac90800
R13=0x00000187d0993b30 points into unknown readable memory: e0 d1 c0 ca 87 01 00 00
R14=0x0 is NULL
R15=0x000000000000001b is an unknown value


Registers:
RAX=0x00000187cf4e42b8, RBX=0x00000187cf4e4268, RCX=0x000000000000001b, RDX=0x00000187ce3ea540
RSP=0x000000143ccfb2d0, RBP=0x000000143ccfb3d0, RSI=0x0000000000000000, RDI=0x000000143ccfbc38
R8 =0x00000187ce641ff0, R9 =0x000000000000012b, R10=0x000000143ccfbb50, R11=0x00000187ce641ff0
R12=0x000000143ccfbb50, R13=0x00000187d0993b30, R14=0x0000000000000000, R15=0x000000000000001b
RIP=0x00007ff87ebb5cf3, EFLAGS=0x0000000000010287

Top of Stack: (sp=0x000000143ccfb2d0)
0x000000143ccfb2d0:   00000187cf4e4268 0000000000000008
0x000000143ccfb2e0:   000000143ccfbb50 00000187cf4a0d30
0x000000143ccfb2f0:   00000187cf139660 0000001400000002
0x000000143ccfb300:   0000018700000e8c 00000187cc6c1301
0x000000143ccfb310:   00000187cfbc4300 000000143ccfb4a0
0x000000143ccfb320:   0000000000000000 0000000000000400
0x000000143ccfb330:   0000000600000007 00000187cf4a3000
0x000000143ccfb340:   0000002b000006b3 0000000000000000
0x000000143ccfb350:   0000001400000006 000000000000002d
0x000000143ccfb360:   00000187cb7bfc60 0000000300000196
0x000000143ccfb370:   00000187cb7bfdc0 00000187cb7bf1d0
0x000000143ccfb380:   00000187ce68b9d8 0000077200000000
0x000000143ccfb390:   000000143ccfb880 0000001400000013
0x000000143ccfb3a0:   00000187cc6bf5c0 00000187cc6c3160
0x000000143ccfb3b0:   00000187cb7bcee0 0000000000000000
0x000000143ccfb3c0:   00000c8100000001 00000187cc6c1390 

Instructions: (pc=0x00007ff87ebb5cf3)
0x00007ff87ebb5cd3:   1f 40 00 66 66 0f 1f 84 00 00 00 00 00 48 8b 43
0x00007ff87ebb5ce3:   08 48 8b 57 40 4c 8b 47 20 41 8b cf 4c 8b 34 c8
0x00007ff87ebb5cf3:   49 63 46 28 48 63 0c 82 41 8b 34 88 3b f1 74 27
0x00007ff87ebb5d03:   8b d1 48 8b cf e8 63 f2 b3 ff 49 63 56 28 8b f0 


Stack slot to memory mapping:
stack at sp + 0 slots: 0x00000187cf4e4268 points into unknown readable memory: f0 f3 d5 7e f8 7f 00 00
stack at sp + 1 slots: 0x0000000000000008 is an unknown value
stack at sp + 2 slots: 0x000000143ccfbb50 is pointing into the stack for thread: 0x00000187cac90800
stack at sp + 3 slots: 0x00000187cf4a0d30 points into unknown readable memory: 20 3b d6 7e f8 7f 00 00
stack at sp + 4 slots: 0x00000187cf139660 points into unknown readable memory: a8 7d d7 7e f8 7f 00 00
stack at sp + 5 slots: 0x0000001400000002 is an unknown value
stack at sp + 6 slots: 0x0000018700000e8c is an unknown value
stack at sp + 7 slots: 0x00000187cc6c1301 points into unknown readable memory: 00 00 00 00 00 00 00


---------------  P R O C E S S  ---------------

Threads class SMR info:
_java_thread_list=0x00000187cf5cd660, length=18, elements={
0x00000187a6d77800, 0x00000187cac35800, 0x00000187cac3f000, 0x00000187cac8e800,
0x00000187cac8f800, 0x00000187cac90800, 0x00000187cac9f000, 0x00000187cad06800,
0x00000187caddf000, 0x00000187cb25b000, 0x00000187cb25b800, 0x00000187cbe3a000,
0x00000187cfe00800, 0x00000187cf7ca000, 0x00000187cf0a7000, 0x00000187cfaa3000,
0x00000187ce3ff000, 0x00000187d13e6800
}

Java Threads: ( => current thread )
  0x00000187a6d77800 JavaThread "main" [_thread_in_vm, id=10680, stack(0x000000143c000000,0x000000143c100000)]
  0x00000187cac35800 JavaThread "Reference Handler" daemon [_thread_blocked, id=6428, stack(0x000000143c700000,0x000000143c800000)]
  0x00000187cac3f000 JavaThread "Finalizer" daemon [_thread_blocked, id=15344, stack(0x000000143c800000,0x000000143c900000)]
  0x00000187cac8e800 JavaThread "Signal Dispatcher" daemon [_thread_blocked, id=15128, stack(0x000000143ca00000,0x000000143cb00000)]
  0x00000187cac8f800 JavaThread "Attach Listener" daemon [_thread_blocked, id=7816, stack(0x000000143cb00000,0x000000143cc00000)]
=>0x00000187cac90800 JavaThread "C2 CompilerThread0" daemon [_thread_in_native, id=15300, stack(0x000000143cc00000,0x000000143cd00000)]
  0x00000187cac9f000 JavaThread "C1 CompilerThread0" daemon [_thread_blocked, id=2432, stack(0x000000143cd00000,0x000000143ce00000)]
  0x00000187cad06800 JavaThread "Sweeper thread" daemon [_thread_blocked, id=13216, stack(0x000000143ce00000,0x000000143cf00000)]
  0x00000187caddf000 JavaThread "Common-Cleaner" daemon [_thread_blocked, id=6572, stack(0x000000143cf00000,0x000000143d000000)]
  0x00000187cb25b000 JavaThread "Monitor Ctrl-Break" daemon [_thread_in_native, id=15288, stack(0x000000143d000000,0x000000143d100000)]
  0x00000187cb25b800 JavaThread "Service Thread" daemon [_thread_blocked, id=6408, stack(0x000000143d100000,0x000000143d200000)]
  0x00000187cbe3a000 JavaThread "C2 CompilerThread1" daemon [_thread_in_native, id=3316, stack(0x000000143d900000,0x000000143da00000)]
  0x00000187cfe00800 JavaThread "Catalina-utility-1" [_thread_blocked, id=13276, stack(0x000000143d800000,0x000000143d900000)]
  0x00000187cf7ca000 JavaThread "Catalina-utility-2" [_thread_blocked, id=19964, stack(0x000000143db00000,0x000000143dc00000)]
  0x00000187cf0a7000 JavaThread "container-0" [_thread_blocked, id=10136, stack(0x000000143dc00000,0x000000143dd00000)]
  0x00000187cfaa3000 JavaThread "mysql-cj-abandoned-connection-cleanup" daemon [_thread_blocked, id=17976, stack(0x000000143dd00000,0x000000143de00000)]
  0x00000187ce3ff000 JavaThread "HikariPool-1 housekeeper" daemon [_thread_blocked, id=16772, stack(0x000000143df00000,0x000000143e000000)]
  0x00000187d13e6800 JavaThread "HikariPool-1 connection adder" daemon [_thread_blocked, id=2488, stack(0x000000143e000000,0x000000143e100000)]

Other Threads:
  0x00000187cac10000 VMThread "VM Thread" [stack: 0x000000143c600000,0x000000143c700000] [id=15196]
  0x00000187cb25d000 WatcherThread [stack: 0x000000143d200000,0x000000143d300000] [id=17816]
  0x00000187a6d8d000 GCTaskThread "GC Thread#0" [stack: 0x000000143c100000,0x000000143c200000] [id=2348]
  0x00000187cbd41000 GCTaskThread "GC Thread#1" [stack: 0x000000143d300000,0x000000143d400000] [id=19976]
  0x00000187cbd42000 GCTaskThread "GC Thread#2" [stack: 0x000000143d400000,0x000000143d500000] [id=7756]
  0x00000187cbc37000 GCTaskThread "GC Thread#3" [stack: 0x000000143d500000,0x000000143d600000] [id=7100]
  0x00000187cbc38000 GCTaskThread "GC Thread#4" [stack: 0x000000143d600000,0x000000143d700000] [id=5236]
  0x00000187cbd11000 GCTaskThread "GC Thread#5" [stack: 0x000000143d700000,0x000000143d800000] [id=13412]
  0x00000187a6de8800 ConcurrentGCThread "G1 Main Marker" [stack: 0x000000143c200000,0x000000143c300000] [id=14548]
  0x00000187a6deb000 ConcurrentGCThread "G1 Conc#0" [stack: 0x000000143c300000,0x000000143c400000] [id=20320]
  0x00000187cc20c000 ConcurrentGCThread "G1 Conc#1" [stack: 0x000000143da00000,0x000000143db00000] [id=14512]
  0x00000187ca04a800 ConcurrentGCThread "G1 Refine#0" [stack: 0x000000143c400000,0x000000143c500000] [id=19968]
  0x00000187ca04b800 ConcurrentGCThread "G1 Young RemSet Sampling" [stack: 0x000000143c500000,0x000000143c600000] [id=9184]

Threads with active compile tasks:
C2 CompilerThread0   5422 5856       4       java.util.TreeMap::put (247 bytes)
C2 CompilerThread1   5422 5889       4       org.springframework.beans.factory.support.AbstractBeanFactory::isTypeMatch (607 bytes)

VM state:not at safepoint (normal execution)

VM Mutex/Monitor currently owned by a thread: None

Heap address: 0x0000000701000000, size: 4080 MB, Compressed Oops mode: Zero based, Oop shift amount: 3
Narrow klass base: 0x0000000800000000, Narrow klass shift: 0
Compressed class space size: 1073741824 Address: 0x0000000800000000

Heap:
 garbage-first heap   total 262144K, used 66973K [0x0000000701000000, 0x0000000800000000)
  region size 1024K, 52 young (53248K), 12 survivors (12288K)
 Metaspace       used 63264K, capacity 64489K, committed 64640K, reserved 1105920K
  class space    used 8045K, capacity 8527K, committed 8576K, reserved 1048576K
Heap Regions: E=young(eden), S=young(survivor), O=old, HS=humongous(starts), HC=humongous(continues), CS=collection set, F=free, A=archive, TAMS=top-at-mark-start (previous, next)
|   0|0x0000000701000000, 0x0000000701100000, 0x0000000701100000|100%|HS|  |TAMS 0x0000000701100000, 0x0000000701000000| Complete 
|   1|0x0000000701100000, 0x0000000701200000, 0x0000000701200000|100%| O|  |TAMS 0x0000000701200000, 0x0000000701100000| Untracked 
|   2|0x0000000701200000, 0x0000000701300000, 0x0000000701300000|100%| O|  |TAMS 0x0000000701300000, 0x0000000701200000| Untracked 
|   3|0x0000000701300000, 0x0000000701400000, 0x0000000701400000|100%| O|  |TAMS 0x0000000701400000, 0x0000000701300000| Untracked 
|   4|0x0000000701400000, 0x0000000701500000, 0x0000000701500000|100%| O|  |TAMS 0x0000000701500000, 0x0000000701400000| Untracked 
|   5|0x0000000701500000, 0x0000000701600000, 0x0000000701600000|100%| O|  |TAMS 0x0000000701600000, 0x0000000701500000| Untracked 
|   6|0x0000000701600000, 0x0000000701700000, 0x0000000701700000|100%| O|  |TAMS 0x0000000701700000, 0x0000000701600000| Untracked 
|   7|0x0000000701700000, 0x0000000701800000, 0x0000000701800000|100%| O|  |TAMS 0x0000000701800000, 0x0000000701700000| Untracked 
|   8|0x0000000701800000, 0x0000000701900000, 0x0000000701900000|100%| O|  |TAMS 0x0000000701900000, 0x0000000701800000| Untracked 
|   9|0x0000000701900000, 0x0000000701a00000, 0x0000000701a00000|100%| O|  |TAMS 0x0000000701a00000, 0x0000000701900000| Untracked 
|  10|0x0000000701a00000, 0x0000000701b00000, 0x0000000701b00000|100%| O|  |TAMS 0x0000000701b00000, 0x0000000701a00000| Untracked 
|  11|0x0000000701b00000, 0x0000000701c00000, 0x0000000701c00000|100%| O|  |TAMS 0x0000000701c00000, 0x0000000701b00000| Untracked 
|  12|0x0000000701c00000, 0x0000000701d00000, 0x0000000701d00000|100%| O|  |TAMS 0x0000000701d00000, 0x0000000701c00000| Untracked 
|  13|0x0000000701d00000, 0x0000000701e00000, 0x0000000701e00000|100%| O|  |TAMS 0x0000000701e00000, 0x0000000701d00000| Untracked 
|  14|0x0000000701e00000, 0x0000000701f00000, 0x0000000701f00000|100%| O|  |TAMS 0x0000000701f00000, 0x0000000701e00000| Untracked 
|  15|0x0000000701f00000, 0x0000000701f01a00, 0x0000000702000000|  0%| O|  |TAMS 0x0000000701f01a00, 0x0000000701f00000| Untracked 
|  16|0x0000000702000000, 0x0000000702000000, 0x0000000702100000|  0%| F|  |TAMS 0x0000000702000000, 0x0000000702000000| Untracked 
|  17|0x0000000702100000, 0x0000000702100000, 0x0000000702200000|  0%| F|  |TAMS 0x0000000702100000, 0x0000000702100000| Untracked 
|  18|0x0000000702200000, 0x0000000702200000, 0x0000000702300000|  0%| F|  |TAMS 0x0000000702200000, 0x0000000702200000| Untracked 
|  19|0x0000000702300000, 0x0000000702300000, 0x0000000702400000|  0%| F|  |TAMS 0x0000000702300000, 0x0000000702300000| Untracked 
|  20|0x0000000702400000, 0x0000000702400000, 0x0000000702500000|  0%| F|  |TAMS 0x0000000702400000, 0x0000000702400000| Untracked 
|  21|0x0000000702500000, 0x0000000702500000, 0x0000000702600000|  0%| F|  |TAMS 0x0000000702500000, 0x0000000702500000| Untracked 
|  22|0x0000000702600000, 0x0000000702600000, 0x0000000702700000|  0%| F|  |TAMS 0x0000000702600000, 0x0000000702600000| Untracked 
|  23|0x0000000702700000, 0x0000000702700000, 0x0000000702800000|  0%| F|  |TAMS 0x0000000702700000, 0x0000000702700000| Untracked 
|  24|0x0000000702800000, 0x0000000702800000, 0x0000000702900000|  0%| F|  |TAMS 0x0000000702800000, 0x0000000702800000| Untracked 
|  25|0x0000000702900000, 0x0000000702900000, 0x0000000702a00000|  0%| F|  |TAMS 0x0000000702900000, 0x0000000702900000| Untracked 
|  26|0x0000000702a00000, 0x0000000702a00000, 0x0000000702b00000|  0%| F|  |TAMS 0x0000000702a00000, 0x0000000702a00000| Untracked 
|  27|0x0000000702b00000, 0x0000000702b00000, 0x0000000702c00000|  0%| F|  |TAMS 0x0000000702b00000, 0x0000000702b00000| Untracked 
|  28|0x0000000702c00000, 0x0000000702c00000, 0x0000000702d00000|  0%| F|  |TAMS 0x0000000702c00000, 0x0000000702c00000| Untracked 
|  29|0x0000000702d00000, 0x0000000702d00000, 0x0000000702e00000|  0%| F|  |TAMS 0x0000000702d00000, 0x0000000702d00000| Untracked 
|  30|0x0000000702e00000, 0x0000000702e00000, 0x0000000702f00000|  0%| F|  |TAMS 0x0000000702e00000, 0x0000000702e00000| Untracked 
|  31|0x0000000702f00000, 0x0000000702f00000, 0x0000000703000000|  0%| F|  |TAMS 0x0000000702f00000, 0x0000000702f00000| Untracked 
|  32|0x0000000703000000, 0x0000000703000000, 0x0000000703100000|  0%| F|  |TAMS 0x0000000703000000, 0x0000000703000000| Untracked 
|  33|0x0000000703100000, 0x0000000703100000, 0x0000000703200000|  0%| F|  |TAMS 0x0000000703100000, 0x0000000703100000| Untracked 
|  34|0x0000000703200000, 0x0000000703200000, 0x0000000703300000|  0%| F|  |TAMS 0x0000000703200000, 0x0000000703200000| Untracked 
|  35|0x0000000703300000, 0x0000000703300000, 0x0000000703400000|  0%| F|  |TAMS 0x0000000703300000, 0x0000000703300000| Untracked 
|  36|0x0000000703400000, 0x0000000703400000, 0x0000000703500000|  0%| F|  |TAMS 0x0000000703400000, 0x0000000703400000| Untracked 
|  37|0x0000000703500000, 0x0000000703500000, 0x0000000703600000|  0%| F|  |TAMS 0x0000000703500000, 0x0000000703500000| Untracked 
|  38|0x0000000703600000, 0x0000000703600000, 0x0000000703700000|  0%| F|  |TAMS 0x0000000703600000, 0x0000000703600000| Untracked 
|  39|0x0000000703700000, 0x0000000703700000, 0x0000000703800000|  0%| F|  |TAMS 0x0000000703700000, 0x0000000703700000| Untracked 
|  40|0x0000000703800000, 0x0000000703800000, 0x0000000703900000|  0%| F|  |TAMS 0x0000000703800000, 0x0000000703800000| Untracked 
|  41|0x0000000703900000, 0x0000000703900000, 0x0000000703a00000|  0%| F|  |TAMS 0x0000000703900000, 0x0000000703900000| Untracked 
|  42|0x0000000703a00000, 0x0000000703a00000, 0x0000000703b00000|  0%| F|  |TAMS 0x0000000703a00000, 0x0000000703a00000| Untracked 
|  43|0x0000000703b00000, 0x0000000703b00000, 0x0000000703c00000|  0%| F|  |TAMS 0x0000000703b00000, 0x0000000703b00000| Untracked 
|  44|0x0000000703c00000, 0x0000000703c00000, 0x0000000703d00000|  0%| F|  |TAMS 0x0000000703c00000, 0x0000000703c00000| Untracked 
|  45|0x0000000703d00000, 0x0000000703d00000, 0x0000000703e00000|  0%| F|  |TAMS 0x0000000703d00000, 0x0000000703d00000| Untracked 
|  46|0x0000000703e00000, 0x0000000703e00000, 0x0000000703f00000|  0%| F|  |TAMS 0x0000000703e00000, 0x0000000703e00000| Untracked 
|  47|0x0000000703f00000, 0x0000000703f00000, 0x0000000704000000|  0%| F|  |TAMS 0x0000000703f00000, 0x0000000703f00000| Untracked 
|  48|0x0000000704000000, 0x0000000704000000, 0x0000000704100000|  0%| F|  |TAMS 0x0000000704000000, 0x0000000704000000| Untracked 
|  49|0x0000000704100000, 0x0000000704100000, 0x0000000704200000|  0%| F|  |TAMS 0x0000000704100000, 0x0000000704100000| Untracked 
|  50|0x0000000704200000, 0x0000000704200000, 0x0000000704300000|  0%| F|  |TAMS 0x0000000704200000, 0x0000000704200000| Untracked 
|  51|0x0000000704300000, 0x0000000704300000, 0x0000000704400000|  0%| F|  |TAMS 0x0000000704300000, 0x0000000704300000| Untracked 
|  52|0x0000000704400000, 0x0000000704400000, 0x0000000704500000|  0%| F|  |TAMS 0x0000000704400000, 0x0000000704400000| Untracked 
|  53|0x0000000704500000, 0x0000000704500000, 0x0000000704600000|  0%| F|  |TAMS 0x0000000704500000, 0x0000000704500000| Untracked 
|  54|0x0000000704600000, 0x0000000704600000, 0x0000000704700000|  0%| F|  |TAMS 0x0000000704600000, 0x0000000704600000| Untracked 
|  55|0x0000000704700000, 0x0000000704700000, 0x0000000704800000|  0%| F|  |TAMS 0x0000000704700000, 0x0000000704700000| Untracked 
|  56|0x0000000704800000, 0x0000000704800000, 0x0000000704900000|  0%| F|  |TAMS 0x0000000704800000, 0x0000000704800000| Untracked 
|  57|0x0000000704900000, 0x0000000704900000, 0x0000000704a00000|  0%| F|  |TAMS 0x0000000704900000, 0x0000000704900000| Untracked 
|  58|0x0000000704a00000, 0x0000000704a00000, 0x0000000704b00000|  0%| F|  |TAMS 0x0000000704a00000, 0x0000000704a00000| Untracked 
|  59|0x0000000704b00000, 0x0000000704b00000, 0x0000000704c00000|  0%| F|  |TAMS 0x0000000704b00000, 0x0000000704b00000| Untracked 
|  60|0x0000000704c00000, 0x0000000704c00000, 0x0000000704d00000|  0%| F|  |TAMS 0x0000000704c00000, 0x0000000704c00000| Untracked 
|  61|0x0000000704d00000, 0x0000000704d00000, 0x0000000704e00000|  0%| F|  |TAMS 0x0000000704d00000, 0x0000000704d00000| Untracked 
|  62|0x0000000704e00000, 0x0000000704e00000, 0x0000000704f00000|  0%| F|  |TAMS 0x0000000704e00000, 0x0000000704e00000| Untracked 
|  63|0x0000000704f00000, 0x0000000704f00000, 0x0000000705000000|  0%| F|  |TAMS 0x0000000704f00000, 0x0000000704f00000| Untracked 
|  64|0x0000000705000000, 0x0000000705000000, 0x0000000705100000|  0%| F|  |TAMS 0x0000000705000000, 0x0000000705000000| Untracked 
|  65|0x0000000705100000, 0x0000000705100000, 0x0000000705200000|  0%| F|  |TAMS 0x0000000705100000, 0x0000000705100000| Untracked 
|  66|0x0000000705200000, 0x0000000705200000, 0x0000000705300000|  0%| F|  |TAMS 0x0000000705200000, 0x0000000705200000| Untracked 
|  67|0x0000000705300000, 0x0000000705300000, 0x0000000705400000|  0%| F|  |TAMS 0x0000000705300000, 0x0000000705300000| Untracked 
|  68|0x0000000705400000, 0x0000000705400000, 0x0000000705500000|  0%| F|  |TAMS 0x0000000705400000, 0x0000000705400000| Untracked 
|  69|0x0000000705500000, 0x0000000705500000, 0x0000000705600000|  0%| F|  |TAMS 0x0000000705500000, 0x0000000705500000| Untracked 
|  70|0x0000000705600000, 0x0000000705600000, 0x0000000705700000|  0%| F|  |TAMS 0x0000000705600000, 0x0000000705600000| Untracked 
|  71|0x0000000705700000, 0x0000000705700000, 0x0000000705800000|  0%| F|  |TAMS 0x0000000705700000, 0x0000000705700000| Untracked 
|  72|0x0000000705800000, 0x0000000705800000, 0x0000000705900000|  0%| F|  |TAMS 0x0000000705800000, 0x0000000705800000| Untracked 
|  73|0x0000000705900000, 0x0000000705900000, 0x0000000705a00000|  0%| F|  |TAMS 0x0000000705900000, 0x0000000705900000| Untracked 
|  74|0x0000000705a00000, 0x0000000705a00000, 0x0000000705b00000|  0%| F|  |TAMS 0x0000000705a00000, 0x0000000705a00000| Untracked 
|  75|0x0000000705b00000, 0x0000000705b00000, 0x0000000705c00000|  0%| F|  |TAMS 0x0000000705b00000, 0x0000000705b00000| Untracked 
|  76|0x0000000705c00000, 0x0000000705c00000, 0x0000000705d00000|  0%| F|  |TAMS 0x0000000705c00000, 0x0000000705c00000| Untracked 
|  77|0x0000000705d00000, 0x0000000705d00000, 0x0000000705e00000|  0%| F|  |TAMS 0x0000000705d00000, 0x0000000705d00000| Untracked 
|  78|0x0000000705e00000, 0x0000000705e00000, 0x0000000705f00000|  0%| F|  |TAMS 0x0000000705e00000, 0x0000000705e00000| Untracked 
|  79|0x0000000705f00000, 0x0000000705f00000, 0x0000000706000000|  0%| F|  |TAMS 0x0000000705f00000, 0x0000000705f00000| Untracked 
|  80|0x0000000706000000, 0x0000000706000000, 0x0000000706100000|  0%| F|  |TAMS 0x0000000706000000, 0x0000000706000000| Untracked 
|  81|0x0000000706100000, 0x0000000706100000, 0x0000000706200000|  0%| F|  |TAMS 0x0000000706100000, 0x0000000706100000| Untracked 
|  82|0x0000000706200000, 0x0000000706200000, 0x0000000706300000|  0%| F|  |TAMS 0x0000000706200000, 0x0000000706200000| Untracked 
|  83|0x0000000706300000, 0x0000000706300000, 0x0000000706400000|  0%| F|  |TAMS 0x0000000706300000, 0x0000000706300000| Untracked 
|  84|0x0000000706400000, 0x0000000706400000, 0x0000000706500000|  0%| F|  |TAMS 0x0000000706400000, 0x0000000706400000| Untracked 
|  85|0x0000000706500000, 0x0000000706500000, 0x0000000706600000|  0%| F|  |TAMS 0x0000000706500000, 0x0000000706500000| Untracked 
|  86|0x0000000706600000, 0x0000000706600000, 0x0000000706700000|  0%| F|  |TAMS 0x0000000706600000, 0x0000000706600000| Untracked 
|  87|0x0000000706700000, 0x0000000706700000, 0x0000000706800000|  0%| F|  |TAMS 0x0000000706700000, 0x0000000706700000| Untracked 
|  88|0x0000000706800000, 0x0000000706800000, 0x0000000706900000|  0%| F|  |TAMS 0x0000000706800000, 0x0000000706800000| Untracked 
|  89|0x0000000706900000, 0x0000000706900000, 0x0000000706a00000|  0%| F|  |TAMS 0x0000000706900000, 0x0000000706900000| Untracked 
|  90|0x0000000706a00000, 0x0000000706a00000, 0x0000000706b00000|  0%| F|  |TAMS 0x0000000706a00000, 0x0000000706a00000| Untracked 
|  91|0x0000000706b00000, 0x0000000706b00000, 0x0000000706c00000|  0%| F|  |TAMS 0x0000000706b00000, 0x0000000706b00000| Untracked 
|  92|0x0000000706c00000, 0x0000000706c00000, 0x0000000706d00000|  0%| F|  |TAMS 0x0000000706c00000, 0x0000000706c00000| Untracked 
|  93|0x0000000706d00000, 0x0000000706d00000, 0x0000000706e00000|  0%| F|  |TAMS 0x0000000706d00000, 0x0000000706d00000| Untracked 
|  94|0x0000000706e00000, 0x0000000706e00000, 0x0000000706f00000|  0%| F|  |TAMS 0x0000000706e00000, 0x0000000706e00000| Untracked 
|  95|0x0000000706f00000, 0x0000000706f00000, 0x0000000707000000|  0%| F|  |TAMS 0x0000000706f00000, 0x0000000706f00000| Untracked 
|  96|0x0000000707000000, 0x0000000707000000, 0x0000000707100000|  0%| F|  |TAMS 0x0000000707000000, 0x0000000707000000| Untracked 
|  97|0x0000000707100000, 0x0000000707100000, 0x0000000707200000|  0%| F|  |TAMS 0x0000000707100000, 0x0000000707100000| Untracked 
|  98|0x0000000707200000, 0x0000000707200000, 0x0000000707300000|  0%| F|  |TAMS 0x0000000707200000, 0x0000000707200000| Untracked 
|  99|0x0000000707300000, 0x0000000707300000, 0x0000000707400000|  0%| F|  |TAMS 0x0000000707300000, 0x0000000707300000| Untracked 
| 100|0x0000000707400000, 0x0000000707400000, 0x0000000707500000|  0%| F|  |TAMS 0x0000000707400000, 0x0000000707400000| Untracked 
| 101|0x0000000707500000, 0x0000000707500000, 0x0000000707600000|  0%| F|  |TAMS 0x0000000707500000, 0x0000000707500000| Untracked 
| 102|0x0000000707600000, 0x0000000707600000, 0x0000000707700000|  0%| F|  |TAMS 0x0000000707600000, 0x0000000707600000| Untracked 
| 103|0x0000000707700000, 0x0000000707700000, 0x0000000707800000|  0%| F|  |TAMS 0x0000000707700000, 0x0000000707700000| Untracked 
| 104|0x0000000707800000, 0x0000000707800000, 0x0000000707900000|  0%| F|  |TAMS 0x0000000707800000, 0x0000000707800000| Untracked 
| 105|0x0000000707900000, 0x0000000707900000, 0x0000000707a00000|  0%| F|  |TAMS 0x0000000707900000, 0x0000000707900000| Untracked 
| 106|0x0000000707a00000, 0x0000000707a00000, 0x0000000707b00000|  0%| F|  |TAMS 0x0000000707a00000, 0x0000000707a00000| Untracked 
| 107|0x0000000707b00000, 0x0000000707b00000, 0x0000000707c00000|  0%| F|  |TAMS 0x0000000707b00000, 0x0000000707b00000| Untracked 
| 108|0x0000000707c00000, 0x0000000707c00000, 0x0000000707d00000|  0%| F|  |TAMS 0x0000000707c00000, 0x0000000707c00000| Untracked 
| 109|0x0000000707d00000, 0x0000000707d00000, 0x0000000707e00000|  0%| F|  |TAMS 0x0000000707d00000, 0x0000000707d00000| Untracked 
| 110|0x0000000707e00000, 0x0000000707e00000, 0x0000000707f00000|  0%| F|  |TAMS 0x0000000707e00000, 0x0000000707e00000| Untracked 
| 111|0x0000000707f00000, 0x0000000707f00000, 0x0000000708000000|  0%| F|  |TAMS 0x0000000707f00000, 0x0000000707f00000| Untracked 
| 112|0x0000000708000000, 0x0000000708000000, 0x0000000708100000|  0%| F|  |TAMS 0x0000000708000000, 0x0000000708000000| Untracked 
| 113|0x0000000708100000, 0x0000000708100000, 0x0000000708200000|  0%| F|  |TAMS 0x0000000708100000, 0x0000000708100000| Untracked 
| 114|0x0000000708200000, 0x0000000708200000, 0x0000000708300000|  0%| F|  |TAMS 0x0000000708200000, 0x0000000708200000| Untracked 
| 115|0x0000000708300000, 0x0000000708300000, 0x0000000708400000|  0%| F|  |TAMS 0x0000000708300000, 0x0000000708300000| Untracked 
| 116|0x0000000708400000, 0x0000000708400000, 0x0000000708500000|  0%| F|  |TAMS 0x0000000708400000, 0x0000000708400000| Untracked 
| 117|0x0000000708500000, 0x0000000708500000, 0x0000000708600000|  0%| F|  |TAMS 0x0000000708500000, 0x0000000708500000| Untracked 
| 118|0x0000000708600000, 0x0000000708600000, 0x0000000708700000|  0%| F|  |TAMS 0x0000000708600000, 0x0000000708600000| Untracked 
| 119|0x0000000708700000, 0x0000000708700000, 0x0000000708800000|  0%| F|  |TAMS 0x0000000708700000, 0x0000000708700000| Untracked 
| 120|0x0000000708800000, 0x0000000708800000, 0x0000000708900000|  0%| F|  |TAMS 0x0000000708800000, 0x0000000708800000| Untracked 
| 121|0x0000000708900000, 0x0000000708900000, 0x0000000708a00000|  0%| F|  |TAMS 0x0000000708900000, 0x0000000708900000| Untracked 
| 122|0x0000000708a00000, 0x0000000708a00000, 0x0000000708b00000|  0%| F|  |TAMS 0x0000000708a00000, 0x0000000708a00000| Untracked 
| 123|0x0000000708b00000, 0x0000000708b00000, 0x0000000708c00000|  0%| F|  |TAMS 0x0000000708b00000, 0x0000000708b00000| Untracked 
| 124|0x0000000708c00000, 0x0000000708c00000, 0x0000000708d00000|  0%| F|  |TAMS 0x0000000708c00000, 0x0000000708c00000| Untracked 
| 125|0x0000000708d00000, 0x0000000708d00000, 0x0000000708e00000|  0%| F|  |TAMS 0x0000000708d00000, 0x0000000708d00000| Untracked 
| 126|0x0000000708e00000, 0x0000000708e00000, 0x0000000708f00000|  0%| F|  |TAMS 0x0000000708e00000, 0x0000000708e00000| Untracked 
| 127|0x0000000708f00000, 0x0000000708f00000, 0x0000000709000000|  0%| F|  |TAMS 0x0000000708f00000, 0x0000000708f00000| Untracked 
| 128|0x0000000709000000, 0x0000000709000000, 0x0000000709100000|  0%| F|  |TAMS 0x0000000709000000, 0x0000000709000000| Untracked 
| 129|0x0000000709100000, 0x0000000709100000, 0x0000000709200000|  0%| F|  |TAMS 0x0000000709100000, 0x0000000709100000| Untracked 
| 130|0x0000000709200000, 0x0000000709200000, 0x0000000709300000|  0%| F|  |TAMS 0x0000000709200000, 0x0000000709200000| Untracked 
| 131|0x0000000709300000, 0x0000000709300000, 0x0000000709400000|  0%| F|  |TAMS 0x0000000709300000, 0x0000000709300000| Untracked 
| 132|0x0000000709400000, 0x0000000709400000, 0x0000000709500000|  0%| F|  |TAMS 0x0000000709400000, 0x0000000709400000| Untracked 
| 133|0x0000000709500000, 0x0000000709500000, 0x0000000709600000|  0%| F|  |TAMS 0x0000000709500000, 0x0000000709500000| Untracked 
| 134|0x0000000709600000, 0x0000000709600000, 0x0000000709700000|  0%| F|  |TAMS 0x0000000709600000, 0x0000000709600000| Untracked 
| 135|0x0000000709700000, 0x0000000709700000, 0x0000000709800000|  0%| F|  |TAMS 0x0000000709700000, 0x0000000709700000| Untracked 
| 136|0x0000000709800000, 0x0000000709800000, 0x0000000709900000|  0%| F|  |TAMS 0x0000000709800000, 0x0000000709800000| Untracked 
| 137|0x0000000709900000, 0x0000000709900000, 0x0000000709a00000|  0%| F|  |TAMS 0x0000000709900000, 0x0000000709900000| Untracked 
| 138|0x0000000709a00000, 0x0000000709a00000, 0x0000000709b00000|  0%| F|  |TAMS 0x0000000709a00000, 0x0000000709a00000| Untracked 
| 139|0x0000000709b00000, 0x0000000709b00000, 0x0000000709c00000|  0%| F|  |TAMS 0x0000000709b00000, 0x0000000709b00000| Untracked 
| 140|0x0000000709c00000, 0x0000000709c00000, 0x0000000709d00000|  0%| F|  |TAMS 0x0000000709c00000, 0x0000000709c00000| Untracked 
| 141|0x0000000709d00000, 0x0000000709d00000, 0x0000000709e00000|  0%| F|  |TAMS 0x0000000709d00000, 0x0000000709d00000| Untracked 
| 142|0x0000000709e00000, 0x0000000709e00000, 0x0000000709f00000|  0%| F|  |TAMS 0x0000000709e00000, 0x0000000709e00000| Untracked 
| 143|0x0000000709f00000, 0x0000000709f00000, 0x000000070a000000|  0%| F|  |TAMS 0x0000000709f00000, 0x0000000709f00000| Untracked 
| 144|0x000000070a000000, 0x000000070a000000, 0x000000070a100000|  0%| F|  |TAMS 0x000000070a000000, 0x000000070a000000| Untracked 
| 145|0x000000070a100000, 0x000000070a100000, 0x000000070a200000|  0%| F|  |TAMS 0x000000070a100000, 0x000000070a100000| Untracked 
| 146|0x000000070a200000, 0x000000070a200000, 0x000000070a300000|  0%| F|  |TAMS 0x000000070a200000, 0x000000070a200000| Untracked 
| 147|0x000000070a300000, 0x000000070a300000, 0x000000070a400000|  0%| F|  |TAMS 0x000000070a300000, 0x000000070a300000| Untracked 
| 148|0x000000070a400000, 0x000000070a400000, 0x000000070a500000|  0%| F|  |TAMS 0x000000070a400000, 0x000000070a400000| Untracked 
| 149|0x000000070a500000, 0x000000070a500000, 0x000000070a600000|  0%| F|  |TAMS 0x000000070a500000, 0x000000070a500000| Untracked 
| 150|0x000000070a600000, 0x000000070a600000, 0x000000070a700000|  0%| F|  |TAMS 0x000000070a600000, 0x000000070a600000| Untracked 
| 151|0x000000070a700000, 0x000000070a700000, 0x000000070a800000|  0%| F|  |TAMS 0x000000070a700000, 0x000000070a700000| Untracked 
| 152|0x000000070a800000, 0x000000070a800000, 0x000000070a900000|  0%| F|  |TAMS 0x000000070a800000, 0x000000070a800000| Untracked 
| 153|0x000000070a900000, 0x000000070a900000, 0x000000070aa00000|  0%| F|  |TAMS 0x000000070a900000, 0x000000070a900000| Untracked 
| 154|0x000000070aa00000, 0x000000070aa00000, 0x000000070ab00000|  0%| F|  |TAMS 0x000000070aa00000, 0x000000070aa00000| Untracked 
| 155|0x000000070ab00000, 0x000000070ab00000, 0x000000070ac00000|  0%| F|  |TAMS 0x000000070ab00000, 0x000000070ab00000| Untracked 
| 156|0x000000070ac00000, 0x000000070ac00000, 0x000000070ad00000|  0%| F|  |TAMS 0x000000070ac00000, 0x000000070ac00000| Untracked 
| 157|0x000000070ad00000, 0x000000070ad00000, 0x000000070ae00000|  0%| F|  |TAMS 0x000000070ad00000, 0x000000070ad00000| Untracked 
| 158|0x000000070ae00000, 0x000000070ae00000, 0x000000070af00000|  0%| F|  |TAMS 0x000000070ae00000, 0x000000070ae00000| Untracked 
| 159|0x000000070af00000, 0x000000070af00000, 0x000000070b000000|  0%| F|  |TAMS 0x000000070af00000, 0x000000070af00000| Untracked 
| 160|0x000000070b000000, 0x000000070b000000, 0x000000070b100000|  0%| F|  |TAMS 0x000000070b000000, 0x000000070b000000| Untracked 
| 161|0x000000070b100000, 0x000000070b100000, 0x000000070b200000|  0%| F|  |TAMS 0x000000070b100000, 0x000000070b100000| Untracked 
| 162|0x000000070b200000, 0x000000070b200000, 0x000000070b300000|  0%| F|  |TAMS 0x000000070b200000, 0x000000070b200000| Untracked 
| 163|0x000000070b300000, 0x000000070b300000, 0x000000070b400000|  0%| F|  |TAMS 0x000000070b300000, 0x000000070b300000| Untracked 
| 164|0x000000070b400000, 0x000000070b400000, 0x000000070b500000|  0%| F|  |TAMS 0x000000070b400000, 0x000000070b400000| Untracked 
| 165|0x000000070b500000, 0x000000070b500000, 0x000000070b600000|  0%| F|  |TAMS 0x000000070b500000, 0x000000070b500000| Untracked 
| 166|0x000000070b600000, 0x000000070b600000, 0x000000070b700000|  0%| F|  |TAMS 0x000000070b600000, 0x000000070b600000| Untracked 
| 167|0x000000070b700000, 0x000000070b700000, 0x000000070b800000|  0%| F|  |TAMS 0x000000070b700000, 0x000000070b700000| Untracked 
| 168|0x000000070b800000, 0x000000070b800000, 0x000000070b900000|  0%| F|  |TAMS 0x000000070b800000, 0x000000070b800000| Untracked 
| 169|0x000000070b900000, 0x000000070b900000, 0x000000070ba00000|  0%| F|  |TAMS 0x000000070b900000, 0x000000070b900000| Untracked 
| 170|0x000000070ba00000, 0x000000070ba00000, 0x000000070bb00000|  0%| F|  |TAMS 0x000000070ba00000, 0x000000070ba00000| Untracked 
| 171|0x000000070bb00000, 0x000000070bb00000, 0x000000070bc00000|  0%| F|  |TAMS 0x000000070bb00000, 0x000000070bb00000| Untracked 
| 172|0x000000070bc00000, 0x000000070bc00000, 0x000000070bd00000|  0%| F|  |TAMS 0x000000070bc00000, 0x000000070bc00000| Untracked 
| 173|0x000000070bd00000, 0x000000070bd00000, 0x000000070be00000|  0%| F|  |TAMS 0x000000070bd00000, 0x000000070bd00000| Untracked 
| 174|0x000000070be00000, 0x000000070be00000, 0x000000070bf00000|  0%| F|  |TAMS 0x000000070be00000, 0x000000070be00000| Untracked 
| 175|0x000000070bf00000, 0x000000070bf00000, 0x000000070c000000|  0%| F|  |TAMS 0x000000070bf00000, 0x000000070bf00000| Untracked 
| 176|0x000000070c000000, 0x000000070c000000, 0x000000070c100000|  0%| F|  |TAMS 0x000000070c000000, 0x000000070c000000| Untracked 
| 177|0x000000070c100000, 0x000000070c100000, 0x000000070c200000|  0%| F|  |TAMS 0x000000070c100000, 0x000000070c100000| Untracked 
| 178|0x000000070c200000, 0x000000070c200000, 0x000000070c300000|  0%| F|  |TAMS 0x000000070c200000, 0x000000070c200000| Untracked 
| 179|0x000000070c300000, 0x000000070c300000, 0x000000070c400000|  0%| F|  |TAMS 0x000000070c300000, 0x000000070c300000| Untracked 
| 180|0x000000070c400000, 0x000000070c400000, 0x000000070c500000|  0%| F|  |TAMS 0x000000070c400000, 0x000000070c400000| Untracked 
| 181|0x000000070c500000, 0x000000070c500000, 0x000000070c600000|  0%| F|  |TAMS 0x000000070c500000, 0x000000070c500000| Untracked 
| 182|0x000000070c600000, 0x000000070c600000, 0x000000070c700000|  0%| F|  |TAMS 0x000000070c600000, 0x000000070c600000| Untracked 
| 183|0x000000070c700000, 0x000000070c700000, 0x000000070c800000|  0%| F|  |TAMS 0x000000070c700000, 0x000000070c700000| Untracked 
| 184|0x000000070c800000, 0x000000070c800000, 0x000000070c900000|  0%| F|  |TAMS 0x000000070c800000, 0x000000070c800000| Untracked 
| 185|0x000000070c900000, 0x000000070c900000, 0x000000070ca00000|  0%| F|  |TAMS 0x000000070c900000, 0x000000070c900000| Untracked 
| 186|0x000000070ca00000, 0x000000070ca00000, 0x000000070cb00000|  0%| F|  |TAMS 0x000000070ca00000, 0x000000070ca00000| Untracked 
| 187|0x000000070cb00000, 0x000000070cb00000, 0x000000070cc00000|  0%| F|  |TAMS 0x000000070cb00000, 0x000000070cb00000| Untracked 
| 188|0x000000070cc00000, 0x000000070cc00000, 0x000000070cd00000|  0%| F|  |TAMS 0x000000070cc00000, 0x000000070cc00000| Untracked 
| 189|0x000000070cd00000, 0x000000070cd00000, 0x000000070ce00000|  0%| F|  |TAMS 0x000000070cd00000, 0x000000070cd00000| Untracked 
| 190|0x000000070ce00000, 0x000000070ce00000, 0x000000070cf00000|  0%| F|  |TAMS 0x000000070ce00000, 0x000000070ce00000| Untracked 
| 191|0x000000070cf00000, 0x000000070cf00000, 0x000000070d000000|  0%| F|  |TAMS 0x000000070cf00000, 0x000000070cf00000| Untracked 
| 192|0x000000070d000000, 0x000000070d000000, 0x000000070d100000|  0%| F|  |TAMS 0x000000070d000000, 0x000000070d000000| Untracked 
| 193|0x000000070d100000, 0x000000070d100000, 0x000000070d200000|  0%| F|  |TAMS 0x000000070d100000, 0x000000070d100000| Untracked 
| 194|0x000000070d200000, 0x000000070d200000, 0x000000070d300000|  0%| F|  |TAMS 0x000000070d200000, 0x000000070d200000| Untracked 
| 195|0x000000070d300000, 0x000000070d300000, 0x000000070d400000|  0%| F|  |TAMS 0x000000070d300000, 0x000000070d300000| Untracked 
| 196|0x000000070d400000, 0x000000070d400000, 0x000000070d500000|  0%| F|  |TAMS 0x000000070d400000, 0x000000070d400000| Untracked 
| 197|0x000000070d500000, 0x000000070d500000, 0x000000070d600000|  0%| F|  |TAMS 0x000000070d500000, 0x000000070d500000| Untracked 
| 198|0x000000070d600000, 0x000000070d600000, 0x000000070d700000|  0%| F|  |TAMS 0x000000070d600000, 0x000000070d600000| Untracked 
| 199|0x000000070d700000, 0x000000070d700000, 0x000000070d800000|  0%| F|  |TAMS 0x000000070d700000, 0x000000070d700000| Untracked 
| 200|0x000000070d800000, 0x000000070d800000, 0x000000070d900000|  0%| F|  |TAMS 0x000000070d800000, 0x000000070d800000| Untracked 
| 201|0x000000070d900000, 0x000000070d900000, 0x000000070da00000|  0%| F|  |TAMS 0x000000070d900000, 0x000000070d900000| Untracked 
| 202|0x000000070da00000, 0x000000070da00000, 0x000000070db00000|  0%| F|  |TAMS 0x000000070da00000, 0x000000070da00000| Untracked 
| 203|0x000000070db00000, 0x000000070db00000, 0x000000070dc00000|  0%| F|  |TAMS 0x000000070db00000, 0x000000070db00000| Untracked 
| 204|0x000000070dc00000, 0x000000070dd00000, 0x000000070dd00000|100%| E|  |TAMS 0x000000070dc00000, 0x000000070dc00000| Complete 
| 205|0x000000070dd00000, 0x000000070de00000, 0x000000070de00000|100%| E|CS|TAMS 0x000000070dd00000, 0x000000070dd00000| Complete 
| 206|0x000000070de00000, 0x000000070df00000, 0x000000070df00000|100%| E|CS|TAMS 0x000000070de00000, 0x000000070de00000| Complete 
| 207|0x000000070df00000, 0x000000070e000000, 0x000000070e000000|100%| E|CS|TAMS 0x000000070df00000, 0x000000070df00000| Complete 
| 208|0x000000070e000000, 0x000000070e100000, 0x000000070e100000|100%| E|CS|TAMS 0x000000070e000000, 0x000000070e000000| Complete 
| 209|0x000000070e100000, 0x000000070e200000, 0x000000070e200000|100%| E|CS|TAMS 0x000000070e100000, 0x000000070e100000| Complete 
| 210|0x000000070e200000, 0x000000070e300000, 0x000000070e300000|100%| E|CS|TAMS 0x000000070e200000, 0x000000070e200000| Complete 
| 211|0x000000070e300000, 0x000000070e400000, 0x000000070e400000|100%| E|CS|TAMS 0x000000070e300000, 0x000000070e300000| Complete 
| 212|0x000000070e400000, 0x000000070e500000, 0x000000070e500000|100%| E|CS|TAMS 0x000000070e400000, 0x000000070e400000| Complete 
| 213|0x000000070e500000, 0x000000070e600000, 0x000000070e600000|100%| E|CS|TAMS 0x000000070e500000, 0x000000070e500000| Complete 
| 214|0x000000070e600000, 0x000000070e700000, 0x000000070e700000|100%| E|CS|TAMS 0x000000070e600000, 0x000000070e600000| Complete 
| 215|0x000000070e700000, 0x000000070e800000, 0x000000070e800000|100%| E|CS|TAMS 0x000000070e700000, 0x000000070e700000| Complete 
| 216|0x000000070e800000, 0x000000070e900000, 0x000000070e900000|100%| E|CS|TAMS 0x000000070e800000, 0x000000070e800000| Complete 
| 217|0x000000070e900000, 0x000000070ea00000, 0x000000070ea00000|100%| E|CS|TAMS 0x000000070e900000, 0x000000070e900000| Complete 
| 218|0x000000070ea00000, 0x000000070eb00000, 0x000000070eb00000|100%| E|CS|TAMS 0x000000070ea00000, 0x000000070ea00000| Complete 
| 219|0x000000070eb00000, 0x000000070ec00000, 0x000000070ec00000|100%| E|CS|TAMS 0x000000070eb00000, 0x000000070eb00000| Complete 
| 220|0x000000070ec00000, 0x000000070ed00000, 0x000000070ed00000|100%| E|CS|TAMS 0x000000070ec00000, 0x000000070ec00000| Complete 
| 221|0x000000070ed00000, 0x000000070ee00000, 0x000000070ee00000|100%| E|CS|TAMS 0x000000070ed00000, 0x000000070ed00000| Complete 
| 222|0x000000070ee00000, 0x000000070ef00000, 0x000000070ef00000|100%| E|CS|TAMS 0x000000070ee00000, 0x000000070ee00000| Complete 
| 223|0x000000070ef00000, 0x000000070f000000, 0x000000070f000000|100%| E|CS|TAMS 0x000000070ef00000, 0x000000070ef00000| Complete 
| 224|0x000000070f000000, 0x000000070f065d10, 0x000000070f100000| 39%| S|CS|TAMS 0x000000070f000000, 0x000000070f000000| Complete 
| 225|0x000000070f100000, 0x000000070f200000, 0x000000070f200000|100%| S|CS|TAMS 0x000000070f100000, 0x000000070f100000| Complete 
| 226|0x000000070f200000, 0x000000070f300000, 0x000000070f300000|100%| S|CS|TAMS 0x000000070f200000, 0x000000070f200000| Complete 
| 227|0x000000070f300000, 0x000000070f400000, 0x000000070f400000|100%| S|CS|TAMS 0x000000070f300000, 0x000000070f300000| Complete 
| 228|0x000000070f400000, 0x000000070f500000, 0x000000070f500000|100%| S|CS|TAMS 0x000000070f400000, 0x000000070f400000| Complete 
| 229|0x000000070f500000, 0x000000070f600000, 0x000000070f600000|100%| S|CS|TAMS 0x000000070f500000, 0x000000070f500000| Complete 
| 230|0x000000070f600000, 0x000000070f700000, 0x000000070f700000|100%| S|CS|TAMS 0x000000070f600000, 0x000000070f600000| Complete 
| 231|0x000000070f700000, 0x000000070f800000, 0x000000070f800000|100%| S|CS|TAMS 0x000000070f700000, 0x000000070f700000| Complete 
| 232|0x000000070f800000, 0x000000070f900000, 0x000000070f900000|100%| S|CS|TAMS 0x000000070f800000, 0x000000070f800000| Complete 
| 233|0x000000070f900000, 0x000000070fa00000, 0x000000070fa00000|100%| S|CS|TAMS 0x000000070f900000, 0x000000070f900000| Complete 
| 234|0x000000070fa00000, 0x000000070fb00000, 0x000000070fb00000|100%| S|CS|TAMS 0x000000070fa00000, 0x000000070fa00000| Complete 
| 235|0x000000070fb00000, 0x000000070fc00000, 0x000000070fc00000|100%| S|CS|TAMS 0x000000070fb00000, 0x000000070fb00000| Complete 
| 236|0x000000070fc00000, 0x000000070fd00000, 0x000000070fd00000|100%| E|CS|TAMS 0x000000070fc00000, 0x000000070fc00000| Complete 
| 237|0x000000070fd00000, 0x000000070fe00000, 0x000000070fe00000|100%| E|CS|TAMS 0x000000070fd00000, 0x000000070fd00000| Complete 
| 238|0x000000070fe00000, 0x000000070ff00000, 0x000000070ff00000|100%| E|CS|TAMS 0x000000070fe00000, 0x000000070fe00000| Complete 
| 239|0x000000070ff00000, 0x0000000710000000, 0x0000000710000000|100%| E|CS|TAMS 0x000000070ff00000, 0x000000070ff00000| Complete 
| 240|0x0000000710000000, 0x0000000710100000, 0x0000000710100000|100%| E|CS|TAMS 0x0000000710000000, 0x0000000710000000| Complete 
| 241|0x0000000710100000, 0x0000000710200000, 0x0000000710200000|100%| E|CS|TAMS 0x0000000710100000, 0x0000000710100000| Complete 
| 242|0x0000000710200000, 0x0000000710300000, 0x0000000710300000|100%| E|CS|TAMS 0x0000000710200000, 0x0000000710200000| Complete 
| 243|0x0000000710300000, 0x0000000710400000, 0x0000000710400000|100%| E|CS|TAMS 0x0000000710300000, 0x0000000710300000| Complete 
| 244|0x0000000710400000, 0x0000000710500000, 0x0000000710500000|100%| E|CS|TAMS 0x0000000710400000, 0x0000000710400000| Complete 
| 245|0x0000000710500000, 0x0000000710600000, 0x0000000710600000|100%| E|CS|TAMS 0x0000000710500000, 0x0000000710500000| Complete 
| 246|0x0000000710600000, 0x0000000710700000, 0x0000000710700000|100%| E|CS|TAMS 0x0000000710600000, 0x0000000710600000| Complete 
| 247|0x0000000710700000, 0x0000000710800000, 0x0000000710800000|100%| E|CS|TAMS 0x0000000710700000, 0x0000000710700000| Complete 
| 248|0x0000000710800000, 0x0000000710900000, 0x0000000710900000|100%| E|CS|TAMS 0x0000000710800000, 0x0000000710800000| Complete 
| 249|0x0000000710900000, 0x0000000710a00000, 0x0000000710a00000|100%| E|CS|TAMS 0x0000000710900000, 0x0000000710900000| Complete 
| 250|0x0000000710a00000, 0x0000000710b00000, 0x0000000710b00000|100%| E|CS|TAMS 0x0000000710a00000, 0x0000000710a00000| Complete 
| 251|0x0000000710b00000, 0x0000000710c00000, 0x0000000710c00000|100%| E|CS|TAMS 0x0000000710b00000, 0x0000000710b00000| Complete 
| 252|0x0000000710c00000, 0x0000000710d00000, 0x0000000710d00000|100%| E|CS|TAMS 0x0000000710c00000, 0x0000000710c00000| Complete 
| 253|0x0000000710d00000, 0x0000000710e00000, 0x0000000710e00000|100%| E|CS|TAMS 0x0000000710d00000, 0x0000000710d00000| Complete 
| 254|0x0000000710e00000, 0x0000000710f00000, 0x0000000710f00000|100%| E|CS|TAMS 0x0000000710e00000, 0x0000000710e00000| Complete 
| 255|0x0000000710f00000, 0x0000000711000000, 0x0000000711000000|100%| E|CS|TAMS 0x0000000710f00000, 0x0000000710f00000| Complete 

Card table byte_map: [0x00000187bea80000,0x00000187bf280000] _byte_map_base: 0x00000187bb278000

Marking Bits (Prev, Next): (CMBitMap*) 0x00000187a6dd7d70, (CMBitMap*) 0x00000187a6dd7d38
 Prev Bits: [0x00000187c3a40000, 0x00000187c7a00000)
 Next Bits: [0x00000187bfa80000, 0x00000187c3a40000)

Polling page: 0x00000187a4d40000

Metaspace:

Usage:
  Non-class:     54.78 MB capacity,    54.11 MB ( 99%) used,   530.40 KB ( <1%) free+waste,   160.06 KB ( <1%) overhead. 
      Class:      8.36 MB capacity,     7.88 MB ( 94%) used,   424.72 KB (  5%) free+waste,    72.56 KB ( <1%) overhead. 
       Both:     63.14 MB capacity,    61.98 MB ( 98%) used,   955.12 KB (  1%) free+waste,   232.63 KB ( <1%) overhead. 

Virtual space:
  Non-class space:       56.00 MB reserved,      55.00 MB ( 98%) committed 
      Class space:        1.00 GB reserved,       8.38 MB ( <1%) committed 
             Both:        1.05 GB reserved,      63.38 MB (  6%) committed 

Chunk freelists:
   Non-Class:  4.00 KB
       Class:  1.75 KB
        Both:  5.75 KB

CodeHeap 'non-profiled nmethods': size=120064Kb used=2922Kb max_used=3055Kb free=117141Kb
 bounds [0x00000187b6c30000, 0x00000187b6f40000, 0x00000187be170000]
CodeHeap 'profiled nmethods': size=120000Kb used=11560Kb max_used=12312Kb free=108439Kb
 bounds [0x00000187af700000, 0x00000187b0330000, 0x00000187b6c30000]
CodeHeap 'non-nmethods': size=5696Kb used=1262Kb max_used=1306Kb free=4433Kb
 bounds [0x00000187af170000, 0x00000187af3e0000, 0x00000187af700000]
 total_blobs=5943 nmethods=5321 adapters=532
 compilation: enabled
              stopped_count=0, restarted_count=0
 full_count=0

Compilation events (10 events):
Event: 5.321 Thread 0x00000187cac9f000 5905       3       com.sun.beans.introspect.PropertyInfo::is (31 bytes)
Event: 5.321 Thread 0x00000187cac9f000 nmethod 5905 0x00000187af89e610 code [0x00000187af89e800, 0x00000187af89ee50]
Event: 5.321 Thread 0x00000187cac9f000 5906  s!   3       java.beans.PropertyDescriptor::getWriteMethod (152 bytes)
Event: 5.322 Thread 0x00000187cac9f000 nmethod 5906 0x00000187af8b1e10 code [0x00000187af8b2140, 0x00000187af8b3ba0]
Event: 5.322 Thread 0x00000187cac9f000 5907       3       java.lang.Thread::getContextClassLoader (32 bytes)
Event: 5.322 Thread 0x00000187cac9f000 nmethod 5907 0x00000187af8a8510 code [0x00000187af8a8740, 0x00000187af8a9060]
Event: 5.322 Thread 0x00000187cac9f000 5908   !   3       com.sun.beans.util.Cache::removeStaleEntries (163 bytes)
Event: 5.323 Thread 0x00000187cac9f000 nmethod 5908 0x00000187af8ef490 code [0x00000187af8ef720, 0x00000187af8f0a70]
Event: 5.323 Thread 0x00000187cac9f000 5909       1       org.springframework.beans.factory.config.InstantiationAwareBeanPostProcessorAdapter::postProcessAfterInstantiation (2 bytes)
Event: 5.323 Thread 0x00000187cac9f000 nmethod 5909 0x00000187b6d16d10 code [0x00000187b6d16ea0, 0x00000187b6d16fb8]

GC Heap History (10 events):
Event: 0.844 GC heap before
{Heap before GC invocations=1 (full 0):
 garbage-first heap   total 262144K, used 26368K [0x0000000701000000, 0x0000000800000000)
  region size 1024K, 21 young (21504K), 3 survivors (3072K)
 Metaspace       used 15707K, capacity 16080K, committed 16128K, reserved 1062912K
  class space    used 1617K, capacity 1748K, committed 1792K, reserved 1048576K
}
Event: 0.846 GC heap after
{Heap after GC invocations=2 (full 0):
 garbage-first heap   total 262144K, used 9281K [0x0000000701000000, 0x0000000800000000)
  region size 1024K, 2 young (2048K), 2 survivors (2048K)
 Metaspace       used 15707K, capacity 16080K, committed 16128K, reserved 1062912K
  class space    used 1617K, capacity 1748K, committed 1792K, reserved 1048576K
}
Event: 1.165 GC heap before
{Heap before GC invocations=2 (full 0):
 garbage-first heap   total 262144K, used 38977K [0x0000000701000000, 0x0000000800000000)
  region size 1024K, 33 young (33792K), 2 survivors (2048K)
 Metaspace       used 20693K, capacity 21155K, committed 21248K, reserved 1069056K
  class space    used 2329K, capacity 2509K, committed 2560K, reserved 1048576K
}
Event: 1.169 GC heap after
{Heap after GC invocations=3 (full 0):
 garbage-first heap   total 262144K, used 10619K [0x0000000701000000, 0x0000000800000000)
  region size 1024K, 3 young (3072K), 3 survivors (3072K)
 Metaspace       used 20693K, capacity 21155K, committed 21248K, reserved 1069056K
  class space    used 2329K, capacity 2509K, committed 2560K, reserved 1048576K
}
Event: 2.778 GC heap before
{Heap before GC invocations=4 (full 0):
 garbage-first heap   total 262144K, used 163195K [0x0000000701000000, 0x0000000800000000)
  region size 1024K, 153 young (156672K), 3 survivors (3072K)
 Metaspace       used 35033K, capacity 35837K, committed 35968K, reserved 1081344K
  class space    used 4161K, capacity 4480K, committed 4480K, reserved 1048576K
}
Event: 2.783 GC heap after
{Heap after GC invocations=5 (full 0):
 garbage-first heap   total 262144K, used 15788K [0x0000000701000000, 0x0000000800000000)
  region size 1024K, 8 young (8192K), 8 survivors (8192K)
 Metaspace       used 35033K, capacity 35837K, committed 35968K, reserved 1081344K
  class space    used 4161K, capacity 4480K, committed 4480K, reserved 1048576K
}
Event: 4.449 GC heap before
{Heap before GC invocations=6 (full 0):
 garbage-first heap   total 262144K, used 164268K [0x0000000701000000, 0x0000000800000000)
  region size 1024K, 153 young (156672K), 8 survivors (8192K)
 Metaspace       used 56078K, capacity 57142K, committed 57472K, reserved 1099776K
  class space    used 6993K, capacity 7437K, committed 7552K, reserved 1048576K
}
Event: 4.456 GC heap after
{Heap after GC invocations=7 (full 0):
 garbage-first heap   total 262144K, used 25287K [0x0000000701000000, 0x0000000800000000)
  region size 1024K, 17 young (17408K), 17 survivors (17408K)
 Metaspace       used 56078K, capacity 57142K, committed 57472K, reserved 1099776K
  class space    used 6993K, capacity 7437K, committed 7552K, reserved 1048576K
}
Event: 4.699 GC heap before
{Heap before GC invocations=7 (full 0):
 garbage-first heap   total 262144K, used 43719K [0x0000000701000000, 0x0000000800000000)
  region size 1024K, 37 young (37888K), 17 survivors (17408K)
 Metaspace       used 58712K, capacity 59798K, committed 59904K, reserved 1101824K
  class space    used 7387K, capacity 7848K, committed 7936K, reserved 1048576K
}
Event: 4.711 GC heap after
{Heap after GC invocations=8 (full 0):
 garbage-first heap   total 262144K, used 27037K [0x0000000701000000, 0x0000000800000000)
  region size 1024K, 12 young (12288K), 12 survivors (12288K)
 Metaspace       used 58712K, capacity 59798K, committed 59904K, reserved 1101824K
  class space    used 7387K, capacity 7848K, committed 7936K, reserved 1048576K
}

Deoptimization events (10 events):
Event: 5.008 Thread 0x00000187a6d77800 Uncommon trap: reason=bimorphic_or_optimized_type_check action=maybe_recompile pc=0x00000187b6e6fc30 method=java.util.regex.Pattern$SliceI.match(Ljava/util/regex/Matcher;ILjava/lang/CharSequence;)Z @ 92 c2
Event: 5.012 Thread 0x00000187a6d77800 Uncommon trap: reason=bimorphic_or_optimized_type_check action=maybe_recompile pc=0x00000187b6e6fc30 method=java.util.regex.Pattern$SliceI.match(Ljava/util/regex/Matcher;ILjava/lang/CharSequence;)Z @ 92 c2
Event: 5.154 Thread 0x00000187a6d77800 Uncommon trap: reason=class_check action=maybe_recompile pc=0x00000187b6ecb710 method=java.util.ArrayList$ArrayListSpliterator.tryAdvance(Ljava/util/function/Consumer;)Z @ 48 c2
Event: 5.175 Thread 0x00000187a6d77800 Uncommon trap: reason=class_check action=maybe_recompile pc=0x00000187b6ecb710 method=java.util.ArrayList$ArrayListSpliterator.tryAdvance(Ljava/util/function/Consumer;)Z @ 48 c2
Event: 5.175 Thread 0x00000187a6d77800 Uncommon trap: reason=class_check action=maybe_recompile pc=0x00000187b6ecb710 method=java.util.ArrayList$ArrayListSpliterator.tryAdvance(Ljava/util/function/Consumer;)Z @ 48 c2
Event: 5.176 Thread 0x00000187a6d77800 Uncommon trap: reason=class_check action=maybe_recompile pc=0x00000187b6ecb710 method=java.util.ArrayList$ArrayListSpliterator.tryAdvance(Ljava/util/function/Consumer;)Z @ 48 c2
Event: 5.303 Thread 0x00000187a6d77800 Uncommon trap: reason=class_check action=maybe_recompile pc=0x00000187b6dedca8 method=org.springframework.beans.factory.support.AbstractBeanFactory.isTypeMatch(Ljava/lang/String;Lorg/springframework/core/ResolvableType;Z)Z @ 53 c2
Event: 5.304 Thread 0x00000187a6d77800 Uncommon trap: reason=class_check action=maybe_recompile pc=0x00000187b6dedca8 method=org.springframework.beans.factory.support.AbstractBeanFactory.isTypeMatch(Ljava/lang/String;Lorg/springframework/core/ResolvableType;Z)Z @ 53 c2
Event: 5.305 Thread 0x00000187a6d77800 Uncommon trap: reason=class_check action=maybe_recompile pc=0x00000187b6dedca8 method=org.springframework.beans.factory.support.AbstractBeanFactory.isTypeMatch(Ljava/lang/String;Lorg/springframework/core/ResolvableType;Z)Z @ 53 c2
Event: 5.308 Thread 0x00000187a6d77800 Uncommon trap: reason=class_check action=maybe_recompile pc=0x00000187b6dedca8 method=org.springframework.beans.factory.support.AbstractBeanFactory.isTypeMatch(Ljava/lang/String;Lorg/springframework/core/ResolvableType;Z)Z @ 53 c2

Classes redefined (0 events):
No events

Internal exceptions (10 events):
Event: 5.302 Thread 0x00000187a6d77800 Exception <a 'java/lang/ClassNotFoundException'{0x000000070e4ed8d0}: org/springframework/security/config/annotation/SecurityConfigurerCustomizer> (0x000000070e4ed8d0) thrown at [./open/src/hotspot/share/classfile/systemDictionary.cpp, line 228]
Event: 5.309 Thread 0x00000187a6d77800 Exception <a 'java/lang/ClassNotFoundException'{0x000000070e335b80}: java/lang/ObjectCustomizer> (0x000000070e335b80) thrown at [./open/src/hotspot/share/classfile/systemDictionary.cpp, line 228]
Event: 5.310 Thread 0x00000187a6d77800 Exception <a 'java/lang/ClassNotFoundException'{0x000000070e34d448}: org/springframework/security/config/annotation/authentication/configuration/AuthenticationConfigurationCustomizer> (0x000000070e34d448) thrown at [./open/src/hotspot/share/classfile/syst
Event: 5.319 Thread 0x00000187a6d77800 Exception <a 'java/lang/ClassNotFoundException'{0x000000070e3fbd88}: java/lang/ObjectCustomizer> (0x000000070e3fbd88) thrown at [./open/src/hotspot/share/classfile/systemDictionary.cpp, line 228]
Event: 5.320 Thread 0x00000187a6d77800 Exception <a 'java/lang/ClassNotFoundException'{0x000000070e210a98}: org/springframework/web/servlet/config/annotation/WebMvcConfigurationSupportCustomizer> (0x000000070e210a98) thrown at [./open/src/hotspot/share/classfile/systemDictionary.cpp, line 228]
Event: 5.321 Thread 0x00000187a6d77800 Exception <a 'java/lang/ClassNotFoundException'{0x000000070e230118}: org/springframework/web/servlet/config/annotation/DelegatingWebMvcConfigurationCustomizer> (0x000000070e230118) thrown at [./open/src/hotspot/share/classfile/systemDictionary.cpp, line 2
Event: 5.321 Thread 0x00000187a6d77800 Exception <a 'java/lang/ClassNotFoundException'{0x000000070e245078}: org/springframework/context/ApplicationContextAwareCustomizer> (0x000000070e245078) thrown at [./open/src/hotspot/share/classfile/systemDictionary.cpp, line 228]
Event: 5.322 Thread 0x00000187a6d77800 Exception <a 'java/lang/ClassNotFoundException'{0x000000070e253058}: org/springframework/beans/factory/AwareCustomizer> (0x000000070e253058) thrown at [./open/src/hotspot/share/classfile/systemDictionary.cpp, line 228]
Event: 5.322 Thread 0x00000187a6d77800 Exception <a 'java/lang/ClassNotFoundException'{0x000000070e261580}: org/springframework/web/context/ServletContextAwareCustomizer> (0x000000070e261580) thrown at [./open/src/hotspot/share/classfile/systemDictionary.cpp, line 228]
Event: 5.322 Thread 0x00000187a6d77800 Exception <a 'java/lang/ClassNotFoundException'{0x000000070e26f038}: org/springframework/beans/factory/AwareCustomizer> (0x000000070e26f038) thrown at [./open/src/hotspot/share/classfile/systemDictionary.cpp, line 228]

Events (10 events):
Event: 5.322 loading class org/springframework/web/context/ServletContextAwareCustomizer
Event: 5.322 loading class org/springframework/web/context/ServletContextAwareCustomizer done
Event: 5.322 loading class org/springframework/web/context/ServletContextAwareCustomizer
Event: 5.322 loading class org/springframework/web/context/ServletContextAwareCustomizer done
Event: 5.322 loading class org/springframework/beans/factory/AwareCustomizer
Event: 5.322 loading class org/springframework/beans/factory/AwareCustomizer done
Event: 5.322 loading class org/springframework/beans/factory/AwareCustomizer
Event: 5.322 loading class org/springframework/beans/factory/AwareCustomizer done
Event: 5.322 loading class org/springframework/beans/factory/AwareCustomizer
Event: 5.322 loading class org/springframework/beans/factory/AwareCustomizer done


Dynamic libraries:
0x00007ff6a5280000 - 0x00007ff6a528f000 	C:\Program Files\Java\jdk-11.0.8\bin\java.exe
0x00007ff8d5460000 - 0x00007ff8d5650000 	C:\WINDOWS\SYSTEM32\ntdll.dll
0x00007ff8d36b0000 - 0x00007ff8d3762000 	C:\WINDOWS\System32\KERNEL32.DLL
0x00007ff8d2d20000 - 0x00007ff8d2fc4000 	C:\WINDOWS\System32\KERNELBASE.dll
0x00007ff8d2b70000 - 0x00007ff8d2c6a000 	C:\WINDOWS\System32\ucrtbase.dll
0x00007ff8b4890000 - 0x00007ff8b48a8000 	C:\Program Files\Java\jdk-11.0.8\bin\jli.dll
0x00007ff8d4190000 - 0x00007ff8d4233000 	C:\WINDOWS\System32\ADVAPI32.dll
0x00007ff8d4c60000 - 0x00007ff8d4cfe000 	C:\WINDOWS\System32\msvcrt.dll
0x00007ff8d4df0000 - 0x00007ff8d4e87000 	C:\WINDOWS\System32\sechost.dll
0x00007ff8d5300000 - 0x00007ff8d5420000 	C:\WINDOWS\System32\RPCRT4.dll
0x00007ff8d4ac0000 - 0x00007ff8d4c55000 	C:\WINDOWS\System32\USER32.dll
0x00007ff8d31f0000 - 0x00007ff8d3211000 	C:\WINDOWS\System32\win32u.dll
0x00007ff8d3770000 - 0x00007ff8d3796000 	C:\WINDOWS\System32\GDI32.dll
0x00007ff8d3050000 - 0x00007ff8d31e6000 	C:\WINDOWS\System32\gdi32full.dll
0x00007ff8d3220000 - 0x00007ff8d32be000 	C:\WINDOWS\System32\msvcp_win.dll
0x00007ff8b3aa0000 - 0x00007ff8b3ab5000 	C:\Program Files\Java\jdk-11.0.8\bin\VCRUNTIME140.dll
0x00007ff8bf720000 - 0x00007ff8bf9a4000 	C:\WINDOWS\WinSxS\amd64_microsoft.windows.common-controls_6595b64144ccf1df_6.0.18362.1016_none_9e7a36bbe461dae4\COMCTL32.dll
0x00007ff8d3ce0000 - 0x00007ff8d4015000 	C:\WINDOWS\System32\combase.dll
0x00007ff8d2fd0000 - 0x00007ff8d3050000 	C:\WINDOWS\System32\bcryptPrimitives.dll
0x00007ff8cdd40000 - 0x00007ff8cdd4a000 	C:\WINDOWS\SYSTEM32\VERSION.dll
0x00007ff8d4020000 - 0x00007ff8d404e000 	C:\WINDOWS\System32\IMM32.DLL
0x00007ff88d0b0000 - 0x00007ff88d14b000 	C:\Program Files\Java\jdk-11.0.8\bin\msvcp140.dll
0x00007ff87e560000 - 0x00007ff87f046000 	C:\Program Files\Java\jdk-11.0.8\bin\server\jvm.dll
0x00007ff8d39b0000 - 0x00007ff8d39b8000 	C:\WINDOWS\System32\PSAPI.DLL
0x00007ff8cefb0000 - 0x00007ff8cefb9000 	C:\WINDOWS\SYSTEM32\WSOCK32.dll
0x00007ff8d3c70000 - 0x00007ff8d3cdf000 	C:\WINDOWS\System32\WS2_32.dll
0x00007ff8ce670000 - 0x00007ff8ce694000 	C:\WINDOWS\SYSTEM32\WINMM.dll
0x00007ff8ce3e0000 - 0x00007ff8ce40d000 	C:\WINDOWS\SYSTEM32\WINMMBASE.dll
0x00007ff8d3350000 - 0x00007ff8d339a000 	C:\WINDOWS\System32\cfgmgr32.dll
0x00007ff8d2370000 - 0x00007ff8d2381000 	C:\WINDOWS\System32\kernel.appcore.dll
0x00007ff8bdff0000 - 0x00007ff8be000000 	C:\Program Files\Java\jdk-11.0.8\bin\verify.dll
0x00007ff8cccd0000 - 0x00007ff8ccec4000 	C:\WINDOWS\SYSTEM32\DBGHELP.DLL
0x00007ff8bf9b0000 - 0x00007ff8bf9da000 	C:\WINDOWS\SYSTEM32\dbgcore.DLL
0x00007ff8a9960000 - 0x00007ff8a9988000 	C:\Program Files\Java\jdk-11.0.8\bin\java.dll
0x00007ff8bdf80000 - 0x00007ff8bdf8a000 	C:\Program Files\Java\jdk-11.0.8\bin\jimage.dll
0x00007ff8be100000 - 0x00007ff8be10e000 	C:\Program Files\Java\jdk-11.0.8\bin\instrument.dll
0x00007ff8b3920000 - 0x00007ff8b3936000 	C:\Program Files\Java\jdk-11.0.8\bin\zip.dll
0x00007ff8d4240000 - 0x00007ff8d4927000 	C:\WINDOWS\System32\SHELL32.dll
0x00007ff8d39e0000 - 0x00007ff8d3a89000 	C:\WINDOWS\System32\shcore.dll
0x00007ff8d23e0000 - 0x00007ff8d2b62000 	C:\WINDOWS\System32\windows.storage.dll
0x00007ff8d2320000 - 0x00007ff8d2343000 	C:\WINDOWS\System32\profapi.dll
0x00007ff8d2390000 - 0x00007ff8d23da000 	C:\WINDOWS\System32\powrprof.dll
0x00007ff8d2310000 - 0x00007ff8d2320000 	C:\WINDOWS\System32\UMPDC.dll
0x00007ff8d3510000 - 0x00007ff8d3562000 	C:\WINDOWS\System32\shlwapi.dll
0x00007ff8d33a0000 - 0x00007ff8d33b7000 	C:\WINDOWS\System32\cryptsp.dll
0x00007ff8ac020000 - 0x00007ff8ac039000 	C:\Program Files\Java\jdk-11.0.8\bin\net.dll
0x00007ff8c9bf0000 - 0x00007ff8c9ce0000 	C:\WINDOWS\SYSTEM32\WINHTTP.dll
0x00007ff8d1ac0000 - 0x00007ff8d1b27000 	C:\WINDOWS\system32\mswsock.dll
0x00007ff8abf90000 - 0x00007ff8abfa2000 	C:\Program Files\Java\jdk-11.0.8\bin\nio.dll
0x00007ff8adc80000 - 0x00007ff8adc9a000 	C:\Program Files\JetBrains\IntelliJ IDEA Community Edition 2020.2\bin\breakgen64.dll
0x00007ff8be0f0000 - 0x00007ff8be0f9000 	C:\Program Files\Java\jdk-11.0.8\bin\management.dll
0x00007ff8bded0000 - 0x00007ff8bdedb000 	C:\Program Files\Java\jdk-11.0.8\bin\management_ext.dll
0x00007ff8b3060000 - 0x00007ff8b3076000 	C:\WINDOWS\system32\napinsp.dll
0x00007ff8b2240000 - 0x00007ff8b225a000 	C:\WINDOWS\system32\pnrpnsp.dll
0x00007ff8a3520000 - 0x00007ff8a3535000 	C:\WINDOWS\system32\wshbth.dll
0x00007ff8ceea0000 - 0x00007ff8ceebc000 	C:\WINDOWS\system32\NLAapi.dll
0x00007ff8d17e0000 - 0x00007ff8d181a000 	C:\WINDOWS\SYSTEM32\IPHLPAPI.DLL
0x00007ff8d1820000 - 0x00007ff8d18eb000 	C:\WINDOWS\SYSTEM32\DNSAPI.dll
0x00007ff8d4de0000 - 0x00007ff8d4de8000 	C:\WINDOWS\System32\NSI.dll
0x00007ff8c9aa0000 - 0x00007ff8c9aae000 	C:\WINDOWS\System32\winrnr.dll
0x00007ff8c9820000 - 0x00007ff8c982a000 	C:\Windows\System32\rasadhlp.dll
0x00007ff8ccff0000 - 0x00007ff8cd067000 	C:\WINDOWS\System32\fwpuclnt.dll
0x00007ff8d3320000 - 0x00007ff8d3346000 	C:\WINDOWS\System32\bcrypt.dll
0x00007ff8d1640000 - 0x00007ff8d1673000 	C:\WINDOWS\system32\rsaenh.dll
0x00007ff8d2200000 - 0x00007ff8d2225000 	C:\WINDOWS\SYSTEM32\USERENV.dll
0x00007ff8d1c40000 - 0x00007ff8d1c4c000 	C:\WINDOWS\SYSTEM32\CRYPTBASE.dll
0x00007ff8cd720000 - 0x00007ff8cd736000 	C:\WINDOWS\SYSTEM32\dhcpcsvc6.DLL
0x00007ff8cd700000 - 0x00007ff8cd71c000 	C:\WINDOWS\SYSTEM32\dhcpcsvc.DLL
0x00007ff89cf10000 - 0x00007ff89cf35000 	C:\Program Files\Java\jdk-11.0.8\bin\sunec.dll
0x00007ff8bd510000 - 0x00007ff8bd51d000 	C:\Program Files\Java\jdk-11.0.8\bin\sunmscapi.dll
0x00007ff8d33c0000 - 0x00007ff8d3509000 	C:\WINDOWS\System32\CRYPT32.dll
0x00007ff8d2350000 - 0x00007ff8d2362000 	C:\WINDOWS\System32\MSASN1.dll
0x00007ff8d1db0000 - 0x00007ff8d1dd6000 	C:\WINDOWS\SYSTEM32\ncrypt.dll
0x00007ff8d1d60000 - 0x00007ff8d1d9b000 	C:\WINDOWS\SYSTEM32\NTASN1.dll

dbghelp: loaded successfully - version: 4.0.5 - missing functions: none
symbol engine: initialized successfully - sym options: 0x614 - pdb path: .;C:\Program Files\Java\jdk-11.0.8\bin;C:\WINDOWS\SYSTEM32;C:\WINDOWS\WinSxS\amd64_microsoft.windows.common-controls_6595b64144ccf1df_6.0.18362.1016_none_9e7a36bbe461dae4;C:\Program Files\Java\jdk-11.0.8\bin\server;C:\Program Files\JetBrains\IntelliJ IDEA Community Edition 2020.2\bin

VM Arguments:
jvm_args: -javaagent:C:\Program Files\JetBrains\IntelliJ IDEA Community Edition 2020.2\lib\idea_rt.jar=56348:C:\Program Files\JetBrains\IntelliJ IDEA Community Edition 2020.2\bin -Dfile.encoding=UTF-8 
java_command: com.example.demo.DemoApplication
java_class_path (initial): C:\Users\lehan\Documents\Work\Presbo\project-management-app\target\classes;C:\Users\lehan\.m2\repository\org\springframework\boot\spring-boot-starter-data-jpa\2.2.4.RELEASE\spring-boot-starter-data-jpa-2.2.4.RELEASE.jar;C:\Users\lehan\.m2\repository\org\springframework\boot\spring-boot-starter-aop\2.2.4.RELEASE\spring-boot-starter-aop-2.2.4.RELEASE.jar;C:\Users\lehan\.m2\repository\org\aspectj\aspectjweaver\1.9.5\aspectjweaver-1.9.5.jar;C:\Users\lehan\.m2\repository\org\springframework\boot\spring-boot-starter-jdbc\2.2.4.RELEASE\spring-boot-starter-jdbc-2.2.4.RELEASE.jar;C:\Users\lehan\.m2\repository\com\zaxxer\HikariCP\3.4.2\HikariCP-3.4.2.jar;C:\Users\lehan\.m2\repository\org\springframework\spring-jdbc\5.2.3.RELEASE\spring-jdbc-5.2.3.RELEASE.jar;C:\Users\lehan\.m2\repository\jakarta\activation\jakarta.activation-api\1.2.1\jakarta.activation-api-1.2.1.jar;C:\Users\lehan\.m2\repository\jakarta\persistence\jakarta.persistence-api\2.2.3\jakarta.persistence-api-2.2.3.jar;C:\Users\lehan\.m2\repository\jakarta\transaction\jakarta.transaction-api\1.3.3\jakarta.transaction-api-1.3.3.jar;C:\Users\lehan\.m2\repository\org\hibernate\hibernate-core\5.4.10.Final\hibernate-core-5.4.10.Final.jar;C:\Users\lehan\.m2\repository\org\jboss\logging\jboss-logging\3.4.1.Final\jboss-logging-3.4.1.Final.jar;C:\Users\lehan\.m2\repository\org\javassist\javassist\3.24.0-GA\javassist-3.24.0-GA.jar;C:\Users\lehan\.m2\repository\net\bytebuddy\byte-buddy\1.10.6\byte-buddy-1.10.6.jar;C:\Users\lehan\.m2\repository\antlr\antlr\2.7.7\antlr-2.7.7.jar;C:\Users\lehan\.m2\repository\org\jboss\jandex\2.1.1.Final\jandex-2.1.1.Final.jar;C:\Users\lehan\.m2\repository\com\fasterxml\classmate\1.5.1\classmate-1.5.1.jar;C:\Users\lehan\.m2\repository\org\dom4j\dom4j\2.1.1\dom4j-2.1.1.jar;C:\Users\lehan\.m2\repository\org\hibernate\common\hibernate-commons-annotations\5.1.0.Final\hibernate-commons-annotations-5.1.0.Final.jar;C:\Users\lehan\.m2\repository\org\glassfish\jaxb\jaxb-runtim
Launcher Type: SUN_STANDARD

[Global flags]
     intx CICompilerCount                          = 3                                         {product} {ergonomic}
     uint ConcGCThreads                            = 2                                         {product} {ergonomic}
     uint G1ConcRefinementThreads                  = 6                                         {product} {ergonomic}
   size_t G1HeapRegionSize                         = 1048576                                   {product} {ergonomic}
    uintx GCDrainStackTargetSize                   = 64                                        {product} {ergonomic}
   size_t InitialHeapSize                          = 268435456                                 {product} {ergonomic}
   size_t MarkStackSize                            = 4194304                                   {product} {ergonomic}
   size_t MaxHeapSize                              = 4278190080                                {product} {ergonomic}
   size_t MaxNewSize                               = 2566914048                                {product} {ergonomic}
   size_t MinHeapDeltaBytes                        = 1048576                                   {product} {ergonomic}
    uintx NonNMethodCodeHeapSize                   = 5830732                                {pd product} {ergonomic}
    uintx NonProfiledCodeHeapSize                  = 122913754                              {pd product} {ergonomic}
    uintx ProfiledCodeHeapSize                     = 122913754                              {pd product} {ergonomic}
    uintx ReservedCodeCacheSize                    = 251658240                              {pd product} {ergonomic}
     bool SegmentedCodeCache                       = true                                      {product} {ergonomic}
     bool UseCompressedClassPointers               = true                                 {lp64_product} {ergonomic}
     bool UseCompressedOops                        = true                                 {lp64_product} {ergonomic}
     bool UseG1GC                                  = true                                      {product} {ergonomic}
     bool UseLargePagesIndividualAllocation        = false                                  {pd product} {ergonomic}

Logging:
Log output configuration:
 #0: stdout all=warning uptime,level,tags
 #1: stderr all=off uptime,level,tags

Environment Variables:
JAVA_HOME=C:\Program Files\Java\jdk-11.0.8
PATH=C:\Program Files\Common Files\Oracle\Java\javapath;C:\WINDOWS\system32;C:\WINDOWS;C:\WINDOWS\System32\Wbem;C:\WINDOWS\System32\WindowsPowerShell\v1.0\;C:\WINDOWS\System32\OpenSSH\;C:\Program Files\Docker\Docker\resources\bin;C:\ProgramData\DockerDesktop\version-bin;C:\Program Files\nodejs\;C:\Program Files\Git\cmd;C:\Program Files\RedHat\java-11-openjdk-11.0.8-2\bin;C:\Program Files\Java\jdk-11.0.8\bin;C:\Program Files\apache-maven-3.6.3\bin;C:\ProgramData\chocolatey\bin;C:\Program Files\PuTTY\;C:\Users\lehan\AppData\Local\Microsoft\WindowsApps;C:\Users\lehan\AppData\Local\Programs\Microsoft VS Code\bin;C:\Users\lehan\AppData\Local\GitHubDesktop\bin;C:\Users\lehan\AppData\Roaming\npm;C:\tools\dart-sdk\bin;C:\Users\lehan\AppData\Roaming\Pub\Cache\bin;D:\Work_Programs\flutter\bin;;C:\Program Files\JetBrains\IntelliJ IDEA Community Edition 2020.2\bin;
USERNAME=lehan
OS=Windows_NT
PROCESSOR_IDENTIFIER=Intel64 Family 6 Model 158 Stepping 10, GenuineIntel



---------------  S Y S T E M  ---------------

OS: Windows 10 , 64 bit Build 18362 (10.0.18362.959)
HyperV virtualization detected

CPU:total 6 (initial active 6) (6 cores per cpu, 1 threads per core) family 6 model 158 stepping 10, cmov, cx8, fxsr, mmx, sse, sse2, sse3, ssse3, sse4.1, sse4.2, popcnt, avx, avx2, aes, clmul, erms, 3dnowpref, lzcnt, tsc, tscinvbit, bmi1, bmi2, adx, fma

Memory: 4k page, system-wide physical 16314M (5284M free)
TotalPageFile size 20666M (AvailPageFile size 5508M)
current process WorkingSet (physical memory assigned to process): 370M, peak: 377M
current process commit charge ("private bytes"): 478M, peak: 486M

vm_info: Java HotSpot(TM) 64-Bit Server VM (11.0.8+10-LTS) for windows-amd64 JRE (11.0.8+10-LTS), built on Jun 16 2020 05:53:08 by "mach5one" with unknown MS VC++:1916

END.
